[2025-07-21T17:49:15.661+0000] {taskinstance.py:1165} INFO - Dependencies all met for <TaskInstance: trans_dag_26.transform scheduled__2024-04-30T00:00:00+00:00 [queued]>
[2025-07-21T17:49:15.678+0000] {taskinstance.py:1165} INFO - Dependencies all met for <TaskInstance: trans_dag_26.transform scheduled__2024-04-30T00:00:00+00:00 [queued]>
[2025-07-21T17:49:15.679+0000] {taskinstance.py:1362} INFO - 
--------------------------------------------------------------------------------
[2025-07-21T17:49:15.681+0000] {taskinstance.py:1363} INFO - Starting attempt 1 of 2
[2025-07-21T17:49:15.682+0000] {taskinstance.py:1364} INFO - 
--------------------------------------------------------------------------------
[2025-07-21T17:49:15.700+0000] {taskinstance.py:1383} INFO - Executing <Task(_PythonDecoratedOperator): transform> on 2024-04-30 00:00:00+00:00
[2025-07-21T17:49:15.711+0000] {standard_task_runner.py:55} INFO - Started process 75457 to run task
[2025-07-21T17:49:15.717+0000] {standard_task_runner.py:82} INFO - Running: ['***', 'tasks', 'run', 'trans_dag_26', 'transform', 'scheduled__2024-04-30T00:00:00+00:00', '--job-id', '9160', '--raw', '--subdir', 'DAGS_FOLDER/trans_dag.py', '--cfg-path', '/tmp/tmpdmzl6bn0']
[2025-07-21T17:49:15.724+0000] {standard_task_runner.py:83} INFO - Job 9160: Subtask transform
[2025-07-21T17:49:15.850+0000] {task_command.py:376} INFO - Running <TaskInstance: trans_dag_26.transform scheduled__2024-04-30T00:00:00+00:00 [running]> on host 77e451e90f2e
[2025-07-21T17:49:16.005+0000] {taskinstance.py:1592} INFO - Exporting the following env vars:
AIRFLOW_CTX_DAG_OWNER=***
AIRFLOW_CTX_DAG_ID=trans_dag_26
AIRFLOW_CTX_TASK_ID=transform
AIRFLOW_CTX_EXECUTION_DATE=2024-04-30T00:00:00+00:00
AIRFLOW_CTX_TRY_NUMBER=1
AIRFLOW_CTX_DAG_RUN_ID=scheduled__2024-04-30T00:00:00+00:00
[2025-07-21T17:49:18.428+0000] {python.py:177} INFO - Done. Returned value was: /tmp/transformed.csv
[2025-07-21T17:49:18.459+0000] {taskinstance.py:1406} INFO - Marking task as SUCCESS. dag_id=trans_dag_26, task_id=transform, execution_date=20240430T000000, start_date=20250721T174915, end_date=20250721T174918
[2025-07-21T17:49:18.543+0000] {local_task_job.py:164} INFO - Task exited with return code 0
[2025-07-21T17:49:18.584+0000] {local_task_job.py:273} INFO - 1 downstream tasks scheduled from follow-on schedule check
