[2025-07-21T18:04:57.446+0000] {taskinstance.py:1165} INFO - Dependencies all met for <TaskInstance: trans_dag_26.transform scheduled__2024-07-29T00:00:00+00:00 [queued]>
[2025-07-21T18:04:57.478+0000] {taskinstance.py:1165} INFO - Dependencies all met for <TaskInstance: trans_dag_26.transform scheduled__2024-07-29T00:00:00+00:00 [queued]>
[2025-07-21T18:04:57.479+0000] {taskinstance.py:1362} INFO - 
--------------------------------------------------------------------------------
[2025-07-21T18:04:57.481+0000] {taskinstance.py:1363} INFO - Starting attempt 1 of 2
[2025-07-21T18:04:57.482+0000] {taskinstance.py:1364} INFO - 
--------------------------------------------------------------------------------
[2025-07-21T18:04:57.514+0000] {taskinstance.py:1383} INFO - Executing <Task(_PythonDecoratedOperator): transform> on 2024-07-29 00:00:00+00:00
[2025-07-21T18:04:57.532+0000] {standard_task_runner.py:55} INFO - Started process 78471 to run task
[2025-07-21T18:04:57.541+0000] {standard_task_runner.py:82} INFO - Running: ['***', 'tasks', 'run', 'trans_dag_26', 'transform', 'scheduled__2024-07-29T00:00:00+00:00', '--job-id', '9685', '--raw', '--subdir', 'DAGS_FOLDER/trans_dag.py', '--cfg-path', '/tmp/tmp85fx_184']
[2025-07-21T18:04:57.547+0000] {standard_task_runner.py:83} INFO - Job 9685: Subtask transform
[2025-07-21T18:04:57.736+0000] {task_command.py:376} INFO - Running <TaskInstance: trans_dag_26.transform scheduled__2024-07-29T00:00:00+00:00 [running]> on host 77e451e90f2e
[2025-07-21T18:04:57.947+0000] {taskinstance.py:1592} INFO - Exporting the following env vars:
AIRFLOW_CTX_DAG_OWNER=***
AIRFLOW_CTX_DAG_ID=trans_dag_26
AIRFLOW_CTX_TASK_ID=transform
AIRFLOW_CTX_EXECUTION_DATE=2024-07-29T00:00:00+00:00
AIRFLOW_CTX_TRY_NUMBER=1
AIRFLOW_CTX_DAG_RUN_ID=scheduled__2024-07-29T00:00:00+00:00
[2025-07-21T18:05:03.288+0000] {python.py:177} INFO - Done. Returned value was: /tmp/transformed.csv
[2025-07-21T18:05:03.362+0000] {taskinstance.py:1406} INFO - Marking task as SUCCESS. dag_id=trans_dag_26, task_id=transform, execution_date=20240729T000000, start_date=20250721T180457, end_date=20250721T180503
[2025-07-21T18:05:03.462+0000] {local_task_job.py:164} INFO - Task exited with return code 0
[2025-07-21T18:05:03.575+0000] {local_task_job.py:273} INFO - 1 downstream tasks scheduled from follow-on schedule check
