[2025-07-21T17:09:46.376+0000] {taskinstance.py:1165} INFO - Dependencies all met for <TaskInstance: trans_dag_26.data_quality_check scheduled__2023-11-12T00:00:00+00:00 [queued]>
[2025-07-21T17:09:46.386+0000] {taskinstance.py:1165} INFO - Dependencies all met for <TaskInstance: trans_dag_26.data_quality_check scheduled__2023-11-12T00:00:00+00:00 [queued]>
[2025-07-21T17:09:46.387+0000] {taskinstance.py:1362} INFO - 
--------------------------------------------------------------------------------
[2025-07-21T17:09:46.388+0000] {taskinstance.py:1363} INFO - Starting attempt 2 of 2
[2025-07-21T17:09:46.388+0000] {taskinstance.py:1364} INFO - 
--------------------------------------------------------------------------------
[2025-07-21T17:09:46.403+0000] {taskinstance.py:1383} INFO - Executing <Task(_PythonDecoratedOperator): data_quality_check> on 2023-11-12 00:00:00+00:00
[2025-07-21T17:09:46.410+0000] {standard_task_runner.py:55} INFO - Started process 69029 to run task
[2025-07-21T17:09:46.416+0000] {standard_task_runner.py:82} INFO - Running: ['***', 'tasks', 'run', 'trans_dag_26', 'data_quality_check', 'scheduled__2023-11-12T00:00:00+00:00', '--job-id', '8112', '--raw', '--subdir', 'DAGS_FOLDER/trans_dag.py', '--cfg-path', '/tmp/tmpwv4rqb6n']
[2025-07-21T17:09:46.418+0000] {standard_task_runner.py:83} INFO - Job 8112: Subtask data_quality_check
[2025-07-21T17:09:46.520+0000] {task_command.py:376} INFO - Running <TaskInstance: trans_dag_26.data_quality_check scheduled__2023-11-12T00:00:00+00:00 [running]> on host 77e451e90f2e
[2025-07-21T17:09:46.618+0000] {taskinstance.py:1592} INFO - Exporting the following env vars:
AIRFLOW_CTX_DAG_OWNER=***
AIRFLOW_CTX_DAG_ID=trans_dag_26
AIRFLOW_CTX_TASK_ID=data_quality_check
AIRFLOW_CTX_EXECUTION_DATE=2023-11-12T00:00:00+00:00
AIRFLOW_CTX_TRY_NUMBER=2
AIRFLOW_CTX_DAG_RUN_ID=scheduled__2023-11-12T00:00:00+00:00
[2025-07-21T17:09:46.918+0000] {python.py:177} INFO - Done. Returned value was: {'is_valid': True, 'file_path': '/tmp/transformed.csv'}
[2025-07-21T17:09:46.956+0000] {taskinstance.py:1406} INFO - Marking task as SUCCESS. dag_id=trans_dag_26, task_id=data_quality_check, execution_date=20231112T000000, start_date=20250721T170946, end_date=20250721T170946
[2025-07-21T17:09:46.988+0000] {local_task_job.py:164} INFO - Task exited with return code 0
[2025-07-21T17:09:47.026+0000] {local_task_job.py:273} INFO - 1 downstream tasks scheduled from follow-on schedule check
