[2025-07-21T18:29:29.698+0000] {taskinstance.py:1165} INFO - Dependencies all met for <TaskInstance: trans_dag_26.data_quality_check scheduled__2024-12-30T00:00:00+00:00 [queued]>
[2025-07-21T18:29:29.715+0000] {taskinstance.py:1165} INFO - Dependencies all met for <TaskInstance: trans_dag_26.data_quality_check scheduled__2024-12-30T00:00:00+00:00 [queued]>
[2025-07-21T18:29:29.716+0000] {taskinstance.py:1362} INFO - 
--------------------------------------------------------------------------------
[2025-07-21T18:29:29.717+0000] {taskinstance.py:1363} INFO - Starting attempt 2 of 2
[2025-07-21T18:29:29.717+0000] {taskinstance.py:1364} INFO - 
--------------------------------------------------------------------------------
[2025-07-21T18:29:29.736+0000] {taskinstance.py:1383} INFO - Executing <Task(_PythonDecoratedOperator): data_quality_check> on 2024-12-30 00:00:00+00:00
[2025-07-21T18:29:29.748+0000] {standard_task_runner.py:55} INFO - Started process 84130 to run task
[2025-07-21T18:29:29.754+0000] {standard_task_runner.py:82} INFO - Running: ['***', 'tasks', 'run', 'trans_dag_26', 'data_quality_check', 'scheduled__2024-12-30T00:00:00+00:00', '--job-id', '10728', '--raw', '--subdir', 'DAGS_FOLDER/trans_dag.py', '--cfg-path', '/tmp/tmpf5crl0eb']
[2025-07-21T18:29:29.758+0000] {standard_task_runner.py:83} INFO - Job 10728: Subtask data_quality_check
[2025-07-21T18:29:29.903+0000] {task_command.py:376} INFO - Running <TaskInstance: trans_dag_26.data_quality_check scheduled__2024-12-30T00:00:00+00:00 [running]> on host 77e451e90f2e
[2025-07-21T18:29:30.052+0000] {taskinstance.py:1592} INFO - Exporting the following env vars:
AIRFLOW_CTX_DAG_OWNER=***
AIRFLOW_CTX_DAG_ID=trans_dag_26
AIRFLOW_CTX_TASK_ID=data_quality_check
AIRFLOW_CTX_EXECUTION_DATE=2024-12-30T00:00:00+00:00
AIRFLOW_CTX_TRY_NUMBER=2
AIRFLOW_CTX_DAG_RUN_ID=scheduled__2024-12-30T00:00:00+00:00
[2025-07-21T18:29:30.485+0000] {python.py:177} INFO - Done. Returned value was: {'is_valid': True, 'file_path': '/tmp/transformed.csv'}
[2025-07-21T18:29:30.529+0000] {taskinstance.py:1406} INFO - Marking task as SUCCESS. dag_id=trans_dag_26, task_id=data_quality_check, execution_date=20241230T000000, start_date=20250721T182929, end_date=20250721T182930
[2025-07-21T18:29:30.609+0000] {local_task_job.py:164} INFO - Task exited with return code 0
[2025-07-21T18:29:30.673+0000] {local_task_job.py:273} INFO - 1 downstream tasks scheduled from follow-on schedule check
