[2025-07-21T17:12:14.418+0000] {taskinstance.py:1165} INFO - Dependencies all met for <TaskInstance: trans_dag_26.decide_path scheduled__2023-11-28T00:00:00+00:00 [queued]>
[2025-07-21T17:12:14.438+0000] {taskinstance.py:1165} INFO - Dependencies all met for <TaskInstance: trans_dag_26.decide_path scheduled__2023-11-28T00:00:00+00:00 [queued]>
[2025-07-21T17:12:14.439+0000] {taskinstance.py:1362} INFO - 
--------------------------------------------------------------------------------
[2025-07-21T17:12:14.440+0000] {taskinstance.py:1363} INFO - Starting attempt 1 of 2
[2025-07-21T17:12:14.440+0000] {taskinstance.py:1364} INFO - 
--------------------------------------------------------------------------------
[2025-07-21T17:12:14.461+0000] {taskinstance.py:1383} INFO - Executing <Task(_BranchPythonDecoratedOperator): decide_path> on 2023-11-28 00:00:00+00:00
[2025-07-21T17:12:14.482+0000] {standard_task_runner.py:55} INFO - Started process 69567 to run task
[2025-07-21T17:12:14.488+0000] {standard_task_runner.py:82} INFO - Running: ['***', 'tasks', 'run', 'trans_dag_26', 'decide_path', 'scheduled__2023-11-28T00:00:00+00:00', '--job-id', '8206', '--raw', '--subdir', 'DAGS_FOLDER/trans_dag.py', '--cfg-path', '/tmp/tmp9i5509dx']
[2025-07-21T17:12:14.491+0000] {standard_task_runner.py:83} INFO - Job 8206: Subtask decide_path
[2025-07-21T17:12:14.645+0000] {task_command.py:376} INFO - Running <TaskInstance: trans_dag_26.decide_path scheduled__2023-11-28T00:00:00+00:00 [running]> on host 77e451e90f2e
[2025-07-21T17:12:14.794+0000] {taskinstance.py:1592} INFO - Exporting the following env vars:
AIRFLOW_CTX_DAG_OWNER=***
AIRFLOW_CTX_DAG_ID=trans_dag_26
AIRFLOW_CTX_TASK_ID=decide_path
AIRFLOW_CTX_EXECUTION_DATE=2023-11-28T00:00:00+00:00
AIRFLOW_CTX_TRY_NUMBER=1
AIRFLOW_CTX_DAG_RUN_ID=scheduled__2023-11-28T00:00:00+00:00
[2025-07-21T17:12:14.800+0000] {python.py:177} INFO - Done. Returned value was: file_location
[2025-07-21T17:12:14.801+0000] {skipmixin.py:155} INFO - Following branch file_location
[2025-07-21T17:12:14.803+0000] {skipmixin.py:190} INFO - Skipping tasks ['data_quality_check_failed']
[2025-07-21T17:12:14.898+0000] {taskinstance.py:1406} INFO - Marking task as SUCCESS. dag_id=trans_dag_26, task_id=decide_path, execution_date=20231128T000000, start_date=20250721T171214, end_date=20250721T171214
[2025-07-21T17:12:14.942+0000] {local_task_job.py:164} INFO - Task exited with return code 0
[2025-07-21T17:12:15.020+0000] {local_task_job.py:273} INFO - 1 downstream tasks scheduled from follow-on schedule check
