[2025-07-21T17:26:26.677+0000] {taskinstance.py:1165} INFO - Dependencies all met for <TaskInstance: trans_dag_26.decide_path scheduled__2024-01-05T00:00:00+00:00 [queued]>
[2025-07-21T17:26:26.702+0000] {taskinstance.py:1165} INFO - Dependencies all met for <TaskInstance: trans_dag_26.decide_path scheduled__2024-01-05T00:00:00+00:00 [queued]>
[2025-07-21T17:26:26.703+0000] {taskinstance.py:1362} INFO - 
--------------------------------------------------------------------------------
[2025-07-21T17:26:26.705+0000] {taskinstance.py:1363} INFO - Starting attempt 1 of 2
[2025-07-21T17:26:26.705+0000] {taskinstance.py:1364} INFO - 
--------------------------------------------------------------------------------
[2025-07-21T17:26:26.734+0000] {taskinstance.py:1383} INFO - Executing <Task(_BranchPythonDecoratedOperator): decide_path> on 2024-01-05 00:00:00+00:00
[2025-07-21T17:26:26.749+0000] {standard_task_runner.py:55} INFO - Started process 71168 to run task
[2025-07-21T17:26:26.757+0000] {standard_task_runner.py:82} INFO - Running: ['***', 'tasks', 'run', 'trans_dag_26', 'decide_path', 'scheduled__2024-01-05T00:00:00+00:00', '--job-id', '8429', '--raw', '--subdir', 'DAGS_FOLDER/trans_dag.py', '--cfg-path', '/tmp/tmpd7w4svtc']
[2025-07-21T17:26:26.762+0000] {standard_task_runner.py:83} INFO - Job 8429: Subtask decide_path
[2025-07-21T17:26:26.911+0000] {task_command.py:376} INFO - Running <TaskInstance: trans_dag_26.decide_path scheduled__2024-01-05T00:00:00+00:00 [running]> on host 77e451e90f2e
[2025-07-21T17:26:27.109+0000] {taskinstance.py:1592} INFO - Exporting the following env vars:
AIRFLOW_CTX_DAG_OWNER=***
AIRFLOW_CTX_DAG_ID=trans_dag_26
AIRFLOW_CTX_TASK_ID=decide_path
AIRFLOW_CTX_EXECUTION_DATE=2024-01-05T00:00:00+00:00
AIRFLOW_CTX_TRY_NUMBER=1
AIRFLOW_CTX_DAG_RUN_ID=scheduled__2024-01-05T00:00:00+00:00
[2025-07-21T17:26:27.112+0000] {python.py:177} INFO - Done. Returned value was: file_location
[2025-07-21T17:26:27.114+0000] {skipmixin.py:155} INFO - Following branch file_location
[2025-07-21T17:26:27.115+0000] {skipmixin.py:190} INFO - Skipping tasks ['data_quality_check_failed']
[2025-07-21T17:26:27.225+0000] {taskinstance.py:1406} INFO - Marking task as SUCCESS. dag_id=trans_dag_26, task_id=decide_path, execution_date=20240105T000000, start_date=20250721T172626, end_date=20250721T172627
[2025-07-21T17:26:27.288+0000] {local_task_job.py:164} INFO - Task exited with return code 0
[2025-07-21T17:26:27.348+0000] {local_task_job.py:273} INFO - 1 downstream tasks scheduled from follow-on schedule check
