[2025-07-21T17:39:13.590+0000] {taskinstance.py:1165} INFO - Dependencies all met for <TaskInstance: trans_dag_26.file_location scheduled__2024-02-17T00:00:00+00:00 [queued]>
[2025-07-21T17:39:13.613+0000] {taskinstance.py:1165} INFO - Dependencies all met for <TaskInstance: trans_dag_26.file_location scheduled__2024-02-17T00:00:00+00:00 [queued]>
[2025-07-21T17:39:13.614+0000] {taskinstance.py:1362} INFO - 
--------------------------------------------------------------------------------
[2025-07-21T17:39:13.615+0000] {taskinstance.py:1363} INFO - Starting attempt 1 of 2
[2025-07-21T17:39:13.616+0000] {taskinstance.py:1364} INFO - 
--------------------------------------------------------------------------------
[2025-07-21T17:39:13.644+0000] {taskinstance.py:1383} INFO - Executing <Task(_PythonDecoratedOperator): file_location> on 2024-02-17 00:00:00+00:00
[2025-07-21T17:39:13.657+0000] {standard_task_runner.py:55} INFO - Started process 73093 to run task
[2025-07-21T17:39:13.664+0000] {standard_task_runner.py:82} INFO - Running: ['***', 'tasks', 'run', 'trans_dag_26', 'file_location', 'scheduled__2024-02-17T00:00:00+00:00', '--job-id', '8727', '--raw', '--subdir', 'DAGS_FOLDER/trans_dag.py', '--cfg-path', '/tmp/tmpe_8c1xam']
[2025-07-21T17:39:13.668+0000] {standard_task_runner.py:83} INFO - Job 8727: Subtask file_location
[2025-07-21T17:39:13.815+0000] {task_command.py:376} INFO - Running <TaskInstance: trans_dag_26.file_location scheduled__2024-02-17T00:00:00+00:00 [running]> on host 77e451e90f2e
[2025-07-21T17:39:13.946+0000] {taskinstance.py:1592} INFO - Exporting the following env vars:
AIRFLOW_CTX_DAG_OWNER=***
AIRFLOW_CTX_DAG_ID=trans_dag_26
AIRFLOW_CTX_TASK_ID=file_location
AIRFLOW_CTX_EXECUTION_DATE=2024-02-17T00:00:00+00:00
AIRFLOW_CTX_TRY_NUMBER=1
AIRFLOW_CTX_DAG_RUN_ID=scheduled__2024-02-17T00:00:00+00:00
[2025-07-21T17:39:13.964+0000] {python.py:177} INFO - Done. Returned value was: /tmp/transformed.csv
[2025-07-21T17:39:14.005+0000] {taskinstance.py:1406} INFO - Marking task as SUCCESS. dag_id=trans_dag_26, task_id=file_location, execution_date=20240217T000000, start_date=20250721T173913, end_date=20250721T173914
[2025-07-21T17:39:14.077+0000] {local_task_job.py:164} INFO - Task exited with return code 0
[2025-07-21T17:39:14.120+0000] {local_task_job.py:273} INFO - 1 downstream tasks scheduled from follow-on schedule check
