[2025-07-21T18:35:58.386+0000] {taskinstance.py:1165} INFO - Dependencies all met for <TaskInstance: trans_dag_26.transform scheduled__2025-02-28T00:00:00+00:00 [queued]>
[2025-07-21T18:35:58.400+0000] {taskinstance.py:1165} INFO - Dependencies all met for <TaskInstance: trans_dag_26.transform scheduled__2025-02-28T00:00:00+00:00 [queued]>
[2025-07-21T18:35:58.400+0000] {taskinstance.py:1362} INFO - 
--------------------------------------------------------------------------------
[2025-07-21T18:35:58.401+0000] {taskinstance.py:1363} INFO - Starting attempt 1 of 2
[2025-07-21T18:35:58.402+0000] {taskinstance.py:1364} INFO - 
--------------------------------------------------------------------------------
[2025-07-21T18:35:58.419+0000] {taskinstance.py:1383} INFO - Executing <Task(_PythonDecoratedOperator): transform> on 2025-02-28 00:00:00+00:00
[2025-07-21T18:35:58.427+0000] {standard_task_runner.py:55} INFO - Started process 85707 to run task
[2025-07-21T18:35:58.432+0000] {standard_task_runner.py:82} INFO - Running: ['***', 'tasks', 'run', 'trans_dag_26', 'transform', 'scheduled__2025-02-28T00:00:00+00:00', '--job-id', '11021', '--raw', '--subdir', 'DAGS_FOLDER/trans_dag.py', '--cfg-path', '/tmp/tmp9_byi5xp']
[2025-07-21T18:35:58.434+0000] {standard_task_runner.py:83} INFO - Job 11021: Subtask transform
[2025-07-21T18:35:58.534+0000] {task_command.py:376} INFO - Running <TaskInstance: trans_dag_26.transform scheduled__2025-02-28T00:00:00+00:00 [running]> on host 77e451e90f2e
[2025-07-21T18:35:58.631+0000] {taskinstance.py:1592} INFO - Exporting the following env vars:
AIRFLOW_CTX_DAG_OWNER=***
AIRFLOW_CTX_DAG_ID=trans_dag_26
AIRFLOW_CTX_TASK_ID=transform
AIRFLOW_CTX_EXECUTION_DATE=2025-02-28T00:00:00+00:00
AIRFLOW_CTX_TRY_NUMBER=1
AIRFLOW_CTX_DAG_RUN_ID=scheduled__2025-02-28T00:00:00+00:00
[2025-07-21T18:36:00.834+0000] {python.py:177} INFO - Done. Returned value was: /tmp/transformed.csv
[2025-07-21T18:36:00.863+0000] {taskinstance.py:1406} INFO - Marking task as SUCCESS. dag_id=trans_dag_26, task_id=transform, execution_date=20250228T000000, start_date=20250721T183558, end_date=20250721T183600
[2025-07-21T18:36:00.894+0000] {local_task_job.py:164} INFO - Task exited with return code 0
[2025-07-21T18:36:00.924+0000] {local_task_job.py:273} INFO - 1 downstream tasks scheduled from follow-on schedule check
