[2025-07-21T18:26:10.165+0000] {taskinstance.py:1165} INFO - Dependencies all met for <TaskInstance: trans_dag_26.extract scheduled__2024-12-23T00:00:00+00:00 [queued]>
[2025-07-21T18:26:10.257+0000] {taskinstance.py:1165} INFO - Dependencies all met for <TaskInstance: trans_dag_26.extract scheduled__2024-12-23T00:00:00+00:00 [queued]>
[2025-07-21T18:26:10.258+0000] {taskinstance.py:1362} INFO - 
--------------------------------------------------------------------------------
[2025-07-21T18:26:10.260+0000] {taskinstance.py:1363} INFO - Starting attempt 1 of 2
[2025-07-21T18:26:10.261+0000] {taskinstance.py:1364} INFO - 
--------------------------------------------------------------------------------
[2025-07-21T18:26:10.321+0000] {taskinstance.py:1383} INFO - Executing <Task(_PythonDecoratedOperator): extract> on 2024-12-23 00:00:00+00:00
[2025-07-21T18:26:10.362+0000] {standard_task_runner.py:55} INFO - Started process 83279 to run task
[2025-07-21T18:26:10.434+0000] {standard_task_runner.py:82} INFO - Running: ['***', 'tasks', 'run', 'trans_dag_26', 'extract', 'scheduled__2024-12-23T00:00:00+00:00', '--job-id', '10559', '--raw', '--subdir', 'DAGS_FOLDER/trans_dag.py', '--cfg-path', '/tmp/tmp2mwrwx08']
[2025-07-21T18:26:10.500+0000] {standard_task_runner.py:83} INFO - Job 10559: Subtask extract
[2025-07-21T18:26:11.043+0000] {task_command.py:376} INFO - Running <TaskInstance: trans_dag_26.extract scheduled__2024-12-23T00:00:00+00:00 [running]> on host 77e451e90f2e
[2025-07-21T18:26:11.570+0000] {taskinstance.py:1592} INFO - Exporting the following env vars:
AIRFLOW_CTX_DAG_OWNER=***
AIRFLOW_CTX_DAG_ID=trans_dag_26
AIRFLOW_CTX_TASK_ID=extract
AIRFLOW_CTX_EXECUTION_DATE=2024-12-23T00:00:00+00:00
AIRFLOW_CTX_TRY_NUMBER=1
AIRFLOW_CTX_DAG_RUN_ID=scheduled__2024-12-23T00:00:00+00:00
[2025-07-21T18:26:11.670+0000] {base.py:71} INFO - Using connection ID 'aws-connect' for task execution.
[2025-07-21T18:26:11.672+0000] {connection_wrapper.py:303} INFO - AWS Connection (conn_id='aws-connect', conn_type='aws') credentials retrieved from login and password.
[2025-07-21T18:26:25.142+0000] {python.py:177} INFO - Done. Returned value was: /tmp/mymani.csv
[2025-07-21T18:26:25.214+0000] {taskinstance.py:1406} INFO - Marking task as SUCCESS. dag_id=trans_dag_26, task_id=extract, execution_date=20241223T000000, start_date=20250721T182610, end_date=20250721T182625
[2025-07-21T18:26:25.309+0000] {local_task_job.py:164} INFO - Task exited with return code 0
[2025-07-21T18:26:25.387+0000] {local_task_job.py:273} INFO - 1 downstream tasks scheduled from follow-on schedule check
