[2025-07-21T17:34:14.586+0000] {taskinstance.py:1165} INFO - Dependencies all met for <TaskInstance: trans_dag_26.decide_path scheduled__2024-01-20T00:00:00+00:00 [queued]>
[2025-07-21T17:34:14.601+0000] {taskinstance.py:1165} INFO - Dependencies all met for <TaskInstance: trans_dag_26.decide_path scheduled__2024-01-20T00:00:00+00:00 [queued]>
[2025-07-21T17:34:14.602+0000] {taskinstance.py:1362} INFO - 
--------------------------------------------------------------------------------
[2025-07-21T17:34:14.603+0000] {taskinstance.py:1363} INFO - Starting attempt 1 of 2
[2025-07-21T17:34:14.603+0000] {taskinstance.py:1364} INFO - 
--------------------------------------------------------------------------------
[2025-07-21T17:34:14.621+0000] {taskinstance.py:1383} INFO - Executing <Task(_BranchPythonDecoratedOperator): decide_path> on 2024-01-20 00:00:00+00:00
[2025-07-21T17:34:14.631+0000] {standard_task_runner.py:55} INFO - Started process 72005 to run task
[2025-07-21T17:34:14.636+0000] {standard_task_runner.py:82} INFO - Running: ['***', 'tasks', 'run', 'trans_dag_26', 'decide_path', 'scheduled__2024-01-20T00:00:00+00:00', '--job-id', '8542', '--raw', '--subdir', 'DAGS_FOLDER/trans_dag.py', '--cfg-path', '/tmp/tmpwy8s91x_']
[2025-07-21T17:34:14.639+0000] {standard_task_runner.py:83} INFO - Job 8542: Subtask decide_path
[2025-07-21T17:34:14.768+0000] {task_command.py:376} INFO - Running <TaskInstance: trans_dag_26.decide_path scheduled__2024-01-20T00:00:00+00:00 [running]> on host 77e451e90f2e
[2025-07-21T17:34:14.883+0000] {taskinstance.py:1592} INFO - Exporting the following env vars:
AIRFLOW_CTX_DAG_OWNER=***
AIRFLOW_CTX_DAG_ID=trans_dag_26
AIRFLOW_CTX_TASK_ID=decide_path
AIRFLOW_CTX_EXECUTION_DATE=2024-01-20T00:00:00+00:00
AIRFLOW_CTX_TRY_NUMBER=1
AIRFLOW_CTX_DAG_RUN_ID=scheduled__2024-01-20T00:00:00+00:00
[2025-07-21T17:34:14.885+0000] {python.py:177} INFO - Done. Returned value was: file_location
[2025-07-21T17:34:14.886+0000] {skipmixin.py:155} INFO - Following branch file_location
[2025-07-21T17:34:14.887+0000] {skipmixin.py:190} INFO - Skipping tasks ['data_quality_check_failed']
[2025-07-21T17:34:14.946+0000] {taskinstance.py:1406} INFO - Marking task as SUCCESS. dag_id=trans_dag_26, task_id=decide_path, execution_date=20240120T000000, start_date=20250721T173414, end_date=20250721T173414
[2025-07-21T17:34:15.009+0000] {local_task_job.py:164} INFO - Task exited with return code 0
[2025-07-21T17:34:15.053+0000] {local_task_job.py:273} INFO - 1 downstream tasks scheduled from follow-on schedule check
