[2025-07-21T23:55:18.303+0000] {taskinstance.py:1165} INFO - Dependencies all met for <TaskInstance: trans_dag_26.extract scheduled__2025-07-13T00:00:00+00:00 [queued]>
[2025-07-21T23:55:18.326+0000] {taskinstance.py:1165} INFO - Dependencies all met for <TaskInstance: trans_dag_26.extract scheduled__2025-07-13T00:00:00+00:00 [queued]>
[2025-07-21T23:55:18.337+0000] {taskinstance.py:1362} INFO - 
--------------------------------------------------------------------------------
[2025-07-21T23:55:18.353+0000] {taskinstance.py:1363} INFO - Starting attempt 1 of 2
[2025-07-21T23:55:18.362+0000] {taskinstance.py:1364} INFO - 
--------------------------------------------------------------------------------
[2025-07-21T23:55:18.390+0000] {taskinstance.py:1383} INFO - Executing <Task(_PythonDecoratedOperator): extract> on 2025-07-13 00:00:00+00:00
[2025-07-21T23:55:18.403+0000] {standard_task_runner.py:55} INFO - Started process 90768 to run task
[2025-07-21T23:55:18.410+0000] {standard_task_runner.py:82} INFO - Running: ['***', 'tasks', 'run', 'trans_dag_26', 'extract', 'scheduled__2025-07-13T00:00:00+00:00', '--job-id', '11875', '--raw', '--subdir', 'DAGS_FOLDER/trans_dag.py', '--cfg-path', '/tmp/tmp50kb6em3']
[2025-07-21T23:55:18.413+0000] {standard_task_runner.py:83} INFO - Job 11875: Subtask extract
[2025-07-21T23:55:18.541+0000] {task_command.py:376} INFO - Running <TaskInstance: trans_dag_26.extract scheduled__2025-07-13T00:00:00+00:00 [running]> on host 77e451e90f2e
[2025-07-21T23:55:18.651+0000] {taskinstance.py:1592} INFO - Exporting the following env vars:
AIRFLOW_CTX_DAG_OWNER=***
AIRFLOW_CTX_DAG_ID=trans_dag_26
AIRFLOW_CTX_TASK_ID=extract
AIRFLOW_CTX_EXECUTION_DATE=2025-07-13T00:00:00+00:00
AIRFLOW_CTX_TRY_NUMBER=1
AIRFLOW_CTX_DAG_RUN_ID=scheduled__2025-07-13T00:00:00+00:00
[2025-07-21T23:55:18.669+0000] {base.py:71} INFO - Using connection ID 'aws-connect' for task execution.
[2025-07-21T23:55:18.670+0000] {connection_wrapper.py:303} INFO - AWS Connection (conn_id='aws-connect', conn_type='aws') credentials retrieved from login and password.
[2025-07-21T23:55:32.297+0000] {python.py:177} INFO - Done. Returned value was: /tmp/mymani.csv
[2025-07-21T23:55:32.355+0000] {taskinstance.py:1406} INFO - Marking task as SUCCESS. dag_id=trans_dag_26, task_id=extract, execution_date=20250713T000000, start_date=20250721T235518, end_date=20250721T235532
[2025-07-21T23:55:32.456+0000] {local_task_job.py:164} INFO - Task exited with return code 0
[2025-07-21T23:55:32.529+0000] {local_task_job.py:273} INFO - 1 downstream tasks scheduled from follow-on schedule check
