[2025-07-21T17:11:02.445+0000] {taskinstance.py:1165} INFO - Dependencies all met for <TaskInstance: trans_dag_26.data_quality_check scheduled__2023-11-25T00:00:00+00:00 [queued]>
[2025-07-21T17:11:02.456+0000] {taskinstance.py:1165} INFO - Dependencies all met for <TaskInstance: trans_dag_26.data_quality_check scheduled__2023-11-25T00:00:00+00:00 [queued]>
[2025-07-21T17:11:02.460+0000] {taskinstance.py:1362} INFO - 
--------------------------------------------------------------------------------
[2025-07-21T17:11:02.461+0000] {taskinstance.py:1363} INFO - Starting attempt 1 of 2
[2025-07-21T17:11:02.463+0000] {taskinstance.py:1364} INFO - 
--------------------------------------------------------------------------------
[2025-07-21T17:11:02.477+0000] {taskinstance.py:1383} INFO - Executing <Task(_PythonDecoratedOperator): data_quality_check> on 2023-11-25 00:00:00+00:00
[2025-07-21T17:11:02.485+0000] {standard_task_runner.py:55} INFO - Started process 69386 to run task
[2025-07-21T17:11:02.488+0000] {standard_task_runner.py:82} INFO - Running: ['***', 'tasks', 'run', 'trans_dag_26', 'data_quality_check', 'scheduled__2023-11-25T00:00:00+00:00', '--job-id', '8179', '--raw', '--subdir', 'DAGS_FOLDER/trans_dag.py', '--cfg-path', '/tmp/tmphlh79w4_']
[2025-07-21T17:11:02.490+0000] {standard_task_runner.py:83} INFO - Job 8179: Subtask data_quality_check
[2025-07-21T17:11:02.587+0000] {task_command.py:376} INFO - Running <TaskInstance: trans_dag_26.data_quality_check scheduled__2023-11-25T00:00:00+00:00 [running]> on host 77e451e90f2e
[2025-07-21T17:11:02.672+0000] {taskinstance.py:1592} INFO - Exporting the following env vars:
AIRFLOW_CTX_DAG_OWNER=***
AIRFLOW_CTX_DAG_ID=trans_dag_26
AIRFLOW_CTX_TASK_ID=data_quality_check
AIRFLOW_CTX_EXECUTION_DATE=2023-11-25T00:00:00+00:00
AIRFLOW_CTX_TRY_NUMBER=1
AIRFLOW_CTX_DAG_RUN_ID=scheduled__2023-11-25T00:00:00+00:00
[2025-07-21T17:11:02.899+0000] {python.py:177} INFO - Done. Returned value was: {'is_valid': True, 'file_path': '/tmp/transformed.csv'}
[2025-07-21T17:11:02.927+0000] {taskinstance.py:1406} INFO - Marking task as SUCCESS. dag_id=trans_dag_26, task_id=data_quality_check, execution_date=20231125T000000, start_date=20250721T171102, end_date=20250721T171102
[2025-07-21T17:11:02.982+0000] {local_task_job.py:164} INFO - Task exited with return code 0
[2025-07-21T17:11:03.022+0000] {local_task_job.py:273} INFO - 1 downstream tasks scheduled from follow-on schedule check
