[2025-07-21T23:55:18.918+0000] {taskinstance.py:1165} INFO - Dependencies all met for <TaskInstance: trans_dag_26.extract scheduled__2025-07-16T00:00:00+00:00 [queued]>
[2025-07-21T23:55:18.962+0000] {taskinstance.py:1165} INFO - Dependencies all met for <TaskInstance: trans_dag_26.extract scheduled__2025-07-16T00:00:00+00:00 [queued]>
[2025-07-21T23:55:18.963+0000] {taskinstance.py:1362} INFO - 
--------------------------------------------------------------------------------
[2025-07-21T23:55:18.965+0000] {taskinstance.py:1363} INFO - Starting attempt 1 of 2
[2025-07-21T23:55:18.967+0000] {taskinstance.py:1364} INFO - 
--------------------------------------------------------------------------------
[2025-07-21T23:55:19.031+0000] {taskinstance.py:1383} INFO - Executing <Task(_PythonDecoratedOperator): extract> on 2025-07-16 00:00:00+00:00
[2025-07-21T23:55:19.058+0000] {standard_task_runner.py:55} INFO - Started process 90778 to run task
[2025-07-21T23:55:19.065+0000] {standard_task_runner.py:82} INFO - Running: ['***', 'tasks', 'run', 'trans_dag_26', 'extract', 'scheduled__2025-07-16T00:00:00+00:00', '--job-id', '11878', '--raw', '--subdir', 'DAGS_FOLDER/trans_dag.py', '--cfg-path', '/tmp/tmpj85qx860']
[2025-07-21T23:55:19.115+0000] {standard_task_runner.py:83} INFO - Job 11878: Subtask extract
[2025-07-21T23:55:19.306+0000] {task_command.py:376} INFO - Running <TaskInstance: trans_dag_26.extract scheduled__2025-07-16T00:00:00+00:00 [running]> on host 77e451e90f2e
[2025-07-21T23:55:19.437+0000] {taskinstance.py:1592} INFO - Exporting the following env vars:
AIRFLOW_CTX_DAG_OWNER=***
AIRFLOW_CTX_DAG_ID=trans_dag_26
AIRFLOW_CTX_TASK_ID=extract
AIRFLOW_CTX_EXECUTION_DATE=2025-07-16T00:00:00+00:00
AIRFLOW_CTX_TRY_NUMBER=1
AIRFLOW_CTX_DAG_RUN_ID=scheduled__2025-07-16T00:00:00+00:00
[2025-07-21T23:55:19.472+0000] {base.py:71} INFO - Using connection ID 'aws-connect' for task execution.
[2025-07-21T23:55:19.505+0000] {connection_wrapper.py:303} INFO - AWS Connection (conn_id='aws-connect', conn_type='aws') credentials retrieved from login and password.
[2025-07-21T23:55:30.586+0000] {python.py:177} INFO - Done. Returned value was: /tmp/mymani.csv
[2025-07-21T23:55:30.641+0000] {taskinstance.py:1406} INFO - Marking task as SUCCESS. dag_id=trans_dag_26, task_id=extract, execution_date=20250716T000000, start_date=20250721T235518, end_date=20250721T235530
[2025-07-21T23:55:30.745+0000] {local_task_job.py:164} INFO - Task exited with return code 0
[2025-07-21T23:55:30.804+0000] {local_task_job.py:273} INFO - 1 downstream tasks scheduled from follow-on schedule check
