[2025-07-21T18:06:12.941+0000] {taskinstance.py:1165} INFO - Dependencies all met for <TaskInstance: trans_dag_26.decide_path scheduled__2024-08-11T00:00:00+00:00 [queued]>
[2025-07-21T18:06:12.962+0000] {taskinstance.py:1165} INFO - Dependencies all met for <TaskInstance: trans_dag_26.decide_path scheduled__2024-08-11T00:00:00+00:00 [queued]>
[2025-07-21T18:06:12.963+0000] {taskinstance.py:1362} INFO - 
--------------------------------------------------------------------------------
[2025-07-21T18:06:12.965+0000] {taskinstance.py:1363} INFO - Starting attempt 1 of 2
[2025-07-21T18:06:12.966+0000] {taskinstance.py:1364} INFO - 
--------------------------------------------------------------------------------
[2025-07-21T18:06:12.995+0000] {taskinstance.py:1383} INFO - Executing <Task(_BranchPythonDecoratedOperator): decide_path> on 2024-08-11 00:00:00+00:00
[2025-07-21T18:06:13.011+0000] {standard_task_runner.py:55} INFO - Started process 78865 to run task
[2025-07-21T18:06:13.019+0000] {standard_task_runner.py:82} INFO - Running: ['***', 'tasks', 'run', 'trans_dag_26', 'decide_path', 'scheduled__2024-08-11T00:00:00+00:00', '--job-id', '9767', '--raw', '--subdir', 'DAGS_FOLDER/trans_dag.py', '--cfg-path', '/tmp/tmps9bve8do']
[2025-07-21T18:06:13.023+0000] {standard_task_runner.py:83} INFO - Job 9767: Subtask decide_path
[2025-07-21T18:06:13.167+0000] {task_command.py:376} INFO - Running <TaskInstance: trans_dag_26.decide_path scheduled__2024-08-11T00:00:00+00:00 [running]> on host 77e451e90f2e
[2025-07-21T18:06:13.317+0000] {taskinstance.py:1592} INFO - Exporting the following env vars:
AIRFLOW_CTX_DAG_OWNER=***
AIRFLOW_CTX_DAG_ID=trans_dag_26
AIRFLOW_CTX_TASK_ID=decide_path
AIRFLOW_CTX_EXECUTION_DATE=2024-08-11T00:00:00+00:00
AIRFLOW_CTX_TRY_NUMBER=1
AIRFLOW_CTX_DAG_RUN_ID=scheduled__2024-08-11T00:00:00+00:00
[2025-07-21T18:06:13.320+0000] {python.py:177} INFO - Done. Returned value was: file_location
[2025-07-21T18:06:13.321+0000] {skipmixin.py:155} INFO - Following branch file_location
[2025-07-21T18:06:13.323+0000] {skipmixin.py:190} INFO - Skipping tasks ['data_quality_check_failed']
[2025-07-21T18:06:13.406+0000] {taskinstance.py:1406} INFO - Marking task as SUCCESS. dag_id=trans_dag_26, task_id=decide_path, execution_date=20240811T000000, start_date=20250721T180612, end_date=20250721T180613
[2025-07-21T18:06:13.471+0000] {local_task_job.py:164} INFO - Task exited with return code 0
[2025-07-21T18:06:13.532+0000] {local_task_job.py:273} INFO - 1 downstream tasks scheduled from follow-on schedule check
