[2025-07-21T23:53:12.905+0000] {taskinstance.py:1165} INFO - Dependencies all met for <TaskInstance: trans_dag_26.data_quality_check scheduled__2025-06-23T00:00:00+00:00 [queued]>
[2025-07-21T23:53:12.935+0000] {taskinstance.py:1165} INFO - Dependencies all met for <TaskInstance: trans_dag_26.data_quality_check scheduled__2025-06-23T00:00:00+00:00 [queued]>
[2025-07-21T23:53:12.936+0000] {taskinstance.py:1362} INFO - 
--------------------------------------------------------------------------------
[2025-07-21T23:53:12.937+0000] {taskinstance.py:1363} INFO - Starting attempt 1 of 2
[2025-07-21T23:53:12.938+0000] {taskinstance.py:1364} INFO - 
--------------------------------------------------------------------------------
[2025-07-21T23:53:13.218+0000] {taskinstance.py:1383} INFO - Executing <Task(_PythonDecoratedOperator): data_quality_check> on 2025-06-23 00:00:00+00:00
[2025-07-21T23:53:13.233+0000] {standard_task_runner.py:55} INFO - Started process 90261 to run task
[2025-07-21T23:53:13.241+0000] {standard_task_runner.py:82} INFO - Running: ['***', 'tasks', 'run', 'trans_dag_26', 'data_quality_check', 'scheduled__2025-06-23T00:00:00+00:00', '--job-id', '11774', '--raw', '--subdir', 'DAGS_FOLDER/trans_dag.py', '--cfg-path', '/tmp/tmprl9yuegc']
[2025-07-21T23:53:13.246+0000] {standard_task_runner.py:83} INFO - Job 11774: Subtask data_quality_check
[2025-07-21T23:53:13.465+0000] {task_command.py:376} INFO - Running <TaskInstance: trans_dag_26.data_quality_check scheduled__2025-06-23T00:00:00+00:00 [running]> on host 77e451e90f2e
[2025-07-21T23:53:13.695+0000] {taskinstance.py:1592} INFO - Exporting the following env vars:
AIRFLOW_CTX_DAG_OWNER=***
AIRFLOW_CTX_DAG_ID=trans_dag_26
AIRFLOW_CTX_TASK_ID=data_quality_check
AIRFLOW_CTX_EXECUTION_DATE=2025-06-23T00:00:00+00:00
AIRFLOW_CTX_TRY_NUMBER=1
AIRFLOW_CTX_DAG_RUN_ID=scheduled__2025-06-23T00:00:00+00:00
[2025-07-21T23:53:14.455+0000] {python.py:177} INFO - Done. Returned value was: {'is_valid': True, 'file_path': '/tmp/transformed.csv'}
[2025-07-21T23:53:14.545+0000] {taskinstance.py:1406} INFO - Marking task as SUCCESS. dag_id=trans_dag_26, task_id=data_quality_check, execution_date=20250623T000000, start_date=20250721T235312, end_date=20250721T235314
[2025-07-21T23:53:14.982+0000] {local_task_job.py:164} INFO - Task exited with return code 0
[2025-07-21T23:53:15.085+0000] {local_task_job.py:273} INFO - 1 downstream tasks scheduled from follow-on schedule check
