[2025-07-21T18:30:06.029+0000] {taskinstance.py:1165} INFO - Dependencies all met for <TaskInstance: trans_dag_26.file_location scheduled__2025-01-06T00:00:00+00:00 [queued]>
[2025-07-21T18:30:06.067+0000] {taskinstance.py:1165} INFO - Dependencies all met for <TaskInstance: trans_dag_26.file_location scheduled__2025-01-06T00:00:00+00:00 [queued]>
[2025-07-21T18:30:06.068+0000] {taskinstance.py:1362} INFO - 
--------------------------------------------------------------------------------
[2025-07-21T18:30:06.070+0000] {taskinstance.py:1363} INFO - Starting attempt 1 of 2
[2025-07-21T18:30:06.071+0000] {taskinstance.py:1364} INFO - 
--------------------------------------------------------------------------------
[2025-07-21T18:30:06.107+0000] {taskinstance.py:1383} INFO - Executing <Task(_PythonDecoratedOperator): file_location> on 2025-01-06 00:00:00+00:00
[2025-07-21T18:30:06.124+0000] {standard_task_runner.py:55} INFO - Started process 84344 to run task
[2025-07-21T18:30:06.135+0000] {standard_task_runner.py:82} INFO - Running: ['***', 'tasks', 'run', 'trans_dag_26', 'file_location', 'scheduled__2025-01-06T00:00:00+00:00', '--job-id', '10772', '--raw', '--subdir', 'DAGS_FOLDER/trans_dag.py', '--cfg-path', '/tmp/tmp56t0glpl']
[2025-07-21T18:30:06.140+0000] {standard_task_runner.py:83} INFO - Job 10772: Subtask file_location
[2025-07-21T18:30:06.339+0000] {task_command.py:376} INFO - Running <TaskInstance: trans_dag_26.file_location scheduled__2025-01-06T00:00:00+00:00 [running]> on host 77e451e90f2e
[2025-07-21T18:30:06.518+0000] {taskinstance.py:1592} INFO - Exporting the following env vars:
AIRFLOW_CTX_DAG_OWNER=***
AIRFLOW_CTX_DAG_ID=trans_dag_26
AIRFLOW_CTX_TASK_ID=file_location
AIRFLOW_CTX_EXECUTION_DATE=2025-01-06T00:00:00+00:00
AIRFLOW_CTX_TRY_NUMBER=1
AIRFLOW_CTX_DAG_RUN_ID=scheduled__2025-01-06T00:00:00+00:00
[2025-07-21T18:30:06.542+0000] {python.py:177} INFO - Done. Returned value was: /tmp/transformed.csv
[2025-07-21T18:30:06.609+0000] {taskinstance.py:1406} INFO - Marking task as SUCCESS. dag_id=trans_dag_26, task_id=file_location, execution_date=20250106T000000, start_date=20250721T183006, end_date=20250721T183006
[2025-07-21T18:30:06.668+0000] {local_task_job.py:164} INFO - Task exited with return code 0
[2025-07-21T18:30:09.610+0000] {local_task_job.py:273} INFO - 1 downstream tasks scheduled from follow-on schedule check
