[2025-07-21T23:56:42.072+0000] {taskinstance.py:1165} INFO - Dependencies all met for <TaskInstance: trans_dag_26.upload_to_s3 scheduled__2025-07-11T00:00:00+00:00 [queued]>
[2025-07-21T23:56:42.083+0000] {taskinstance.py:1165} INFO - Dependencies all met for <TaskInstance: trans_dag_26.upload_to_s3 scheduled__2025-07-11T00:00:00+00:00 [queued]>
[2025-07-21T23:56:42.083+0000] {taskinstance.py:1362} INFO - 
--------------------------------------------------------------------------------
[2025-07-21T23:56:42.084+0000] {taskinstance.py:1363} INFO - Starting attempt 1 of 2
[2025-07-21T23:56:42.085+0000] {taskinstance.py:1364} INFO - 
--------------------------------------------------------------------------------
[2025-07-21T23:56:42.099+0000] {taskinstance.py:1383} INFO - Executing <Task(_PythonDecoratedOperator): upload_to_s3> on 2025-07-11 00:00:00+00:00
[2025-07-21T23:56:42.106+0000] {standard_task_runner.py:55} INFO - Started process 91086 to run task
[2025-07-21T23:56:42.111+0000] {standard_task_runner.py:82} INFO - Running: ['***', 'tasks', 'run', 'trans_dag_26', 'upload_to_s3', 'scheduled__2025-07-11T00:00:00+00:00', '--job-id', '11934', '--raw', '--subdir', 'DAGS_FOLDER/trans_dag.py', '--cfg-path', '/tmp/tmp_g9ciu7h']
[2025-07-21T23:56:42.113+0000] {standard_task_runner.py:83} INFO - Job 11934: Subtask upload_to_s3
[2025-07-21T23:56:42.201+0000] {task_command.py:376} INFO - Running <TaskInstance: trans_dag_26.upload_to_s3 scheduled__2025-07-11T00:00:00+00:00 [running]> on host 77e451e90f2e
[2025-07-21T23:56:42.290+0000] {taskinstance.py:1592} INFO - Exporting the following env vars:
AIRFLOW_CTX_DAG_OWNER=***
AIRFLOW_CTX_DAG_ID=trans_dag_26
AIRFLOW_CTX_TASK_ID=upload_to_s3
AIRFLOW_CTX_EXECUTION_DATE=2025-07-11T00:00:00+00:00
AIRFLOW_CTX_TRY_NUMBER=1
AIRFLOW_CTX_DAG_RUN_ID=scheduled__2025-07-11T00:00:00+00:00
[2025-07-21T23:56:42.304+0000] {base.py:71} INFO - Using connection ID 'aws-connect' for task execution.
[2025-07-21T23:56:42.305+0000] {connection_wrapper.py:303} INFO - AWS Connection (conn_id='aws-connect', conn_type='aws') credentials retrieved from login and password.
[2025-07-21T23:56:47.195+0000] {python.py:177} INFO - Done. Returned value was: s3://imani-***-data/transformed/transformed.csv
[2025-07-21T23:56:47.224+0000] {taskinstance.py:1406} INFO - Marking task as SUCCESS. dag_id=trans_dag_26, task_id=upload_to_s3, execution_date=20250711T000000, start_date=20250721T235642, end_date=20250721T235647
[2025-07-21T23:56:47.273+0000] {local_task_job.py:164} INFO - Task exited with return code 0
[2025-07-21T23:56:47.303+0000] {local_task_job.py:273} INFO - 0 downstream tasks scheduled from follow-on schedule check
