[2025-07-21T17:36:09.074+0000] {taskinstance.py:1165} INFO - Dependencies all met for <TaskInstance: trans_dag_26.file_location scheduled__2024-01-29T00:00:00+00:00 [queued]>
[2025-07-21T17:36:09.130+0000] {taskinstance.py:1165} INFO - Dependencies all met for <TaskInstance: trans_dag_26.file_location scheduled__2024-01-29T00:00:00+00:00 [queued]>
[2025-07-21T17:36:09.132+0000] {taskinstance.py:1362} INFO - 
--------------------------------------------------------------------------------
[2025-07-21T17:36:09.134+0000] {taskinstance.py:1363} INFO - Starting attempt 1 of 2
[2025-07-21T17:36:09.139+0000] {taskinstance.py:1364} INFO - 
--------------------------------------------------------------------------------
[2025-07-21T17:36:09.197+0000] {taskinstance.py:1383} INFO - Executing <Task(_PythonDecoratedOperator): file_location> on 2024-01-29 00:00:00+00:00
[2025-07-21T17:36:09.237+0000] {standard_task_runner.py:55} INFO - Started process 72421 to run task
[2025-07-21T17:36:09.250+0000] {standard_task_runner.py:82} INFO - Running: ['***', 'tasks', 'run', 'trans_dag_26', 'file_location', 'scheduled__2024-01-29T00:00:00+00:00', '--job-id', '8612', '--raw', '--subdir', 'DAGS_FOLDER/trans_dag.py', '--cfg-path', '/tmp/tmpxcwrg779']
[2025-07-21T17:36:09.262+0000] {standard_task_runner.py:83} INFO - Job 8612: Subtask file_location
[2025-07-21T17:36:09.567+0000] {task_command.py:376} INFO - Running <TaskInstance: trans_dag_26.file_location scheduled__2024-01-29T00:00:00+00:00 [running]> on host 77e451e90f2e
[2025-07-21T17:36:09.804+0000] {taskinstance.py:1592} INFO - Exporting the following env vars:
AIRFLOW_CTX_DAG_OWNER=***
AIRFLOW_CTX_DAG_ID=trans_dag_26
AIRFLOW_CTX_TASK_ID=file_location
AIRFLOW_CTX_EXECUTION_DATE=2024-01-29T00:00:00+00:00
AIRFLOW_CTX_TRY_NUMBER=1
AIRFLOW_CTX_DAG_RUN_ID=scheduled__2024-01-29T00:00:00+00:00
[2025-07-21T17:36:09.857+0000] {python.py:177} INFO - Done. Returned value was: /tmp/transformed.csv
[2025-07-21T17:36:09.932+0000] {taskinstance.py:1406} INFO - Marking task as SUCCESS. dag_id=trans_dag_26, task_id=file_location, execution_date=20240129T000000, start_date=20250721T173609, end_date=20250721T173609
[2025-07-21T17:36:10.020+0000] {local_task_job.py:164} INFO - Task exited with return code 0
[2025-07-21T17:36:10.102+0000] {local_task_job.py:273} INFO - 1 downstream tasks scheduled from follow-on schedule check
