[2025-07-21T17:08:36.713+0000] {taskinstance.py:1165} INFO - Dependencies all met for <TaskInstance: trans_dag_26.transform scheduled__2023-11-07T00:00:00+00:00 [queued]>
[2025-07-21T17:08:36.742+0000] {taskinstance.py:1165} INFO - Dependencies all met for <TaskInstance: trans_dag_26.transform scheduled__2023-11-07T00:00:00+00:00 [queued]>
[2025-07-21T17:08:36.743+0000] {taskinstance.py:1362} INFO - 
--------------------------------------------------------------------------------
[2025-07-21T17:08:36.744+0000] {taskinstance.py:1363} INFO - Starting attempt 1 of 2
[2025-07-21T17:08:36.745+0000] {taskinstance.py:1364} INFO - 
--------------------------------------------------------------------------------
[2025-07-21T17:08:36.784+0000] {taskinstance.py:1383} INFO - Executing <Task(_PythonDecoratedOperator): transform> on 2023-11-07 00:00:00+00:00
[2025-07-21T17:08:36.800+0000] {standard_task_runner.py:55} INFO - Started process 68796 to run task
[2025-07-21T17:08:36.808+0000] {standard_task_runner.py:82} INFO - Running: ['***', 'tasks', 'run', 'trans_dag_26', 'transform', 'scheduled__2023-11-07T00:00:00+00:00', '--job-id', '8070', '--raw', '--subdir', 'DAGS_FOLDER/trans_dag.py', '--cfg-path', '/tmp/tmpzvwqozr4']
[2025-07-21T17:08:36.814+0000] {standard_task_runner.py:83} INFO - Job 8070: Subtask transform
[2025-07-21T17:08:37.014+0000] {task_command.py:376} INFO - Running <TaskInstance: trans_dag_26.transform scheduled__2023-11-07T00:00:00+00:00 [running]> on host 77e451e90f2e
[2025-07-21T17:08:37.278+0000] {taskinstance.py:1592} INFO - Exporting the following env vars:
AIRFLOW_CTX_DAG_OWNER=***
AIRFLOW_CTX_DAG_ID=trans_dag_26
AIRFLOW_CTX_TASK_ID=transform
AIRFLOW_CTX_EXECUTION_DATE=2023-11-07T00:00:00+00:00
AIRFLOW_CTX_TRY_NUMBER=1
AIRFLOW_CTX_DAG_RUN_ID=scheduled__2023-11-07T00:00:00+00:00
[2025-07-21T17:08:42.083+0000] {python.py:177} INFO - Done. Returned value was: /tmp/transformed.csv
[2025-07-21T17:08:42.129+0000] {taskinstance.py:1406} INFO - Marking task as SUCCESS. dag_id=trans_dag_26, task_id=transform, execution_date=20231107T000000, start_date=20250721T170836, end_date=20250721T170842
[2025-07-21T17:08:42.270+0000] {local_task_job.py:164} INFO - Task exited with return code 0
[2025-07-21T17:08:42.321+0000] {local_task_job.py:273} INFO - 1 downstream tasks scheduled from follow-on schedule check
