[2025-07-21T18:30:03.072+0000] {taskinstance.py:1165} INFO - Dependencies all met for <TaskInstance: trans_dag_26.transform scheduled__2025-01-18T00:00:00+00:00 [queued]>
[2025-07-21T18:30:03.102+0000] {taskinstance.py:1165} INFO - Dependencies all met for <TaskInstance: trans_dag_26.transform scheduled__2025-01-18T00:00:00+00:00 [queued]>
[2025-07-21T18:30:03.104+0000] {taskinstance.py:1362} INFO - 
--------------------------------------------------------------------------------
[2025-07-21T18:30:03.106+0000] {taskinstance.py:1363} INFO - Starting attempt 1 of 2
[2025-07-21T18:30:03.107+0000] {taskinstance.py:1364} INFO - 
--------------------------------------------------------------------------------
[2025-07-21T18:30:03.152+0000] {taskinstance.py:1383} INFO - Executing <Task(_PythonDecoratedOperator): transform> on 2025-01-18 00:00:00+00:00
[2025-07-21T18:30:03.189+0000] {standard_task_runner.py:55} INFO - Started process 84335 to run task
[2025-07-21T18:30:03.200+0000] {standard_task_runner.py:82} INFO - Running: ['***', 'tasks', 'run', 'trans_dag_26', 'transform', 'scheduled__2025-01-18T00:00:00+00:00', '--job-id', '10767', '--raw', '--subdir', 'DAGS_FOLDER/trans_dag.py', '--cfg-path', '/tmp/tmpfmr6xjhe']
[2025-07-21T18:30:03.208+0000] {standard_task_runner.py:83} INFO - Job 10767: Subtask transform
[2025-07-21T18:30:03.424+0000] {task_command.py:376} INFO - Running <TaskInstance: trans_dag_26.transform scheduled__2025-01-18T00:00:00+00:00 [running]> on host 77e451e90f2e
[2025-07-21T18:30:03.654+0000] {taskinstance.py:1592} INFO - Exporting the following env vars:
AIRFLOW_CTX_DAG_OWNER=***
AIRFLOW_CTX_DAG_ID=trans_dag_26
AIRFLOW_CTX_TASK_ID=transform
AIRFLOW_CTX_EXECUTION_DATE=2025-01-18T00:00:00+00:00
AIRFLOW_CTX_TRY_NUMBER=1
AIRFLOW_CTX_DAG_RUN_ID=scheduled__2025-01-18T00:00:00+00:00
[2025-07-21T18:30:08.777+0000] {python.py:177} INFO - Done. Returned value was: /tmp/transformed.csv
[2025-07-21T18:30:08.843+0000] {taskinstance.py:1406} INFO - Marking task as SUCCESS. dag_id=trans_dag_26, task_id=transform, execution_date=20250118T000000, start_date=20250721T183003, end_date=20250721T183008
[2025-07-21T18:30:09.637+0000] {local_task_job.py:164} INFO - Task exited with return code 0
[2025-07-21T18:30:09.751+0000] {local_task_job.py:273} INFO - 1 downstream tasks scheduled from follow-on schedule check
