[2025-07-21T22:53:07.672+0000] {taskinstance.py:1165} INFO - Dependencies all met for <TaskInstance: trans_dag_26.decide_path scheduled__2025-05-13T00:00:00+00:00 [queued]>
[2025-07-21T22:53:07.691+0000] {taskinstance.py:1165} INFO - Dependencies all met for <TaskInstance: trans_dag_26.decide_path scheduled__2025-05-13T00:00:00+00:00 [queued]>
[2025-07-21T22:53:07.693+0000] {taskinstance.py:1362} INFO - 
--------------------------------------------------------------------------------
[2025-07-21T22:53:07.694+0000] {taskinstance.py:1363} INFO - Starting attempt 1 of 2
[2025-07-21T22:53:07.696+0000] {taskinstance.py:1364} INFO - 
--------------------------------------------------------------------------------
[2025-07-21T22:53:07.720+0000] {taskinstance.py:1383} INFO - Executing <Task(_BranchPythonDecoratedOperator): decide_path> on 2025-05-13 00:00:00+00:00
[2025-07-21T22:53:07.758+0000] {standard_task_runner.py:55} INFO - Started process 88741 to run task
[2025-07-21T22:53:07.766+0000] {standard_task_runner.py:82} INFO - Running: ['***', 'tasks', 'run', 'trans_dag_26', 'decide_path', 'scheduled__2025-05-13T00:00:00+00:00', '--job-id', '11529', '--raw', '--subdir', 'DAGS_FOLDER/trans_dag.py', '--cfg-path', '/tmp/tmp44opfqm7']
[2025-07-21T22:53:07.781+0000] {standard_task_runner.py:83} INFO - Job 11529: Subtask decide_path
[2025-07-21T22:53:07.938+0000] {task_command.py:376} INFO - Running <TaskInstance: trans_dag_26.decide_path scheduled__2025-05-13T00:00:00+00:00 [running]> on host 77e451e90f2e
[2025-07-21T22:53:08.080+0000] {taskinstance.py:1592} INFO - Exporting the following env vars:
AIRFLOW_CTX_DAG_OWNER=***
AIRFLOW_CTX_DAG_ID=trans_dag_26
AIRFLOW_CTX_TASK_ID=decide_path
AIRFLOW_CTX_EXECUTION_DATE=2025-05-13T00:00:00+00:00
AIRFLOW_CTX_TRY_NUMBER=1
AIRFLOW_CTX_DAG_RUN_ID=scheduled__2025-05-13T00:00:00+00:00
[2025-07-21T22:53:08.106+0000] {python.py:177} INFO - Done. Returned value was: file_location
[2025-07-21T22:53:08.107+0000] {skipmixin.py:155} INFO - Following branch file_location
[2025-07-21T22:53:08.108+0000] {skipmixin.py:190} INFO - Skipping tasks ['data_quality_check_failed']
[2025-07-21T22:53:08.188+0000] {taskinstance.py:1406} INFO - Marking task as SUCCESS. dag_id=trans_dag_26, task_id=decide_path, execution_date=20250513T000000, start_date=20250721T225307, end_date=20250721T225308
[2025-07-21T22:53:08.278+0000] {local_task_job.py:164} INFO - Task exited with return code 0
[2025-07-21T22:53:08.340+0000] {local_task_job.py:273} INFO - 1 downstream tasks scheduled from follow-on schedule check
