[2025-07-21T17:58:53.522+0000] {taskinstance.py:1165} INFO - Dependencies all met for <TaskInstance: trans_dag_26.data_quality_check scheduled__2024-06-22T00:00:00+00:00 [queued]>
[2025-07-21T17:58:53.564+0000] {taskinstance.py:1165} INFO - Dependencies all met for <TaskInstance: trans_dag_26.data_quality_check scheduled__2024-06-22T00:00:00+00:00 [queued]>
[2025-07-21T17:58:53.566+0000] {taskinstance.py:1362} INFO - 
--------------------------------------------------------------------------------
[2025-07-21T17:58:53.568+0000] {taskinstance.py:1363} INFO - Starting attempt 1 of 2
[2025-07-21T17:58:53.569+0000] {taskinstance.py:1364} INFO - 
--------------------------------------------------------------------------------
[2025-07-21T17:58:53.614+0000] {taskinstance.py:1383} INFO - Executing <Task(_PythonDecoratedOperator): data_quality_check> on 2024-06-22 00:00:00+00:00
[2025-07-21T17:58:53.637+0000] {standard_task_runner.py:55} INFO - Started process 77395 to run task
[2025-07-21T17:58:53.647+0000] {standard_task_runner.py:82} INFO - Running: ['***', 'tasks', 'run', 'trans_dag_26', 'data_quality_check', 'scheduled__2024-06-22T00:00:00+00:00', '--job-id', '9498', '--raw', '--subdir', 'DAGS_FOLDER/trans_dag.py', '--cfg-path', '/tmp/tmppk5paqqp']
[2025-07-21T17:58:53.655+0000] {standard_task_runner.py:83} INFO - Job 9498: Subtask data_quality_check
[2025-07-21T17:58:53.977+0000] {task_command.py:376} INFO - Running <TaskInstance: trans_dag_26.data_quality_check scheduled__2024-06-22T00:00:00+00:00 [running]> on host 77e451e90f2e
[2025-07-21T17:58:54.392+0000] {taskinstance.py:1592} INFO - Exporting the following env vars:
AIRFLOW_CTX_DAG_OWNER=***
AIRFLOW_CTX_DAG_ID=trans_dag_26
AIRFLOW_CTX_TASK_ID=data_quality_check
AIRFLOW_CTX_EXECUTION_DATE=2024-06-22T00:00:00+00:00
AIRFLOW_CTX_TRY_NUMBER=1
AIRFLOW_CTX_DAG_RUN_ID=scheduled__2024-06-22T00:00:00+00:00
[2025-07-21T17:58:55.643+0000] {python.py:177} INFO - Done. Returned value was: {'is_valid': True, 'file_path': '/tmp/transformed.csv'}
[2025-07-21T17:58:55.823+0000] {taskinstance.py:1406} INFO - Marking task as SUCCESS. dag_id=trans_dag_26, task_id=data_quality_check, execution_date=20240622T000000, start_date=20250721T175853, end_date=20250721T175855
[2025-07-21T17:58:56.025+0000] {local_task_job.py:164} INFO - Task exited with return code 0
[2025-07-21T17:58:56.206+0000] {local_task_job.py:273} INFO - 1 downstream tasks scheduled from follow-on schedule check
