[2025-07-21T18:04:59.275+0000] {taskinstance.py:1165} INFO - Dependencies all met for <TaskInstance: trans_dag_26.transform scheduled__2024-07-31T00:00:00+00:00 [queued]>
[2025-07-21T18:04:59.307+0000] {taskinstance.py:1165} INFO - Dependencies all met for <TaskInstance: trans_dag_26.transform scheduled__2024-07-31T00:00:00+00:00 [queued]>
[2025-07-21T18:04:59.308+0000] {taskinstance.py:1362} INFO - 
--------------------------------------------------------------------------------
[2025-07-21T18:04:59.310+0000] {taskinstance.py:1363} INFO - Starting attempt 1 of 2
[2025-07-21T18:04:59.310+0000] {taskinstance.py:1364} INFO - 
--------------------------------------------------------------------------------
[2025-07-21T18:04:59.346+0000] {taskinstance.py:1383} INFO - Executing <Task(_PythonDecoratedOperator): transform> on 2024-07-31 00:00:00+00:00
[2025-07-21T18:04:59.361+0000] {standard_task_runner.py:55} INFO - Started process 78491 to run task
[2025-07-21T18:04:59.368+0000] {standard_task_runner.py:82} INFO - Running: ['***', 'tasks', 'run', 'trans_dag_26', 'transform', 'scheduled__2024-07-31T00:00:00+00:00', '--job-id', '9691', '--raw', '--subdir', 'DAGS_FOLDER/trans_dag.py', '--cfg-path', '/tmp/tmp7ayhjxsv']
[2025-07-21T18:04:59.374+0000] {standard_task_runner.py:83} INFO - Job 9691: Subtask transform
[2025-07-21T18:04:59.574+0000] {task_command.py:376} INFO - Running <TaskInstance: trans_dag_26.transform scheduled__2024-07-31T00:00:00+00:00 [running]> on host 77e451e90f2e
[2025-07-21T18:04:59.799+0000] {taskinstance.py:1592} INFO - Exporting the following env vars:
AIRFLOW_CTX_DAG_OWNER=***
AIRFLOW_CTX_DAG_ID=trans_dag_26
AIRFLOW_CTX_TASK_ID=transform
AIRFLOW_CTX_EXECUTION_DATE=2024-07-31T00:00:00+00:00
AIRFLOW_CTX_TRY_NUMBER=1
AIRFLOW_CTX_DAG_RUN_ID=scheduled__2024-07-31T00:00:00+00:00
[2025-07-21T18:05:05.397+0000] {python.py:177} INFO - Done. Returned value was: /tmp/transformed.csv
[2025-07-21T18:05:05.461+0000] {taskinstance.py:1406} INFO - Marking task as SUCCESS. dag_id=trans_dag_26, task_id=transform, execution_date=20240731T000000, start_date=20250721T180459, end_date=20250721T180505
[2025-07-21T18:05:05.785+0000] {local_task_job.py:164} INFO - Task exited with return code 0
[2025-07-21T18:05:05.875+0000] {local_task_job.py:273} INFO - 1 downstream tasks scheduled from follow-on schedule check
