[2025-07-21T17:12:16.480+0000] {taskinstance.py:1165} INFO - Dependencies all met for <TaskInstance: trans_dag_26.file_location scheduled__2023-11-30T00:00:00+00:00 [queued]>
[2025-07-21T17:12:16.499+0000] {taskinstance.py:1165} INFO - Dependencies all met for <TaskInstance: trans_dag_26.file_location scheduled__2023-11-30T00:00:00+00:00 [queued]>
[2025-07-21T17:12:16.500+0000] {taskinstance.py:1362} INFO - 
--------------------------------------------------------------------------------
[2025-07-21T17:12:16.502+0000] {taskinstance.py:1363} INFO - Starting attempt 1 of 2
[2025-07-21T17:12:16.503+0000] {taskinstance.py:1364} INFO - 
--------------------------------------------------------------------------------
[2025-07-21T17:12:16.524+0000] {taskinstance.py:1383} INFO - Executing <Task(_PythonDecoratedOperator): file_location> on 2023-11-30 00:00:00+00:00
[2025-07-21T17:12:16.535+0000] {standard_task_runner.py:55} INFO - Started process 69581 to run task
[2025-07-21T17:12:16.542+0000] {standard_task_runner.py:82} INFO - Running: ['***', 'tasks', 'run', 'trans_dag_26', 'file_location', 'scheduled__2023-11-30T00:00:00+00:00', '--job-id', '8212', '--raw', '--subdir', 'DAGS_FOLDER/trans_dag.py', '--cfg-path', '/tmp/tmph_3m9klj']
[2025-07-21T17:12:16.545+0000] {standard_task_runner.py:83} INFO - Job 8212: Subtask file_location
[2025-07-21T17:12:16.678+0000] {task_command.py:376} INFO - Running <TaskInstance: trans_dag_26.file_location scheduled__2023-11-30T00:00:00+00:00 [running]> on host 77e451e90f2e
[2025-07-21T17:12:16.796+0000] {taskinstance.py:1592} INFO - Exporting the following env vars:
AIRFLOW_CTX_DAG_OWNER=***
AIRFLOW_CTX_DAG_ID=trans_dag_26
AIRFLOW_CTX_TASK_ID=file_location
AIRFLOW_CTX_EXECUTION_DATE=2023-11-30T00:00:00+00:00
AIRFLOW_CTX_TRY_NUMBER=1
AIRFLOW_CTX_DAG_RUN_ID=scheduled__2023-11-30T00:00:00+00:00
[2025-07-21T17:12:16.821+0000] {python.py:177} INFO - Done. Returned value was: /tmp/transformed.csv
[2025-07-21T17:12:16.868+0000] {taskinstance.py:1406} INFO - Marking task as SUCCESS. dag_id=trans_dag_26, task_id=file_location, execution_date=20231130T000000, start_date=20250721T171216, end_date=20250721T171216
[2025-07-21T17:12:16.913+0000] {local_task_job.py:164} INFO - Task exited with return code 0
[2025-07-21T17:12:17.029+0000] {local_task_job.py:273} INFO - 0 downstream tasks scheduled from follow-on schedule check
