[2025-07-29T19:09:09.167+0000] {taskinstance.py:1165} INFO - Dependencies all met for <TaskInstance: trans_dag_26.transform scheduled__2025-07-22T00:00:00+00:00 [queued]>
[2025-07-29T19:09:09.206+0000] {taskinstance.py:1165} INFO - Dependencies all met for <TaskInstance: trans_dag_26.transform scheduled__2025-07-22T00:00:00+00:00 [queued]>
[2025-07-29T19:09:09.248+0000] {taskinstance.py:1362} INFO - 
--------------------------------------------------------------------------------
[2025-07-29T19:09:09.252+0000] {taskinstance.py:1363} INFO - Starting attempt 1 of 2
[2025-07-29T19:09:09.255+0000] {taskinstance.py:1364} INFO - 
--------------------------------------------------------------------------------
[2025-07-29T19:09:09.287+0000] {taskinstance.py:1383} INFO - Executing <Task(_PythonDecoratedOperator): transform> on 2025-07-22 00:00:00+00:00
[2025-07-29T19:09:09.318+0000] {standard_task_runner.py:55} INFO - Started process 140 to run task
[2025-07-29T19:09:09.324+0000] {standard_task_runner.py:82} INFO - Running: ['***', 'tasks', 'run', 'trans_dag_26', 'transform', 'scheduled__2025-07-22T00:00:00+00:00', '--job-id', '11955', '--raw', '--subdir', 'DAGS_FOLDER/trans_dag.py', '--cfg-path', '/tmp/tmpnxle1vk7']
[2025-07-29T19:09:09.356+0000] {standard_task_runner.py:83} INFO - Job 11955: Subtask transform
[2025-07-29T19:09:09.671+0000] {task_command.py:376} INFO - Running <TaskInstance: trans_dag_26.transform scheduled__2025-07-22T00:00:00+00:00 [running]> on host 77e451e90f2e
[2025-07-29T19:09:09.795+0000] {taskinstance.py:1592} INFO - Exporting the following env vars:
AIRFLOW_CTX_DAG_OWNER=***
AIRFLOW_CTX_DAG_ID=trans_dag_26
AIRFLOW_CTX_TASK_ID=transform
AIRFLOW_CTX_EXECUTION_DATE=2025-07-22T00:00:00+00:00
AIRFLOW_CTX_TRY_NUMBER=1
AIRFLOW_CTX_DAG_RUN_ID=scheduled__2025-07-22T00:00:00+00:00
[2025-07-29T19:09:13.286+0000] {python.py:177} INFO - Done. Returned value was: /tmp/transformed.csv
[2025-07-29T19:09:13.352+0000] {taskinstance.py:1406} INFO - Marking task as SUCCESS. dag_id=trans_dag_26, task_id=transform, execution_date=20250722T000000, start_date=20250729T190909, end_date=20250729T190913
[2025-07-29T19:09:13.448+0000] {local_task_job.py:164} INFO - Task exited with return code 0
[2025-07-29T19:09:13.526+0000] {local_task_job.py:273} INFO - 1 downstream tasks scheduled from follow-on schedule check
