[2025-07-21T18:30:44.837+0000] {taskinstance.py:1165} INFO - Dependencies all met for <TaskInstance: trans_dag_26.file_location scheduled__2025-01-23T00:00:00+00:00 [queued]>
[2025-07-21T18:30:44.874+0000] {taskinstance.py:1165} INFO - Dependencies all met for <TaskInstance: trans_dag_26.file_location scheduled__2025-01-23T00:00:00+00:00 [queued]>
[2025-07-21T18:30:44.875+0000] {taskinstance.py:1362} INFO - 
--------------------------------------------------------------------------------
[2025-07-21T18:30:44.876+0000] {taskinstance.py:1363} INFO - Starting attempt 1 of 2
[2025-07-21T18:30:44.877+0000] {taskinstance.py:1364} INFO - 
--------------------------------------------------------------------------------
[2025-07-21T18:30:44.926+0000] {taskinstance.py:1383} INFO - Executing <Task(_PythonDecoratedOperator): file_location> on 2025-01-23 00:00:00+00:00
[2025-07-21T18:30:44.987+0000] {standard_task_runner.py:55} INFO - Started process 84556 to run task
[2025-07-21T18:30:44.994+0000] {standard_task_runner.py:82} INFO - Running: ['***', 'tasks', 'run', 'trans_dag_26', 'file_location', 'scheduled__2025-01-23T00:00:00+00:00', '--job-id', '10811', '--raw', '--subdir', 'DAGS_FOLDER/trans_dag.py', '--cfg-path', '/tmp/tmp_3v_qn4r']
[2025-07-21T18:30:45.004+0000] {standard_task_runner.py:83} INFO - Job 10811: Subtask file_location
[2025-07-21T18:30:45.281+0000] {task_command.py:376} INFO - Running <TaskInstance: trans_dag_26.file_location scheduled__2025-01-23T00:00:00+00:00 [running]> on host 77e451e90f2e
[2025-07-21T18:30:45.406+0000] {taskinstance.py:1592} INFO - Exporting the following env vars:
AIRFLOW_CTX_DAG_OWNER=***
AIRFLOW_CTX_DAG_ID=trans_dag_26
AIRFLOW_CTX_TASK_ID=file_location
AIRFLOW_CTX_EXECUTION_DATE=2025-01-23T00:00:00+00:00
AIRFLOW_CTX_TRY_NUMBER=1
AIRFLOW_CTX_DAG_RUN_ID=scheduled__2025-01-23T00:00:00+00:00
[2025-07-21T18:30:45.425+0000] {python.py:177} INFO - Done. Returned value was: /tmp/transformed.csv
[2025-07-21T18:30:45.466+0000] {taskinstance.py:1406} INFO - Marking task as SUCCESS. dag_id=trans_dag_26, task_id=file_location, execution_date=20250123T000000, start_date=20250721T183044, end_date=20250721T183045
[2025-07-21T18:30:45.532+0000] {local_task_job.py:164} INFO - Task exited with return code 0
[2025-07-21T18:30:45.564+0000] {local_task_job.py:273} INFO - 1 downstream tasks scheduled from follow-on schedule check
