[2025-07-21T22:51:35.584+0000] {taskinstance.py:1165} INFO - Dependencies all met for <TaskInstance: trans_dag_26.data_quality_check scheduled__2025-05-08T00:00:00+00:00 [queued]>
[2025-07-21T22:51:35.601+0000] {taskinstance.py:1165} INFO - Dependencies all met for <TaskInstance: trans_dag_26.data_quality_check scheduled__2025-05-08T00:00:00+00:00 [queued]>
[2025-07-21T22:51:35.602+0000] {taskinstance.py:1362} INFO - 
--------------------------------------------------------------------------------
[2025-07-21T22:51:35.603+0000] {taskinstance.py:1363} INFO - Starting attempt 1 of 2
[2025-07-21T22:51:35.604+0000] {taskinstance.py:1364} INFO - 
--------------------------------------------------------------------------------
[2025-07-21T22:51:35.626+0000] {taskinstance.py:1383} INFO - Executing <Task(_PythonDecoratedOperator): data_quality_check> on 2025-05-08 00:00:00+00:00
[2025-07-21T22:51:35.635+0000] {standard_task_runner.py:55} INFO - Started process 88392 to run task
[2025-07-21T22:51:35.641+0000] {standard_task_runner.py:82} INFO - Running: ['***', 'tasks', 'run', 'trans_dag_26', 'data_quality_check', 'scheduled__2025-05-08T00:00:00+00:00', '--job-id', '11468', '--raw', '--subdir', 'DAGS_FOLDER/trans_dag.py', '--cfg-path', '/tmp/tmpnmr0zajr']
[2025-07-21T22:51:35.646+0000] {standard_task_runner.py:83} INFO - Job 11468: Subtask data_quality_check
[2025-07-21T22:51:35.775+0000] {task_command.py:376} INFO - Running <TaskInstance: trans_dag_26.data_quality_check scheduled__2025-05-08T00:00:00+00:00 [running]> on host 77e451e90f2e
[2025-07-21T22:51:35.877+0000] {taskinstance.py:1592} INFO - Exporting the following env vars:
AIRFLOW_CTX_DAG_OWNER=***
AIRFLOW_CTX_DAG_ID=trans_dag_26
AIRFLOW_CTX_TASK_ID=data_quality_check
AIRFLOW_CTX_EXECUTION_DATE=2025-05-08T00:00:00+00:00
AIRFLOW_CTX_TRY_NUMBER=1
AIRFLOW_CTX_DAG_RUN_ID=scheduled__2025-05-08T00:00:00+00:00
[2025-07-21T22:51:36.268+0000] {python.py:177} INFO - Done. Returned value was: {'is_valid': True, 'file_path': '/tmp/transformed.csv'}
[2025-07-21T22:51:36.305+0000] {taskinstance.py:1406} INFO - Marking task as SUCCESS. dag_id=trans_dag_26, task_id=data_quality_check, execution_date=20250508T000000, start_date=20250721T225135, end_date=20250721T225136
[2025-07-21T22:51:36.376+0000] {local_task_job.py:164} INFO - Task exited with return code 0
[2025-07-21T22:51:36.467+0000] {local_task_job.py:273} INFO - 1 downstream tasks scheduled from follow-on schedule check
