[2025-07-21T18:11:41.949+0000] {taskinstance.py:1165} INFO - Dependencies all met for <TaskInstance: trans_dag_26.data_quality_check scheduled__2024-09-14T00:00:00+00:00 [queued]>
[2025-07-21T18:11:41.977+0000] {taskinstance.py:1165} INFO - Dependencies all met for <TaskInstance: trans_dag_26.data_quality_check scheduled__2024-09-14T00:00:00+00:00 [queued]>
[2025-07-21T18:11:41.978+0000] {taskinstance.py:1362} INFO - 
--------------------------------------------------------------------------------
[2025-07-21T18:11:41.980+0000] {taskinstance.py:1363} INFO - Starting attempt 1 of 2
[2025-07-21T18:11:41.980+0000] {taskinstance.py:1364} INFO - 
--------------------------------------------------------------------------------
[2025-07-21T18:11:42.008+0000] {taskinstance.py:1383} INFO - Executing <Task(_PythonDecoratedOperator): data_quality_check> on 2024-09-14 00:00:00+00:00
[2025-07-21T18:11:42.023+0000] {standard_task_runner.py:55} INFO - Started process 79880 to run task
[2025-07-21T18:11:42.030+0000] {standard_task_runner.py:82} INFO - Running: ['***', 'tasks', 'run', 'trans_dag_26', 'data_quality_check', 'scheduled__2024-09-14T00:00:00+00:00', '--job-id', '9948', '--raw', '--subdir', 'DAGS_FOLDER/trans_dag.py', '--cfg-path', '/tmp/tmpun4qdxbv']
[2025-07-21T18:11:42.034+0000] {standard_task_runner.py:83} INFO - Job 9948: Subtask data_quality_check
[2025-07-21T18:11:42.201+0000] {task_command.py:376} INFO - Running <TaskInstance: trans_dag_26.data_quality_check scheduled__2024-09-14T00:00:00+00:00 [running]> on host 77e451e90f2e
[2025-07-21T18:11:42.398+0000] {taskinstance.py:1592} INFO - Exporting the following env vars:
AIRFLOW_CTX_DAG_OWNER=***
AIRFLOW_CTX_DAG_ID=trans_dag_26
AIRFLOW_CTX_TASK_ID=data_quality_check
AIRFLOW_CTX_EXECUTION_DATE=2024-09-14T00:00:00+00:00
AIRFLOW_CTX_TRY_NUMBER=1
AIRFLOW_CTX_DAG_RUN_ID=scheduled__2024-09-14T00:00:00+00:00
[2025-07-21T18:11:42.873+0000] {python.py:177} INFO - Done. Returned value was: {'is_valid': True, 'file_path': '/tmp/transformed.csv'}
[2025-07-21T18:11:42.924+0000] {taskinstance.py:1406} INFO - Marking task as SUCCESS. dag_id=trans_dag_26, task_id=data_quality_check, execution_date=20240914T000000, start_date=20250721T181141, end_date=20250721T181142
[2025-07-21T18:11:43.012+0000] {local_task_job.py:164} INFO - Task exited with return code 0
[2025-07-21T18:11:43.100+0000] {local_task_job.py:273} INFO - 1 downstream tasks scheduled from follow-on schedule check
