[2025-07-21T18:26:56.057+0000] {taskinstance.py:1165} INFO - Dependencies all met for <TaskInstance: trans_dag_26.file_location scheduled__2024-12-26T00:00:00+00:00 [queued]>
[2025-07-21T18:26:56.091+0000] {taskinstance.py:1165} INFO - Dependencies all met for <TaskInstance: trans_dag_26.file_location scheduled__2024-12-26T00:00:00+00:00 [queued]>
[2025-07-21T18:26:56.092+0000] {taskinstance.py:1362} INFO - 
--------------------------------------------------------------------------------
[2025-07-21T18:26:56.093+0000] {taskinstance.py:1363} INFO - Starting attempt 1 of 2
[2025-07-21T18:26:56.094+0000] {taskinstance.py:1364} INFO - 
--------------------------------------------------------------------------------
[2025-07-21T18:26:56.132+0000] {taskinstance.py:1383} INFO - Executing <Task(_PythonDecoratedOperator): file_location> on 2024-12-26 00:00:00+00:00
[2025-07-21T18:26:56.156+0000] {standard_task_runner.py:55} INFO - Started process 83512 to run task
[2025-07-21T18:26:56.170+0000] {standard_task_runner.py:82} INFO - Running: ['***', 'tasks', 'run', 'trans_dag_26', 'file_location', 'scheduled__2024-12-26T00:00:00+00:00', '--job-id', '10620', '--raw', '--subdir', 'DAGS_FOLDER/trans_dag.py', '--cfg-path', '/tmp/tmpdu3t98_d']
[2025-07-21T18:26:56.177+0000] {standard_task_runner.py:83} INFO - Job 10620: Subtask file_location
[2025-07-21T18:26:56.455+0000] {task_command.py:376} INFO - Running <TaskInstance: trans_dag_26.file_location scheduled__2024-12-26T00:00:00+00:00 [running]> on host 77e451e90f2e
[2025-07-21T18:26:56.716+0000] {taskinstance.py:1592} INFO - Exporting the following env vars:
AIRFLOW_CTX_DAG_OWNER=***
AIRFLOW_CTX_DAG_ID=trans_dag_26
AIRFLOW_CTX_TASK_ID=file_location
AIRFLOW_CTX_EXECUTION_DATE=2024-12-26T00:00:00+00:00
AIRFLOW_CTX_TRY_NUMBER=1
AIRFLOW_CTX_DAG_RUN_ID=scheduled__2024-12-26T00:00:00+00:00
[2025-07-21T18:26:56.755+0000] {python.py:177} INFO - Done. Returned value was: /tmp/transformed.csv
[2025-07-21T18:26:56.861+0000] {taskinstance.py:1406} INFO - Marking task as SUCCESS. dag_id=trans_dag_26, task_id=file_location, execution_date=20241226T000000, start_date=20250721T182656, end_date=20250721T182656
[2025-07-21T18:26:56.983+0000] {local_task_job.py:164} INFO - Task exited with return code 0
[2025-07-21T18:26:57.215+0000] {local_task_job.py:273} INFO - 0 downstream tasks scheduled from follow-on schedule check
