[2025-07-21T17:59:06.563+0000] {taskinstance.py:1165} INFO - Dependencies all met for <TaskInstance: trans_dag_26.file_location scheduled__2024-06-27T00:00:00+00:00 [queued]>
[2025-07-21T17:59:06.631+0000] {taskinstance.py:1165} INFO - Dependencies all met for <TaskInstance: trans_dag_26.file_location scheduled__2024-06-27T00:00:00+00:00 [queued]>
[2025-07-21T17:59:06.633+0000] {taskinstance.py:1362} INFO - 
--------------------------------------------------------------------------------
[2025-07-21T17:59:06.636+0000] {taskinstance.py:1363} INFO - Starting attempt 1 of 2
[2025-07-21T17:59:06.637+0000] {taskinstance.py:1364} INFO - 
--------------------------------------------------------------------------------
[2025-07-21T17:59:06.695+0000] {taskinstance.py:1383} INFO - Executing <Task(_PythonDecoratedOperator): file_location> on 2024-06-27 00:00:00+00:00
[2025-07-21T17:59:06.720+0000] {standard_task_runner.py:55} INFO - Started process 77505 to run task
[2025-07-21T17:59:06.744+0000] {standard_task_runner.py:82} INFO - Running: ['***', 'tasks', 'run', 'trans_dag_26', 'file_location', 'scheduled__2024-06-27T00:00:00+00:00', '--job-id', '9535', '--raw', '--subdir', 'DAGS_FOLDER/trans_dag.py', '--cfg-path', '/tmp/tmp2_9gr2db']
[2025-07-21T17:59:06.758+0000] {standard_task_runner.py:83} INFO - Job 9535: Subtask file_location
[2025-07-21T17:59:07.108+0000] {task_command.py:376} INFO - Running <TaskInstance: trans_dag_26.file_location scheduled__2024-06-27T00:00:00+00:00 [running]> on host 77e451e90f2e
[2025-07-21T17:59:07.445+0000] {taskinstance.py:1592} INFO - Exporting the following env vars:
AIRFLOW_CTX_DAG_OWNER=***
AIRFLOW_CTX_DAG_ID=trans_dag_26
AIRFLOW_CTX_TASK_ID=file_location
AIRFLOW_CTX_EXECUTION_DATE=2024-06-27T00:00:00+00:00
AIRFLOW_CTX_TRY_NUMBER=1
AIRFLOW_CTX_DAG_RUN_ID=scheduled__2024-06-27T00:00:00+00:00
[2025-07-21T17:59:07.495+0000] {python.py:177} INFO - Done. Returned value was: /tmp/transformed.csv
[2025-07-21T17:59:07.629+0000] {taskinstance.py:1406} INFO - Marking task as SUCCESS. dag_id=trans_dag_26, task_id=file_location, execution_date=20240627T000000, start_date=20250721T175906, end_date=20250721T175907
[2025-07-21T17:59:07.726+0000] {local_task_job.py:164} INFO - Task exited with return code 0
[2025-07-21T17:59:07.850+0000] {local_task_job.py:273} INFO - 1 downstream tasks scheduled from follow-on schedule check
