[2025-07-21T17:01:16.638+0000] {taskinstance.py:1165} INFO - Dependencies all met for <TaskInstance: trans_dag_26.transform scheduled__2023-10-12T00:00:00+00:00 [queued]>
[2025-07-21T17:01:16.674+0000] {taskinstance.py:1165} INFO - Dependencies all met for <TaskInstance: trans_dag_26.transform scheduled__2023-10-12T00:00:00+00:00 [queued]>
[2025-07-21T17:01:16.675+0000] {taskinstance.py:1362} INFO - 
--------------------------------------------------------------------------------
[2025-07-21T17:01:16.677+0000] {taskinstance.py:1363} INFO - Starting attempt 1 of 2
[2025-07-21T17:01:16.678+0000] {taskinstance.py:1364} INFO - 
--------------------------------------------------------------------------------
[2025-07-21T17:01:16.715+0000] {taskinstance.py:1383} INFO - Executing <Task(_PythonDecoratedOperator): transform> on 2023-10-12 00:00:00+00:00
[2025-07-21T17:01:16.733+0000] {standard_task_runner.py:55} INFO - Started process 67487 to run task
[2025-07-21T17:01:16.744+0000] {standard_task_runner.py:82} INFO - Running: ['***', 'tasks', 'run', 'trans_dag_26', 'transform', 'scheduled__2023-10-12T00:00:00+00:00', '--job-id', '7843', '--raw', '--subdir', 'DAGS_FOLDER/trans_dag.py', '--cfg-path', '/tmp/tmp9aryb2ka']
[2025-07-21T17:01:16.749+0000] {standard_task_runner.py:83} INFO - Job 7843: Subtask transform
[2025-07-21T17:01:16.938+0000] {task_command.py:376} INFO - Running <TaskInstance: trans_dag_26.transform scheduled__2023-10-12T00:00:00+00:00 [running]> on host 77e451e90f2e
[2025-07-21T17:01:17.143+0000] {taskinstance.py:1592} INFO - Exporting the following env vars:
AIRFLOW_CTX_DAG_OWNER=***
AIRFLOW_CTX_DAG_ID=trans_dag_26
AIRFLOW_CTX_TASK_ID=transform
AIRFLOW_CTX_EXECUTION_DATE=2023-10-12T00:00:00+00:00
AIRFLOW_CTX_TRY_NUMBER=1
AIRFLOW_CTX_DAG_RUN_ID=scheduled__2023-10-12T00:00:00+00:00
[2025-07-21T17:01:20.580+0000] {python.py:177} INFO - Done. Returned value was: /tmp/transformed.csv
[2025-07-21T17:01:20.630+0000] {taskinstance.py:1406} INFO - Marking task as SUCCESS. dag_id=trans_dag_26, task_id=transform, execution_date=20231012T000000, start_date=20250721T170116, end_date=20250721T170120
[2025-07-21T17:01:20.695+0000] {local_task_job.py:164} INFO - Task exited with return code 0
[2025-07-21T17:01:20.759+0000] {local_task_job.py:273} INFO - 1 downstream tasks scheduled from follow-on schedule check
