[2025-07-21T18:32:25.427+0000] {taskinstance.py:1165} INFO - Dependencies all met for <TaskInstance: trans_dag_26.extract scheduled__2025-02-10T00:00:00+00:00 [queued]>
[2025-07-21T18:32:25.463+0000] {taskinstance.py:1165} INFO - Dependencies all met for <TaskInstance: trans_dag_26.extract scheduled__2025-02-10T00:00:00+00:00 [queued]>
[2025-07-21T18:32:25.464+0000] {taskinstance.py:1362} INFO - 
--------------------------------------------------------------------------------
[2025-07-21T18:32:25.466+0000] {taskinstance.py:1363} INFO - Starting attempt 1 of 2
[2025-07-21T18:32:25.467+0000] {taskinstance.py:1364} INFO - 
--------------------------------------------------------------------------------
[2025-07-21T18:32:25.514+0000] {taskinstance.py:1383} INFO - Executing <Task(_PythonDecoratedOperator): extract> on 2025-02-10 00:00:00+00:00
[2025-07-21T18:32:25.534+0000] {standard_task_runner.py:55} INFO - Started process 84862 to run task
[2025-07-21T18:32:25.543+0000] {standard_task_runner.py:82} INFO - Running: ['***', 'tasks', 'run', 'trans_dag_26', 'extract', 'scheduled__2025-02-10T00:00:00+00:00', '--job-id', '10855', '--raw', '--subdir', 'DAGS_FOLDER/trans_dag.py', '--cfg-path', '/tmp/tmph90zxz3k']
[2025-07-21T18:32:25.552+0000] {standard_task_runner.py:83} INFO - Job 10855: Subtask extract
[2025-07-21T18:32:25.807+0000] {task_command.py:376} INFO - Running <TaskInstance: trans_dag_26.extract scheduled__2025-02-10T00:00:00+00:00 [running]> on host 77e451e90f2e
[2025-07-21T18:32:26.110+0000] {taskinstance.py:1592} INFO - Exporting the following env vars:
AIRFLOW_CTX_DAG_OWNER=***
AIRFLOW_CTX_DAG_ID=trans_dag_26
AIRFLOW_CTX_TASK_ID=extract
AIRFLOW_CTX_EXECUTION_DATE=2025-02-10T00:00:00+00:00
AIRFLOW_CTX_TRY_NUMBER=1
AIRFLOW_CTX_DAG_RUN_ID=scheduled__2025-02-10T00:00:00+00:00
[2025-07-21T18:32:26.150+0000] {base.py:71} INFO - Using connection ID 'aws-connect' for task execution.
[2025-07-21T18:32:26.153+0000] {connection_wrapper.py:303} INFO - AWS Connection (conn_id='aws-connect', conn_type='aws') credentials retrieved from login and password.
[2025-07-21T18:32:35.591+0000] {python.py:177} INFO - Done. Returned value was: /tmp/mymani.csv
[2025-07-21T18:32:35.672+0000] {taskinstance.py:1406} INFO - Marking task as SUCCESS. dag_id=trans_dag_26, task_id=extract, execution_date=20250210T000000, start_date=20250721T183225, end_date=20250721T183235
[2025-07-21T18:32:35.769+0000] {local_task_job.py:164} INFO - Task exited with return code 0
[2025-07-21T18:32:35.876+0000] {local_task_job.py:273} INFO - 1 downstream tasks scheduled from follow-on schedule check
