[2025-07-21T17:26:09.366+0000] {taskinstance.py:1165} INFO - Dependencies all met for <TaskInstance: trans_dag_26.data_quality_check scheduled__2023-12-27T00:00:00+00:00 [queued]>
[2025-07-21T17:26:09.407+0000] {taskinstance.py:1165} INFO - Dependencies all met for <TaskInstance: trans_dag_26.data_quality_check scheduled__2023-12-27T00:00:00+00:00 [queued]>
[2025-07-21T17:26:09.408+0000] {taskinstance.py:1362} INFO - 
--------------------------------------------------------------------------------
[2025-07-21T17:26:09.410+0000] {taskinstance.py:1363} INFO - Starting attempt 1 of 2
[2025-07-21T17:26:09.411+0000] {taskinstance.py:1364} INFO - 
--------------------------------------------------------------------------------
[2025-07-21T17:26:09.777+0000] {taskinstance.py:1383} INFO - Executing <Task(_PythonDecoratedOperator): data_quality_check> on 2023-12-27 00:00:00+00:00
[2025-07-21T17:26:09.803+0000] {standard_task_runner.py:55} INFO - Started process 71037 to run task
[2025-07-21T17:26:09.812+0000] {standard_task_runner.py:82} INFO - Running: ['***', 'tasks', 'run', 'trans_dag_26', 'data_quality_check', 'scheduled__2023-12-27T00:00:00+00:00', '--job-id', '8397', '--raw', '--subdir', 'DAGS_FOLDER/trans_dag.py', '--cfg-path', '/tmp/tmppg3y_i0t']
[2025-07-21T17:26:09.818+0000] {standard_task_runner.py:83} INFO - Job 8397: Subtask data_quality_check
[2025-07-21T17:26:10.153+0000] {task_command.py:376} INFO - Running <TaskInstance: trans_dag_26.data_quality_check scheduled__2023-12-27T00:00:00+00:00 [running]> on host 77e451e90f2e
[2025-07-21T17:26:10.414+0000] {taskinstance.py:1592} INFO - Exporting the following env vars:
AIRFLOW_CTX_DAG_OWNER=***
AIRFLOW_CTX_DAG_ID=trans_dag_26
AIRFLOW_CTX_TASK_ID=data_quality_check
AIRFLOW_CTX_EXECUTION_DATE=2023-12-27T00:00:00+00:00
AIRFLOW_CTX_TRY_NUMBER=1
AIRFLOW_CTX_DAG_RUN_ID=scheduled__2023-12-27T00:00:00+00:00
[2025-07-21T17:26:11.160+0000] {python.py:177} INFO - Done. Returned value was: {'is_valid': True, 'file_path': '/tmp/transformed.csv'}
[2025-07-21T17:26:11.254+0000] {taskinstance.py:1406} INFO - Marking task as SUCCESS. dag_id=trans_dag_26, task_id=data_quality_check, execution_date=20231227T000000, start_date=20250721T172609, end_date=20250721T172611
[2025-07-21T17:26:11.734+0000] {local_task_job.py:164} INFO - Task exited with return code 0
[2025-07-21T17:26:11.872+0000] {local_task_job.py:273} INFO - 1 downstream tasks scheduled from follow-on schedule check
