[2025-07-21T17:49:17.355+0000] {taskinstance.py:1165} INFO - Dependencies all met for <TaskInstance: trans_dag_26.file_location scheduled__2024-04-28T00:00:00+00:00 [queued]>
[2025-07-21T17:49:17.373+0000] {taskinstance.py:1165} INFO - Dependencies all met for <TaskInstance: trans_dag_26.file_location scheduled__2024-04-28T00:00:00+00:00 [queued]>
[2025-07-21T17:49:17.374+0000] {taskinstance.py:1362} INFO - 
--------------------------------------------------------------------------------
[2025-07-21T17:49:17.375+0000] {taskinstance.py:1363} INFO - Starting attempt 1 of 2
[2025-07-21T17:49:17.376+0000] {taskinstance.py:1364} INFO - 
--------------------------------------------------------------------------------
[2025-07-21T17:49:17.397+0000] {taskinstance.py:1383} INFO - Executing <Task(_PythonDecoratedOperator): file_location> on 2024-04-28 00:00:00+00:00
[2025-07-21T17:49:17.406+0000] {standard_task_runner.py:55} INFO - Started process 75462 to run task
[2025-07-21T17:49:17.411+0000] {standard_task_runner.py:82} INFO - Running: ['***', 'tasks', 'run', 'trans_dag_26', 'file_location', 'scheduled__2024-04-28T00:00:00+00:00', '--job-id', '9163', '--raw', '--subdir', 'DAGS_FOLDER/trans_dag.py', '--cfg-path', '/tmp/tmph3cachix']
[2025-07-21T17:49:17.414+0000] {standard_task_runner.py:83} INFO - Job 9163: Subtask file_location
[2025-07-21T17:49:17.539+0000] {task_command.py:376} INFO - Running <TaskInstance: trans_dag_26.file_location scheduled__2024-04-28T00:00:00+00:00 [running]> on host 77e451e90f2e
[2025-07-21T17:49:17.647+0000] {taskinstance.py:1592} INFO - Exporting the following env vars:
AIRFLOW_CTX_DAG_OWNER=***
AIRFLOW_CTX_DAG_ID=trans_dag_26
AIRFLOW_CTX_TASK_ID=file_location
AIRFLOW_CTX_EXECUTION_DATE=2024-04-28T00:00:00+00:00
AIRFLOW_CTX_TRY_NUMBER=1
AIRFLOW_CTX_DAG_RUN_ID=scheduled__2024-04-28T00:00:00+00:00
[2025-07-21T17:49:17.662+0000] {python.py:177} INFO - Done. Returned value was: /tmp/transformed.csv
[2025-07-21T17:49:17.700+0000] {taskinstance.py:1406} INFO - Marking task as SUCCESS. dag_id=trans_dag_26, task_id=file_location, execution_date=20240428T000000, start_date=20250721T174917, end_date=20250721T174917
[2025-07-21T17:49:17.744+0000] {local_task_job.py:164} INFO - Task exited with return code 0
[2025-07-21T17:49:17.772+0000] {local_task_job.py:273} INFO - 1 downstream tasks scheduled from follow-on schedule check
