[2025-07-21T18:21:59.410+0000] {taskinstance.py:1165} INFO - Dependencies all met for <TaskInstance: trans_dag_26.extract scheduled__2024-11-21T00:00:00+00:00 [queued]>
[2025-07-21T18:21:59.424+0000] {taskinstance.py:1165} INFO - Dependencies all met for <TaskInstance: trans_dag_26.extract scheduled__2024-11-21T00:00:00+00:00 [queued]>
[2025-07-21T18:21:59.425+0000] {taskinstance.py:1362} INFO - 
--------------------------------------------------------------------------------
[2025-07-21T18:21:59.425+0000] {taskinstance.py:1363} INFO - Starting attempt 1 of 2
[2025-07-21T18:21:59.426+0000] {taskinstance.py:1364} INFO - 
--------------------------------------------------------------------------------
[2025-07-21T18:21:59.445+0000] {taskinstance.py:1383} INFO - Executing <Task(_PythonDecoratedOperator): extract> on 2024-11-21 00:00:00+00:00
[2025-07-21T18:21:59.453+0000] {standard_task_runner.py:55} INFO - Started process 82386 to run task
[2025-07-21T18:21:59.458+0000] {standard_task_runner.py:82} INFO - Running: ['***', 'tasks', 'run', 'trans_dag_26', 'extract', 'scheduled__2024-11-21T00:00:00+00:00', '--job-id', '10402', '--raw', '--subdir', 'DAGS_FOLDER/trans_dag.py', '--cfg-path', '/tmp/tmph0s26jqj']
[2025-07-21T18:21:59.461+0000] {standard_task_runner.py:83} INFO - Job 10402: Subtask extract
[2025-07-21T18:21:59.572+0000] {task_command.py:376} INFO - Running <TaskInstance: trans_dag_26.extract scheduled__2024-11-21T00:00:00+00:00 [running]> on host 77e451e90f2e
[2025-07-21T18:21:59.675+0000] {taskinstance.py:1592} INFO - Exporting the following env vars:
AIRFLOW_CTX_DAG_OWNER=***
AIRFLOW_CTX_DAG_ID=trans_dag_26
AIRFLOW_CTX_TASK_ID=extract
AIRFLOW_CTX_EXECUTION_DATE=2024-11-21T00:00:00+00:00
AIRFLOW_CTX_TRY_NUMBER=1
AIRFLOW_CTX_DAG_RUN_ID=scheduled__2024-11-21T00:00:00+00:00
[2025-07-21T18:21:59.694+0000] {base.py:71} INFO - Using connection ID 'aws-connect' for task execution.
[2025-07-21T18:21:59.695+0000] {connection_wrapper.py:303} INFO - AWS Connection (conn_id='aws-connect', conn_type='aws') credentials retrieved from login and password.
[2025-07-21T18:22:13.018+0000] {python.py:177} INFO - Done. Returned value was: /tmp/mymani.csv
[2025-07-21T18:22:13.067+0000] {taskinstance.py:1406} INFO - Marking task as SUCCESS. dag_id=trans_dag_26, task_id=extract, execution_date=20241121T000000, start_date=20250721T182159, end_date=20250721T182213
[2025-07-21T18:22:13.229+0000] {local_task_job.py:164} INFO - Task exited with return code 0
[2025-07-21T18:22:13.286+0000] {local_task_job.py:273} INFO - 1 downstream tasks scheduled from follow-on schedule check
