[2025-07-21T17:02:20.921+0000] {taskinstance.py:1165} INFO - Dependencies all met for <TaskInstance: trans_dag_26.file_location manual__2025-07-21T17:00:49.302723+00:00 [queued]>
[2025-07-21T17:02:20.952+0000] {taskinstance.py:1165} INFO - Dependencies all met for <TaskInstance: trans_dag_26.file_location manual__2025-07-21T17:00:49.302723+00:00 [queued]>
[2025-07-21T17:02:20.954+0000] {taskinstance.py:1362} INFO - 
--------------------------------------------------------------------------------
[2025-07-21T17:02:20.956+0000] {taskinstance.py:1363} INFO - Starting attempt 1 of 2
[2025-07-21T17:02:20.957+0000] {taskinstance.py:1364} INFO - 
--------------------------------------------------------------------------------
[2025-07-21T17:02:20.979+0000] {taskinstance.py:1383} INFO - Executing <Task(_PythonDecoratedOperator): file_location> on 2025-07-21 17:00:49.302723+00:00
[2025-07-21T17:02:20.990+0000] {standard_task_runner.py:55} INFO - Started process 67827 to run task
[2025-07-21T17:02:21.004+0000] {standard_task_runner.py:82} INFO - Running: ['***', 'tasks', 'run', 'trans_dag_26', 'file_location', 'manual__2025-07-21T17:00:49.302723+00:00', '--job-id', '7918', '--raw', '--subdir', 'DAGS_FOLDER/trans_dag.py', '--cfg-path', '/tmp/tmpyg69ozzs']
[2025-07-21T17:02:21.009+0000] {standard_task_runner.py:83} INFO - Job 7918: Subtask file_location
[2025-07-21T17:02:21.161+0000] {task_command.py:376} INFO - Running <TaskInstance: trans_dag_26.file_location manual__2025-07-21T17:00:49.302723+00:00 [running]> on host 77e451e90f2e
[2025-07-21T17:02:21.291+0000] {taskinstance.py:1592} INFO - Exporting the following env vars:
AIRFLOW_CTX_DAG_OWNER=***
AIRFLOW_CTX_DAG_ID=trans_dag_26
AIRFLOW_CTX_TASK_ID=file_location
AIRFLOW_CTX_EXECUTION_DATE=2025-07-21T17:00:49.302723+00:00
AIRFLOW_CTX_TRY_NUMBER=1
AIRFLOW_CTX_DAG_RUN_ID=manual__2025-07-21T17:00:49.302723+00:00
[2025-07-21T17:02:21.312+0000] {python.py:177} INFO - Done. Returned value was: /tmp/transformed.csv
[2025-07-21T17:02:21.362+0000] {taskinstance.py:1406} INFO - Marking task as SUCCESS. dag_id=trans_dag_26, task_id=file_location, execution_date=20250721T170049, start_date=20250721T170220, end_date=20250721T170221
[2025-07-21T17:02:21.416+0000] {local_task_job.py:164} INFO - Task exited with return code 0
[2025-07-21T17:02:21.472+0000] {local_task_job.py:273} INFO - 1 downstream tasks scheduled from follow-on schedule check
