[2025-07-21T17:01:27.780+0000] {taskinstance.py:1165} INFO - Dependencies all met for <TaskInstance: trans_dag_26.file_location scheduled__2023-10-02T00:00:00+00:00 [queued]>
[2025-07-21T17:01:27.810+0000] {taskinstance.py:1165} INFO - Dependencies all met for <TaskInstance: trans_dag_26.file_location scheduled__2023-10-02T00:00:00+00:00 [queued]>
[2025-07-21T17:01:27.811+0000] {taskinstance.py:1362} INFO - 
--------------------------------------------------------------------------------
[2025-07-21T17:01:27.812+0000] {taskinstance.py:1363} INFO - Starting attempt 1 of 2
[2025-07-21T17:01:27.813+0000] {taskinstance.py:1364} INFO - 
--------------------------------------------------------------------------------
[2025-07-21T17:01:27.846+0000] {taskinstance.py:1383} INFO - Executing <Task(_PythonDecoratedOperator): file_location> on 2023-10-02 00:00:00+00:00
[2025-07-21T17:01:27.861+0000] {standard_task_runner.py:55} INFO - Started process 67587 to run task
[2025-07-21T17:01:27.868+0000] {standard_task_runner.py:82} INFO - Running: ['***', 'tasks', 'run', 'trans_dag_26', 'file_location', 'scheduled__2023-10-02T00:00:00+00:00', '--job-id', '7870', '--raw', '--subdir', 'DAGS_FOLDER/trans_dag.py', '--cfg-path', '/tmp/tmpvafip7hh']
[2025-07-21T17:01:27.873+0000] {standard_task_runner.py:83} INFO - Job 7870: Subtask file_location
[2025-07-21T17:01:28.040+0000] {task_command.py:376} INFO - Running <TaskInstance: trans_dag_26.file_location scheduled__2023-10-02T00:00:00+00:00 [running]> on host 77e451e90f2e
[2025-07-21T17:01:28.187+0000] {taskinstance.py:1592} INFO - Exporting the following env vars:
AIRFLOW_CTX_DAG_OWNER=***
AIRFLOW_CTX_DAG_ID=trans_dag_26
AIRFLOW_CTX_TASK_ID=file_location
AIRFLOW_CTX_EXECUTION_DATE=2023-10-02T00:00:00+00:00
AIRFLOW_CTX_TRY_NUMBER=1
AIRFLOW_CTX_DAG_RUN_ID=scheduled__2023-10-02T00:00:00+00:00
[2025-07-21T17:01:28.213+0000] {python.py:177} INFO - Done. Returned value was: /tmp/transformed.csv
[2025-07-21T17:01:28.272+0000] {taskinstance.py:1406} INFO - Marking task as SUCCESS. dag_id=trans_dag_26, task_id=file_location, execution_date=20231002T000000, start_date=20250721T170127, end_date=20250721T170128
[2025-07-21T17:01:28.322+0000] {local_task_job.py:164} INFO - Task exited with return code 0
[2025-07-21T17:01:28.381+0000] {local_task_job.py:273} INFO - 1 downstream tasks scheduled from follow-on schedule check
