[2025-07-21T22:39:28.916+0000] {taskinstance.py:1165} INFO - Dependencies all met for <TaskInstance: trans_dag_26.transform scheduled__2025-03-04T00:00:00+00:00 [queued]>
[2025-07-21T22:39:28.946+0000] {taskinstance.py:1165} INFO - Dependencies all met for <TaskInstance: trans_dag_26.transform scheduled__2025-03-04T00:00:00+00:00 [queued]>
[2025-07-21T22:39:28.946+0000] {taskinstance.py:1362} INFO - 
--------------------------------------------------------------------------------
[2025-07-21T22:39:28.947+0000] {taskinstance.py:1363} INFO - Starting attempt 1 of 2
[2025-07-21T22:39:28.948+0000] {taskinstance.py:1364} INFO - 
--------------------------------------------------------------------------------
[2025-07-21T22:39:28.974+0000] {taskinstance.py:1383} INFO - Executing <Task(_PythonDecoratedOperator): transform> on 2025-03-04 00:00:00+00:00
[2025-07-21T22:39:28.985+0000] {standard_task_runner.py:55} INFO - Started process 85971 to run task
[2025-07-21T22:39:28.991+0000] {standard_task_runner.py:82} INFO - Running: ['***', 'tasks', 'run', 'trans_dag_26', 'transform', 'scheduled__2025-03-04T00:00:00+00:00', '--job-id', '11058', '--raw', '--subdir', 'DAGS_FOLDER/trans_dag.py', '--cfg-path', '/tmp/tmpncgxrgpk']
[2025-07-21T22:39:28.994+0000] {standard_task_runner.py:83} INFO - Job 11058: Subtask transform
[2025-07-21T22:39:29.133+0000] {task_command.py:376} INFO - Running <TaskInstance: trans_dag_26.transform scheduled__2025-03-04T00:00:00+00:00 [running]> on host 77e451e90f2e
[2025-07-21T22:39:29.289+0000] {taskinstance.py:1592} INFO - Exporting the following env vars:
AIRFLOW_CTX_DAG_OWNER=***
AIRFLOW_CTX_DAG_ID=trans_dag_26
AIRFLOW_CTX_TASK_ID=transform
AIRFLOW_CTX_EXECUTION_DATE=2025-03-04T00:00:00+00:00
AIRFLOW_CTX_TRY_NUMBER=1
AIRFLOW_CTX_DAG_RUN_ID=scheduled__2025-03-04T00:00:00+00:00
[2025-07-21T22:39:33.238+0000] {python.py:177} INFO - Done. Returned value was: /tmp/transformed.csv
[2025-07-21T22:39:33.281+0000] {taskinstance.py:1406} INFO - Marking task as SUCCESS. dag_id=trans_dag_26, task_id=transform, execution_date=20250304T000000, start_date=20250721T223928, end_date=20250721T223933
[2025-07-21T22:39:33.350+0000] {local_task_job.py:164} INFO - Task exited with return code 0
[2025-07-21T22:39:33.586+0000] {local_task_job.py:273} INFO - 0 downstream tasks scheduled from follow-on schedule check
