[2025-07-21T18:04:33.939+0000] {taskinstance.py:1165} INFO - Dependencies all met for <TaskInstance: trans_dag_26.transform scheduled__2024-07-27T00:00:00+00:00 [queued]>
[2025-07-21T18:04:33.960+0000] {taskinstance.py:1165} INFO - Dependencies all met for <TaskInstance: trans_dag_26.transform scheduled__2024-07-27T00:00:00+00:00 [queued]>
[2025-07-21T18:04:33.961+0000] {taskinstance.py:1362} INFO - 
--------------------------------------------------------------------------------
[2025-07-21T18:04:33.962+0000] {taskinstance.py:1363} INFO - Starting attempt 1 of 2
[2025-07-21T18:04:33.963+0000] {taskinstance.py:1364} INFO - 
--------------------------------------------------------------------------------
[2025-07-21T18:04:33.992+0000] {taskinstance.py:1383} INFO - Executing <Task(_PythonDecoratedOperator): transform> on 2024-07-27 00:00:00+00:00
[2025-07-21T18:04:34.005+0000] {standard_task_runner.py:55} INFO - Started process 78346 to run task
[2025-07-21T18:04:34.011+0000] {standard_task_runner.py:82} INFO - Running: ['***', 'tasks', 'run', 'trans_dag_26', 'transform', 'scheduled__2024-07-27T00:00:00+00:00', '--job-id', '9662', '--raw', '--subdir', 'DAGS_FOLDER/trans_dag.py', '--cfg-path', '/tmp/tmp5zzifwgc']
[2025-07-21T18:04:34.015+0000] {standard_task_runner.py:83} INFO - Job 9662: Subtask transform
[2025-07-21T18:04:34.174+0000] {task_command.py:376} INFO - Running <TaskInstance: trans_dag_26.transform scheduled__2024-07-27T00:00:00+00:00 [running]> on host 77e451e90f2e
[2025-07-21T18:04:34.338+0000] {taskinstance.py:1592} INFO - Exporting the following env vars:
AIRFLOW_CTX_DAG_OWNER=***
AIRFLOW_CTX_DAG_ID=trans_dag_26
AIRFLOW_CTX_TASK_ID=transform
AIRFLOW_CTX_EXECUTION_DATE=2024-07-27T00:00:00+00:00
AIRFLOW_CTX_TRY_NUMBER=1
AIRFLOW_CTX_DAG_RUN_ID=scheduled__2024-07-27T00:00:00+00:00
[2025-07-21T18:04:36.903+0000] {python.py:177} INFO - Done. Returned value was: /tmp/transformed.csv
[2025-07-21T18:04:36.944+0000] {taskinstance.py:1406} INFO - Marking task as SUCCESS. dag_id=trans_dag_26, task_id=transform, execution_date=20240727T000000, start_date=20250721T180433, end_date=20250721T180436
[2025-07-21T18:04:36.999+0000] {local_task_job.py:164} INFO - Task exited with return code 0
[2025-07-21T18:04:37.046+0000] {local_task_job.py:273} INFO - 1 downstream tasks scheduled from follow-on schedule check
