[2025-07-21T18:22:31.892+0000] {taskinstance.py:1165} INFO - Dependencies all met for <TaskInstance: trans_dag_26.file_location scheduled__2024-11-27T00:00:00+00:00 [queued]>
[2025-07-21T18:22:31.916+0000] {taskinstance.py:1165} INFO - Dependencies all met for <TaskInstance: trans_dag_26.file_location scheduled__2024-11-27T00:00:00+00:00 [queued]>
[2025-07-21T18:22:31.917+0000] {taskinstance.py:1362} INFO - 
--------------------------------------------------------------------------------
[2025-07-21T18:22:31.918+0000] {taskinstance.py:1363} INFO - Starting attempt 1 of 2
[2025-07-21T18:22:31.919+0000] {taskinstance.py:1364} INFO - 
--------------------------------------------------------------------------------
[2025-07-21T18:22:31.946+0000] {taskinstance.py:1383} INFO - Executing <Task(_PythonDecoratedOperator): file_location> on 2024-11-27 00:00:00+00:00
[2025-07-21T18:22:31.958+0000] {standard_task_runner.py:55} INFO - Started process 82659 to run task
[2025-07-21T18:22:31.964+0000] {standard_task_runner.py:82} INFO - Running: ['***', 'tasks', 'run', 'trans_dag_26', 'file_location', 'scheduled__2024-11-27T00:00:00+00:00', '--job-id', '10464', '--raw', '--subdir', 'DAGS_FOLDER/trans_dag.py', '--cfg-path', '/tmp/tmpt2o8l70z']
[2025-07-21T18:22:31.967+0000] {standard_task_runner.py:83} INFO - Job 10464: Subtask file_location
[2025-07-21T18:22:32.116+0000] {task_command.py:376} INFO - Running <TaskInstance: trans_dag_26.file_location scheduled__2024-11-27T00:00:00+00:00 [running]> on host 77e451e90f2e
[2025-07-21T18:22:32.245+0000] {taskinstance.py:1592} INFO - Exporting the following env vars:
AIRFLOW_CTX_DAG_OWNER=***
AIRFLOW_CTX_DAG_ID=trans_dag_26
AIRFLOW_CTX_TASK_ID=file_location
AIRFLOW_CTX_EXECUTION_DATE=2024-11-27T00:00:00+00:00
AIRFLOW_CTX_TRY_NUMBER=1
AIRFLOW_CTX_DAG_RUN_ID=scheduled__2024-11-27T00:00:00+00:00
[2025-07-21T18:22:32.266+0000] {python.py:177} INFO - Done. Returned value was: /tmp/transformed.csv
[2025-07-21T18:22:32.313+0000] {taskinstance.py:1406} INFO - Marking task as SUCCESS. dag_id=trans_dag_26, task_id=file_location, execution_date=20241127T000000, start_date=20250721T182231, end_date=20250721T182232
[2025-07-21T18:22:32.376+0000] {local_task_job.py:164} INFO - Task exited with return code 0
[2025-07-21T18:22:32.417+0000] {local_task_job.py:273} INFO - 1 downstream tasks scheduled from follow-on schedule check
