[2025-07-21T17:57:47.056+0000] {taskinstance.py:1165} INFO - Dependencies all met for <TaskInstance: trans_dag_26.extract scheduled__2024-06-15T00:00:00+00:00 [queued]>
[2025-07-21T17:57:47.113+0000] {taskinstance.py:1165} INFO - Dependencies all met for <TaskInstance: trans_dag_26.extract scheduled__2024-06-15T00:00:00+00:00 [queued]>
[2025-07-21T17:57:47.115+0000] {taskinstance.py:1362} INFO - 
--------------------------------------------------------------------------------
[2025-07-21T17:57:47.118+0000] {taskinstance.py:1363} INFO - Starting attempt 1 of 2
[2025-07-21T17:57:47.119+0000] {taskinstance.py:1364} INFO - 
--------------------------------------------------------------------------------
[2025-07-21T17:57:47.176+0000] {taskinstance.py:1383} INFO - Executing <Task(_PythonDecoratedOperator): extract> on 2024-06-15 00:00:00+00:00
[2025-07-21T17:57:47.202+0000] {standard_task_runner.py:55} INFO - Started process 77210 to run task
[2025-07-21T17:57:47.216+0000] {standard_task_runner.py:82} INFO - Running: ['***', 'tasks', 'run', 'trans_dag_26', 'extract', 'scheduled__2024-06-15T00:00:00+00:00', '--job-id', '9464', '--raw', '--subdir', 'DAGS_FOLDER/trans_dag.py', '--cfg-path', '/tmp/tmpywbm5ad9']
[2025-07-21T17:57:47.224+0000] {standard_task_runner.py:83} INFO - Job 9464: Subtask extract
[2025-07-21T17:57:47.593+0000] {task_command.py:376} INFO - Running <TaskInstance: trans_dag_26.extract scheduled__2024-06-15T00:00:00+00:00 [running]> on host 77e451e90f2e
[2025-07-21T17:57:48.159+0000] {taskinstance.py:1592} INFO - Exporting the following env vars:
AIRFLOW_CTX_DAG_OWNER=***
AIRFLOW_CTX_DAG_ID=trans_dag_26
AIRFLOW_CTX_TASK_ID=extract
AIRFLOW_CTX_EXECUTION_DATE=2024-06-15T00:00:00+00:00
AIRFLOW_CTX_TRY_NUMBER=1
AIRFLOW_CTX_DAG_RUN_ID=scheduled__2024-06-15T00:00:00+00:00
[2025-07-21T17:57:48.225+0000] {base.py:71} INFO - Using connection ID 'aws-connect' for task execution.
[2025-07-21T17:57:48.230+0000] {connection_wrapper.py:303} INFO - AWS Connection (conn_id='aws-connect', conn_type='aws') credentials retrieved from login and password.
[2025-07-21T17:58:17.835+0000] {local_task_job.py:164} INFO - Task exited with return code Negsignal.SIGKILL
[2025-07-21T17:58:27.167+0000] {local_task_job.py:273} INFO - 0 downstream tasks scheduled from follow-on schedule check
