[2025-07-21T18:16:36.052+0000] {taskinstance.py:1165} INFO - Dependencies all met for <TaskInstance: trans_dag_26.file_location scheduled__2024-10-17T00:00:00+00:00 [queued]>
[2025-07-21T18:16:36.061+0000] {taskinstance.py:1165} INFO - Dependencies all met for <TaskInstance: trans_dag_26.file_location scheduled__2024-10-17T00:00:00+00:00 [queued]>
[2025-07-21T18:16:36.065+0000] {taskinstance.py:1362} INFO - 
--------------------------------------------------------------------------------
[2025-07-21T18:16:36.066+0000] {taskinstance.py:1363} INFO - Starting attempt 1 of 2
[2025-07-21T18:16:36.066+0000] {taskinstance.py:1364} INFO - 
--------------------------------------------------------------------------------
[2025-07-21T18:16:36.078+0000] {taskinstance.py:1383} INFO - Executing <Task(_PythonDecoratedOperator): file_location> on 2024-10-17 00:00:00+00:00
[2025-07-21T18:16:36.085+0000] {standard_task_runner.py:55} INFO - Started process 81144 to run task
[2025-07-21T18:16:36.089+0000] {standard_task_runner.py:82} INFO - Running: ['***', 'tasks', 'run', 'trans_dag_26', 'file_location', 'scheduled__2024-10-17T00:00:00+00:00', '--job-id', '10186', '--raw', '--subdir', 'DAGS_FOLDER/trans_dag.py', '--cfg-path', '/tmp/tmpel_q161i']
[2025-07-21T18:16:36.098+0000] {standard_task_runner.py:83} INFO - Job 10186: Subtask file_location
[2025-07-21T18:16:36.171+0000] {task_command.py:376} INFO - Running <TaskInstance: trans_dag_26.file_location scheduled__2024-10-17T00:00:00+00:00 [running]> on host 77e451e90f2e
[2025-07-21T18:16:36.227+0000] {taskinstance.py:1592} INFO - Exporting the following env vars:
AIRFLOW_CTX_DAG_OWNER=***
AIRFLOW_CTX_DAG_ID=trans_dag_26
AIRFLOW_CTX_TASK_ID=file_location
AIRFLOW_CTX_EXECUTION_DATE=2024-10-17T00:00:00+00:00
AIRFLOW_CTX_TRY_NUMBER=1
AIRFLOW_CTX_DAG_RUN_ID=scheduled__2024-10-17T00:00:00+00:00
[2025-07-21T18:16:36.235+0000] {python.py:177} INFO - Done. Returned value was: /tmp/transformed.csv
[2025-07-21T18:16:36.251+0000] {taskinstance.py:1406} INFO - Marking task as SUCCESS. dag_id=trans_dag_26, task_id=file_location, execution_date=20241017T000000, start_date=20250721T181636, end_date=20250721T181636
[2025-07-21T18:16:36.301+0000] {local_task_job.py:164} INFO - Task exited with return code 0
[2025-07-21T18:16:36.317+0000] {local_task_job.py:273} INFO - 1 downstream tasks scheduled from follow-on schedule check
