[2025-07-21T18:29:36.742+0000] {taskinstance.py:1165} INFO - Dependencies all met for <TaskInstance: trans_dag_26.file_location scheduled__2024-12-28T00:00:00+00:00 [queued]>
[2025-07-21T18:29:36.778+0000] {taskinstance.py:1165} INFO - Dependencies all met for <TaskInstance: trans_dag_26.file_location scheduled__2024-12-28T00:00:00+00:00 [queued]>
[2025-07-21T18:29:36.782+0000] {taskinstance.py:1362} INFO - 
--------------------------------------------------------------------------------
[2025-07-21T18:29:36.785+0000] {taskinstance.py:1363} INFO - Starting attempt 1 of 2
[2025-07-21T18:29:36.788+0000] {taskinstance.py:1364} INFO - 
--------------------------------------------------------------------------------
[2025-07-21T18:29:36.830+0000] {taskinstance.py:1383} INFO - Executing <Task(_PythonDecoratedOperator): file_location> on 2024-12-28 00:00:00+00:00
[2025-07-21T18:29:36.860+0000] {standard_task_runner.py:55} INFO - Started process 84168 to run task
[2025-07-21T18:29:36.871+0000] {standard_task_runner.py:82} INFO - Running: ['***', 'tasks', 'run', 'trans_dag_26', 'file_location', 'scheduled__2024-12-28T00:00:00+00:00', '--job-id', '10736', '--raw', '--subdir', 'DAGS_FOLDER/trans_dag.py', '--cfg-path', '/tmp/tmpasg1xrut']
[2025-07-21T18:29:36.886+0000] {standard_task_runner.py:83} INFO - Job 10736: Subtask file_location
[2025-07-21T18:29:37.104+0000] {task_command.py:376} INFO - Running <TaskInstance: trans_dag_26.file_location scheduled__2024-12-28T00:00:00+00:00 [running]> on host 77e451e90f2e
[2025-07-21T18:29:37.253+0000] {taskinstance.py:1592} INFO - Exporting the following env vars:
AIRFLOW_CTX_DAG_OWNER=***
AIRFLOW_CTX_DAG_ID=trans_dag_26
AIRFLOW_CTX_TASK_ID=file_location
AIRFLOW_CTX_EXECUTION_DATE=2024-12-28T00:00:00+00:00
AIRFLOW_CTX_TRY_NUMBER=1
AIRFLOW_CTX_DAG_RUN_ID=scheduled__2024-12-28T00:00:00+00:00
[2025-07-21T18:29:37.275+0000] {python.py:177} INFO - Done. Returned value was: /tmp/transformed.csv
[2025-07-21T18:29:37.324+0000] {taskinstance.py:1406} INFO - Marking task as SUCCESS. dag_id=trans_dag_26, task_id=file_location, execution_date=20241228T000000, start_date=20250721T182936, end_date=20250721T182937
[2025-07-21T18:29:37.368+0000] {local_task_job.py:164} INFO - Task exited with return code 0
[2025-07-21T18:29:37.397+0000] {local_task_job.py:273} INFO - 1 downstream tasks scheduled from follow-on schedule check
