[2025-07-21T18:19:38.707+0000] {taskinstance.py:1165} INFO - Dependencies all met for <TaskInstance: trans_dag_26.transform scheduled__2024-11-03T00:00:00+00:00 [queued]>
[2025-07-21T18:19:38.716+0000] {taskinstance.py:1165} INFO - Dependencies all met for <TaskInstance: trans_dag_26.transform scheduled__2024-11-03T00:00:00+00:00 [queued]>
[2025-07-21T18:19:38.716+0000] {taskinstance.py:1362} INFO - 
--------------------------------------------------------------------------------
[2025-07-21T18:19:38.717+0000] {taskinstance.py:1363} INFO - Starting attempt 1 of 2
[2025-07-21T18:19:38.717+0000] {taskinstance.py:1364} INFO - 
--------------------------------------------------------------------------------
[2025-07-21T18:19:38.727+0000] {taskinstance.py:1383} INFO - Executing <Task(_PythonDecoratedOperator): transform> on 2024-11-03 00:00:00+00:00
[2025-07-21T18:19:38.733+0000] {standard_task_runner.py:55} INFO - Started process 81821 to run task
[2025-07-21T18:19:38.736+0000] {standard_task_runner.py:82} INFO - Running: ['***', 'tasks', 'run', 'trans_dag_26', 'transform', 'scheduled__2024-11-03T00:00:00+00:00', '--job-id', '10301', '--raw', '--subdir', 'DAGS_FOLDER/trans_dag.py', '--cfg-path', '/tmp/tmpnr65affm']
[2025-07-21T18:19:38.739+0000] {standard_task_runner.py:83} INFO - Job 10301: Subtask transform
[2025-07-21T18:19:38.825+0000] {task_command.py:376} INFO - Running <TaskInstance: trans_dag_26.transform scheduled__2024-11-03T00:00:00+00:00 [running]> on host 77e451e90f2e
[2025-07-21T18:19:38.896+0000] {taskinstance.py:1592} INFO - Exporting the following env vars:
AIRFLOW_CTX_DAG_OWNER=***
AIRFLOW_CTX_DAG_ID=trans_dag_26
AIRFLOW_CTX_TASK_ID=transform
AIRFLOW_CTX_EXECUTION_DATE=2024-11-03T00:00:00+00:00
AIRFLOW_CTX_TRY_NUMBER=1
AIRFLOW_CTX_DAG_RUN_ID=scheduled__2024-11-03T00:00:00+00:00
[2025-07-21T18:19:40.567+0000] {python.py:177} INFO - Done. Returned value was: /tmp/transformed.csv
[2025-07-21T18:19:40.586+0000] {taskinstance.py:1406} INFO - Marking task as SUCCESS. dag_id=trans_dag_26, task_id=transform, execution_date=20241103T000000, start_date=20250721T181938, end_date=20250721T181940
[2025-07-21T18:19:40.634+0000] {local_task_job.py:164} INFO - Task exited with return code 0
[2025-07-21T18:19:40.663+0000] {local_task_job.py:273} INFO - 1 downstream tasks scheduled from follow-on schedule check
