[2025-07-21T17:36:11.037+0000] {taskinstance.py:1165} INFO - Dependencies all met for <TaskInstance: trans_dag_26.transform scheduled__2024-02-04T00:00:00+00:00 [queued]>
[2025-07-21T17:36:11.072+0000] {taskinstance.py:1165} INFO - Dependencies all met for <TaskInstance: trans_dag_26.transform scheduled__2024-02-04T00:00:00+00:00 [queued]>
[2025-07-21T17:36:11.073+0000] {taskinstance.py:1362} INFO - 
--------------------------------------------------------------------------------
[2025-07-21T17:36:11.074+0000] {taskinstance.py:1363} INFO - Starting attempt 1 of 2
[2025-07-21T17:36:11.075+0000] {taskinstance.py:1364} INFO - 
--------------------------------------------------------------------------------
[2025-07-21T17:36:11.120+0000] {taskinstance.py:1383} INFO - Executing <Task(_PythonDecoratedOperator): transform> on 2024-02-04 00:00:00+00:00
[2025-07-21T17:36:11.148+0000] {standard_task_runner.py:55} INFO - Started process 72439 to run task
[2025-07-21T17:36:11.160+0000] {standard_task_runner.py:82} INFO - Running: ['***', 'tasks', 'run', 'trans_dag_26', 'transform', 'scheduled__2024-02-04T00:00:00+00:00', '--job-id', '8614', '--raw', '--subdir', 'DAGS_FOLDER/trans_dag.py', '--cfg-path', '/tmp/tmpmk88cn5p']
[2025-07-21T17:36:11.169+0000] {standard_task_runner.py:83} INFO - Job 8614: Subtask transform
[2025-07-21T17:36:11.440+0000] {task_command.py:376} INFO - Running <TaskInstance: trans_dag_26.transform scheduled__2024-02-04T00:00:00+00:00 [running]> on host 77e451e90f2e
[2025-07-21T17:36:11.701+0000] {taskinstance.py:1592} INFO - Exporting the following env vars:
AIRFLOW_CTX_DAG_OWNER=***
AIRFLOW_CTX_DAG_ID=trans_dag_26
AIRFLOW_CTX_TASK_ID=transform
AIRFLOW_CTX_EXECUTION_DATE=2024-02-04T00:00:00+00:00
AIRFLOW_CTX_TRY_NUMBER=1
AIRFLOW_CTX_DAG_RUN_ID=scheduled__2024-02-04T00:00:00+00:00
[2025-07-21T17:36:17.154+0000] {python.py:177} INFO - Done. Returned value was: /tmp/transformed.csv
[2025-07-21T17:36:17.210+0000] {taskinstance.py:1406} INFO - Marking task as SUCCESS. dag_id=trans_dag_26, task_id=transform, execution_date=20240204T000000, start_date=20250721T173611, end_date=20250721T173617
[2025-07-21T17:36:17.294+0000] {local_task_job.py:164} INFO - Task exited with return code 0
[2025-07-21T17:36:17.673+0000] {local_task_job.py:273} INFO - 0 downstream tasks scheduled from follow-on schedule check
