[2025-07-21T18:13:32.802+0000] {taskinstance.py:1165} INFO - Dependencies all met for <TaskInstance: trans_dag_26.file_location scheduled__2024-10-03T00:00:00+00:00 [queued]>
[2025-07-21T18:13:32.818+0000] {taskinstance.py:1165} INFO - Dependencies all met for <TaskInstance: trans_dag_26.file_location scheduled__2024-10-03T00:00:00+00:00 [queued]>
[2025-07-21T18:13:32.819+0000] {taskinstance.py:1362} INFO - 
--------------------------------------------------------------------------------
[2025-07-21T18:13:32.820+0000] {taskinstance.py:1363} INFO - Starting attempt 1 of 2
[2025-07-21T18:13:32.820+0000] {taskinstance.py:1364} INFO - 
--------------------------------------------------------------------------------
[2025-07-21T18:13:32.836+0000] {taskinstance.py:1383} INFO - Executing <Task(_PythonDecoratedOperator): file_location> on 2024-10-03 00:00:00+00:00
[2025-07-21T18:13:32.850+0000] {standard_task_runner.py:55} INFO - Started process 80636 to run task
[2025-07-21T18:13:32.856+0000] {standard_task_runner.py:82} INFO - Running: ['***', 'tasks', 'run', 'trans_dag_26', 'file_location', 'scheduled__2024-10-03T00:00:00+00:00', '--job-id', '10106', '--raw', '--subdir', 'DAGS_FOLDER/trans_dag.py', '--cfg-path', '/tmp/tmpe23mxphk']
[2025-07-21T18:13:32.858+0000] {standard_task_runner.py:83} INFO - Job 10106: Subtask file_location
[2025-07-21T18:13:32.955+0000] {task_command.py:376} INFO - Running <TaskInstance: trans_dag_26.file_location scheduled__2024-10-03T00:00:00+00:00 [running]> on host 77e451e90f2e
[2025-07-21T18:13:33.037+0000] {taskinstance.py:1592} INFO - Exporting the following env vars:
AIRFLOW_CTX_DAG_OWNER=***
AIRFLOW_CTX_DAG_ID=trans_dag_26
AIRFLOW_CTX_TASK_ID=file_location
AIRFLOW_CTX_EXECUTION_DATE=2024-10-03T00:00:00+00:00
AIRFLOW_CTX_TRY_NUMBER=1
AIRFLOW_CTX_DAG_RUN_ID=scheduled__2024-10-03T00:00:00+00:00
[2025-07-21T18:13:33.050+0000] {python.py:177} INFO - Done. Returned value was: /tmp/transformed.csv
[2025-07-21T18:13:33.075+0000] {taskinstance.py:1406} INFO - Marking task as SUCCESS. dag_id=trans_dag_26, task_id=file_location, execution_date=20241003T000000, start_date=20250721T181332, end_date=20250721T181333
[2025-07-21T18:13:33.107+0000] {local_task_job.py:164} INFO - Task exited with return code 0
[2025-07-21T18:13:33.134+0000] {local_task_job.py:273} INFO - 1 downstream tasks scheduled from follow-on schedule check
