[2025-07-21T17:53:51.835+0000] {taskinstance.py:1165} INFO - Dependencies all met for <TaskInstance: trans_dag_26.decide_path scheduled__2024-05-17T00:00:00+00:00 [queued]>
[2025-07-21T17:53:51.849+0000] {taskinstance.py:1165} INFO - Dependencies all met for <TaskInstance: trans_dag_26.decide_path scheduled__2024-05-17T00:00:00+00:00 [queued]>
[2025-07-21T17:53:51.850+0000] {taskinstance.py:1362} INFO - 
--------------------------------------------------------------------------------
[2025-07-21T17:53:51.851+0000] {taskinstance.py:1363} INFO - Starting attempt 1 of 2
[2025-07-21T17:53:51.852+0000] {taskinstance.py:1364} INFO - 
--------------------------------------------------------------------------------
[2025-07-21T17:53:51.872+0000] {taskinstance.py:1383} INFO - Executing <Task(_BranchPythonDecoratedOperator): decide_path> on 2024-05-17 00:00:00+00:00
[2025-07-21T17:53:51.882+0000] {standard_task_runner.py:55} INFO - Started process 76316 to run task
[2025-07-21T17:53:51.888+0000] {standard_task_runner.py:82} INFO - Running: ['***', 'tasks', 'run', 'trans_dag_26', 'decide_path', 'scheduled__2024-05-17T00:00:00+00:00', '--job-id', '9305', '--raw', '--subdir', 'DAGS_FOLDER/trans_dag.py', '--cfg-path', '/tmp/tmpaznrp_gc']
[2025-07-21T17:53:51.891+0000] {standard_task_runner.py:83} INFO - Job 9305: Subtask decide_path
[2025-07-21T17:53:52.026+0000] {task_command.py:376} INFO - Running <TaskInstance: trans_dag_26.decide_path scheduled__2024-05-17T00:00:00+00:00 [running]> on host 77e451e90f2e
[2025-07-21T17:53:52.174+0000] {taskinstance.py:1592} INFO - Exporting the following env vars:
AIRFLOW_CTX_DAG_OWNER=***
AIRFLOW_CTX_DAG_ID=trans_dag_26
AIRFLOW_CTX_TASK_ID=decide_path
AIRFLOW_CTX_EXECUTION_DATE=2024-05-17T00:00:00+00:00
AIRFLOW_CTX_TRY_NUMBER=1
AIRFLOW_CTX_DAG_RUN_ID=scheduled__2024-05-17T00:00:00+00:00
[2025-07-21T17:53:52.177+0000] {python.py:177} INFO - Done. Returned value was: file_location
[2025-07-21T17:53:52.178+0000] {skipmixin.py:155} INFO - Following branch file_location
[2025-07-21T17:53:52.179+0000] {skipmixin.py:190} INFO - Skipping tasks ['data_quality_check_failed']
[2025-07-21T17:53:52.249+0000] {taskinstance.py:1406} INFO - Marking task as SUCCESS. dag_id=trans_dag_26, task_id=decide_path, execution_date=20240517T000000, start_date=20250721T175351, end_date=20250721T175352
[2025-07-21T17:53:52.304+0000] {local_task_job.py:164} INFO - Task exited with return code 0
[2025-07-21T17:53:52.350+0000] {local_task_job.py:273} INFO - 1 downstream tasks scheduled from follow-on schedule check
