[2025-07-21T22:53:54.421+0000] {taskinstance.py:1165} INFO - Dependencies all met for <TaskInstance: trans_dag_26.extract scheduled__2025-05-25T00:00:00+00:00 [queued]>
[2025-07-21T22:53:54.433+0000] {taskinstance.py:1165} INFO - Dependencies all met for <TaskInstance: trans_dag_26.extract scheduled__2025-05-25T00:00:00+00:00 [queued]>
[2025-07-21T22:53:54.435+0000] {taskinstance.py:1362} INFO - 
--------------------------------------------------------------------------------
[2025-07-21T22:53:54.437+0000] {taskinstance.py:1363} INFO - Starting attempt 1 of 2
[2025-07-21T22:53:54.437+0000] {taskinstance.py:1364} INFO - 
--------------------------------------------------------------------------------
[2025-07-21T22:53:54.461+0000] {taskinstance.py:1383} INFO - Executing <Task(_PythonDecoratedOperator): extract> on 2025-05-25 00:00:00+00:00
[2025-07-21T22:53:54.475+0000] {standard_task_runner.py:55} INFO - Started process 88982 to run task
[2025-07-21T22:53:54.484+0000] {standard_task_runner.py:82} INFO - Running: ['***', 'tasks', 'run', 'trans_dag_26', 'extract', 'scheduled__2025-05-25T00:00:00+00:00', '--job-id', '11571', '--raw', '--subdir', 'DAGS_FOLDER/trans_dag.py', '--cfg-path', '/tmp/tmpp1tjnkon']
[2025-07-21T22:53:54.490+0000] {standard_task_runner.py:83} INFO - Job 11571: Subtask extract
[2025-07-21T22:53:54.627+0000] {task_command.py:376} INFO - Running <TaskInstance: trans_dag_26.extract scheduled__2025-05-25T00:00:00+00:00 [running]> on host 77e451e90f2e
[2025-07-21T22:53:54.748+0000] {taskinstance.py:1592} INFO - Exporting the following env vars:
AIRFLOW_CTX_DAG_OWNER=***
AIRFLOW_CTX_DAG_ID=trans_dag_26
AIRFLOW_CTX_TASK_ID=extract
AIRFLOW_CTX_EXECUTION_DATE=2025-05-25T00:00:00+00:00
AIRFLOW_CTX_TRY_NUMBER=1
AIRFLOW_CTX_DAG_RUN_ID=scheduled__2025-05-25T00:00:00+00:00
[2025-07-21T22:53:54.774+0000] {base.py:71} INFO - Using connection ID 'aws-connect' for task execution.
[2025-07-21T22:53:54.776+0000] {connection_wrapper.py:303} INFO - AWS Connection (conn_id='aws-connect', conn_type='aws') credentials retrieved from login and password.
[2025-07-21T22:53:58.780+0000] {python.py:177} INFO - Done. Returned value was: /tmp/mymani.csv
[2025-07-21T22:53:58.829+0000] {taskinstance.py:1406} INFO - Marking task as SUCCESS. dag_id=trans_dag_26, task_id=extract, execution_date=20250525T000000, start_date=20250721T225354, end_date=20250721T225358
[2025-07-21T22:53:58.916+0000] {local_task_job.py:164} INFO - Task exited with return code 0
[2025-07-21T22:53:59.168+0000] {local_task_job.py:273} INFO - 0 downstream tasks scheduled from follow-on schedule check
