[2025-07-21T18:31:56.760+0000] {taskinstance.py:1165} INFO - Dependencies all met for <TaskInstance: trans_dag_26.file_location scheduled__2025-01-26T00:00:00+00:00 [queued]>
[2025-07-21T18:31:56.775+0000] {taskinstance.py:1165} INFO - Dependencies all met for <TaskInstance: trans_dag_26.file_location scheduled__2025-01-26T00:00:00+00:00 [queued]>
[2025-07-21T18:31:56.776+0000] {taskinstance.py:1362} INFO - 
--------------------------------------------------------------------------------
[2025-07-21T18:31:56.777+0000] {taskinstance.py:1363} INFO - Starting attempt 1 of 2
[2025-07-21T18:31:56.777+0000] {taskinstance.py:1364} INFO - 
--------------------------------------------------------------------------------
[2025-07-21T18:31:56.792+0000] {taskinstance.py:1383} INFO - Executing <Task(_PythonDecoratedOperator): file_location> on 2025-01-26 00:00:00+00:00
[2025-07-21T18:31:56.800+0000] {standard_task_runner.py:55} INFO - Started process 84703 to run task
[2025-07-21T18:31:56.805+0000] {standard_task_runner.py:82} INFO - Running: ['***', 'tasks', 'run', 'trans_dag_26', 'file_location', 'scheduled__2025-01-26T00:00:00+00:00', '--job-id', '10831', '--raw', '--subdir', 'DAGS_FOLDER/trans_dag.py', '--cfg-path', '/tmp/tmpf9gu8d0e']
[2025-07-21T18:31:56.808+0000] {standard_task_runner.py:83} INFO - Job 10831: Subtask file_location
[2025-07-21T18:31:56.923+0000] {task_command.py:376} INFO - Running <TaskInstance: trans_dag_26.file_location scheduled__2025-01-26T00:00:00+00:00 [running]> on host 77e451e90f2e
[2025-07-21T18:31:57.034+0000] {taskinstance.py:1592} INFO - Exporting the following env vars:
AIRFLOW_CTX_DAG_OWNER=***
AIRFLOW_CTX_DAG_ID=trans_dag_26
AIRFLOW_CTX_TASK_ID=file_location
AIRFLOW_CTX_EXECUTION_DATE=2025-01-26T00:00:00+00:00
AIRFLOW_CTX_TRY_NUMBER=1
AIRFLOW_CTX_DAG_RUN_ID=scheduled__2025-01-26T00:00:00+00:00
[2025-07-21T18:31:57.050+0000] {python.py:177} INFO - Done. Returned value was: /tmp/transformed.csv
[2025-07-21T18:31:57.084+0000] {taskinstance.py:1406} INFO - Marking task as SUCCESS. dag_id=trans_dag_26, task_id=file_location, execution_date=20250126T000000, start_date=20250721T183156, end_date=20250721T183157
[2025-07-21T18:31:57.137+0000] {local_task_job.py:164} INFO - Task exited with return code 0
[2025-07-21T18:31:57.167+0000] {local_task_job.py:273} INFO - 1 downstream tasks scheduled from follow-on schedule check
