[2025-07-21T18:08:19.887+0000] {taskinstance.py:1165} INFO - Dependencies all met for <TaskInstance: trans_dag_26.file_location scheduled__2024-08-22T00:00:00+00:00 [queued]>
[2025-07-21T18:08:19.941+0000] {taskinstance.py:1165} INFO - Dependencies all met for <TaskInstance: trans_dag_26.file_location scheduled__2024-08-22T00:00:00+00:00 [queued]>
[2025-07-21T18:08:19.942+0000] {taskinstance.py:1362} INFO - 
--------------------------------------------------------------------------------
[2025-07-21T18:08:19.947+0000] {taskinstance.py:1363} INFO - Starting attempt 1 of 2
[2025-07-21T18:08:19.949+0000] {taskinstance.py:1364} INFO - 
--------------------------------------------------------------------------------
[2025-07-21T18:08:19.996+0000] {taskinstance.py:1383} INFO - Executing <Task(_PythonDecoratedOperator): file_location> on 2024-08-22 00:00:00+00:00
[2025-07-21T18:08:20.018+0000] {standard_task_runner.py:55} INFO - Started process 79285 to run task
[2025-07-21T18:08:20.028+0000] {standard_task_runner.py:82} INFO - Running: ['***', 'tasks', 'run', 'trans_dag_26', 'file_location', 'scheduled__2024-08-22T00:00:00+00:00', '--job-id', '9857', '--raw', '--subdir', 'DAGS_FOLDER/trans_dag.py', '--cfg-path', '/tmp/tmp8v223146']
[2025-07-21T18:08:20.034+0000] {standard_task_runner.py:83} INFO - Job 9857: Subtask file_location
[2025-07-21T18:08:20.291+0000] {task_command.py:376} INFO - Running <TaskInstance: trans_dag_26.file_location scheduled__2024-08-22T00:00:00+00:00 [running]> on host 77e451e90f2e
[2025-07-21T18:08:20.515+0000] {taskinstance.py:1592} INFO - Exporting the following env vars:
AIRFLOW_CTX_DAG_OWNER=***
AIRFLOW_CTX_DAG_ID=trans_dag_26
AIRFLOW_CTX_TASK_ID=file_location
AIRFLOW_CTX_EXECUTION_DATE=2024-08-22T00:00:00+00:00
AIRFLOW_CTX_TRY_NUMBER=1
AIRFLOW_CTX_DAG_RUN_ID=scheduled__2024-08-22T00:00:00+00:00
[2025-07-21T18:08:20.545+0000] {python.py:177} INFO - Done. Returned value was: /tmp/transformed.csv
[2025-07-21T18:08:20.616+0000] {taskinstance.py:1406} INFO - Marking task as SUCCESS. dag_id=trans_dag_26, task_id=file_location, execution_date=20240822T000000, start_date=20250721T180819, end_date=20250721T180820
[2025-07-21T18:08:20.697+0000] {local_task_job.py:164} INFO - Task exited with return code 0
[2025-07-21T18:08:20.872+0000] {local_task_job.py:273} INFO - 0 downstream tasks scheduled from follow-on schedule check
