[2025-07-21T22:51:42.607+0000] {taskinstance.py:1165} INFO - Dependencies all met for <TaskInstance: trans_dag_26.file_location scheduled__2025-05-10T00:00:00+00:00 [queued]>
[2025-07-21T22:51:42.633+0000] {taskinstance.py:1165} INFO - Dependencies all met for <TaskInstance: trans_dag_26.file_location scheduled__2025-05-10T00:00:00+00:00 [queued]>
[2025-07-21T22:51:42.633+0000] {taskinstance.py:1362} INFO - 
--------------------------------------------------------------------------------
[2025-07-21T22:51:42.634+0000] {taskinstance.py:1363} INFO - Starting attempt 1 of 2
[2025-07-21T22:51:42.635+0000] {taskinstance.py:1364} INFO - 
--------------------------------------------------------------------------------
[2025-07-21T22:51:42.665+0000] {taskinstance.py:1383} INFO - Executing <Task(_PythonDecoratedOperator): file_location> on 2025-05-10 00:00:00+00:00
[2025-07-21T22:51:42.678+0000] {standard_task_runner.py:55} INFO - Started process 88455 to run task
[2025-07-21T22:51:42.685+0000] {standard_task_runner.py:82} INFO - Running: ['***', 'tasks', 'run', 'trans_dag_26', 'file_location', 'scheduled__2025-05-10T00:00:00+00:00', '--job-id', '11482', '--raw', '--subdir', 'DAGS_FOLDER/trans_dag.py', '--cfg-path', '/tmp/tmpxv1tsqx8']
[2025-07-21T22:51:42.689+0000] {standard_task_runner.py:83} INFO - Job 11482: Subtask file_location
[2025-07-21T22:51:42.797+0000] {task_command.py:376} INFO - Running <TaskInstance: trans_dag_26.file_location scheduled__2025-05-10T00:00:00+00:00 [running]> on host 77e451e90f2e
[2025-07-21T22:51:42.906+0000] {taskinstance.py:1592} INFO - Exporting the following env vars:
AIRFLOW_CTX_DAG_OWNER=***
AIRFLOW_CTX_DAG_ID=trans_dag_26
AIRFLOW_CTX_TASK_ID=file_location
AIRFLOW_CTX_EXECUTION_DATE=2025-05-10T00:00:00+00:00
AIRFLOW_CTX_TRY_NUMBER=1
AIRFLOW_CTX_DAG_RUN_ID=scheduled__2025-05-10T00:00:00+00:00
[2025-07-21T22:51:42.926+0000] {python.py:177} INFO - Done. Returned value was: /tmp/transformed.csv
[2025-07-21T22:51:42.958+0000] {taskinstance.py:1406} INFO - Marking task as SUCCESS. dag_id=trans_dag_26, task_id=file_location, execution_date=20250510T000000, start_date=20250721T225142, end_date=20250721T225142
[2025-07-21T22:51:43.016+0000] {local_task_job.py:164} INFO - Task exited with return code 0
[2025-07-21T22:51:43.071+0000] {local_task_job.py:273} INFO - 1 downstream tasks scheduled from follow-on schedule check
