[2025-07-21T22:45:52.387+0000] {taskinstance.py:1165} INFO - Dependencies all met for <TaskInstance: trans_dag_26.upload_to_s3 scheduled__2025-04-06T00:00:00+00:00 [queued]>
[2025-07-21T22:45:52.404+0000] {taskinstance.py:1165} INFO - Dependencies all met for <TaskInstance: trans_dag_26.upload_to_s3 scheduled__2025-04-06T00:00:00+00:00 [queued]>
[2025-07-21T22:45:52.405+0000] {taskinstance.py:1362} INFO - 
--------------------------------------------------------------------------------
[2025-07-21T22:45:52.406+0000] {taskinstance.py:1363} INFO - Starting attempt 1 of 2
[2025-07-21T22:45:52.406+0000] {taskinstance.py:1364} INFO - 
--------------------------------------------------------------------------------
[2025-07-21T22:45:52.438+0000] {taskinstance.py:1383} INFO - Executing <Task(_PythonDecoratedOperator): upload_to_s3> on 2025-04-06 00:00:00+00:00
[2025-07-21T22:45:52.451+0000] {standard_task_runner.py:55} INFO - Started process 87251 to run task
[2025-07-21T22:45:52.458+0000] {standard_task_runner.py:82} INFO - Running: ['***', 'tasks', 'run', 'trans_dag_26', 'upload_to_s3', 'scheduled__2025-04-06T00:00:00+00:00', '--job-id', '11283', '--raw', '--subdir', 'DAGS_FOLDER/trans_dag.py', '--cfg-path', '/tmp/tmp5ov3dt2d']
[2025-07-21T22:45:52.464+0000] {standard_task_runner.py:83} INFO - Job 11283: Subtask upload_to_s3
[2025-07-21T22:45:52.636+0000] {task_command.py:376} INFO - Running <TaskInstance: trans_dag_26.upload_to_s3 scheduled__2025-04-06T00:00:00+00:00 [running]> on host 77e451e90f2e
[2025-07-21T22:45:52.791+0000] {taskinstance.py:1592} INFO - Exporting the following env vars:
AIRFLOW_CTX_DAG_OWNER=***
AIRFLOW_CTX_DAG_ID=trans_dag_26
AIRFLOW_CTX_TASK_ID=upload_to_s3
AIRFLOW_CTX_EXECUTION_DATE=2025-04-06T00:00:00+00:00
AIRFLOW_CTX_TRY_NUMBER=1
AIRFLOW_CTX_DAG_RUN_ID=scheduled__2025-04-06T00:00:00+00:00
[2025-07-21T22:45:52.808+0000] {base.py:71} INFO - Using connection ID 'aws-connect' for task execution.
[2025-07-21T22:45:52.809+0000] {connection_wrapper.py:303} INFO - AWS Connection (conn_id='aws-connect', conn_type='aws') credentials retrieved from login and password.
[2025-07-21T22:46:06.218+0000] {python.py:177} INFO - Done. Returned value was: s3://imani-***-data/transformed/transformed.csv
[2025-07-21T22:46:06.249+0000] {taskinstance.py:1406} INFO - Marking task as SUCCESS. dag_id=trans_dag_26, task_id=upload_to_s3, execution_date=20250406T000000, start_date=20250721T224552, end_date=20250721T224606
[2025-07-21T22:46:06.294+0000] {local_task_job.py:164} INFO - Task exited with return code 0
[2025-07-21T22:46:06.316+0000] {local_task_job.py:273} INFO - 0 downstream tasks scheduled from follow-on schedule check
