[2025-07-21T17:06:45.885+0000] {taskinstance.py:1165} INFO - Dependencies all met for <TaskInstance: trans_dag_26.data_quality_check scheduled__2023-11-01T00:00:00+00:00 [queued]>
[2025-07-21T17:06:45.908+0000] {taskinstance.py:1165} INFO - Dependencies all met for <TaskInstance: trans_dag_26.data_quality_check scheduled__2023-11-01T00:00:00+00:00 [queued]>
[2025-07-21T17:06:45.909+0000] {taskinstance.py:1362} INFO - 
--------------------------------------------------------------------------------
[2025-07-21T17:06:45.910+0000] {taskinstance.py:1363} INFO - Starting attempt 1 of 2
[2025-07-21T17:06:45.911+0000] {taskinstance.py:1364} INFO - 
--------------------------------------------------------------------------------
[2025-07-21T17:06:45.920+0000] {taskinstance.py:1383} INFO - Executing <Task(_PythonDecoratedOperator): data_quality_check> on 2023-11-01 00:00:00+00:00
[2025-07-21T17:06:45.925+0000] {standard_task_runner.py:55} INFO - Started process 68511 to run task
[2025-07-21T17:06:45.928+0000] {standard_task_runner.py:82} INFO - Running: ['***', 'tasks', 'run', 'trans_dag_26', 'data_quality_check', 'scheduled__2023-11-01T00:00:00+00:00', '--job-id', '8025', '--raw', '--subdir', 'DAGS_FOLDER/trans_dag.py', '--cfg-path', '/tmp/tmpjhwf4val']
[2025-07-21T17:06:45.930+0000] {standard_task_runner.py:83} INFO - Job 8025: Subtask data_quality_check
[2025-07-21T17:06:46.016+0000] {task_command.py:376} INFO - Running <TaskInstance: trans_dag_26.data_quality_check scheduled__2023-11-01T00:00:00+00:00 [running]> on host 77e451e90f2e
[2025-07-21T17:06:46.089+0000] {taskinstance.py:1592} INFO - Exporting the following env vars:
AIRFLOW_CTX_DAG_OWNER=***
AIRFLOW_CTX_DAG_ID=trans_dag_26
AIRFLOW_CTX_TASK_ID=data_quality_check
AIRFLOW_CTX_EXECUTION_DATE=2023-11-01T00:00:00+00:00
AIRFLOW_CTX_TRY_NUMBER=1
AIRFLOW_CTX_DAG_RUN_ID=scheduled__2023-11-01T00:00:00+00:00
[2025-07-21T17:06:46.276+0000] {python.py:177} INFO - Done. Returned value was: {'is_valid': True, 'file_path': '/tmp/transformed.csv'}
[2025-07-21T17:06:46.298+0000] {taskinstance.py:1406} INFO - Marking task as SUCCESS. dag_id=trans_dag_26, task_id=data_quality_check, execution_date=20231101T000000, start_date=20250721T170645, end_date=20250721T170646
[2025-07-21T17:06:46.341+0000] {local_task_job.py:164} INFO - Task exited with return code 0
[2025-07-21T17:06:46.401+0000] {local_task_job.py:273} INFO - 1 downstream tasks scheduled from follow-on schedule check
