[2025-07-21T23:55:36.104+0000] {taskinstance.py:1165} INFO - Dependencies all met for <TaskInstance: trans_dag_26.transform scheduled__2025-07-20T00:00:00+00:00 [queued]>
[2025-07-21T23:55:36.144+0000] {taskinstance.py:1165} INFO - Dependencies all met for <TaskInstance: trans_dag_26.transform scheduled__2025-07-20T00:00:00+00:00 [queued]>
[2025-07-21T23:55:36.145+0000] {taskinstance.py:1362} INFO - 
--------------------------------------------------------------------------------
[2025-07-21T23:55:36.147+0000] {taskinstance.py:1363} INFO - Starting attempt 1 of 2
[2025-07-21T23:55:36.148+0000] {taskinstance.py:1364} INFO - 
--------------------------------------------------------------------------------
[2025-07-21T23:55:36.191+0000] {taskinstance.py:1383} INFO - Executing <Task(_PythonDecoratedOperator): transform> on 2025-07-20 00:00:00+00:00
[2025-07-21T23:55:36.224+0000] {standard_task_runner.py:55} INFO - Started process 90867 to run task
[2025-07-21T23:55:36.222+0000] {standard_task_runner.py:82} INFO - Running: ['***', 'tasks', 'run', 'trans_dag_26', 'transform', 'scheduled__2025-07-20T00:00:00+00:00', '--job-id', '11894', '--raw', '--subdir', 'DAGS_FOLDER/trans_dag.py', '--cfg-path', '/tmp/tmp2tvard0p']
[2025-07-21T23:55:36.229+0000] {standard_task_runner.py:83} INFO - Job 11894: Subtask transform
[2025-07-21T23:55:36.477+0000] {task_command.py:376} INFO - Running <TaskInstance: trans_dag_26.transform scheduled__2025-07-20T00:00:00+00:00 [running]> on host 77e451e90f2e
[2025-07-21T23:55:36.717+0000] {taskinstance.py:1592} INFO - Exporting the following env vars:
AIRFLOW_CTX_DAG_OWNER=***
AIRFLOW_CTX_DAG_ID=trans_dag_26
AIRFLOW_CTX_TASK_ID=transform
AIRFLOW_CTX_EXECUTION_DATE=2025-07-20T00:00:00+00:00
AIRFLOW_CTX_TRY_NUMBER=1
AIRFLOW_CTX_DAG_RUN_ID=scheduled__2025-07-20T00:00:00+00:00
[2025-07-21T23:55:40.329+0000] {python.py:177} INFO - Done. Returned value was: /tmp/transformed.csv
[2025-07-21T23:55:40.380+0000] {taskinstance.py:1406} INFO - Marking task as SUCCESS. dag_id=trans_dag_26, task_id=transform, execution_date=20250720T000000, start_date=20250721T235536, end_date=20250721T235540
[2025-07-21T23:55:40.432+0000] {local_task_job.py:164} INFO - Task exited with return code 0
[2025-07-21T23:55:40.501+0000] {local_task_job.py:273} INFO - 1 downstream tasks scheduled from follow-on schedule check
