[2025-07-21T18:28:31.534+0000] {taskinstance.py:1165} INFO - Dependencies all met for <TaskInstance: trans_dag_26.extract scheduled__2025-01-07T00:00:00+00:00 [queued]>
[2025-07-21T18:28:31.591+0000] {taskinstance.py:1165} INFO - Dependencies all met for <TaskInstance: trans_dag_26.extract scheduled__2025-01-07T00:00:00+00:00 [queued]>
[2025-07-21T18:28:31.598+0000] {taskinstance.py:1362} INFO - 
--------------------------------------------------------------------------------
[2025-07-21T18:28:31.602+0000] {taskinstance.py:1363} INFO - Starting attempt 1 of 2
[2025-07-21T18:28:31.604+0000] {taskinstance.py:1364} INFO - 
--------------------------------------------------------------------------------
[2025-07-21T18:28:31.662+0000] {taskinstance.py:1383} INFO - Executing <Task(_PythonDecoratedOperator): extract> on 2025-01-07 00:00:00+00:00
[2025-07-21T18:28:31.682+0000] {standard_task_runner.py:55} INFO - Started process 83823 to run task
[2025-07-21T18:28:31.693+0000] {standard_task_runner.py:82} INFO - Running: ['***', 'tasks', 'run', 'trans_dag_26', 'extract', 'scheduled__2025-01-07T00:00:00+00:00', '--job-id', '10667', '--raw', '--subdir', 'DAGS_FOLDER/trans_dag.py', '--cfg-path', '/tmp/tmp1nrn6dwu']
[2025-07-21T18:28:31.699+0000] {standard_task_runner.py:83} INFO - Job 10667: Subtask extract
[2025-07-21T18:28:31.930+0000] {task_command.py:376} INFO - Running <TaskInstance: trans_dag_26.extract scheduled__2025-01-07T00:00:00+00:00 [running]> on host 77e451e90f2e
[2025-07-21T18:28:32.177+0000] {taskinstance.py:1592} INFO - Exporting the following env vars:
AIRFLOW_CTX_DAG_OWNER=***
AIRFLOW_CTX_DAG_ID=trans_dag_26
AIRFLOW_CTX_TASK_ID=extract
AIRFLOW_CTX_EXECUTION_DATE=2025-01-07T00:00:00+00:00
AIRFLOW_CTX_TRY_NUMBER=1
AIRFLOW_CTX_DAG_RUN_ID=scheduled__2025-01-07T00:00:00+00:00
[2025-07-21T18:28:32.236+0000] {base.py:71} INFO - Using connection ID 'aws-connect' for task execution.
[2025-07-21T18:28:32.241+0000] {connection_wrapper.py:303} INFO - AWS Connection (conn_id='aws-connect', conn_type='aws') credentials retrieved from login and password.
[2025-07-21T18:28:41.731+0000] {python.py:177} INFO - Done. Returned value was: /tmp/mymani.csv
[2025-07-21T18:28:41.833+0000] {taskinstance.py:1406} INFO - Marking task as SUCCESS. dag_id=trans_dag_26, task_id=extract, execution_date=20250107T000000, start_date=20250721T182831, end_date=20250721T182841
[2025-07-21T18:28:41.976+0000] {local_task_job.py:164} INFO - Task exited with return code 0
[2025-07-21T18:28:42.431+0000] {local_task_job.py:273} INFO - 0 downstream tasks scheduled from follow-on schedule check
