[2025-07-21T18:06:10.088+0000] {taskinstance.py:1165} INFO - Dependencies all met for <TaskInstance: trans_dag_26.data_quality_check scheduled__2024-08-02T00:00:00+00:00 [queued]>
[2025-07-21T18:06:10.111+0000] {taskinstance.py:1165} INFO - Dependencies all met for <TaskInstance: trans_dag_26.data_quality_check scheduled__2024-08-02T00:00:00+00:00 [queued]>
[2025-07-21T18:06:10.112+0000] {taskinstance.py:1362} INFO - 
--------------------------------------------------------------------------------
[2025-07-21T18:06:10.113+0000] {taskinstance.py:1363} INFO - Starting attempt 2 of 2
[2025-07-21T18:06:10.114+0000] {taskinstance.py:1364} INFO - 
--------------------------------------------------------------------------------
[2025-07-21T18:06:10.283+0000] {taskinstance.py:1383} INFO - Executing <Task(_PythonDecoratedOperator): data_quality_check> on 2024-08-02 00:00:00+00:00
[2025-07-21T18:06:10.298+0000] {standard_task_runner.py:55} INFO - Started process 78841 to run task
[2025-07-21T18:06:10.310+0000] {standard_task_runner.py:82} INFO - Running: ['***', 'tasks', 'run', 'trans_dag_26', 'data_quality_check', 'scheduled__2024-08-02T00:00:00+00:00', '--job-id', '9757', '--raw', '--subdir', 'DAGS_FOLDER/trans_dag.py', '--cfg-path', '/tmp/tmphmka2h7w']
[2025-07-21T18:06:10.314+0000] {standard_task_runner.py:83} INFO - Job 9757: Subtask data_quality_check
[2025-07-21T18:06:10.474+0000] {task_command.py:376} INFO - Running <TaskInstance: trans_dag_26.data_quality_check scheduled__2024-08-02T00:00:00+00:00 [running]> on host 77e451e90f2e
[2025-07-21T18:06:10.651+0000] {taskinstance.py:1592} INFO - Exporting the following env vars:
AIRFLOW_CTX_DAG_OWNER=***
AIRFLOW_CTX_DAG_ID=trans_dag_26
AIRFLOW_CTX_TASK_ID=data_quality_check
AIRFLOW_CTX_EXECUTION_DATE=2024-08-02T00:00:00+00:00
AIRFLOW_CTX_TRY_NUMBER=2
AIRFLOW_CTX_DAG_RUN_ID=scheduled__2024-08-02T00:00:00+00:00
[2025-07-21T18:06:11.141+0000] {python.py:177} INFO - Done. Returned value was: {'is_valid': True, 'file_path': '/tmp/transformed.csv'}
[2025-07-21T18:06:11.209+0000] {taskinstance.py:1406} INFO - Marking task as SUCCESS. dag_id=trans_dag_26, task_id=data_quality_check, execution_date=20240802T000000, start_date=20250721T180610, end_date=20250721T180611
[2025-07-21T18:06:11.281+0000] {local_task_job.py:164} INFO - Task exited with return code 0
[2025-07-21T18:06:11.345+0000] {local_task_job.py:273} INFO - 1 downstream tasks scheduled from follow-on schedule check
