[2025-07-21T18:19:18.321+0000] {taskinstance.py:1165} INFO - Dependencies all met for <TaskInstance: trans_dag_26.data_quality_check scheduled__2024-10-31T00:00:00+00:00 [queued]>
[2025-07-21T18:19:18.335+0000] {taskinstance.py:1165} INFO - Dependencies all met for <TaskInstance: trans_dag_26.data_quality_check scheduled__2024-10-31T00:00:00+00:00 [queued]>
[2025-07-21T18:19:18.336+0000] {taskinstance.py:1362} INFO - 
--------------------------------------------------------------------------------
[2025-07-21T18:19:18.337+0000] {taskinstance.py:1363} INFO - Starting attempt 1 of 2
[2025-07-21T18:19:18.337+0000] {taskinstance.py:1364} INFO - 
--------------------------------------------------------------------------------
[2025-07-21T18:19:18.354+0000] {taskinstance.py:1383} INFO - Executing <Task(_PythonDecoratedOperator): data_quality_check> on 2024-10-31 00:00:00+00:00
[2025-07-21T18:19:18.362+0000] {standard_task_runner.py:55} INFO - Started process 81668 to run task
[2025-07-21T18:19:18.367+0000] {standard_task_runner.py:82} INFO - Running: ['***', 'tasks', 'run', 'trans_dag_26', 'data_quality_check', 'scheduled__2024-10-31T00:00:00+00:00', '--job-id', '10272', '--raw', '--subdir', 'DAGS_FOLDER/trans_dag.py', '--cfg-path', '/tmp/tmppx30v2cv']
[2025-07-21T18:19:18.372+0000] {standard_task_runner.py:83} INFO - Job 10272: Subtask data_quality_check
[2025-07-21T18:19:18.482+0000] {task_command.py:376} INFO - Running <TaskInstance: trans_dag_26.data_quality_check scheduled__2024-10-31T00:00:00+00:00 [running]> on host 77e451e90f2e
[2025-07-21T18:19:18.579+0000] {taskinstance.py:1592} INFO - Exporting the following env vars:
AIRFLOW_CTX_DAG_OWNER=***
AIRFLOW_CTX_DAG_ID=trans_dag_26
AIRFLOW_CTX_TASK_ID=data_quality_check
AIRFLOW_CTX_EXECUTION_DATE=2024-10-31T00:00:00+00:00
AIRFLOW_CTX_TRY_NUMBER=1
AIRFLOW_CTX_DAG_RUN_ID=scheduled__2024-10-31T00:00:00+00:00
[2025-07-21T18:19:18.837+0000] {python.py:177} INFO - Done. Returned value was: {'is_valid': True, 'file_path': '/tmp/transformed.csv'}
[2025-07-21T18:19:18.868+0000] {taskinstance.py:1406} INFO - Marking task as SUCCESS. dag_id=trans_dag_26, task_id=data_quality_check, execution_date=20241031T000000, start_date=20250721T181918, end_date=20250721T181918
[2025-07-21T18:19:18.902+0000] {local_task_job.py:164} INFO - Task exited with return code 0
[2025-07-21T18:19:18.938+0000] {local_task_job.py:273} INFO - 1 downstream tasks scheduled from follow-on schedule check
