[2025-07-21T18:13:17.822+0000] {taskinstance.py:1165} INFO - Dependencies all met for <TaskInstance: trans_dag_26.decide_path scheduled__2024-10-01T00:00:00+00:00 [queued]>
[2025-07-21T18:13:17.837+0000] {taskinstance.py:1165} INFO - Dependencies all met for <TaskInstance: trans_dag_26.decide_path scheduled__2024-10-01T00:00:00+00:00 [queued]>
[2025-07-21T18:13:17.838+0000] {taskinstance.py:1362} INFO - 
--------------------------------------------------------------------------------
[2025-07-21T18:13:17.839+0000] {taskinstance.py:1363} INFO - Starting attempt 1 of 2
[2025-07-21T18:13:17.839+0000] {taskinstance.py:1364} INFO - 
--------------------------------------------------------------------------------
[2025-07-21T18:13:17.855+0000] {taskinstance.py:1383} INFO - Executing <Task(_BranchPythonDecoratedOperator): decide_path> on 2024-10-01 00:00:00+00:00
[2025-07-21T18:13:17.863+0000] {standard_task_runner.py:55} INFO - Started process 80566 to run task
[2025-07-21T18:13:17.868+0000] {standard_task_runner.py:82} INFO - Running: ['***', 'tasks', 'run', 'trans_dag_26', 'decide_path', 'scheduled__2024-10-01T00:00:00+00:00', '--job-id', '10090', '--raw', '--subdir', 'DAGS_FOLDER/trans_dag.py', '--cfg-path', '/tmp/tmp8cmhnss4']
[2025-07-21T18:13:17.870+0000] {standard_task_runner.py:83} INFO - Job 10090: Subtask decide_path
[2025-07-21T18:13:17.992+0000] {task_command.py:376} INFO - Running <TaskInstance: trans_dag_26.decide_path scheduled__2024-10-01T00:00:00+00:00 [running]> on host 77e451e90f2e
[2025-07-21T18:13:18.097+0000] {taskinstance.py:1592} INFO - Exporting the following env vars:
AIRFLOW_CTX_DAG_OWNER=***
AIRFLOW_CTX_DAG_ID=trans_dag_26
AIRFLOW_CTX_TASK_ID=decide_path
AIRFLOW_CTX_EXECUTION_DATE=2024-10-01T00:00:00+00:00
AIRFLOW_CTX_TRY_NUMBER=1
AIRFLOW_CTX_DAG_RUN_ID=scheduled__2024-10-01T00:00:00+00:00
[2025-07-21T18:13:18.102+0000] {python.py:177} INFO - Done. Returned value was: file_location
[2025-07-21T18:13:18.103+0000] {skipmixin.py:155} INFO - Following branch file_location
[2025-07-21T18:13:18.104+0000] {skipmixin.py:190} INFO - Skipping tasks ['data_quality_check_failed']
[2025-07-21T18:13:18.176+0000] {taskinstance.py:1406} INFO - Marking task as SUCCESS. dag_id=trans_dag_26, task_id=decide_path, execution_date=20241001T000000, start_date=20250721T181317, end_date=20250721T181318
[2025-07-21T18:13:18.240+0000] {local_task_job.py:164} INFO - Task exited with return code 0
[2025-07-21T18:13:18.284+0000] {local_task_job.py:273} INFO - 1 downstream tasks scheduled from follow-on schedule check
