[2025-07-21T17:58:53.483+0000] {taskinstance.py:1165} INFO - Dependencies all met for <TaskInstance: trans_dag_26.data_quality_check scheduled__2024-06-16T00:00:00+00:00 [queued]>
[2025-07-21T17:58:53.516+0000] {taskinstance.py:1165} INFO - Dependencies all met for <TaskInstance: trans_dag_26.data_quality_check scheduled__2024-06-16T00:00:00+00:00 [queued]>
[2025-07-21T17:58:53.517+0000] {taskinstance.py:1362} INFO - 
--------------------------------------------------------------------------------
[2025-07-21T17:58:53.524+0000] {taskinstance.py:1363} INFO - Starting attempt 1 of 2
[2025-07-21T17:58:53.525+0000] {taskinstance.py:1364} INFO - 
--------------------------------------------------------------------------------
[2025-07-21T17:58:53.574+0000] {taskinstance.py:1383} INFO - Executing <Task(_PythonDecoratedOperator): data_quality_check> on 2024-06-16 00:00:00+00:00
[2025-07-21T17:58:53.598+0000] {standard_task_runner.py:55} INFO - Started process 77394 to run task
[2025-07-21T17:58:53.611+0000] {standard_task_runner.py:82} INFO - Running: ['***', 'tasks', 'run', 'trans_dag_26', 'data_quality_check', 'scheduled__2024-06-16T00:00:00+00:00', '--job-id', '9496', '--raw', '--subdir', 'DAGS_FOLDER/trans_dag.py', '--cfg-path', '/tmp/tmpltw0nkkm']
[2025-07-21T17:58:53.618+0000] {standard_task_runner.py:83} INFO - Job 9496: Subtask data_quality_check
[2025-07-21T17:58:53.963+0000] {task_command.py:376} INFO - Running <TaskInstance: trans_dag_26.data_quality_check scheduled__2024-06-16T00:00:00+00:00 [running]> on host 77e451e90f2e
[2025-07-21T17:58:54.378+0000] {taskinstance.py:1592} INFO - Exporting the following env vars:
AIRFLOW_CTX_DAG_OWNER=***
AIRFLOW_CTX_DAG_ID=trans_dag_26
AIRFLOW_CTX_TASK_ID=data_quality_check
AIRFLOW_CTX_EXECUTION_DATE=2024-06-16T00:00:00+00:00
AIRFLOW_CTX_TRY_NUMBER=1
AIRFLOW_CTX_DAG_RUN_ID=scheduled__2024-06-16T00:00:00+00:00
[2025-07-21T17:58:55.688+0000] {python.py:177} INFO - Done. Returned value was: {'is_valid': True, 'file_path': '/tmp/transformed.csv'}
[2025-07-21T17:58:55.876+0000] {taskinstance.py:1406} INFO - Marking task as SUCCESS. dag_id=trans_dag_26, task_id=data_quality_check, execution_date=20240616T000000, start_date=20250721T175853, end_date=20250721T175855
[2025-07-21T17:58:56.061+0000] {local_task_job.py:164} INFO - Task exited with return code 0
[2025-07-21T17:58:56.223+0000] {local_task_job.py:273} INFO - 1 downstream tasks scheduled from follow-on schedule check
