[2025-07-21T17:32:56.465+0000] {taskinstance.py:1165} INFO - Dependencies all met for <TaskInstance: trans_dag_26.data_quality_check scheduled__2024-01-13T00:00:00+00:00 [queued]>
[2025-07-21T17:32:56.474+0000] {taskinstance.py:1165} INFO - Dependencies all met for <TaskInstance: trans_dag_26.data_quality_check scheduled__2024-01-13T00:00:00+00:00 [queued]>
[2025-07-21T17:32:56.475+0000] {taskinstance.py:1362} INFO - 
--------------------------------------------------------------------------------
[2025-07-21T17:32:56.476+0000] {taskinstance.py:1363} INFO - Starting attempt 1 of 2
[2025-07-21T17:32:56.476+0000] {taskinstance.py:1364} INFO - 
--------------------------------------------------------------------------------
[2025-07-21T17:32:56.489+0000] {taskinstance.py:1383} INFO - Executing <Task(_PythonDecoratedOperator): data_quality_check> on 2024-01-13 00:00:00+00:00
[2025-07-21T17:32:56.495+0000] {standard_task_runner.py:55} INFO - Started process 71691 to run task
[2025-07-21T17:32:56.498+0000] {standard_task_runner.py:82} INFO - Running: ['***', 'tasks', 'run', 'trans_dag_26', 'data_quality_check', 'scheduled__2024-01-13T00:00:00+00:00', '--job-id', '8491', '--raw', '--subdir', 'DAGS_FOLDER/trans_dag.py', '--cfg-path', '/tmp/tmp1l9dmpnq']
[2025-07-21T17:32:56.500+0000] {standard_task_runner.py:83} INFO - Job 8491: Subtask data_quality_check
[2025-07-21T17:32:56.606+0000] {task_command.py:376} INFO - Running <TaskInstance: trans_dag_26.data_quality_check scheduled__2024-01-13T00:00:00+00:00 [running]> on host 77e451e90f2e
[2025-07-21T17:32:56.702+0000] {taskinstance.py:1592} INFO - Exporting the following env vars:
AIRFLOW_CTX_DAG_OWNER=***
AIRFLOW_CTX_DAG_ID=trans_dag_26
AIRFLOW_CTX_TASK_ID=data_quality_check
AIRFLOW_CTX_EXECUTION_DATE=2024-01-13T00:00:00+00:00
AIRFLOW_CTX_TRY_NUMBER=1
AIRFLOW_CTX_DAG_RUN_ID=scheduled__2024-01-13T00:00:00+00:00
[2025-07-21T17:32:56.934+0000] {python.py:177} INFO - Done. Returned value was: {'is_valid': True, 'file_path': '/tmp/transformed.csv'}
[2025-07-21T17:32:56.955+0000] {taskinstance.py:1406} INFO - Marking task as SUCCESS. dag_id=trans_dag_26, task_id=data_quality_check, execution_date=20240113T000000, start_date=20250721T173256, end_date=20250721T173256
[2025-07-21T17:32:56.992+0000] {local_task_job.py:164} INFO - Task exited with return code 0
[2025-07-21T17:32:57.075+0000] {local_task_job.py:273} INFO - 1 downstream tasks scheduled from follow-on schedule check
