[2025-07-21T17:38:32.277+0000] {taskinstance.py:1165} INFO - Dependencies all met for <TaskInstance: trans_dag_26.upload_to_s3 scheduled__2024-01-24T00:00:00+00:00 [queued]>
[2025-07-21T17:38:32.301+0000] {taskinstance.py:1165} INFO - Dependencies all met for <TaskInstance: trans_dag_26.upload_to_s3 scheduled__2024-01-24T00:00:00+00:00 [queued]>
[2025-07-21T17:38:32.302+0000] {taskinstance.py:1362} INFO - 
--------------------------------------------------------------------------------
[2025-07-21T17:38:32.304+0000] {taskinstance.py:1363} INFO - Starting attempt 2 of 2
[2025-07-21T17:38:32.305+0000] {taskinstance.py:1364} INFO - 
--------------------------------------------------------------------------------
[2025-07-21T17:38:32.334+0000] {taskinstance.py:1383} INFO - Executing <Task(_PythonDecoratedOperator): upload_to_s3> on 2024-01-24 00:00:00+00:00
[2025-07-21T17:38:32.351+0000] {standard_task_runner.py:55} INFO - Started process 72941 to run task
[2025-07-21T17:38:32.358+0000] {standard_task_runner.py:82} INFO - Running: ['***', 'tasks', 'run', 'trans_dag_26', 'upload_to_s3', 'scheduled__2024-01-24T00:00:00+00:00', '--job-id', '8703', '--raw', '--subdir', 'DAGS_FOLDER/trans_dag.py', '--cfg-path', '/tmp/tmptvn6b_db']
[2025-07-21T17:38:32.366+0000] {standard_task_runner.py:83} INFO - Job 8703: Subtask upload_to_s3
[2025-07-21T17:38:32.539+0000] {task_command.py:376} INFO - Running <TaskInstance: trans_dag_26.upload_to_s3 scheduled__2024-01-24T00:00:00+00:00 [running]> on host 77e451e90f2e
[2025-07-21T17:38:32.693+0000] {taskinstance.py:1592} INFO - Exporting the following env vars:
AIRFLOW_CTX_DAG_OWNER=***
AIRFLOW_CTX_DAG_ID=trans_dag_26
AIRFLOW_CTX_TASK_ID=upload_to_s3
AIRFLOW_CTX_EXECUTION_DATE=2024-01-24T00:00:00+00:00
AIRFLOW_CTX_TRY_NUMBER=2
AIRFLOW_CTX_DAG_RUN_ID=scheduled__2024-01-24T00:00:00+00:00
[2025-07-21T17:38:32.714+0000] {base.py:71} INFO - Using connection ID 'aws-connect' for task execution.
[2025-07-21T17:38:32.715+0000] {connection_wrapper.py:303} INFO - AWS Connection (conn_id='aws-connect', conn_type='aws') credentials retrieved from login and password.
[2025-07-21T17:38:37.971+0000] {python.py:177} INFO - Done. Returned value was: s3://imani-***-data/transformed/transformed.csv
[2025-07-21T17:38:38.020+0000] {taskinstance.py:1406} INFO - Marking task as SUCCESS. dag_id=trans_dag_26, task_id=upload_to_s3, execution_date=20240124T000000, start_date=20250721T173832, end_date=20250721T173838
[2025-07-21T17:38:38.074+0000] {local_task_job.py:164} INFO - Task exited with return code 0
[2025-07-21T17:38:38.103+0000] {local_task_job.py:273} INFO - 0 downstream tasks scheduled from follow-on schedule check
