[2025-07-21T17:48:57.702+0000] {taskinstance.py:1165} INFO - Dependencies all met for <TaskInstance: trans_dag_26.file_location scheduled__2024-04-25T00:00:00+00:00 [queued]>
[2025-07-21T17:48:57.733+0000] {taskinstance.py:1165} INFO - Dependencies all met for <TaskInstance: trans_dag_26.file_location scheduled__2024-04-25T00:00:00+00:00 [queued]>
[2025-07-21T17:48:57.734+0000] {taskinstance.py:1362} INFO - 
--------------------------------------------------------------------------------
[2025-07-21T17:48:57.735+0000] {taskinstance.py:1363} INFO - Starting attempt 1 of 2
[2025-07-21T17:48:57.736+0000] {taskinstance.py:1364} INFO - 
--------------------------------------------------------------------------------
[2025-07-21T17:48:57.768+0000] {taskinstance.py:1383} INFO - Executing <Task(_PythonDecoratedOperator): file_location> on 2024-04-25 00:00:00+00:00
[2025-07-21T17:48:57.788+0000] {standard_task_runner.py:55} INFO - Started process 75346 to run task
[2025-07-21T17:48:57.803+0000] {standard_task_runner.py:82} INFO - Running: ['***', 'tasks', 'run', 'trans_dag_26', 'file_location', 'scheduled__2024-04-25T00:00:00+00:00', '--job-id', '9142', '--raw', '--subdir', 'DAGS_FOLDER/trans_dag.py', '--cfg-path', '/tmp/tmpduss4yei']
[2025-07-21T17:48:57.811+0000] {standard_task_runner.py:83} INFO - Job 9142: Subtask file_location
[2025-07-21T17:48:58.010+0000] {task_command.py:376} INFO - Running <TaskInstance: trans_dag_26.file_location scheduled__2024-04-25T00:00:00+00:00 [running]> on host 77e451e90f2e
[2025-07-21T17:48:58.183+0000] {taskinstance.py:1592} INFO - Exporting the following env vars:
AIRFLOW_CTX_DAG_OWNER=***
AIRFLOW_CTX_DAG_ID=trans_dag_26
AIRFLOW_CTX_TASK_ID=file_location
AIRFLOW_CTX_EXECUTION_DATE=2024-04-25T00:00:00+00:00
AIRFLOW_CTX_TRY_NUMBER=1
AIRFLOW_CTX_DAG_RUN_ID=scheduled__2024-04-25T00:00:00+00:00
[2025-07-21T17:48:58.205+0000] {python.py:177} INFO - Done. Returned value was: /tmp/transformed.csv
[2025-07-21T17:48:58.267+0000] {taskinstance.py:1406} INFO - Marking task as SUCCESS. dag_id=trans_dag_26, task_id=file_location, execution_date=20240425T000000, start_date=20250721T174857, end_date=20250721T174858
[2025-07-21T17:48:58.333+0000] {local_task_job.py:164} INFO - Task exited with return code 0
[2025-07-21T17:48:58.376+0000] {local_task_job.py:273} INFO - 1 downstream tasks scheduled from follow-on schedule check
