[2025-07-21T17:33:55.613+0000] {taskinstance.py:1165} INFO - Dependencies all met for <TaskInstance: trans_dag_26.file_location scheduled__2024-01-16T00:00:00+00:00 [queued]>
[2025-07-21T17:33:55.631+0000] {taskinstance.py:1165} INFO - Dependencies all met for <TaskInstance: trans_dag_26.file_location scheduled__2024-01-16T00:00:00+00:00 [queued]>
[2025-07-21T17:33:55.632+0000] {taskinstance.py:1362} INFO - 
--------------------------------------------------------------------------------
[2025-07-21T17:33:55.634+0000] {taskinstance.py:1363} INFO - Starting attempt 1 of 2
[2025-07-21T17:33:55.634+0000] {taskinstance.py:1364} INFO - 
--------------------------------------------------------------------------------
[2025-07-21T17:33:55.653+0000] {taskinstance.py:1383} INFO - Executing <Task(_PythonDecoratedOperator): file_location> on 2024-01-16 00:00:00+00:00
[2025-07-21T17:33:55.662+0000] {standard_task_runner.py:55} INFO - Started process 71913 to run task
[2025-07-21T17:33:55.667+0000] {standard_task_runner.py:82} INFO - Running: ['***', 'tasks', 'run', 'trans_dag_26', 'file_location', 'scheduled__2024-01-16T00:00:00+00:00', '--job-id', '8523', '--raw', '--subdir', 'DAGS_FOLDER/trans_dag.py', '--cfg-path', '/tmp/tmpo31jztg3']
[2025-07-21T17:33:55.671+0000] {standard_task_runner.py:83} INFO - Job 8523: Subtask file_location
[2025-07-21T17:33:55.796+0000] {task_command.py:376} INFO - Running <TaskInstance: trans_dag_26.file_location scheduled__2024-01-16T00:00:00+00:00 [running]> on host 77e451e90f2e
[2025-07-21T17:33:55.905+0000] {taskinstance.py:1592} INFO - Exporting the following env vars:
AIRFLOW_CTX_DAG_OWNER=***
AIRFLOW_CTX_DAG_ID=trans_dag_26
AIRFLOW_CTX_TASK_ID=file_location
AIRFLOW_CTX_EXECUTION_DATE=2024-01-16T00:00:00+00:00
AIRFLOW_CTX_TRY_NUMBER=1
AIRFLOW_CTX_DAG_RUN_ID=scheduled__2024-01-16T00:00:00+00:00
[2025-07-21T17:33:55.919+0000] {python.py:177} INFO - Done. Returned value was: /tmp/transformed.csv
[2025-07-21T17:33:55.948+0000] {taskinstance.py:1406} INFO - Marking task as SUCCESS. dag_id=trans_dag_26, task_id=file_location, execution_date=20240116T000000, start_date=20250721T173355, end_date=20250721T173355
[2025-07-21T17:33:55.999+0000] {local_task_job.py:164} INFO - Task exited with return code 0
[2025-07-21T17:33:56.028+0000] {local_task_job.py:273} INFO - 1 downstream tasks scheduled from follow-on schedule check
