[2025-07-21T18:28:52.422+0000] {taskinstance.py:1165} INFO - Dependencies all met for <TaskInstance: trans_dag_26.file_location scheduled__2025-01-05T00:00:00+00:00 [queued]>
[2025-07-21T18:28:52.486+0000] {taskinstance.py:1165} INFO - Dependencies all met for <TaskInstance: trans_dag_26.file_location scheduled__2025-01-05T00:00:00+00:00 [queued]>
[2025-07-21T18:28:52.488+0000] {taskinstance.py:1362} INFO - 
--------------------------------------------------------------------------------
[2025-07-21T18:28:52.497+0000] {taskinstance.py:1363} INFO - Starting attempt 1 of 2
[2025-07-21T18:28:52.502+0000] {taskinstance.py:1364} INFO - 
--------------------------------------------------------------------------------
[2025-07-21T18:28:52.831+0000] {taskinstance.py:1383} INFO - Executing <Task(_PythonDecoratedOperator): file_location> on 2025-01-05 00:00:00+00:00
[2025-07-21T18:28:52.853+0000] {standard_task_runner.py:55} INFO - Started process 83976 to run task
[2025-07-21T18:28:52.867+0000] {standard_task_runner.py:82} INFO - Running: ['***', 'tasks', 'run', 'trans_dag_26', 'file_location', 'scheduled__2025-01-05T00:00:00+00:00', '--job-id', '10700', '--raw', '--subdir', 'DAGS_FOLDER/trans_dag.py', '--cfg-path', '/tmp/tmpcumx7a6g']
[2025-07-21T18:28:52.876+0000] {standard_task_runner.py:83} INFO - Job 10700: Subtask file_location
[2025-07-21T18:28:53.271+0000] {task_command.py:376} INFO - Running <TaskInstance: trans_dag_26.file_location scheduled__2025-01-05T00:00:00+00:00 [running]> on host 77e451e90f2e
[2025-07-21T18:28:53.534+0000] {taskinstance.py:1592} INFO - Exporting the following env vars:
AIRFLOW_CTX_DAG_OWNER=***
AIRFLOW_CTX_DAG_ID=trans_dag_26
AIRFLOW_CTX_TASK_ID=file_location
AIRFLOW_CTX_EXECUTION_DATE=2025-01-05T00:00:00+00:00
AIRFLOW_CTX_TRY_NUMBER=1
AIRFLOW_CTX_DAG_RUN_ID=scheduled__2025-01-05T00:00:00+00:00
[2025-07-21T18:28:53.574+0000] {python.py:177} INFO - Done. Returned value was: /tmp/transformed.csv
[2025-07-21T18:28:53.656+0000] {taskinstance.py:1406} INFO - Marking task as SUCCESS. dag_id=trans_dag_26, task_id=file_location, execution_date=20250105T000000, start_date=20250721T182852, end_date=20250721T182853
[2025-07-21T18:28:53.725+0000] {local_task_job.py:164} INFO - Task exited with return code 0
[2025-07-21T18:28:54.027+0000] {local_task_job.py:273} INFO - 1 downstream tasks scheduled from follow-on schedule check
