[2025-07-21T17:13:43.968+0000] {taskinstance.py:1165} INFO - Dependencies all met for <TaskInstance: trans_dag_26.decide_path scheduled__2023-12-08T00:00:00+00:00 [queued]>
[2025-07-21T17:13:43.977+0000] {taskinstance.py:1165} INFO - Dependencies all met for <TaskInstance: trans_dag_26.decide_path scheduled__2023-12-08T00:00:00+00:00 [queued]>
[2025-07-21T17:13:43.978+0000] {taskinstance.py:1362} INFO - 
--------------------------------------------------------------------------------
[2025-07-21T17:13:43.979+0000] {taskinstance.py:1363} INFO - Starting attempt 1 of 2
[2025-07-21T17:13:43.979+0000] {taskinstance.py:1364} INFO - 
--------------------------------------------------------------------------------
[2025-07-21T17:13:43.993+0000] {taskinstance.py:1383} INFO - Executing <Task(_BranchPythonDecoratedOperator): decide_path> on 2023-12-08 00:00:00+00:00
[2025-07-21T17:13:44.001+0000] {standard_task_runner.py:55} INFO - Started process 69796 to run task
[2025-07-21T17:13:44.005+0000] {standard_task_runner.py:82} INFO - Running: ['***', 'tasks', 'run', 'trans_dag_26', 'decide_path', 'scheduled__2023-12-08T00:00:00+00:00', '--job-id', '8248', '--raw', '--subdir', 'DAGS_FOLDER/trans_dag.py', '--cfg-path', '/tmp/tmpr9vq7_r4']
[2025-07-21T17:13:44.008+0000] {standard_task_runner.py:83} INFO - Job 8248: Subtask decide_path
[2025-07-21T17:13:44.088+0000] {task_command.py:376} INFO - Running <TaskInstance: trans_dag_26.decide_path scheduled__2023-12-08T00:00:00+00:00 [running]> on host 77e451e90f2e
[2025-07-21T17:13:44.177+0000] {taskinstance.py:1592} INFO - Exporting the following env vars:
AIRFLOW_CTX_DAG_OWNER=***
AIRFLOW_CTX_DAG_ID=trans_dag_26
AIRFLOW_CTX_TASK_ID=decide_path
AIRFLOW_CTX_EXECUTION_DATE=2023-12-08T00:00:00+00:00
AIRFLOW_CTX_TRY_NUMBER=1
AIRFLOW_CTX_DAG_RUN_ID=scheduled__2023-12-08T00:00:00+00:00
[2025-07-21T17:13:44.180+0000] {python.py:177} INFO - Done. Returned value was: file_location
[2025-07-21T17:13:44.181+0000] {skipmixin.py:155} INFO - Following branch file_location
[2025-07-21T17:13:44.181+0000] {skipmixin.py:190} INFO - Skipping tasks ['data_quality_check_failed']
[2025-07-21T17:13:44.224+0000] {taskinstance.py:1406} INFO - Marking task as SUCCESS. dag_id=trans_dag_26, task_id=decide_path, execution_date=20231208T000000, start_date=20250721T171343, end_date=20250721T171344
[2025-07-21T17:13:44.259+0000] {local_task_job.py:164} INFO - Task exited with return code 0
[2025-07-21T17:13:44.309+0000] {local_task_job.py:273} INFO - 1 downstream tasks scheduled from follow-on schedule check
