[2025-07-21T17:35:50.957+0000] {taskinstance.py:1165} INFO - Dependencies all met for <TaskInstance: trans_dag_26.transform scheduled__2024-01-29T00:00:00+00:00 [queued]>
[2025-07-21T17:35:50.974+0000] {taskinstance.py:1165} INFO - Dependencies all met for <TaskInstance: trans_dag_26.transform scheduled__2024-01-29T00:00:00+00:00 [queued]>
[2025-07-21T17:35:50.975+0000] {taskinstance.py:1362} INFO - 
--------------------------------------------------------------------------------
[2025-07-21T17:35:50.976+0000] {taskinstance.py:1363} INFO - Starting attempt 1 of 2
[2025-07-21T17:35:50.976+0000] {taskinstance.py:1364} INFO - 
--------------------------------------------------------------------------------
[2025-07-21T17:35:51.001+0000] {taskinstance.py:1383} INFO - Executing <Task(_PythonDecoratedOperator): transform> on 2024-01-29 00:00:00+00:00
[2025-07-21T17:35:51.018+0000] {standard_task_runner.py:55} INFO - Started process 72276 to run task
[2025-07-21T17:35:51.025+0000] {standard_task_runner.py:82} INFO - Running: ['***', 'tasks', 'run', 'trans_dag_26', 'transform', 'scheduled__2024-01-29T00:00:00+00:00', '--job-id', '8579', '--raw', '--subdir', 'DAGS_FOLDER/trans_dag.py', '--cfg-path', '/tmp/tmpk3ahymrg']
[2025-07-21T17:35:51.030+0000] {standard_task_runner.py:83} INFO - Job 8579: Subtask transform
[2025-07-21T17:35:51.179+0000] {task_command.py:376} INFO - Running <TaskInstance: trans_dag_26.transform scheduled__2024-01-29T00:00:00+00:00 [running]> on host 77e451e90f2e
[2025-07-21T17:35:51.332+0000] {taskinstance.py:1592} INFO - Exporting the following env vars:
AIRFLOW_CTX_DAG_OWNER=***
AIRFLOW_CTX_DAG_ID=trans_dag_26
AIRFLOW_CTX_TASK_ID=transform
AIRFLOW_CTX_EXECUTION_DATE=2024-01-29T00:00:00+00:00
AIRFLOW_CTX_TRY_NUMBER=1
AIRFLOW_CTX_DAG_RUN_ID=scheduled__2024-01-29T00:00:00+00:00
[2025-07-21T17:35:55.765+0000] {python.py:177} INFO - Done. Returned value was: /tmp/transformed.csv
[2025-07-21T17:35:55.837+0000] {taskinstance.py:1406} INFO - Marking task as SUCCESS. dag_id=trans_dag_26, task_id=transform, execution_date=20240129T000000, start_date=20250721T173550, end_date=20250721T173555
[2025-07-21T17:35:56.151+0000] {local_task_job.py:164} INFO - Task exited with return code 0
[2025-07-21T17:35:56.241+0000] {local_task_job.py:273} INFO - 1 downstream tasks scheduled from follow-on schedule check
