[2025-07-21T18:01:13.485+0000] {taskinstance.py:1165} INFO - Dependencies all met for <TaskInstance: trans_dag_26.transform scheduled__2024-07-03T00:00:00+00:00 [queued]>
[2025-07-21T18:01:13.503+0000] {taskinstance.py:1165} INFO - Dependencies all met for <TaskInstance: trans_dag_26.transform scheduled__2024-07-03T00:00:00+00:00 [queued]>
[2025-07-21T18:01:13.504+0000] {taskinstance.py:1362} INFO - 
--------------------------------------------------------------------------------
[2025-07-21T18:01:13.505+0000] {taskinstance.py:1363} INFO - Starting attempt 1 of 2
[2025-07-21T18:01:13.506+0000] {taskinstance.py:1364} INFO - 
--------------------------------------------------------------------------------
[2025-07-21T18:01:13.531+0000] {taskinstance.py:1383} INFO - Executing <Task(_PythonDecoratedOperator): transform> on 2024-07-03 00:00:00+00:00
[2025-07-21T18:01:13.540+0000] {standard_task_runner.py:55} INFO - Started process 77840 to run task
[2025-07-21T18:01:13.547+0000] {standard_task_runner.py:82} INFO - Running: ['***', 'tasks', 'run', 'trans_dag_26', 'transform', 'scheduled__2024-07-03T00:00:00+00:00', '--job-id', '9581', '--raw', '--subdir', 'DAGS_FOLDER/trans_dag.py', '--cfg-path', '/tmp/tmpclx7dr57']
[2025-07-21T18:01:13.551+0000] {standard_task_runner.py:83} INFO - Job 9581: Subtask transform
[2025-07-21T18:01:13.719+0000] {task_command.py:376} INFO - Running <TaskInstance: trans_dag_26.transform scheduled__2024-07-03T00:00:00+00:00 [running]> on host 77e451e90f2e
[2025-07-21T18:01:13.845+0000] {taskinstance.py:1592} INFO - Exporting the following env vars:
AIRFLOW_CTX_DAG_OWNER=***
AIRFLOW_CTX_DAG_ID=trans_dag_26
AIRFLOW_CTX_TASK_ID=transform
AIRFLOW_CTX_EXECUTION_DATE=2024-07-03T00:00:00+00:00
AIRFLOW_CTX_TRY_NUMBER=1
AIRFLOW_CTX_DAG_RUN_ID=scheduled__2024-07-03T00:00:00+00:00
[2025-07-21T18:01:16.344+0000] {python.py:177} INFO - Done. Returned value was: /tmp/transformed.csv
[2025-07-21T18:01:16.371+0000] {taskinstance.py:1406} INFO - Marking task as SUCCESS. dag_id=trans_dag_26, task_id=transform, execution_date=20240703T000000, start_date=20250721T180113, end_date=20250721T180116
[2025-07-21T18:01:16.446+0000] {local_task_job.py:164} INFO - Task exited with return code 0
[2025-07-21T18:01:16.500+0000] {local_task_job.py:273} INFO - 1 downstream tasks scheduled from follow-on schedule check
