[2025-07-21T18:14:18.818+0000] {taskinstance.py:1165} INFO - Dependencies all met for <TaskInstance: trans_dag_26.data_quality_check scheduled__2024-10-05T00:00:00+00:00 [queued]>
[2025-07-21T18:14:18.829+0000] {taskinstance.py:1165} INFO - Dependencies all met for <TaskInstance: trans_dag_26.data_quality_check scheduled__2024-10-05T00:00:00+00:00 [queued]>
[2025-07-21T18:14:18.830+0000] {taskinstance.py:1362} INFO - 
--------------------------------------------------------------------------------
[2025-07-21T18:14:18.831+0000] {taskinstance.py:1363} INFO - Starting attempt 1 of 2
[2025-07-21T18:14:18.831+0000] {taskinstance.py:1364} INFO - 
--------------------------------------------------------------------------------
[2025-07-21T18:14:18.845+0000] {taskinstance.py:1383} INFO - Executing <Task(_PythonDecoratedOperator): data_quality_check> on 2024-10-05 00:00:00+00:00
[2025-07-21T18:14:18.851+0000] {standard_task_runner.py:55} INFO - Started process 80753 to run task
[2025-07-21T18:14:18.855+0000] {standard_task_runner.py:82} INFO - Running: ['***', 'tasks', 'run', 'trans_dag_26', 'data_quality_check', 'scheduled__2024-10-05T00:00:00+00:00', '--job-id', '10122', '--raw', '--subdir', 'DAGS_FOLDER/trans_dag.py', '--cfg-path', '/tmp/tmptawj4teg']
[2025-07-21T18:14:18.858+0000] {standard_task_runner.py:83} INFO - Job 10122: Subtask data_quality_check
[2025-07-21T18:14:18.942+0000] {task_command.py:376} INFO - Running <TaskInstance: trans_dag_26.data_quality_check scheduled__2024-10-05T00:00:00+00:00 [running]> on host 77e451e90f2e
[2025-07-21T18:14:19.026+0000] {taskinstance.py:1592} INFO - Exporting the following env vars:
AIRFLOW_CTX_DAG_OWNER=***
AIRFLOW_CTX_DAG_ID=trans_dag_26
AIRFLOW_CTX_TASK_ID=data_quality_check
AIRFLOW_CTX_EXECUTION_DATE=2024-10-05T00:00:00+00:00
AIRFLOW_CTX_TRY_NUMBER=1
AIRFLOW_CTX_DAG_RUN_ID=scheduled__2024-10-05T00:00:00+00:00
[2025-07-21T18:14:19.262+0000] {python.py:177} INFO - Done. Returned value was: {'is_valid': True, 'file_path': '/tmp/transformed.csv'}
[2025-07-21T18:14:19.282+0000] {taskinstance.py:1406} INFO - Marking task as SUCCESS. dag_id=trans_dag_26, task_id=data_quality_check, execution_date=20241005T000000, start_date=20250721T181418, end_date=20250721T181419
[2025-07-21T18:14:19.308+0000] {local_task_job.py:164} INFO - Task exited with return code 0
[2025-07-21T18:14:19.335+0000] {local_task_job.py:273} INFO - 1 downstream tasks scheduled from follow-on schedule check
