[2025-07-21T22:58:33.659+0000] {taskinstance.py:1165} INFO - Dependencies all met for <TaskInstance: trans_dag_26.data_quality_check scheduled__2025-06-16T00:00:00+00:00 [queued]>
[2025-07-21T22:58:33.670+0000] {taskinstance.py:1165} INFO - Dependencies all met for <TaskInstance: trans_dag_26.data_quality_check scheduled__2025-06-16T00:00:00+00:00 [queued]>
[2025-07-21T22:58:33.670+0000] {taskinstance.py:1362} INFO - 
--------------------------------------------------------------------------------
[2025-07-21T22:58:33.671+0000] {taskinstance.py:1363} INFO - Starting attempt 1 of 2
[2025-07-21T22:58:33.671+0000] {taskinstance.py:1364} INFO - 
--------------------------------------------------------------------------------
[2025-07-21T22:58:33.685+0000] {taskinstance.py:1383} INFO - Executing <Task(_PythonDecoratedOperator): data_quality_check> on 2025-06-16 00:00:00+00:00
[2025-07-21T22:58:33.694+0000] {standard_task_runner.py:55} INFO - Started process 89918 to run task
[2025-07-21T22:58:33.700+0000] {standard_task_runner.py:82} INFO - Running: ['***', 'tasks', 'run', 'trans_dag_26', 'data_quality_check', 'scheduled__2025-06-16T00:00:00+00:00', '--job-id', '11723', '--raw', '--subdir', 'DAGS_FOLDER/trans_dag.py', '--cfg-path', '/tmp/tmpmtn8fplq']
[2025-07-21T22:58:33.704+0000] {standard_task_runner.py:83} INFO - Job 11723: Subtask data_quality_check
[2025-07-21T22:58:33.803+0000] {task_command.py:376} INFO - Running <TaskInstance: trans_dag_26.data_quality_check scheduled__2025-06-16T00:00:00+00:00 [running]> on host 77e451e90f2e
[2025-07-21T22:58:33.910+0000] {taskinstance.py:1592} INFO - Exporting the following env vars:
AIRFLOW_CTX_DAG_OWNER=***
AIRFLOW_CTX_DAG_ID=trans_dag_26
AIRFLOW_CTX_TASK_ID=data_quality_check
AIRFLOW_CTX_EXECUTION_DATE=2025-06-16T00:00:00+00:00
AIRFLOW_CTX_TRY_NUMBER=1
AIRFLOW_CTX_DAG_RUN_ID=scheduled__2025-06-16T00:00:00+00:00
[2025-07-21T22:58:34.183+0000] {python.py:177} INFO - Done. Returned value was: {'is_valid': True, 'file_path': '/tmp/transformed.csv'}
[2025-07-21T22:58:34.212+0000] {taskinstance.py:1406} INFO - Marking task as SUCCESS. dag_id=trans_dag_26, task_id=data_quality_check, execution_date=20250616T000000, start_date=20250721T225833, end_date=20250721T225834
[2025-07-21T22:58:34.315+0000] {local_task_job.py:164} INFO - Task exited with return code 0
[2025-07-21T22:58:34.357+0000] {local_task_job.py:273} INFO - 1 downstream tasks scheduled from follow-on schedule check
