[2025-07-21T18:30:12.264+0000] {taskinstance.py:1165} INFO - Dependencies all met for <TaskInstance: trans_dag_26.file_location scheduled__2025-01-07T00:00:00+00:00 [queued]>
[2025-07-21T18:30:12.301+0000] {taskinstance.py:1165} INFO - Dependencies all met for <TaskInstance: trans_dag_26.file_location scheduled__2025-01-07T00:00:00+00:00 [queued]>
[2025-07-21T18:30:12.303+0000] {taskinstance.py:1362} INFO - 
--------------------------------------------------------------------------------
[2025-07-21T18:30:12.304+0000] {taskinstance.py:1363} INFO - Starting attempt 1 of 2
[2025-07-21T18:30:12.305+0000] {taskinstance.py:1364} INFO - 
--------------------------------------------------------------------------------
[2025-07-21T18:30:12.351+0000] {taskinstance.py:1383} INFO - Executing <Task(_PythonDecoratedOperator): file_location> on 2025-01-07 00:00:00+00:00
[2025-07-21T18:30:12.369+0000] {standard_task_runner.py:55} INFO - Started process 84377 to run task
[2025-07-21T18:30:12.382+0000] {standard_task_runner.py:82} INFO - Running: ['***', 'tasks', 'run', 'trans_dag_26', 'file_location', 'scheduled__2025-01-07T00:00:00+00:00', '--job-id', '10778', '--raw', '--subdir', 'DAGS_FOLDER/trans_dag.py', '--cfg-path', '/tmp/tmp3nyfncma']
[2025-07-21T18:30:12.388+0000] {standard_task_runner.py:83} INFO - Job 10778: Subtask file_location
[2025-07-21T18:30:12.626+0000] {task_command.py:376} INFO - Running <TaskInstance: trans_dag_26.file_location scheduled__2025-01-07T00:00:00+00:00 [running]> on host 77e451e90f2e
[2025-07-21T18:30:12.816+0000] {taskinstance.py:1592} INFO - Exporting the following env vars:
AIRFLOW_CTX_DAG_OWNER=***
AIRFLOW_CTX_DAG_ID=trans_dag_26
AIRFLOW_CTX_TASK_ID=file_location
AIRFLOW_CTX_EXECUTION_DATE=2025-01-07T00:00:00+00:00
AIRFLOW_CTX_TRY_NUMBER=1
AIRFLOW_CTX_DAG_RUN_ID=scheduled__2025-01-07T00:00:00+00:00
[2025-07-21T18:30:12.840+0000] {python.py:177} INFO - Done. Returned value was: /tmp/transformed.csv
[2025-07-21T18:30:12.908+0000] {taskinstance.py:1406} INFO - Marking task as SUCCESS. dag_id=trans_dag_26, task_id=file_location, execution_date=20250107T000000, start_date=20250721T183012, end_date=20250721T183012
[2025-07-21T18:30:12.993+0000] {local_task_job.py:164} INFO - Task exited with return code 0
[2025-07-21T18:30:13.068+0000] {local_task_job.py:273} INFO - 1 downstream tasks scheduled from follow-on schedule check
