[2025-07-21T18:14:23.414+0000] {taskinstance.py:1165} INFO - Dependencies all met for <TaskInstance: trans_dag_26.data_quality_check scheduled__2024-10-06T00:00:00+00:00 [queued]>
[2025-07-21T18:14:23.424+0000] {taskinstance.py:1165} INFO - Dependencies all met for <TaskInstance: trans_dag_26.data_quality_check scheduled__2024-10-06T00:00:00+00:00 [queued]>
[2025-07-21T18:14:23.424+0000] {taskinstance.py:1362} INFO - 
--------------------------------------------------------------------------------
[2025-07-21T18:14:23.425+0000] {taskinstance.py:1363} INFO - Starting attempt 1 of 2
[2025-07-21T18:14:23.426+0000] {taskinstance.py:1364} INFO - 
--------------------------------------------------------------------------------
[2025-07-21T18:14:23.439+0000] {taskinstance.py:1383} INFO - Executing <Task(_PythonDecoratedOperator): data_quality_check> on 2024-10-06 00:00:00+00:00
[2025-07-21T18:14:23.445+0000] {standard_task_runner.py:55} INFO - Started process 80776 to run task
[2025-07-21T18:14:23.448+0000] {standard_task_runner.py:82} INFO - Running: ['***', 'tasks', 'run', 'trans_dag_26', 'data_quality_check', 'scheduled__2024-10-06T00:00:00+00:00', '--job-id', '10127', '--raw', '--subdir', 'DAGS_FOLDER/trans_dag.py', '--cfg-path', '/tmp/tmp0v65z38n']
[2025-07-21T18:14:23.451+0000] {standard_task_runner.py:83} INFO - Job 10127: Subtask data_quality_check
[2025-07-21T18:14:23.527+0000] {task_command.py:376} INFO - Running <TaskInstance: trans_dag_26.data_quality_check scheduled__2024-10-06T00:00:00+00:00 [running]> on host 77e451e90f2e
[2025-07-21T18:14:23.597+0000] {taskinstance.py:1592} INFO - Exporting the following env vars:
AIRFLOW_CTX_DAG_OWNER=***
AIRFLOW_CTX_DAG_ID=trans_dag_26
AIRFLOW_CTX_TASK_ID=data_quality_check
AIRFLOW_CTX_EXECUTION_DATE=2024-10-06T00:00:00+00:00
AIRFLOW_CTX_TRY_NUMBER=1
AIRFLOW_CTX_DAG_RUN_ID=scheduled__2024-10-06T00:00:00+00:00
[2025-07-21T18:14:23.806+0000] {python.py:177} INFO - Done. Returned value was: {'is_valid': True, 'file_path': '/tmp/transformed.csv'}
[2025-07-21T18:14:23.835+0000] {taskinstance.py:1406} INFO - Marking task as SUCCESS. dag_id=trans_dag_26, task_id=data_quality_check, execution_date=20241006T000000, start_date=20250721T181423, end_date=20250721T181423
[2025-07-21T18:14:23.862+0000] {local_task_job.py:164} INFO - Task exited with return code 0
[2025-07-21T18:14:23.897+0000] {local_task_job.py:273} INFO - 1 downstream tasks scheduled from follow-on schedule check
