[2025-07-21T22:55:16.578+0000] {taskinstance.py:1165} INFO - Dependencies all met for <TaskInstance: trans_dag_26.file_location scheduled__2025-06-02T00:00:00+00:00 [queued]>
[2025-07-21T22:55:16.593+0000] {taskinstance.py:1165} INFO - Dependencies all met for <TaskInstance: trans_dag_26.file_location scheduled__2025-06-02T00:00:00+00:00 [queued]>
[2025-07-21T22:55:16.593+0000] {taskinstance.py:1362} INFO - 
--------------------------------------------------------------------------------
[2025-07-21T22:55:16.594+0000] {taskinstance.py:1363} INFO - Starting attempt 1 of 2
[2025-07-21T22:55:16.595+0000] {taskinstance.py:1364} INFO - 
--------------------------------------------------------------------------------
[2025-07-21T22:55:16.609+0000] {taskinstance.py:1383} INFO - Executing <Task(_PythonDecoratedOperator): file_location> on 2025-06-02 00:00:00+00:00
[2025-07-21T22:55:16.619+0000] {standard_task_runner.py:55} INFO - Started process 89286 to run task
[2025-07-21T22:55:16.624+0000] {standard_task_runner.py:82} INFO - Running: ['***', 'tasks', 'run', 'trans_dag_26', 'file_location', 'scheduled__2025-06-02T00:00:00+00:00', '--job-id', '11628', '--raw', '--subdir', 'DAGS_FOLDER/trans_dag.py', '--cfg-path', '/tmp/tmpeqnxufpu']
[2025-07-21T22:55:16.627+0000] {standard_task_runner.py:83} INFO - Job 11628: Subtask file_location
[2025-07-21T22:55:16.722+0000] {task_command.py:376} INFO - Running <TaskInstance: trans_dag_26.file_location scheduled__2025-06-02T00:00:00+00:00 [running]> on host 77e451e90f2e
[2025-07-21T22:55:16.798+0000] {taskinstance.py:1592} INFO - Exporting the following env vars:
AIRFLOW_CTX_DAG_OWNER=***
AIRFLOW_CTX_DAG_ID=trans_dag_26
AIRFLOW_CTX_TASK_ID=file_location
AIRFLOW_CTX_EXECUTION_DATE=2025-06-02T00:00:00+00:00
AIRFLOW_CTX_TRY_NUMBER=1
AIRFLOW_CTX_DAG_RUN_ID=scheduled__2025-06-02T00:00:00+00:00
[2025-07-21T22:55:16.818+0000] {python.py:177} INFO - Done. Returned value was: /tmp/transformed.csv
[2025-07-21T22:55:16.857+0000] {taskinstance.py:1406} INFO - Marking task as SUCCESS. dag_id=trans_dag_26, task_id=file_location, execution_date=20250602T000000, start_date=20250721T225516, end_date=20250721T225516
[2025-07-21T22:55:16.917+0000] {local_task_job.py:164} INFO - Task exited with return code 0
[2025-07-21T22:55:16.945+0000] {local_task_job.py:273} INFO - 1 downstream tasks scheduled from follow-on schedule check
