[2025-07-21T17:44:29.604+0000] {taskinstance.py:1165} INFO - Dependencies all met for <TaskInstance: trans_dag_26.file_location scheduled__2024-03-21T00:00:00+00:00 [queued]>
[2025-07-21T17:44:29.625+0000] {taskinstance.py:1165} INFO - Dependencies all met for <TaskInstance: trans_dag_26.file_location scheduled__2024-03-21T00:00:00+00:00 [queued]>
[2025-07-21T17:44:29.626+0000] {taskinstance.py:1362} INFO - 
--------------------------------------------------------------------------------
[2025-07-21T17:44:29.627+0000] {taskinstance.py:1363} INFO - Starting attempt 1 of 2
[2025-07-21T17:44:29.627+0000] {taskinstance.py:1364} INFO - 
--------------------------------------------------------------------------------
[2025-07-21T17:44:29.650+0000] {taskinstance.py:1383} INFO - Executing <Task(_PythonDecoratedOperator): file_location> on 2024-03-21 00:00:00+00:00
[2025-07-21T17:44:29.661+0000] {standard_task_runner.py:55} INFO - Started process 74197 to run task
[2025-07-21T17:44:29.669+0000] {standard_task_runner.py:82} INFO - Running: ['***', 'tasks', 'run', 'trans_dag_26', 'file_location', 'scheduled__2024-03-21T00:00:00+00:00', '--job-id', '8928', '--raw', '--subdir', 'DAGS_FOLDER/trans_dag.py', '--cfg-path', '/tmp/tmpk8fws2i8']
[2025-07-21T17:44:29.673+0000] {standard_task_runner.py:83} INFO - Job 8928: Subtask file_location
[2025-07-21T17:44:29.812+0000] {task_command.py:376} INFO - Running <TaskInstance: trans_dag_26.file_location scheduled__2024-03-21T00:00:00+00:00 [running]> on host 77e451e90f2e
[2025-07-21T17:44:29.966+0000] {taskinstance.py:1592} INFO - Exporting the following env vars:
AIRFLOW_CTX_DAG_OWNER=***
AIRFLOW_CTX_DAG_ID=trans_dag_26
AIRFLOW_CTX_TASK_ID=file_location
AIRFLOW_CTX_EXECUTION_DATE=2024-03-21T00:00:00+00:00
AIRFLOW_CTX_TRY_NUMBER=1
AIRFLOW_CTX_DAG_RUN_ID=scheduled__2024-03-21T00:00:00+00:00
[2025-07-21T17:44:29.991+0000] {python.py:177} INFO - Done. Returned value was: /tmp/transformed.csv
[2025-07-21T17:44:30.046+0000] {taskinstance.py:1406} INFO - Marking task as SUCCESS. dag_id=trans_dag_26, task_id=file_location, execution_date=20240321T000000, start_date=20250721T174429, end_date=20250721T174430
[2025-07-21T17:44:30.121+0000] {local_task_job.py:164} INFO - Task exited with return code 0
[2025-07-21T17:44:30.224+0000] {local_task_job.py:273} INFO - 0 downstream tasks scheduled from follow-on schedule check
