[2025-07-21T17:08:35.696+0000] {taskinstance.py:1165} INFO - Dependencies all met for <TaskInstance: trans_dag_26.transform scheduled__2023-11-03T00:00:00+00:00 [queued]>
[2025-07-21T17:08:35.724+0000] {taskinstance.py:1165} INFO - Dependencies all met for <TaskInstance: trans_dag_26.transform scheduled__2023-11-03T00:00:00+00:00 [queued]>
[2025-07-21T17:08:35.725+0000] {taskinstance.py:1362} INFO - 
--------------------------------------------------------------------------------
[2025-07-21T17:08:35.727+0000] {taskinstance.py:1363} INFO - Starting attempt 1 of 2
[2025-07-21T17:08:35.727+0000] {taskinstance.py:1364} INFO - 
--------------------------------------------------------------------------------
[2025-07-21T17:08:35.815+0000] {taskinstance.py:1383} INFO - Executing <Task(_PythonDecoratedOperator): transform> on 2023-11-03 00:00:00+00:00
[2025-07-21T17:08:35.856+0000] {standard_task_runner.py:55} INFO - Started process 68788 to run task
[2025-07-21T17:08:35.866+0000] {standard_task_runner.py:82} INFO - Running: ['***', 'tasks', 'run', 'trans_dag_26', 'transform', 'scheduled__2023-11-03T00:00:00+00:00', '--job-id', '8064', '--raw', '--subdir', 'DAGS_FOLDER/trans_dag.py', '--cfg-path', '/tmp/tmpbm__fz65']
[2025-07-21T17:08:35.872+0000] {standard_task_runner.py:83} INFO - Job 8064: Subtask transform
[2025-07-21T17:08:36.083+0000] {task_command.py:376} INFO - Running <TaskInstance: trans_dag_26.transform scheduled__2023-11-03T00:00:00+00:00 [running]> on host 77e451e90f2e
[2025-07-21T17:08:36.291+0000] {taskinstance.py:1592} INFO - Exporting the following env vars:
AIRFLOW_CTX_DAG_OWNER=***
AIRFLOW_CTX_DAG_ID=trans_dag_26
AIRFLOW_CTX_TASK_ID=transform
AIRFLOW_CTX_EXECUTION_DATE=2023-11-03T00:00:00+00:00
AIRFLOW_CTX_TRY_NUMBER=1
AIRFLOW_CTX_DAG_RUN_ID=scheduled__2023-11-03T00:00:00+00:00
[2025-07-21T17:08:41.108+0000] {python.py:177} INFO - Done. Returned value was: /tmp/transformed.csv
[2025-07-21T17:08:41.170+0000] {taskinstance.py:1406} INFO - Marking task as SUCCESS. dag_id=trans_dag_26, task_id=transform, execution_date=20231103T000000, start_date=20250721T170835, end_date=20250721T170841
[2025-07-21T17:08:41.267+0000] {local_task_job.py:164} INFO - Task exited with return code 0
[2025-07-21T17:08:41.336+0000] {local_task_job.py:273} INFO - 1 downstream tasks scheduled from follow-on schedule check
