[2025-07-21T17:45:35.861+0000] {taskinstance.py:1165} INFO - Dependencies all met for <TaskInstance: trans_dag_26.decide_path scheduled__2024-03-28T00:00:00+00:00 [queued]>
[2025-07-21T17:45:35.899+0000] {taskinstance.py:1165} INFO - Dependencies all met for <TaskInstance: trans_dag_26.decide_path scheduled__2024-03-28T00:00:00+00:00 [queued]>
[2025-07-21T17:45:35.900+0000] {taskinstance.py:1362} INFO - 
--------------------------------------------------------------------------------
[2025-07-21T17:45:35.903+0000] {taskinstance.py:1363} INFO - Starting attempt 1 of 2
[2025-07-21T17:45:35.904+0000] {taskinstance.py:1364} INFO - 
--------------------------------------------------------------------------------
[2025-07-21T17:45:36.314+0000] {taskinstance.py:1383} INFO - Executing <Task(_BranchPythonDecoratedOperator): decide_path> on 2024-03-28 00:00:00+00:00
[2025-07-21T17:45:36.339+0000] {standard_task_runner.py:55} INFO - Started process 74481 to run task
[2025-07-21T17:45:36.349+0000] {standard_task_runner.py:82} INFO - Running: ['***', 'tasks', 'run', 'trans_dag_26', 'decide_path', 'scheduled__2024-03-28T00:00:00+00:00', '--job-id', '8973', '--raw', '--subdir', 'DAGS_FOLDER/trans_dag.py', '--cfg-path', '/tmp/tmpq96gz2ov']
[2025-07-21T17:45:36.355+0000] {standard_task_runner.py:83} INFO - Job 8973: Subtask decide_path
[2025-07-21T17:45:36.643+0000] {task_command.py:376} INFO - Running <TaskInstance: trans_dag_26.decide_path scheduled__2024-03-28T00:00:00+00:00 [running]> on host 77e451e90f2e
[2025-07-21T17:45:36.899+0000] {taskinstance.py:1592} INFO - Exporting the following env vars:
AIRFLOW_CTX_DAG_OWNER=***
AIRFLOW_CTX_DAG_ID=trans_dag_26
AIRFLOW_CTX_TASK_ID=decide_path
AIRFLOW_CTX_EXECUTION_DATE=2024-03-28T00:00:00+00:00
AIRFLOW_CTX_TRY_NUMBER=1
AIRFLOW_CTX_DAG_RUN_ID=scheduled__2024-03-28T00:00:00+00:00
[2025-07-21T17:45:36.904+0000] {python.py:177} INFO - Done. Returned value was: file_location
[2025-07-21T17:45:36.905+0000] {skipmixin.py:155} INFO - Following branch file_location
[2025-07-21T17:45:36.907+0000] {skipmixin.py:190} INFO - Skipping tasks ['data_quality_check_failed']
[2025-07-21T17:45:37.061+0000] {taskinstance.py:1406} INFO - Marking task as SUCCESS. dag_id=trans_dag_26, task_id=decide_path, execution_date=20240328T000000, start_date=20250721T174535, end_date=20250721T174537
[2025-07-21T17:45:37.130+0000] {local_task_job.py:164} INFO - Task exited with return code 0
[2025-07-21T17:45:37.276+0000] {local_task_job.py:273} INFO - 1 downstream tasks scheduled from follow-on schedule check
