[2025-07-21T17:26:29.467+0000] {taskinstance.py:1165} INFO - Dependencies all met for <TaskInstance: trans_dag_26.decide_path scheduled__2023-12-31T00:00:00+00:00 [queued]>
[2025-07-21T17:26:29.500+0000] {taskinstance.py:1165} INFO - Dependencies all met for <TaskInstance: trans_dag_26.decide_path scheduled__2023-12-31T00:00:00+00:00 [queued]>
[2025-07-21T17:26:29.501+0000] {taskinstance.py:1362} INFO - 
--------------------------------------------------------------------------------
[2025-07-21T17:26:29.503+0000] {taskinstance.py:1363} INFO - Starting attempt 1 of 2
[2025-07-21T17:26:29.504+0000] {taskinstance.py:1364} INFO - 
--------------------------------------------------------------------------------
[2025-07-21T17:26:29.544+0000] {taskinstance.py:1383} INFO - Executing <Task(_BranchPythonDecoratedOperator): decide_path> on 2023-12-31 00:00:00+00:00
[2025-07-21T17:26:29.557+0000] {standard_task_runner.py:55} INFO - Started process 71187 to run task
[2025-07-21T17:26:29.573+0000] {standard_task_runner.py:82} INFO - Running: ['***', 'tasks', 'run', 'trans_dag_26', 'decide_path', 'scheduled__2023-12-31T00:00:00+00:00', '--job-id', '8432', '--raw', '--subdir', 'DAGS_FOLDER/trans_dag.py', '--cfg-path', '/tmp/tmpocef5q0f']
[2025-07-21T17:26:29.581+0000] {standard_task_runner.py:83} INFO - Job 8432: Subtask decide_path
[2025-07-21T17:26:29.819+0000] {task_command.py:376} INFO - Running <TaskInstance: trans_dag_26.decide_path scheduled__2023-12-31T00:00:00+00:00 [running]> on host 77e451e90f2e
[2025-07-21T17:26:30.085+0000] {taskinstance.py:1592} INFO - Exporting the following env vars:
AIRFLOW_CTX_DAG_OWNER=***
AIRFLOW_CTX_DAG_ID=trans_dag_26
AIRFLOW_CTX_TASK_ID=decide_path
AIRFLOW_CTX_EXECUTION_DATE=2023-12-31T00:00:00+00:00
AIRFLOW_CTX_TRY_NUMBER=1
AIRFLOW_CTX_DAG_RUN_ID=scheduled__2023-12-31T00:00:00+00:00
[2025-07-21T17:26:30.090+0000] {python.py:177} INFO - Done. Returned value was: file_location
[2025-07-21T17:26:30.092+0000] {skipmixin.py:155} INFO - Following branch file_location
[2025-07-21T17:26:30.094+0000] {skipmixin.py:190} INFO - Skipping tasks ['data_quality_check_failed']
[2025-07-21T17:26:30.227+0000] {taskinstance.py:1406} INFO - Marking task as SUCCESS. dag_id=trans_dag_26, task_id=decide_path, execution_date=20231231T000000, start_date=20250721T172629, end_date=20250721T172630
[2025-07-21T17:26:30.303+0000] {local_task_job.py:164} INFO - Task exited with return code 0
[2025-07-21T17:26:30.403+0000] {local_task_job.py:273} INFO - 1 downstream tasks scheduled from follow-on schedule check
