[2025-07-21T17:14:18.287+0000] {taskinstance.py:1165} INFO - Dependencies all met for <TaskInstance: trans_dag_26.file_location scheduled__2023-12-09T00:00:00+00:00 [queued]>
[2025-07-21T17:14:18.310+0000] {taskinstance.py:1165} INFO - Dependencies all met for <TaskInstance: trans_dag_26.file_location scheduled__2023-12-09T00:00:00+00:00 [queued]>
[2025-07-21T17:14:18.311+0000] {taskinstance.py:1362} INFO - 
--------------------------------------------------------------------------------
[2025-07-21T17:14:18.313+0000] {taskinstance.py:1363} INFO - Starting attempt 1 of 2
[2025-07-21T17:14:18.313+0000] {taskinstance.py:1364} INFO - 
--------------------------------------------------------------------------------
[2025-07-21T17:14:18.339+0000] {taskinstance.py:1383} INFO - Executing <Task(_PythonDecoratedOperator): file_location> on 2023-12-09 00:00:00+00:00
[2025-07-21T17:14:18.353+0000] {standard_task_runner.py:55} INFO - Started process 69888 to run task
[2025-07-21T17:14:18.361+0000] {standard_task_runner.py:82} INFO - Running: ['***', 'tasks', 'run', 'trans_dag_26', 'file_location', 'scheduled__2023-12-09T00:00:00+00:00', '--job-id', '8264', '--raw', '--subdir', 'DAGS_FOLDER/trans_dag.py', '--cfg-path', '/tmp/tmpsuhn03z2']
[2025-07-21T17:14:18.365+0000] {standard_task_runner.py:83} INFO - Job 8264: Subtask file_location
[2025-07-21T17:14:18.556+0000] {task_command.py:376} INFO - Running <TaskInstance: trans_dag_26.file_location scheduled__2023-12-09T00:00:00+00:00 [running]> on host 77e451e90f2e
[2025-07-21T17:14:18.665+0000] {taskinstance.py:1592} INFO - Exporting the following env vars:
AIRFLOW_CTX_DAG_OWNER=***
AIRFLOW_CTX_DAG_ID=trans_dag_26
AIRFLOW_CTX_TASK_ID=file_location
AIRFLOW_CTX_EXECUTION_DATE=2023-12-09T00:00:00+00:00
AIRFLOW_CTX_TRY_NUMBER=1
AIRFLOW_CTX_DAG_RUN_ID=scheduled__2023-12-09T00:00:00+00:00
[2025-07-21T17:14:18.679+0000] {python.py:177} INFO - Done. Returned value was: /tmp/transformed.csv
[2025-07-21T17:14:18.721+0000] {taskinstance.py:1406} INFO - Marking task as SUCCESS. dag_id=trans_dag_26, task_id=file_location, execution_date=20231209T000000, start_date=20250721T171418, end_date=20250721T171418
[2025-07-21T17:14:18.774+0000] {local_task_job.py:164} INFO - Task exited with return code 0
[2025-07-21T17:14:18.865+0000] {local_task_job.py:273} INFO - 0 downstream tasks scheduled from follow-on schedule check
