[2025-07-21T17:42:38.307+0000] {taskinstance.py:1165} INFO - Dependencies all met for <TaskInstance: trans_dag_26.transform scheduled__2024-03-06T00:00:00+00:00 [queued]>
[2025-07-21T17:42:38.322+0000] {taskinstance.py:1165} INFO - Dependencies all met for <TaskInstance: trans_dag_26.transform scheduled__2024-03-06T00:00:00+00:00 [queued]>
[2025-07-21T17:42:38.322+0000] {taskinstance.py:1362} INFO - 
--------------------------------------------------------------------------------
[2025-07-21T17:42:38.323+0000] {taskinstance.py:1363} INFO - Starting attempt 1 of 2
[2025-07-21T17:42:38.324+0000] {taskinstance.py:1364} INFO - 
--------------------------------------------------------------------------------
[2025-07-21T17:42:38.345+0000] {taskinstance.py:1383} INFO - Executing <Task(_PythonDecoratedOperator): transform> on 2024-03-06 00:00:00+00:00
[2025-07-21T17:42:38.355+0000] {standard_task_runner.py:55} INFO - Started process 73762 to run task
[2025-07-21T17:42:38.361+0000] {standard_task_runner.py:82} INFO - Running: ['***', 'tasks', 'run', 'trans_dag_26', 'transform', 'scheduled__2024-03-06T00:00:00+00:00', '--job-id', '8838', '--raw', '--subdir', 'DAGS_FOLDER/trans_dag.py', '--cfg-path', '/tmp/tmp8sq_gbjs']
[2025-07-21T17:42:38.365+0000] {standard_task_runner.py:83} INFO - Job 8838: Subtask transform
[2025-07-21T17:42:38.477+0000] {task_command.py:376} INFO - Running <TaskInstance: trans_dag_26.transform scheduled__2024-03-06T00:00:00+00:00 [running]> on host 77e451e90f2e
[2025-07-21T17:42:38.579+0000] {taskinstance.py:1592} INFO - Exporting the following env vars:
AIRFLOW_CTX_DAG_OWNER=***
AIRFLOW_CTX_DAG_ID=trans_dag_26
AIRFLOW_CTX_TASK_ID=transform
AIRFLOW_CTX_EXECUTION_DATE=2024-03-06T00:00:00+00:00
AIRFLOW_CTX_TRY_NUMBER=1
AIRFLOW_CTX_DAG_RUN_ID=scheduled__2024-03-06T00:00:00+00:00
[2025-07-21T17:42:40.919+0000] {python.py:177} INFO - Done. Returned value was: /tmp/transformed.csv
[2025-07-21T17:42:40.948+0000] {taskinstance.py:1406} INFO - Marking task as SUCCESS. dag_id=trans_dag_26, task_id=transform, execution_date=20240306T000000, start_date=20250721T174238, end_date=20250721T174240
[2025-07-21T17:42:40.985+0000] {local_task_job.py:164} INFO - Task exited with return code 0
[2025-07-21T17:42:41.024+0000] {local_task_job.py:273} INFO - 1 downstream tasks scheduled from follow-on schedule check
