[2025-07-21T17:06:37.557+0000] {taskinstance.py:1165} INFO - Dependencies all met for <TaskInstance: trans_dag_26.file_location manual__2025-07-21T17:05:44.762786+00:00 [queued]>
[2025-07-21T17:06:37.578+0000] {taskinstance.py:1165} INFO - Dependencies all met for <TaskInstance: trans_dag_26.file_location manual__2025-07-21T17:05:44.762786+00:00 [queued]>
[2025-07-21T17:06:37.579+0000] {taskinstance.py:1362} INFO - 
--------------------------------------------------------------------------------
[2025-07-21T17:06:37.580+0000] {taskinstance.py:1363} INFO - Starting attempt 1 of 2
[2025-07-21T17:06:37.580+0000] {taskinstance.py:1364} INFO - 
--------------------------------------------------------------------------------
[2025-07-21T17:06:37.592+0000] {taskinstance.py:1383} INFO - Executing <Task(_PythonDecoratedOperator): file_location> on 2025-07-21 17:05:44.762786+00:00
[2025-07-21T17:06:37.600+0000] {standard_task_runner.py:55} INFO - Started process 68463 to run task
[2025-07-21T17:06:37.604+0000] {standard_task_runner.py:82} INFO - Running: ['***', 'tasks', 'run', 'trans_dag_26', 'file_location', 'manual__2025-07-21T17:05:44.762786+00:00', '--job-id', '8017', '--raw', '--subdir', 'DAGS_FOLDER/trans_dag.py', '--cfg-path', '/tmp/tmpklxyex73']
[2025-07-21T17:06:37.615+0000] {standard_task_runner.py:83} INFO - Job 8017: Subtask file_location
[2025-07-21T17:06:37.724+0000] {task_command.py:376} INFO - Running <TaskInstance: trans_dag_26.file_location manual__2025-07-21T17:05:44.762786+00:00 [running]> on host 77e451e90f2e
[2025-07-21T17:06:37.799+0000] {taskinstance.py:1592} INFO - Exporting the following env vars:
AIRFLOW_CTX_DAG_OWNER=***
AIRFLOW_CTX_DAG_ID=trans_dag_26
AIRFLOW_CTX_TASK_ID=file_location
AIRFLOW_CTX_EXECUTION_DATE=2025-07-21T17:05:44.762786+00:00
AIRFLOW_CTX_TRY_NUMBER=1
AIRFLOW_CTX_DAG_RUN_ID=manual__2025-07-21T17:05:44.762786+00:00
[2025-07-21T17:06:37.813+0000] {python.py:177} INFO - Done. Returned value was: /tmp/transformed.csv
[2025-07-21T17:06:37.837+0000] {taskinstance.py:1406} INFO - Marking task as SUCCESS. dag_id=trans_dag_26, task_id=file_location, execution_date=20250721T170544, start_date=20250721T170637, end_date=20250721T170637
[2025-07-21T17:06:37.857+0000] {local_task_job.py:164} INFO - Task exited with return code 0
[2025-07-21T17:06:37.894+0000] {local_task_job.py:273} INFO - 1 downstream tasks scheduled from follow-on schedule check
