[2025-07-21T17:43:47.470+0000] {taskinstance.py:1165} INFO - Dependencies all met for <TaskInstance: trans_dag_26.transform scheduled__2024-03-08T00:00:00+00:00 [queued]>
[2025-07-21T17:43:47.490+0000] {taskinstance.py:1165} INFO - Dependencies all met for <TaskInstance: trans_dag_26.transform scheduled__2024-03-08T00:00:00+00:00 [queued]>
[2025-07-21T17:43:47.490+0000] {taskinstance.py:1362} INFO - 
--------------------------------------------------------------------------------
[2025-07-21T17:43:47.492+0000] {taskinstance.py:1363} INFO - Starting attempt 1 of 2
[2025-07-21T17:43:47.493+0000] {taskinstance.py:1364} INFO - 
--------------------------------------------------------------------------------
[2025-07-21T17:43:47.516+0000] {taskinstance.py:1383} INFO - Executing <Task(_PythonDecoratedOperator): transform> on 2024-03-08 00:00:00+00:00
[2025-07-21T17:43:47.527+0000] {standard_task_runner.py:55} INFO - Started process 73876 to run task
[2025-07-21T17:43:47.533+0000] {standard_task_runner.py:82} INFO - Running: ['***', 'tasks', 'run', 'trans_dag_26', 'transform', 'scheduled__2024-03-08T00:00:00+00:00', '--job-id', '8853', '--raw', '--subdir', 'DAGS_FOLDER/trans_dag.py', '--cfg-path', '/tmp/tmp5oqwljxd']
[2025-07-21T17:43:47.536+0000] {standard_task_runner.py:83} INFO - Job 8853: Subtask transform
[2025-07-21T17:43:47.698+0000] {task_command.py:376} INFO - Running <TaskInstance: trans_dag_26.transform scheduled__2024-03-08T00:00:00+00:00 [running]> on host 77e451e90f2e
[2025-07-21T17:43:47.814+0000] {taskinstance.py:1592} INFO - Exporting the following env vars:
AIRFLOW_CTX_DAG_OWNER=***
AIRFLOW_CTX_DAG_ID=trans_dag_26
AIRFLOW_CTX_TASK_ID=transform
AIRFLOW_CTX_EXECUTION_DATE=2024-03-08T00:00:00+00:00
AIRFLOW_CTX_TRY_NUMBER=1
AIRFLOW_CTX_DAG_RUN_ID=scheduled__2024-03-08T00:00:00+00:00
[2025-07-21T17:43:50.383+0000] {python.py:177} INFO - Done. Returned value was: /tmp/transformed.csv
[2025-07-21T17:43:50.409+0000] {taskinstance.py:1406} INFO - Marking task as SUCCESS. dag_id=trans_dag_26, task_id=transform, execution_date=20240308T000000, start_date=20250721T174347, end_date=20250721T174350
[2025-07-21T17:43:50.438+0000] {local_task_job.py:164} INFO - Task exited with return code 0
[2025-07-21T17:43:50.478+0000] {local_task_job.py:273} INFO - 1 downstream tasks scheduled from follow-on schedule check
