[2025-07-21T18:28:33.782+0000] {taskinstance.py:1165} INFO - Dependencies all met for <TaskInstance: trans_dag_26.data_quality_check scheduled__2024-12-31T00:00:00+00:00 [queued]>
[2025-07-21T18:28:33.821+0000] {taskinstance.py:1165} INFO - Dependencies all met for <TaskInstance: trans_dag_26.data_quality_check scheduled__2024-12-31T00:00:00+00:00 [queued]>
[2025-07-21T18:28:33.826+0000] {taskinstance.py:1362} INFO - 
--------------------------------------------------------------------------------
[2025-07-21T18:28:33.829+0000] {taskinstance.py:1363} INFO - Starting attempt 1 of 2
[2025-07-21T18:28:33.833+0000] {taskinstance.py:1364} INFO - 
--------------------------------------------------------------------------------
[2025-07-21T18:28:33.910+0000] {taskinstance.py:1383} INFO - Executing <Task(_PythonDecoratedOperator): data_quality_check> on 2024-12-31 00:00:00+00:00
[2025-07-21T18:28:33.945+0000] {standard_task_runner.py:55} INFO - Started process 83844 to run task
[2025-07-21T18:28:33.967+0000] {standard_task_runner.py:82} INFO - Running: ['***', 'tasks', 'run', 'trans_dag_26', 'data_quality_check', 'scheduled__2024-12-31T00:00:00+00:00', '--job-id', '10669', '--raw', '--subdir', 'DAGS_FOLDER/trans_dag.py', '--cfg-path', '/tmp/tmp7z_71ydb']
[2025-07-21T18:28:33.980+0000] {standard_task_runner.py:83} INFO - Job 10669: Subtask data_quality_check
[2025-07-21T18:28:34.344+0000] {task_command.py:376} INFO - Running <TaskInstance: trans_dag_26.data_quality_check scheduled__2024-12-31T00:00:00+00:00 [running]> on host 77e451e90f2e
[2025-07-21T18:28:34.822+0000] {taskinstance.py:1592} INFO - Exporting the following env vars:
AIRFLOW_CTX_DAG_OWNER=***
AIRFLOW_CTX_DAG_ID=trans_dag_26
AIRFLOW_CTX_TASK_ID=data_quality_check
AIRFLOW_CTX_EXECUTION_DATE=2024-12-31T00:00:00+00:00
AIRFLOW_CTX_TRY_NUMBER=1
AIRFLOW_CTX_DAG_RUN_ID=scheduled__2024-12-31T00:00:00+00:00
[2025-07-21T18:28:35.862+0000] {python.py:177} INFO - Done. Returned value was: {'is_valid': True, 'file_path': '/tmp/transformed.csv'}
[2025-07-21T18:28:35.979+0000] {taskinstance.py:1406} INFO - Marking task as SUCCESS. dag_id=trans_dag_26, task_id=data_quality_check, execution_date=20241231T000000, start_date=20250721T182833, end_date=20250721T182835
[2025-07-21T18:28:36.070+0000] {local_task_job.py:164} INFO - Task exited with return code 0
[2025-07-21T18:28:36.193+0000] {local_task_job.py:273} INFO - 1 downstream tasks scheduled from follow-on schedule check
