[2025-07-21T18:18:16.980+0000] {taskinstance.py:1165} INFO - Dependencies all met for <TaskInstance: trans_dag_26.data_quality_check scheduled__2024-10-22T00:00:00+00:00 [queued]>
[2025-07-21T18:18:17.000+0000] {taskinstance.py:1165} INFO - Dependencies all met for <TaskInstance: trans_dag_26.data_quality_check scheduled__2024-10-22T00:00:00+00:00 [queued]>
[2025-07-21T18:18:17.001+0000] {taskinstance.py:1362} INFO - 
--------------------------------------------------------------------------------
[2025-07-21T18:18:17.002+0000] {taskinstance.py:1363} INFO - Starting attempt 1 of 2
[2025-07-21T18:18:17.004+0000] {taskinstance.py:1364} INFO - 
--------------------------------------------------------------------------------
[2025-07-21T18:18:17.026+0000] {taskinstance.py:1383} INFO - Executing <Task(_PythonDecoratedOperator): data_quality_check> on 2024-10-22 00:00:00+00:00
[2025-07-21T18:18:17.036+0000] {standard_task_runner.py:55} INFO - Started process 81390 to run task
[2025-07-21T18:18:17.044+0000] {standard_task_runner.py:82} INFO - Running: ['***', 'tasks', 'run', 'trans_dag_26', 'data_quality_check', 'scheduled__2024-10-22T00:00:00+00:00', '--job-id', '10220', '--raw', '--subdir', 'DAGS_FOLDER/trans_dag.py', '--cfg-path', '/tmp/tmpte_3qnrd']
[2025-07-21T18:18:17.048+0000] {standard_task_runner.py:83} INFO - Job 10220: Subtask data_quality_check
[2025-07-21T18:18:17.184+0000] {task_command.py:376} INFO - Running <TaskInstance: trans_dag_26.data_quality_check scheduled__2024-10-22T00:00:00+00:00 [running]> on host 77e451e90f2e
[2025-07-21T18:18:17.330+0000] {taskinstance.py:1592} INFO - Exporting the following env vars:
AIRFLOW_CTX_DAG_OWNER=***
AIRFLOW_CTX_DAG_ID=trans_dag_26
AIRFLOW_CTX_TASK_ID=data_quality_check
AIRFLOW_CTX_EXECUTION_DATE=2024-10-22T00:00:00+00:00
AIRFLOW_CTX_TRY_NUMBER=1
AIRFLOW_CTX_DAG_RUN_ID=scheduled__2024-10-22T00:00:00+00:00
[2025-07-21T18:18:17.718+0000] {python.py:177} INFO - Done. Returned value was: {'is_valid': True, 'file_path': '/tmp/transformed.csv'}
[2025-07-21T18:18:17.762+0000] {taskinstance.py:1406} INFO - Marking task as SUCCESS. dag_id=trans_dag_26, task_id=data_quality_check, execution_date=20241022T000000, start_date=20250721T181816, end_date=20250721T181817
[2025-07-21T18:18:17.816+0000] {local_task_job.py:164} INFO - Task exited with return code 0
[2025-07-21T18:18:17.866+0000] {local_task_job.py:273} INFO - 1 downstream tasks scheduled from follow-on schedule check
