[2025-07-21T23:53:14.756+0000] {taskinstance.py:1165} INFO - Dependencies all met for <TaskInstance: trans_dag_26.transform scheduled__2025-06-30T00:00:00+00:00 [queued]>
[2025-07-21T23:53:14.794+0000] {taskinstance.py:1165} INFO - Dependencies all met for <TaskInstance: trans_dag_26.transform scheduled__2025-06-30T00:00:00+00:00 [queued]>
[2025-07-21T23:53:14.795+0000] {taskinstance.py:1362} INFO - 
--------------------------------------------------------------------------------
[2025-07-21T23:53:14.797+0000] {taskinstance.py:1363} INFO - Starting attempt 1 of 2
[2025-07-21T23:53:14.797+0000] {taskinstance.py:1364} INFO - 
--------------------------------------------------------------------------------
[2025-07-21T23:53:14.892+0000] {taskinstance.py:1383} INFO - Executing <Task(_PythonDecoratedOperator): transform> on 2025-06-30 00:00:00+00:00
[2025-07-21T23:53:14.914+0000] {standard_task_runner.py:55} INFO - Started process 90272 to run task
[2025-07-21T23:53:14.935+0000] {standard_task_runner.py:82} INFO - Running: ['***', 'tasks', 'run', 'trans_dag_26', 'transform', 'scheduled__2025-06-30T00:00:00+00:00', '--job-id', '11779', '--raw', '--subdir', 'DAGS_FOLDER/trans_dag.py', '--cfg-path', '/tmp/tmpz4ydqscb']
[2025-07-21T23:53:14.946+0000] {standard_task_runner.py:83} INFO - Job 11779: Subtask transform
[2025-07-21T23:53:15.226+0000] {task_command.py:376} INFO - Running <TaskInstance: trans_dag_26.transform scheduled__2025-06-30T00:00:00+00:00 [running]> on host 77e451e90f2e
[2025-07-21T23:53:15.452+0000] {taskinstance.py:1592} INFO - Exporting the following env vars:
AIRFLOW_CTX_DAG_OWNER=***
AIRFLOW_CTX_DAG_ID=trans_dag_26
AIRFLOW_CTX_TASK_ID=transform
AIRFLOW_CTX_EXECUTION_DATE=2025-06-30T00:00:00+00:00
AIRFLOW_CTX_TRY_NUMBER=1
AIRFLOW_CTX_DAG_RUN_ID=scheduled__2025-06-30T00:00:00+00:00
[2025-07-21T23:53:18.807+0000] {python.py:177} INFO - Done. Returned value was: /tmp/transformed.csv
[2025-07-21T23:53:18.851+0000] {taskinstance.py:1406} INFO - Marking task as SUCCESS. dag_id=trans_dag_26, task_id=transform, execution_date=20250630T000000, start_date=20250721T235314, end_date=20250721T235318
[2025-07-21T23:53:18.934+0000] {local_task_job.py:164} INFO - Task exited with return code 0
[2025-07-21T23:53:19.284+0000] {local_task_job.py:273} INFO - 0 downstream tasks scheduled from follow-on schedule check
