[2025-07-21T17:08:10.898+0000] {taskinstance.py:1165} INFO - Dependencies all met for <TaskInstance: trans_dag_26.extract scheduled__2023-11-04T00:00:00+00:00 [queued]>
[2025-07-21T17:08:10.909+0000] {taskinstance.py:1165} INFO - Dependencies all met for <TaskInstance: trans_dag_26.extract scheduled__2023-11-04T00:00:00+00:00 [queued]>
[2025-07-21T17:08:10.909+0000] {taskinstance.py:1362} INFO - 
--------------------------------------------------------------------------------
[2025-07-21T17:08:10.910+0000] {taskinstance.py:1363} INFO - Starting attempt 2 of 2
[2025-07-21T17:08:10.911+0000] {taskinstance.py:1364} INFO - 
--------------------------------------------------------------------------------
[2025-07-21T17:08:10.927+0000] {taskinstance.py:1383} INFO - Executing <Task(_PythonDecoratedOperator): extract> on 2023-11-04 00:00:00+00:00
[2025-07-21T17:08:10.935+0000] {standard_task_runner.py:55} INFO - Started process 68610 to run task
[2025-07-21T17:08:10.940+0000] {standard_task_runner.py:82} INFO - Running: ['***', 'tasks', 'run', 'trans_dag_26', 'extract', 'scheduled__2023-11-04T00:00:00+00:00', '--job-id', '8033', '--raw', '--subdir', 'DAGS_FOLDER/trans_dag.py', '--cfg-path', '/tmp/tmp2rui1nzz']
[2025-07-21T17:08:10.942+0000] {standard_task_runner.py:83} INFO - Job 8033: Subtask extract
[2025-07-21T17:08:11.038+0000] {task_command.py:376} INFO - Running <TaskInstance: trans_dag_26.extract scheduled__2023-11-04T00:00:00+00:00 [running]> on host 77e451e90f2e
[2025-07-21T17:08:11.119+0000] {taskinstance.py:1592} INFO - Exporting the following env vars:
AIRFLOW_CTX_DAG_OWNER=***
AIRFLOW_CTX_DAG_ID=trans_dag_26
AIRFLOW_CTX_TASK_ID=extract
AIRFLOW_CTX_EXECUTION_DATE=2023-11-04T00:00:00+00:00
AIRFLOW_CTX_TRY_NUMBER=2
AIRFLOW_CTX_DAG_RUN_ID=scheduled__2023-11-04T00:00:00+00:00
[2025-07-21T17:08:11.131+0000] {base.py:71} INFO - Using connection ID 'aws-connect' for task execution.
[2025-07-21T17:08:11.132+0000] {connection_wrapper.py:303} INFO - AWS Connection (conn_id='aws-connect', conn_type='aws') credentials retrieved from login and password.
[2025-07-21T17:08:16.634+0000] {python.py:177} INFO - Done. Returned value was: /tmp/mymani.csv
[2025-07-21T17:08:16.720+0000] {taskinstance.py:1406} INFO - Marking task as SUCCESS. dag_id=trans_dag_26, task_id=extract, execution_date=20231104T000000, start_date=20250721T170810, end_date=20250721T170816
[2025-07-21T17:08:17.296+0000] {local_task_job.py:164} INFO - Task exited with return code 0
[2025-07-21T17:08:17.385+0000] {local_task_job.py:273} INFO - 1 downstream tasks scheduled from follow-on schedule check
