[2025-07-21T17:08:46.663+0000] {taskinstance.py:1165} INFO - Dependencies all met for <TaskInstance: trans_dag_26.data_quality_check scheduled__2023-11-17T00:00:00+00:00 [queued]>
[2025-07-21T17:08:46.682+0000] {taskinstance.py:1165} INFO - Dependencies all met for <TaskInstance: trans_dag_26.data_quality_check scheduled__2023-11-17T00:00:00+00:00 [queued]>
[2025-07-21T17:08:46.683+0000] {taskinstance.py:1362} INFO - 
--------------------------------------------------------------------------------
[2025-07-21T17:08:46.685+0000] {taskinstance.py:1363} INFO - Starting attempt 1 of 2
[2025-07-21T17:08:46.685+0000] {taskinstance.py:1364} INFO - 
--------------------------------------------------------------------------------
[2025-07-21T17:08:46.706+0000] {taskinstance.py:1383} INFO - Executing <Task(_PythonDecoratedOperator): data_quality_check> on 2023-11-17 00:00:00+00:00
[2025-07-21T17:08:46.716+0000] {standard_task_runner.py:55} INFO - Started process 68858 to run task
[2025-07-21T17:08:46.722+0000] {standard_task_runner.py:82} INFO - Running: ['***', 'tasks', 'run', 'trans_dag_26', 'data_quality_check', 'scheduled__2023-11-17T00:00:00+00:00', '--job-id', '8087', '--raw', '--subdir', 'DAGS_FOLDER/trans_dag.py', '--cfg-path', '/tmp/tmp3_o7zhbz']
[2025-07-21T17:08:46.725+0000] {standard_task_runner.py:83} INFO - Job 8087: Subtask data_quality_check
[2025-07-21T17:08:46.843+0000] {task_command.py:376} INFO - Running <TaskInstance: trans_dag_26.data_quality_check scheduled__2023-11-17T00:00:00+00:00 [running]> on host 77e451e90f2e
[2025-07-21T17:08:46.956+0000] {taskinstance.py:1592} INFO - Exporting the following env vars:
AIRFLOW_CTX_DAG_OWNER=***
AIRFLOW_CTX_DAG_ID=trans_dag_26
AIRFLOW_CTX_TASK_ID=data_quality_check
AIRFLOW_CTX_EXECUTION_DATE=2023-11-17T00:00:00+00:00
AIRFLOW_CTX_TRY_NUMBER=1
AIRFLOW_CTX_DAG_RUN_ID=scheduled__2023-11-17T00:00:00+00:00
[2025-07-21T17:08:47.238+0000] {python.py:177} INFO - Done. Returned value was: {'is_valid': True, 'file_path': '/tmp/transformed.csv'}
[2025-07-21T17:08:47.283+0000] {taskinstance.py:1406} INFO - Marking task as SUCCESS. dag_id=trans_dag_26, task_id=data_quality_check, execution_date=20231117T000000, start_date=20250721T170846, end_date=20250721T170847
[2025-07-21T17:08:47.336+0000] {local_task_job.py:164} INFO - Task exited with return code 0
[2025-07-21T17:08:47.423+0000] {local_task_job.py:273} INFO - 1 downstream tasks scheduled from follow-on schedule check
