[2025-07-21T17:10:59.425+0000] {taskinstance.py:1165} INFO - Dependencies all met for <TaskInstance: trans_dag_26.transform scheduled__2023-11-25T00:00:00+00:00 [queued]>
[2025-07-21T17:10:59.439+0000] {taskinstance.py:1165} INFO - Dependencies all met for <TaskInstance: trans_dag_26.transform scheduled__2023-11-25T00:00:00+00:00 [queued]>
[2025-07-21T17:10:59.440+0000] {taskinstance.py:1362} INFO - 
--------------------------------------------------------------------------------
[2025-07-21T17:10:59.441+0000] {taskinstance.py:1363} INFO - Starting attempt 1 of 2
[2025-07-21T17:10:59.441+0000] {taskinstance.py:1364} INFO - 
--------------------------------------------------------------------------------
[2025-07-21T17:10:59.458+0000] {taskinstance.py:1383} INFO - Executing <Task(_PythonDecoratedOperator): transform> on 2023-11-25 00:00:00+00:00
[2025-07-21T17:10:59.470+0000] {standard_task_runner.py:55} INFO - Started process 69374 to run task
[2025-07-21T17:10:59.476+0000] {standard_task_runner.py:82} INFO - Running: ['***', 'tasks', 'run', 'trans_dag_26', 'transform', 'scheduled__2023-11-25T00:00:00+00:00', '--job-id', '8177', '--raw', '--subdir', 'DAGS_FOLDER/trans_dag.py', '--cfg-path', '/tmp/tmpgs33nbbd']
[2025-07-21T17:10:59.479+0000] {standard_task_runner.py:83} INFO - Job 8177: Subtask transform
[2025-07-21T17:10:59.573+0000] {task_command.py:376} INFO - Running <TaskInstance: trans_dag_26.transform scheduled__2023-11-25T00:00:00+00:00 [running]> on host 77e451e90f2e
[2025-07-21T17:10:59.679+0000] {taskinstance.py:1592} INFO - Exporting the following env vars:
AIRFLOW_CTX_DAG_OWNER=***
AIRFLOW_CTX_DAG_ID=trans_dag_26
AIRFLOW_CTX_TASK_ID=transform
AIRFLOW_CTX_EXECUTION_DATE=2023-11-25T00:00:00+00:00
AIRFLOW_CTX_TRY_NUMBER=1
AIRFLOW_CTX_DAG_RUN_ID=scheduled__2023-11-25T00:00:00+00:00
[2025-07-21T17:11:01.636+0000] {python.py:177} INFO - Done. Returned value was: /tmp/transformed.csv
[2025-07-21T17:11:01.659+0000] {taskinstance.py:1406} INFO - Marking task as SUCCESS. dag_id=trans_dag_26, task_id=transform, execution_date=20231125T000000, start_date=20250721T171059, end_date=20250721T171101
[2025-07-21T17:11:01.694+0000] {local_task_job.py:164} INFO - Task exited with return code 0
[2025-07-21T17:11:01.789+0000] {local_task_job.py:273} INFO - 0 downstream tasks scheduled from follow-on schedule check
