[2025-07-21T18:11:42.573+0000] {taskinstance.py:1165} INFO - Dependencies all met for <TaskInstance: trans_dag_26.transform scheduled__2024-09-16T00:00:00+00:00 [queued]>
[2025-07-21T18:11:42.601+0000] {taskinstance.py:1165} INFO - Dependencies all met for <TaskInstance: trans_dag_26.transform scheduled__2024-09-16T00:00:00+00:00 [queued]>
[2025-07-21T18:11:42.603+0000] {taskinstance.py:1362} INFO - 
--------------------------------------------------------------------------------
[2025-07-21T18:11:42.604+0000] {taskinstance.py:1363} INFO - Starting attempt 1 of 2
[2025-07-21T18:11:42.605+0000] {taskinstance.py:1364} INFO - 
--------------------------------------------------------------------------------
[2025-07-21T18:11:42.635+0000] {taskinstance.py:1383} INFO - Executing <Task(_PythonDecoratedOperator): transform> on 2024-09-16 00:00:00+00:00
[2025-07-21T18:11:42.651+0000] {standard_task_runner.py:55} INFO - Started process 79889 to run task
[2025-07-21T18:11:42.661+0000] {standard_task_runner.py:82} INFO - Running: ['***', 'tasks', 'run', 'trans_dag_26', 'transform', 'scheduled__2024-09-16T00:00:00+00:00', '--job-id', '9949', '--raw', '--subdir', 'DAGS_FOLDER/trans_dag.py', '--cfg-path', '/tmp/tmpkgun7hnc']
[2025-07-21T18:11:42.666+0000] {standard_task_runner.py:83} INFO - Job 9949: Subtask transform
[2025-07-21T18:11:42.850+0000] {task_command.py:376} INFO - Running <TaskInstance: trans_dag_26.transform scheduled__2024-09-16T00:00:00+00:00 [running]> on host 77e451e90f2e
[2025-07-21T18:11:43.044+0000] {taskinstance.py:1592} INFO - Exporting the following env vars:
AIRFLOW_CTX_DAG_OWNER=***
AIRFLOW_CTX_DAG_ID=trans_dag_26
AIRFLOW_CTX_TASK_ID=transform
AIRFLOW_CTX_EXECUTION_DATE=2024-09-16T00:00:00+00:00
AIRFLOW_CTX_TRY_NUMBER=1
AIRFLOW_CTX_DAG_RUN_ID=scheduled__2024-09-16T00:00:00+00:00
[2025-07-21T18:11:48.115+0000] {python.py:177} INFO - Done. Returned value was: /tmp/transformed.csv
[2025-07-21T18:11:48.176+0000] {taskinstance.py:1406} INFO - Marking task as SUCCESS. dag_id=trans_dag_26, task_id=transform, execution_date=20240916T000000, start_date=20250721T181142, end_date=20250721T181148
[2025-07-21T18:11:48.277+0000] {local_task_job.py:164} INFO - Task exited with return code 0
[2025-07-21T18:11:48.586+0000] {local_task_job.py:273} INFO - 0 downstream tasks scheduled from follow-on schedule check
