[2025-07-21T17:51:43.944+0000] {taskinstance.py:1165} INFO - Dependencies all met for <TaskInstance: trans_dag_26.extract scheduled__2024-05-03T00:00:00+00:00 [queued]>
[2025-07-21T17:51:43.955+0000] {taskinstance.py:1165} INFO - Dependencies all met for <TaskInstance: trans_dag_26.extract scheduled__2024-05-03T00:00:00+00:00 [queued]>
[2025-07-21T17:51:43.955+0000] {taskinstance.py:1362} INFO - 
--------------------------------------------------------------------------------
[2025-07-21T17:51:43.956+0000] {taskinstance.py:1363} INFO - Starting attempt 2 of 2
[2025-07-21T17:51:43.956+0000] {taskinstance.py:1364} INFO - 
--------------------------------------------------------------------------------
[2025-07-21T17:51:43.972+0000] {taskinstance.py:1383} INFO - Executing <Task(_PythonDecoratedOperator): extract> on 2024-05-03 00:00:00+00:00
[2025-07-21T17:51:43.980+0000] {standard_task_runner.py:55} INFO - Started process 75829 to run task
[2025-07-21T17:51:43.985+0000] {standard_task_runner.py:82} INFO - Running: ['***', 'tasks', 'run', 'trans_dag_26', 'extract', 'scheduled__2024-05-03T00:00:00+00:00', '--job-id', '9222', '--raw', '--subdir', 'DAGS_FOLDER/trans_dag.py', '--cfg-path', '/tmp/tmpmuh9kx2p']
[2025-07-21T17:51:43.987+0000] {standard_task_runner.py:83} INFO - Job 9222: Subtask extract
[2025-07-21T17:51:44.106+0000] {task_command.py:376} INFO - Running <TaskInstance: trans_dag_26.extract scheduled__2024-05-03T00:00:00+00:00 [running]> on host 77e451e90f2e
[2025-07-21T17:51:44.198+0000] {taskinstance.py:1592} INFO - Exporting the following env vars:
AIRFLOW_CTX_DAG_OWNER=***
AIRFLOW_CTX_DAG_ID=trans_dag_26
AIRFLOW_CTX_TASK_ID=extract
AIRFLOW_CTX_EXECUTION_DATE=2024-05-03T00:00:00+00:00
AIRFLOW_CTX_TRY_NUMBER=2
AIRFLOW_CTX_DAG_RUN_ID=scheduled__2024-05-03T00:00:00+00:00
[2025-07-21T17:51:44.212+0000] {base.py:71} INFO - Using connection ID 'aws-connect' for task execution.
[2025-07-21T17:51:44.213+0000] {connection_wrapper.py:303} INFO - AWS Connection (conn_id='aws-connect', conn_type='aws') credentials retrieved from login and password.
[2025-07-21T17:51:48.140+0000] {python.py:177} INFO - Done. Returned value was: /tmp/mymani.csv
[2025-07-21T17:51:48.208+0000] {taskinstance.py:1406} INFO - Marking task as SUCCESS. dag_id=trans_dag_26, task_id=extract, execution_date=20240503T000000, start_date=20250721T175143, end_date=20250721T175148
[2025-07-21T17:51:48.295+0000] {local_task_job.py:164} INFO - Task exited with return code 0
[2025-07-21T17:51:48.361+0000] {local_task_job.py:273} INFO - 1 downstream tasks scheduled from follow-on schedule check
