[2025-07-21T22:53:29.586+0000] {taskinstance.py:1165} INFO - Dependencies all met for <TaskInstance: trans_dag_26.transform scheduled__2025-05-24T00:00:00+00:00 [queued]>
[2025-07-21T22:53:29.606+0000] {taskinstance.py:1165} INFO - Dependencies all met for <TaskInstance: trans_dag_26.transform scheduled__2025-05-24T00:00:00+00:00 [queued]>
[2025-07-21T22:53:29.607+0000] {taskinstance.py:1362} INFO - 
--------------------------------------------------------------------------------
[2025-07-21T22:53:29.608+0000] {taskinstance.py:1363} INFO - Starting attempt 1 of 2
[2025-07-21T22:53:29.609+0000] {taskinstance.py:1364} INFO - 
--------------------------------------------------------------------------------
[2025-07-21T22:53:29.633+0000] {taskinstance.py:1383} INFO - Executing <Task(_PythonDecoratedOperator): transform> on 2025-05-24 00:00:00+00:00
[2025-07-21T22:53:29.644+0000] {standard_task_runner.py:55} INFO - Started process 88896 to run task
[2025-07-21T22:53:29.650+0000] {standard_task_runner.py:82} INFO - Running: ['***', 'tasks', 'run', 'trans_dag_26', 'transform', 'scheduled__2025-05-24T00:00:00+00:00', '--job-id', '11556', '--raw', '--subdir', 'DAGS_FOLDER/trans_dag.py', '--cfg-path', '/tmp/tmpgkvcpcqx']
[2025-07-21T22:53:29.654+0000] {standard_task_runner.py:83} INFO - Job 11556: Subtask transform
[2025-07-21T22:53:29.803+0000] {task_command.py:376} INFO - Running <TaskInstance: trans_dag_26.transform scheduled__2025-05-24T00:00:00+00:00 [running]> on host 77e451e90f2e
[2025-07-21T22:53:29.955+0000] {taskinstance.py:1592} INFO - Exporting the following env vars:
AIRFLOW_CTX_DAG_OWNER=***
AIRFLOW_CTX_DAG_ID=trans_dag_26
AIRFLOW_CTX_TASK_ID=transform
AIRFLOW_CTX_EXECUTION_DATE=2025-05-24T00:00:00+00:00
AIRFLOW_CTX_TRY_NUMBER=1
AIRFLOW_CTX_DAG_RUN_ID=scheduled__2025-05-24T00:00:00+00:00
[2025-07-21T22:53:33.226+0000] {python.py:177} INFO - Done. Returned value was: /tmp/transformed.csv
[2025-07-21T22:53:33.265+0000] {taskinstance.py:1406} INFO - Marking task as SUCCESS. dag_id=trans_dag_26, task_id=transform, execution_date=20250524T000000, start_date=20250721T225329, end_date=20250721T225333
[2025-07-21T22:53:33.316+0000] {local_task_job.py:164} INFO - Task exited with return code 0
[2025-07-21T22:53:33.359+0000] {local_task_job.py:273} INFO - 1 downstream tasks scheduled from follow-on schedule check
