[2025-07-21T18:11:43.763+0000] {taskinstance.py:1165} INFO - Dependencies all met for <TaskInstance: trans_dag_26.data_quality_check scheduled__2024-09-10T00:00:00+00:00 [queued]>
[2025-07-21T18:11:43.790+0000] {taskinstance.py:1165} INFO - Dependencies all met for <TaskInstance: trans_dag_26.data_quality_check scheduled__2024-09-10T00:00:00+00:00 [queued]>
[2025-07-21T18:11:43.792+0000] {taskinstance.py:1362} INFO - 
--------------------------------------------------------------------------------
[2025-07-21T18:11:43.794+0000] {taskinstance.py:1363} INFO - Starting attempt 1 of 2
[2025-07-21T18:11:43.795+0000] {taskinstance.py:1364} INFO - 
--------------------------------------------------------------------------------
[2025-07-21T18:11:43.837+0000] {taskinstance.py:1383} INFO - Executing <Task(_PythonDecoratedOperator): data_quality_check> on 2024-09-10 00:00:00+00:00
[2025-07-21T18:11:43.860+0000] {standard_task_runner.py:55} INFO - Started process 79909 to run task
[2025-07-21T18:11:43.874+0000] {standard_task_runner.py:82} INFO - Running: ['***', 'tasks', 'run', 'trans_dag_26', 'data_quality_check', 'scheduled__2024-09-10T00:00:00+00:00', '--job-id', '9958', '--raw', '--subdir', 'DAGS_FOLDER/trans_dag.py', '--cfg-path', '/tmp/tmp3c75eeez']
[2025-07-21T18:11:43.879+0000] {standard_task_runner.py:83} INFO - Job 9958: Subtask data_quality_check
[2025-07-21T18:11:44.146+0000] {task_command.py:376} INFO - Running <TaskInstance: trans_dag_26.data_quality_check scheduled__2024-09-10T00:00:00+00:00 [running]> on host 77e451e90f2e
[2025-07-21T18:11:44.366+0000] {taskinstance.py:1592} INFO - Exporting the following env vars:
AIRFLOW_CTX_DAG_OWNER=***
AIRFLOW_CTX_DAG_ID=trans_dag_26
AIRFLOW_CTX_TASK_ID=data_quality_check
AIRFLOW_CTX_EXECUTION_DATE=2024-09-10T00:00:00+00:00
AIRFLOW_CTX_TRY_NUMBER=1
AIRFLOW_CTX_DAG_RUN_ID=scheduled__2024-09-10T00:00:00+00:00
[2025-07-21T18:11:44.418+0000] {python.py:177} INFO - Done. Returned value was: {'is_valid': True, 'file_path': '/tmp/transformed.csv'}
[2025-07-21T18:11:44.481+0000] {taskinstance.py:1406} INFO - Marking task as SUCCESS. dag_id=trans_dag_26, task_id=data_quality_check, execution_date=20240910T000000, start_date=20250721T181143, end_date=20250721T181144
[2025-07-21T18:11:44.531+0000] {local_task_job.py:164} INFO - Task exited with return code 0
[2025-07-21T18:11:44.620+0000] {local_task_job.py:273} INFO - 1 downstream tasks scheduled from follow-on schedule check
