[2025-07-21T17:41:01.067+0000] {taskinstance.py:1165} INFO - Dependencies all met for <TaskInstance: trans_dag_26.file_location scheduled__2024-02-27T00:00:00+00:00 [queued]>
[2025-07-21T17:41:01.090+0000] {taskinstance.py:1165} INFO - Dependencies all met for <TaskInstance: trans_dag_26.file_location scheduled__2024-02-27T00:00:00+00:00 [queued]>
[2025-07-21T17:41:01.091+0000] {taskinstance.py:1362} INFO - 
--------------------------------------------------------------------------------
[2025-07-21T17:41:01.092+0000] {taskinstance.py:1363} INFO - Starting attempt 1 of 2
[2025-07-21T17:41:01.093+0000] {taskinstance.py:1364} INFO - 
--------------------------------------------------------------------------------
[2025-07-21T17:41:01.121+0000] {taskinstance.py:1383} INFO - Executing <Task(_PythonDecoratedOperator): file_location> on 2024-02-27 00:00:00+00:00
[2025-07-21T17:41:01.131+0000] {standard_task_runner.py:55} INFO - Started process 73538 to run task
[2025-07-21T17:41:01.137+0000] {standard_task_runner.py:82} INFO - Running: ['***', 'tasks', 'run', 'trans_dag_26', 'file_location', 'scheduled__2024-02-27T00:00:00+00:00', '--job-id', '8804', '--raw', '--subdir', 'DAGS_FOLDER/trans_dag.py', '--cfg-path', '/tmp/tmpxeqy_zm4']
[2025-07-21T17:41:01.142+0000] {standard_task_runner.py:83} INFO - Job 8804: Subtask file_location
[2025-07-21T17:41:01.282+0000] {task_command.py:376} INFO - Running <TaskInstance: trans_dag_26.file_location scheduled__2024-02-27T00:00:00+00:00 [running]> on host 77e451e90f2e
[2025-07-21T17:41:01.406+0000] {taskinstance.py:1592} INFO - Exporting the following env vars:
AIRFLOW_CTX_DAG_OWNER=***
AIRFLOW_CTX_DAG_ID=trans_dag_26
AIRFLOW_CTX_TASK_ID=file_location
AIRFLOW_CTX_EXECUTION_DATE=2024-02-27T00:00:00+00:00
AIRFLOW_CTX_TRY_NUMBER=1
AIRFLOW_CTX_DAG_RUN_ID=scheduled__2024-02-27T00:00:00+00:00
[2025-07-21T17:41:01.426+0000] {python.py:177} INFO - Done. Returned value was: /tmp/transformed.csv
[2025-07-21T17:41:01.470+0000] {taskinstance.py:1406} INFO - Marking task as SUCCESS. dag_id=trans_dag_26, task_id=file_location, execution_date=20240227T000000, start_date=20250721T174101, end_date=20250721T174101
[2025-07-21T17:41:01.511+0000] {local_task_job.py:164} INFO - Task exited with return code 0
[2025-07-21T17:41:01.553+0000] {local_task_job.py:273} INFO - 1 downstream tasks scheduled from follow-on schedule check
