[2025-07-21T17:04:43.741+0000] {taskinstance.py:1165} INFO - Dependencies all met for <TaskInstance: trans_dag_26.data_quality_check scheduled__2023-10-23T00:00:00+00:00 [queued]>
[2025-07-21T17:04:43.755+0000] {taskinstance.py:1165} INFO - Dependencies all met for <TaskInstance: trans_dag_26.data_quality_check scheduled__2023-10-23T00:00:00+00:00 [queued]>
[2025-07-21T17:04:43.756+0000] {taskinstance.py:1362} INFO - 
--------------------------------------------------------------------------------
[2025-07-21T17:04:43.757+0000] {taskinstance.py:1363} INFO - Starting attempt 1 of 2
[2025-07-21T17:04:43.758+0000] {taskinstance.py:1364} INFO - 
--------------------------------------------------------------------------------
[2025-07-21T17:04:43.776+0000] {taskinstance.py:1383} INFO - Executing <Task(_PythonDecoratedOperator): data_quality_check> on 2023-10-23 00:00:00+00:00
[2025-07-21T17:04:43.783+0000] {standard_task_runner.py:55} INFO - Started process 68086 to run task
[2025-07-21T17:04:43.788+0000] {standard_task_runner.py:82} INFO - Running: ['***', 'tasks', 'run', 'trans_dag_26', 'data_quality_check', 'scheduled__2023-10-23T00:00:00+00:00', '--job-id', '7954', '--raw', '--subdir', 'DAGS_FOLDER/trans_dag.py', '--cfg-path', '/tmp/tmp3u53b1h5']
[2025-07-21T17:04:43.791+0000] {standard_task_runner.py:83} INFO - Job 7954: Subtask data_quality_check
[2025-07-21T17:04:43.903+0000] {task_command.py:376} INFO - Running <TaskInstance: trans_dag_26.data_quality_check scheduled__2023-10-23T00:00:00+00:00 [running]> on host 77e451e90f2e
[2025-07-21T17:04:43.998+0000] {taskinstance.py:1592} INFO - Exporting the following env vars:
AIRFLOW_CTX_DAG_OWNER=***
AIRFLOW_CTX_DAG_ID=trans_dag_26
AIRFLOW_CTX_TASK_ID=data_quality_check
AIRFLOW_CTX_EXECUTION_DATE=2023-10-23T00:00:00+00:00
AIRFLOW_CTX_TRY_NUMBER=1
AIRFLOW_CTX_DAG_RUN_ID=scheduled__2023-10-23T00:00:00+00:00
[2025-07-21T17:04:44.236+0000] {python.py:177} INFO - Done. Returned value was: {'is_valid': True, 'file_path': '/tmp/transformed.csv'}
[2025-07-21T17:04:44.263+0000] {taskinstance.py:1406} INFO - Marking task as SUCCESS. dag_id=trans_dag_26, task_id=data_quality_check, execution_date=20231023T000000, start_date=20250721T170443, end_date=20250721T170444
[2025-07-21T17:04:44.323+0000] {local_task_job.py:164} INFO - Task exited with return code 0
[2025-07-21T17:04:44.360+0000] {local_task_job.py:273} INFO - 1 downstream tasks scheduled from follow-on schedule check
