[2025-07-21T17:41:01.124+0000] {taskinstance.py:1165} INFO - Dependencies all met for <TaskInstance: trans_dag_26.file_location scheduled__2024-02-28T00:00:00+00:00 [queued]>
[2025-07-21T17:41:01.147+0000] {taskinstance.py:1165} INFO - Dependencies all met for <TaskInstance: trans_dag_26.file_location scheduled__2024-02-28T00:00:00+00:00 [queued]>
[2025-07-21T17:41:01.150+0000] {taskinstance.py:1362} INFO - 
--------------------------------------------------------------------------------
[2025-07-21T17:41:01.151+0000] {taskinstance.py:1363} INFO - Starting attempt 1 of 2
[2025-07-21T17:41:01.152+0000] {taskinstance.py:1364} INFO - 
--------------------------------------------------------------------------------
[2025-07-21T17:41:01.179+0000] {taskinstance.py:1383} INFO - Executing <Task(_PythonDecoratedOperator): file_location> on 2024-02-28 00:00:00+00:00
[2025-07-21T17:41:01.190+0000] {standard_task_runner.py:55} INFO - Started process 73541 to run task
[2025-07-21T17:41:01.195+0000] {standard_task_runner.py:82} INFO - Running: ['***', 'tasks', 'run', 'trans_dag_26', 'file_location', 'scheduled__2024-02-28T00:00:00+00:00', '--job-id', '8806', '--raw', '--subdir', 'DAGS_FOLDER/trans_dag.py', '--cfg-path', '/tmp/tmpfjay4uz7']
[2025-07-21T17:41:01.199+0000] {standard_task_runner.py:83} INFO - Job 8806: Subtask file_location
[2025-07-21T17:41:01.333+0000] {task_command.py:376} INFO - Running <TaskInstance: trans_dag_26.file_location scheduled__2024-02-28T00:00:00+00:00 [running]> on host 77e451e90f2e
[2025-07-21T17:41:01.445+0000] {taskinstance.py:1592} INFO - Exporting the following env vars:
AIRFLOW_CTX_DAG_OWNER=***
AIRFLOW_CTX_DAG_ID=trans_dag_26
AIRFLOW_CTX_TASK_ID=file_location
AIRFLOW_CTX_EXECUTION_DATE=2024-02-28T00:00:00+00:00
AIRFLOW_CTX_TRY_NUMBER=1
AIRFLOW_CTX_DAG_RUN_ID=scheduled__2024-02-28T00:00:00+00:00
[2025-07-21T17:41:01.468+0000] {python.py:177} INFO - Done. Returned value was: /tmp/transformed.csv
[2025-07-21T17:41:01.511+0000] {taskinstance.py:1406} INFO - Marking task as SUCCESS. dag_id=trans_dag_26, task_id=file_location, execution_date=20240228T000000, start_date=20250721T174101, end_date=20250721T174101
[2025-07-21T17:41:01.568+0000] {local_task_job.py:164} INFO - Task exited with return code 0
[2025-07-21T17:41:01.616+0000] {local_task_job.py:273} INFO - 1 downstream tasks scheduled from follow-on schedule check
