[2025-07-21T22:52:56.837+0000] {taskinstance.py:1165} INFO - Dependencies all met for <TaskInstance: trans_dag_26.transform scheduled__2025-05-16T00:00:00+00:00 [queued]>
[2025-07-21T22:52:56.855+0000] {taskinstance.py:1165} INFO - Dependencies all met for <TaskInstance: trans_dag_26.transform scheduled__2025-05-16T00:00:00+00:00 [queued]>
[2025-07-21T22:52:56.856+0000] {taskinstance.py:1362} INFO - 
--------------------------------------------------------------------------------
[2025-07-21T22:52:56.861+0000] {taskinstance.py:1363} INFO - Starting attempt 1 of 2
[2025-07-21T22:52:56.865+0000] {taskinstance.py:1364} INFO - 
--------------------------------------------------------------------------------
[2025-07-21T22:52:56.891+0000] {taskinstance.py:1383} INFO - Executing <Task(_PythonDecoratedOperator): transform> on 2025-05-16 00:00:00+00:00
[2025-07-21T22:52:56.922+0000] {standard_task_runner.py:55} INFO - Started process 88672 to run task
[2025-07-21T22:52:56.930+0000] {standard_task_runner.py:82} INFO - Running: ['***', 'tasks', 'run', 'trans_dag_26', 'transform', 'scheduled__2025-05-16T00:00:00+00:00', '--job-id', '11509', '--raw', '--subdir', 'DAGS_FOLDER/trans_dag.py', '--cfg-path', '/tmp/tmp3fqubqva']
[2025-07-21T22:52:56.934+0000] {standard_task_runner.py:83} INFO - Job 11509: Subtask transform
[2025-07-21T22:52:57.144+0000] {task_command.py:376} INFO - Running <TaskInstance: trans_dag_26.transform scheduled__2025-05-16T00:00:00+00:00 [running]> on host 77e451e90f2e
[2025-07-21T22:52:57.327+0000] {taskinstance.py:1592} INFO - Exporting the following env vars:
AIRFLOW_CTX_DAG_OWNER=***
AIRFLOW_CTX_DAG_ID=trans_dag_26
AIRFLOW_CTX_TASK_ID=transform
AIRFLOW_CTX_EXECUTION_DATE=2025-05-16T00:00:00+00:00
AIRFLOW_CTX_TRY_NUMBER=1
AIRFLOW_CTX_DAG_RUN_ID=scheduled__2025-05-16T00:00:00+00:00
[2025-07-21T22:53:01.404+0000] {python.py:177} INFO - Done. Returned value was: /tmp/transformed.csv
[2025-07-21T22:53:01.502+0000] {taskinstance.py:1406} INFO - Marking task as SUCCESS. dag_id=trans_dag_26, task_id=transform, execution_date=20250516T000000, start_date=20250721T225256, end_date=20250721T225301
[2025-07-21T22:53:01.657+0000] {local_task_job.py:164} INFO - Task exited with return code 0
[2025-07-21T22:53:01.710+0000] {local_task_job.py:273} INFO - 1 downstream tasks scheduled from follow-on schedule check
