[2025-07-21T22:43:40.663+0000] {taskinstance.py:1165} INFO - Dependencies all met for <TaskInstance: trans_dag_26.transform scheduled__2025-03-17T00:00:00+00:00 [queued]>
[2025-07-21T22:43:40.682+0000] {taskinstance.py:1165} INFO - Dependencies all met for <TaskInstance: trans_dag_26.transform scheduled__2025-03-17T00:00:00+00:00 [queued]>
[2025-07-21T22:43:40.682+0000] {taskinstance.py:1362} INFO - 
--------------------------------------------------------------------------------
[2025-07-21T22:43:40.683+0000] {taskinstance.py:1363} INFO - Starting attempt 2 of 2
[2025-07-21T22:43:40.684+0000] {taskinstance.py:1364} INFO - 
--------------------------------------------------------------------------------
[2025-07-21T22:43:40.706+0000] {taskinstance.py:1383} INFO - Executing <Task(_PythonDecoratedOperator): transform> on 2025-03-17 00:00:00+00:00
[2025-07-21T22:43:40.719+0000] {standard_task_runner.py:55} INFO - Started process 86777 to run task
[2025-07-21T22:43:40.726+0000] {standard_task_runner.py:82} INFO - Running: ['***', 'tasks', 'run', 'trans_dag_26', 'transform', 'scheduled__2025-03-17T00:00:00+00:00', '--job-id', '11196', '--raw', '--subdir', 'DAGS_FOLDER/trans_dag.py', '--cfg-path', '/tmp/tmps30uv2az']
[2025-07-21T22:43:40.731+0000] {standard_task_runner.py:83} INFO - Job 11196: Subtask transform
[2025-07-21T22:43:40.859+0000] {task_command.py:376} INFO - Running <TaskInstance: trans_dag_26.transform scheduled__2025-03-17T00:00:00+00:00 [running]> on host 77e451e90f2e
[2025-07-21T22:43:40.950+0000] {taskinstance.py:1592} INFO - Exporting the following env vars:
AIRFLOW_CTX_DAG_OWNER=***
AIRFLOW_CTX_DAG_ID=trans_dag_26
AIRFLOW_CTX_TASK_ID=transform
AIRFLOW_CTX_EXECUTION_DATE=2025-03-17T00:00:00+00:00
AIRFLOW_CTX_TRY_NUMBER=2
AIRFLOW_CTX_DAG_RUN_ID=scheduled__2025-03-17T00:00:00+00:00
[2025-07-21T22:43:41.636+0000] {python.py:177} INFO - Done. Returned value was: /tmp/transformed.csv
[2025-07-21T22:43:41.664+0000] {taskinstance.py:1406} INFO - Marking task as SUCCESS. dag_id=trans_dag_26, task_id=transform, execution_date=20250317T000000, start_date=20250721T224340, end_date=20250721T224341
[2025-07-21T22:43:41.700+0000] {local_task_job.py:164} INFO - Task exited with return code 0
[2025-07-21T22:43:41.743+0000] {local_task_job.py:273} INFO - 1 downstream tasks scheduled from follow-on schedule check
