[2025-07-21T22:57:10.725+0000] {taskinstance.py:1165} INFO - Dependencies all met for <TaskInstance: trans_dag_26.data_quality_check scheduled__2025-06-10T00:00:00+00:00 [queued]>
[2025-07-21T22:57:10.737+0000] {taskinstance.py:1165} INFO - Dependencies all met for <TaskInstance: trans_dag_26.data_quality_check scheduled__2025-06-10T00:00:00+00:00 [queued]>
[2025-07-21T22:57:10.737+0000] {taskinstance.py:1362} INFO - 
--------------------------------------------------------------------------------
[2025-07-21T22:57:10.738+0000] {taskinstance.py:1363} INFO - Starting attempt 1 of 2
[2025-07-21T22:57:10.739+0000] {taskinstance.py:1364} INFO - 
--------------------------------------------------------------------------------
[2025-07-21T22:57:10.754+0000] {taskinstance.py:1383} INFO - Executing <Task(_PythonDecoratedOperator): data_quality_check> on 2025-06-10 00:00:00+00:00
[2025-07-21T22:57:10.760+0000] {standard_task_runner.py:55} INFO - Started process 89589 to run task
[2025-07-21T22:57:10.765+0000] {standard_task_runner.py:82} INFO - Running: ['***', 'tasks', 'run', 'trans_dag_26', 'data_quality_check', 'scheduled__2025-06-10T00:00:00+00:00', '--job-id', '11674', '--raw', '--subdir', 'DAGS_FOLDER/trans_dag.py', '--cfg-path', '/tmp/tmpoovhu6uo']
[2025-07-21T22:57:10.769+0000] {standard_task_runner.py:83} INFO - Job 11674: Subtask data_quality_check
[2025-07-21T22:57:10.859+0000] {task_command.py:376} INFO - Running <TaskInstance: trans_dag_26.data_quality_check scheduled__2025-06-10T00:00:00+00:00 [running]> on host 77e451e90f2e
[2025-07-21T22:57:10.944+0000] {taskinstance.py:1592} INFO - Exporting the following env vars:
AIRFLOW_CTX_DAG_OWNER=***
AIRFLOW_CTX_DAG_ID=trans_dag_26
AIRFLOW_CTX_TASK_ID=data_quality_check
AIRFLOW_CTX_EXECUTION_DATE=2025-06-10T00:00:00+00:00
AIRFLOW_CTX_TRY_NUMBER=1
AIRFLOW_CTX_DAG_RUN_ID=scheduled__2025-06-10T00:00:00+00:00
[2025-07-21T22:57:11.177+0000] {python.py:177} INFO - Done. Returned value was: {'is_valid': True, 'file_path': '/tmp/transformed.csv'}
[2025-07-21T22:57:11.208+0000] {taskinstance.py:1406} INFO - Marking task as SUCCESS. dag_id=trans_dag_26, task_id=data_quality_check, execution_date=20250610T000000, start_date=20250721T225710, end_date=20250721T225711
[2025-07-21T22:57:11.257+0000] {local_task_job.py:164} INFO - Task exited with return code 0
[2025-07-21T22:57:11.307+0000] {local_task_job.py:273} INFO - 1 downstream tasks scheduled from follow-on schedule check
