[2025-07-21T18:12:44.299+0000] {taskinstance.py:1165} INFO - Dependencies all met for <TaskInstance: trans_dag_26.file_location scheduled__2024-09-04T00:00:00+00:00 [queued]>
[2025-07-21T18:12:44.327+0000] {taskinstance.py:1165} INFO - Dependencies all met for <TaskInstance: trans_dag_26.file_location scheduled__2024-09-04T00:00:00+00:00 [queued]>
[2025-07-21T18:12:44.328+0000] {taskinstance.py:1362} INFO - 
--------------------------------------------------------------------------------
[2025-07-21T18:12:44.332+0000] {taskinstance.py:1363} INFO - Starting attempt 1 of 2
[2025-07-21T18:12:44.333+0000] {taskinstance.py:1364} INFO - 
--------------------------------------------------------------------------------
[2025-07-21T18:12:44.415+0000] {taskinstance.py:1383} INFO - Executing <Task(_PythonDecoratedOperator): file_location> on 2024-09-04 00:00:00+00:00
[2025-07-21T18:12:44.429+0000] {standard_task_runner.py:55} INFO - Started process 80239 to run task
[2025-07-21T18:12:44.438+0000] {standard_task_runner.py:82} INFO - Running: ['***', 'tasks', 'run', 'trans_dag_26', 'file_location', 'scheduled__2024-09-04T00:00:00+00:00', '--job-id', '10019', '--raw', '--subdir', 'DAGS_FOLDER/trans_dag.py', '--cfg-path', '/tmp/tmpljqzq4pb']
[2025-07-21T18:12:44.443+0000] {standard_task_runner.py:83} INFO - Job 10019: Subtask file_location
[2025-07-21T18:12:44.621+0000] {task_command.py:376} INFO - Running <TaskInstance: trans_dag_26.file_location scheduled__2024-09-04T00:00:00+00:00 [running]> on host 77e451e90f2e
[2025-07-21T18:12:44.775+0000] {taskinstance.py:1592} INFO - Exporting the following env vars:
AIRFLOW_CTX_DAG_OWNER=***
AIRFLOW_CTX_DAG_ID=trans_dag_26
AIRFLOW_CTX_TASK_ID=file_location
AIRFLOW_CTX_EXECUTION_DATE=2024-09-04T00:00:00+00:00
AIRFLOW_CTX_TRY_NUMBER=1
AIRFLOW_CTX_DAG_RUN_ID=scheduled__2024-09-04T00:00:00+00:00
[2025-07-21T18:12:44.795+0000] {python.py:177} INFO - Done. Returned value was: /tmp/transformed.csv
[2025-07-21T18:12:44.842+0000] {taskinstance.py:1406} INFO - Marking task as SUCCESS. dag_id=trans_dag_26, task_id=file_location, execution_date=20240904T000000, start_date=20250721T181244, end_date=20250721T181244
[2025-07-21T18:12:44.893+0000] {local_task_job.py:164} INFO - Task exited with return code 0
[2025-07-21T18:12:44.952+0000] {local_task_job.py:273} INFO - 1 downstream tasks scheduled from follow-on schedule check
