[2025-07-21T22:48:45.224+0000] {taskinstance.py:1165} INFO - Dependencies all met for <TaskInstance: trans_dag_26.transform scheduled__2025-04-23T00:00:00+00:00 [queued]>
[2025-07-21T22:48:45.243+0000] {taskinstance.py:1165} INFO - Dependencies all met for <TaskInstance: trans_dag_26.transform scheduled__2025-04-23T00:00:00+00:00 [queued]>
[2025-07-21T22:48:45.244+0000] {taskinstance.py:1362} INFO - 
--------------------------------------------------------------------------------
[2025-07-21T22:48:45.245+0000] {taskinstance.py:1363} INFO - Starting attempt 1 of 2
[2025-07-21T22:48:45.246+0000] {taskinstance.py:1364} INFO - 
--------------------------------------------------------------------------------
[2025-07-21T22:48:45.277+0000] {taskinstance.py:1383} INFO - Executing <Task(_PythonDecoratedOperator): transform> on 2025-04-23 00:00:00+00:00
[2025-07-21T22:48:45.291+0000] {standard_task_runner.py:55} INFO - Started process 87765 to run task
[2025-07-21T22:48:45.299+0000] {standard_task_runner.py:82} INFO - Running: ['***', 'tasks', 'run', 'trans_dag_26', 'transform', 'scheduled__2025-04-23T00:00:00+00:00', '--job-id', '11360', '--raw', '--subdir', 'DAGS_FOLDER/trans_dag.py', '--cfg-path', '/tmp/tmpl1_ngi7l']
[2025-07-21T22:48:45.304+0000] {standard_task_runner.py:83} INFO - Job 11360: Subtask transform
[2025-07-21T22:48:45.476+0000] {task_command.py:376} INFO - Running <TaskInstance: trans_dag_26.transform scheduled__2025-04-23T00:00:00+00:00 [running]> on host 77e451e90f2e
[2025-07-21T22:48:45.640+0000] {taskinstance.py:1592} INFO - Exporting the following env vars:
AIRFLOW_CTX_DAG_OWNER=***
AIRFLOW_CTX_DAG_ID=trans_dag_26
AIRFLOW_CTX_TASK_ID=transform
AIRFLOW_CTX_EXECUTION_DATE=2025-04-23T00:00:00+00:00
AIRFLOW_CTX_TRY_NUMBER=1
AIRFLOW_CTX_DAG_RUN_ID=scheduled__2025-04-23T00:00:00+00:00
[2025-07-21T22:48:48.308+0000] {python.py:177} INFO - Done. Returned value was: /tmp/transformed.csv
[2025-07-21T22:48:48.340+0000] {taskinstance.py:1406} INFO - Marking task as SUCCESS. dag_id=trans_dag_26, task_id=transform, execution_date=20250423T000000, start_date=20250721T224845, end_date=20250721T224848
[2025-07-21T22:48:48.384+0000] {local_task_job.py:164} INFO - Task exited with return code 0
[2025-07-21T22:48:48.428+0000] {local_task_job.py:273} INFO - 1 downstream tasks scheduled from follow-on schedule check
