[2025-07-21T17:44:11.317+0000] {taskinstance.py:1165} INFO - Dependencies all met for <TaskInstance: trans_dag_26.transform scheduled__2024-03-18T00:00:00+00:00 [queued]>
[2025-07-21T17:44:11.364+0000] {taskinstance.py:1165} INFO - Dependencies all met for <TaskInstance: trans_dag_26.transform scheduled__2024-03-18T00:00:00+00:00 [queued]>
[2025-07-21T17:44:11.367+0000] {taskinstance.py:1362} INFO - 
--------------------------------------------------------------------------------
[2025-07-21T17:44:11.370+0000] {taskinstance.py:1363} INFO - Starting attempt 1 of 2
[2025-07-21T17:44:11.372+0000] {taskinstance.py:1364} INFO - 
--------------------------------------------------------------------------------
[2025-07-21T17:44:11.415+0000] {taskinstance.py:1383} INFO - Executing <Task(_PythonDecoratedOperator): transform> on 2024-03-18 00:00:00+00:00
[2025-07-21T17:44:11.445+0000] {standard_task_runner.py:55} INFO - Started process 74047 to run task
[2025-07-21T17:44:11.458+0000] {standard_task_runner.py:82} INFO - Running: ['***', 'tasks', 'run', 'trans_dag_26', 'transform', 'scheduled__2024-03-18T00:00:00+00:00', '--job-id', '8886', '--raw', '--subdir', 'DAGS_FOLDER/trans_dag.py', '--cfg-path', '/tmp/tmp1dx_h670']
[2025-07-21T17:44:11.465+0000] {standard_task_runner.py:83} INFO - Job 8886: Subtask transform
[2025-07-21T17:44:11.706+0000] {task_command.py:376} INFO - Running <TaskInstance: trans_dag_26.transform scheduled__2024-03-18T00:00:00+00:00 [running]> on host 77e451e90f2e
[2025-07-21T17:44:11.992+0000] {taskinstance.py:1592} INFO - Exporting the following env vars:
AIRFLOW_CTX_DAG_OWNER=***
AIRFLOW_CTX_DAG_ID=trans_dag_26
AIRFLOW_CTX_TASK_ID=transform
AIRFLOW_CTX_EXECUTION_DATE=2024-03-18T00:00:00+00:00
AIRFLOW_CTX_TRY_NUMBER=1
AIRFLOW_CTX_DAG_RUN_ID=scheduled__2024-03-18T00:00:00+00:00
[2025-07-21T17:44:14.926+0000] {python.py:177} INFO - Done. Returned value was: /tmp/transformed.csv
[2025-07-21T17:44:15.002+0000] {taskinstance.py:1406} INFO - Marking task as SUCCESS. dag_id=trans_dag_26, task_id=transform, execution_date=20240318T000000, start_date=20250721T174411, end_date=20250721T174415
[2025-07-21T17:44:15.113+0000] {local_task_job.py:164} INFO - Task exited with return code 0
[2025-07-21T17:44:15.211+0000] {local_task_job.py:273} INFO - 1 downstream tasks scheduled from follow-on schedule check
