[2025-07-21T22:52:40.795+0000] {taskinstance.py:1165} INFO - Dependencies all met for <TaskInstance: trans_dag_26.upload_to_s3 scheduled__2025-05-11T00:00:00+00:00 [queued]>
[2025-07-21T22:52:40.854+0000] {taskinstance.py:1165} INFO - Dependencies all met for <TaskInstance: trans_dag_26.upload_to_s3 scheduled__2025-05-11T00:00:00+00:00 [queued]>
[2025-07-21T22:52:40.865+0000] {taskinstance.py:1362} INFO - 
--------------------------------------------------------------------------------
[2025-07-21T22:52:40.866+0000] {taskinstance.py:1363} INFO - Starting attempt 1 of 2
[2025-07-21T22:52:40.867+0000] {taskinstance.py:1364} INFO - 
--------------------------------------------------------------------------------
[2025-07-21T22:52:40.916+0000] {taskinstance.py:1383} INFO - Executing <Task(_PythonDecoratedOperator): upload_to_s3> on 2025-05-11 00:00:00+00:00
[2025-07-21T22:52:40.936+0000] {standard_task_runner.py:55} INFO - Started process 88638 to run task
[2025-07-21T22:52:40.948+0000] {standard_task_runner.py:82} INFO - Running: ['***', 'tasks', 'run', 'trans_dag_26', 'upload_to_s3', 'scheduled__2025-05-11T00:00:00+00:00', '--job-id', '11504', '--raw', '--subdir', 'DAGS_FOLDER/trans_dag.py', '--cfg-path', '/tmp/tmpbbpgp25a']
[2025-07-21T22:52:40.953+0000] {standard_task_runner.py:83} INFO - Job 11504: Subtask upload_to_s3
[2025-07-21T22:52:41.828+0000] {task_command.py:376} INFO - Running <TaskInstance: trans_dag_26.upload_to_s3 scheduled__2025-05-11T00:00:00+00:00 [running]> on host 77e451e90f2e
[2025-07-21T22:52:42.105+0000] {taskinstance.py:1592} INFO - Exporting the following env vars:
AIRFLOW_CTX_DAG_OWNER=***
AIRFLOW_CTX_DAG_ID=trans_dag_26
AIRFLOW_CTX_TASK_ID=upload_to_s3
AIRFLOW_CTX_EXECUTION_DATE=2025-05-11T00:00:00+00:00
AIRFLOW_CTX_TRY_NUMBER=1
AIRFLOW_CTX_DAG_RUN_ID=scheduled__2025-05-11T00:00:00+00:00
[2025-07-21T22:52:42.142+0000] {base.py:71} INFO - Using connection ID 'aws-connect' for task execution.
[2025-07-21T22:52:42.153+0000] {connection_wrapper.py:303} INFO - AWS Connection (conn_id='aws-connect', conn_type='aws') credentials retrieved from login and password.
[2025-07-21T22:52:59.857+0000] {python.py:177} INFO - Done. Returned value was: s3://imani-***-data/transformed/transformed.csv
[2025-07-21T22:52:59.913+0000] {taskinstance.py:1406} INFO - Marking task as SUCCESS. dag_id=trans_dag_26, task_id=upload_to_s3, execution_date=20250511T000000, start_date=20250721T225240, end_date=20250721T225259
[2025-07-21T22:52:59.976+0000] {local_task_job.py:164} INFO - Task exited with return code 0
[2025-07-21T22:53:00.008+0000] {local_task_job.py:273} INFO - 0 downstream tasks scheduled from follow-on schedule check
