[2025-07-21T18:20:34.707+0000] {taskinstance.py:1165} INFO - Dependencies all met for <TaskInstance: trans_dag_26.upload_to_s3 scheduled__2024-10-07T00:00:00+00:00 [queued]>
[2025-07-21T18:20:34.728+0000] {taskinstance.py:1165} INFO - Dependencies all met for <TaskInstance: trans_dag_26.upload_to_s3 scheduled__2024-10-07T00:00:00+00:00 [queued]>
[2025-07-21T18:20:34.729+0000] {taskinstance.py:1362} INFO - 
--------------------------------------------------------------------------------
[2025-07-21T18:20:34.730+0000] {taskinstance.py:1363} INFO - Starting attempt 2 of 2
[2025-07-21T18:20:34.731+0000] {taskinstance.py:1364} INFO - 
--------------------------------------------------------------------------------
[2025-07-21T18:20:34.774+0000] {taskinstance.py:1383} INFO - Executing <Task(_PythonDecoratedOperator): upload_to_s3> on 2024-10-07 00:00:00+00:00
[2025-07-21T18:20:34.786+0000] {standard_task_runner.py:55} INFO - Started process 81975 to run task
[2025-07-21T18:20:34.794+0000] {standard_task_runner.py:82} INFO - Running: ['***', 'tasks', 'run', 'trans_dag_26', 'upload_to_s3', 'scheduled__2024-10-07T00:00:00+00:00', '--job-id', '10321', '--raw', '--subdir', 'DAGS_FOLDER/trans_dag.py', '--cfg-path', '/tmp/tmpj5tf7f1v']
[2025-07-21T18:20:34.801+0000] {standard_task_runner.py:83} INFO - Job 10321: Subtask upload_to_s3
[2025-07-21T18:20:34.972+0000] {task_command.py:376} INFO - Running <TaskInstance: trans_dag_26.upload_to_s3 scheduled__2024-10-07T00:00:00+00:00 [running]> on host 77e451e90f2e
[2025-07-21T18:20:35.129+0000] {taskinstance.py:1592} INFO - Exporting the following env vars:
AIRFLOW_CTX_DAG_OWNER=***
AIRFLOW_CTX_DAG_ID=trans_dag_26
AIRFLOW_CTX_TASK_ID=upload_to_s3
AIRFLOW_CTX_EXECUTION_DATE=2024-10-07T00:00:00+00:00
AIRFLOW_CTX_TRY_NUMBER=2
AIRFLOW_CTX_DAG_RUN_ID=scheduled__2024-10-07T00:00:00+00:00
[2025-07-21T18:20:35.147+0000] {base.py:71} INFO - Using connection ID 'aws-connect' for task execution.
[2025-07-21T18:20:35.148+0000] {connection_wrapper.py:303} INFO - AWS Connection (conn_id='aws-connect', conn_type='aws') credentials retrieved from login and password.
[2025-07-21T18:21:35.283+0000] {local_task_job.py:164} INFO - Task exited with return code Negsignal.SIGKILL
[2025-07-21T18:21:35.634+0000] {local_task_job.py:273} INFO - 0 downstream tasks scheduled from follow-on schedule check
