[2025-07-21T22:42:47.494+0000] {taskinstance.py:1165} INFO - Dependencies all met for <TaskInstance: trans_dag_26.file_location scheduled__2025-03-21T00:00:00+00:00 [queued]>
[2025-07-21T22:42:47.510+0000] {taskinstance.py:1165} INFO - Dependencies all met for <TaskInstance: trans_dag_26.file_location scheduled__2025-03-21T00:00:00+00:00 [queued]>
[2025-07-21T22:42:47.511+0000] {taskinstance.py:1362} INFO - 
--------------------------------------------------------------------------------
[2025-07-21T22:42:47.511+0000] {taskinstance.py:1363} INFO - Starting attempt 1 of 2
[2025-07-21T22:42:47.512+0000] {taskinstance.py:1364} INFO - 
--------------------------------------------------------------------------------
[2025-07-21T22:42:47.530+0000] {taskinstance.py:1383} INFO - Executing <Task(_PythonDecoratedOperator): file_location> on 2025-03-21 00:00:00+00:00
[2025-07-21T22:42:47.540+0000] {standard_task_runner.py:55} INFO - Started process 86526 to run task
[2025-07-21T22:42:47.545+0000] {standard_task_runner.py:82} INFO - Running: ['***', 'tasks', 'run', 'trans_dag_26', 'file_location', 'scheduled__2025-03-21T00:00:00+00:00', '--job-id', '11153', '--raw', '--subdir', 'DAGS_FOLDER/trans_dag.py', '--cfg-path', '/tmp/tmp_b0ode98']
[2025-07-21T22:42:47.549+0000] {standard_task_runner.py:83} INFO - Job 11153: Subtask file_location
[2025-07-21T22:42:47.678+0000] {task_command.py:376} INFO - Running <TaskInstance: trans_dag_26.file_location scheduled__2025-03-21T00:00:00+00:00 [running]> on host 77e451e90f2e
[2025-07-21T22:42:47.796+0000] {taskinstance.py:1592} INFO - Exporting the following env vars:
AIRFLOW_CTX_DAG_OWNER=***
AIRFLOW_CTX_DAG_ID=trans_dag_26
AIRFLOW_CTX_TASK_ID=file_location
AIRFLOW_CTX_EXECUTION_DATE=2025-03-21T00:00:00+00:00
AIRFLOW_CTX_TRY_NUMBER=1
AIRFLOW_CTX_DAG_RUN_ID=scheduled__2025-03-21T00:00:00+00:00
[2025-07-21T22:42:47.815+0000] {python.py:177} INFO - Done. Returned value was: /tmp/transformed.csv
[2025-07-21T22:42:47.861+0000] {taskinstance.py:1406} INFO - Marking task as SUCCESS. dag_id=trans_dag_26, task_id=file_location, execution_date=20250321T000000, start_date=20250721T224247, end_date=20250721T224247
[2025-07-21T22:42:47.925+0000] {local_task_job.py:164} INFO - Task exited with return code 0
[2025-07-21T22:42:47.967+0000] {local_task_job.py:273} INFO - 1 downstream tasks scheduled from follow-on schedule check
