[2025-07-21T18:22:25.661+0000] {taskinstance.py:1165} INFO - Dependencies all met for <TaskInstance: trans_dag_26.data_quality_check scheduled__2024-11-26T00:00:00+00:00 [queued]>
[2025-07-21T18:22:25.677+0000] {taskinstance.py:1165} INFO - Dependencies all met for <TaskInstance: trans_dag_26.data_quality_check scheduled__2024-11-26T00:00:00+00:00 [queued]>
[2025-07-21T18:22:25.679+0000] {taskinstance.py:1362} INFO - 
--------------------------------------------------------------------------------
[2025-07-21T18:22:25.680+0000] {taskinstance.py:1363} INFO - Starting attempt 1 of 2
[2025-07-21T18:22:25.681+0000] {taskinstance.py:1364} INFO - 
--------------------------------------------------------------------------------
[2025-07-21T18:22:25.697+0000] {taskinstance.py:1383} INFO - Executing <Task(_PythonDecoratedOperator): data_quality_check> on 2024-11-26 00:00:00+00:00
[2025-07-21T18:22:25.706+0000] {standard_task_runner.py:55} INFO - Started process 82574 to run task
[2025-07-21T18:22:25.712+0000] {standard_task_runner.py:82} INFO - Running: ['***', 'tasks', 'run', 'trans_dag_26', 'data_quality_check', 'scheduled__2024-11-26T00:00:00+00:00', '--job-id', '10446', '--raw', '--subdir', 'DAGS_FOLDER/trans_dag.py', '--cfg-path', '/tmp/tmpmv02w0ea']
[2025-07-21T18:22:25.715+0000] {standard_task_runner.py:83} INFO - Job 10446: Subtask data_quality_check
[2025-07-21T18:22:25.827+0000] {task_command.py:376} INFO - Running <TaskInstance: trans_dag_26.data_quality_check scheduled__2024-11-26T00:00:00+00:00 [running]> on host 77e451e90f2e
[2025-07-21T18:22:25.920+0000] {taskinstance.py:1592} INFO - Exporting the following env vars:
AIRFLOW_CTX_DAG_OWNER=***
AIRFLOW_CTX_DAG_ID=trans_dag_26
AIRFLOW_CTX_TASK_ID=data_quality_check
AIRFLOW_CTX_EXECUTION_DATE=2024-11-26T00:00:00+00:00
AIRFLOW_CTX_TRY_NUMBER=1
AIRFLOW_CTX_DAG_RUN_ID=scheduled__2024-11-26T00:00:00+00:00
[2025-07-21T18:22:26.180+0000] {python.py:177} INFO - Done. Returned value was: {'is_valid': True, 'file_path': '/tmp/transformed.csv'}
[2025-07-21T18:22:26.221+0000] {taskinstance.py:1406} INFO - Marking task as SUCCESS. dag_id=trans_dag_26, task_id=data_quality_check, execution_date=20241126T000000, start_date=20250721T182225, end_date=20250721T182226
[2025-07-21T18:22:26.286+0000] {local_task_job.py:164} INFO - Task exited with return code 0
[2025-07-21T18:22:26.349+0000] {local_task_job.py:273} INFO - 1 downstream tasks scheduled from follow-on schedule check
