[2025-07-21T17:01:07.839+0000] {taskinstance.py:1165} INFO - Dependencies all met for <TaskInstance: trans_dag_26.transform manual__2025-07-21T17:00:49.302723+00:00 [queued]>
[2025-07-21T17:01:07.875+0000] {taskinstance.py:1165} INFO - Dependencies all met for <TaskInstance: trans_dag_26.transform manual__2025-07-21T17:00:49.302723+00:00 [queued]>
[2025-07-21T17:01:07.877+0000] {taskinstance.py:1362} INFO - 
--------------------------------------------------------------------------------
[2025-07-21T17:01:07.878+0000] {taskinstance.py:1363} INFO - Starting attempt 1 of 2
[2025-07-21T17:01:07.879+0000] {taskinstance.py:1364} INFO - 
--------------------------------------------------------------------------------
[2025-07-21T17:01:07.927+0000] {taskinstance.py:1383} INFO - Executing <Task(_PythonDecoratedOperator): transform> on 2025-07-21 17:00:49.302723+00:00
[2025-07-21T17:01:07.959+0000] {standard_task_runner.py:55} INFO - Started process 67431 to run task
[2025-07-21T17:01:07.968+0000] {standard_task_runner.py:82} INFO - Running: ['***', 'tasks', 'run', 'trans_dag_26', 'transform', 'manual__2025-07-21T17:00:49.302723+00:00', '--job-id', '7829', '--raw', '--subdir', 'DAGS_FOLDER/trans_dag.py', '--cfg-path', '/tmp/tmpj0byymbj']
[2025-07-21T17:01:07.978+0000] {standard_task_runner.py:83} INFO - Job 7829: Subtask transform
[2025-07-21T17:01:08.257+0000] {task_command.py:376} INFO - Running <TaskInstance: trans_dag_26.transform manual__2025-07-21T17:00:49.302723+00:00 [running]> on host 77e451e90f2e
[2025-07-21T17:01:08.465+0000] {taskinstance.py:1592} INFO - Exporting the following env vars:
AIRFLOW_CTX_DAG_OWNER=***
AIRFLOW_CTX_DAG_ID=trans_dag_26
AIRFLOW_CTX_TASK_ID=transform
AIRFLOW_CTX_EXECUTION_DATE=2025-07-21T17:00:49.302723+00:00
AIRFLOW_CTX_TRY_NUMBER=1
AIRFLOW_CTX_DAG_RUN_ID=manual__2025-07-21T17:00:49.302723+00:00
[2025-07-21T17:01:10.617+0000] {python.py:177} INFO - Done. Returned value was: /tmp/transformed.csv
[2025-07-21T17:01:10.706+0000] {taskinstance.py:1406} INFO - Marking task as SUCCESS. dag_id=trans_dag_26, task_id=transform, execution_date=20250721T170049, start_date=20250721T170107, end_date=20250721T170110
[2025-07-21T17:01:10.798+0000] {local_task_job.py:164} INFO - Task exited with return code 0
[2025-07-21T17:01:11.285+0000] {local_task_job.py:273} INFO - 0 downstream tasks scheduled from follow-on schedule check
