[2025-07-21T17:04:50.271+0000] {taskinstance.py:1165} INFO - Dependencies all met for <TaskInstance: trans_dag_26.transform scheduled__2023-10-22T00:00:00+00:00 [queued]>
[2025-07-21T17:04:50.286+0000] {taskinstance.py:1165} INFO - Dependencies all met for <TaskInstance: trans_dag_26.transform scheduled__2023-10-22T00:00:00+00:00 [queued]>
[2025-07-21T17:04:50.286+0000] {taskinstance.py:1362} INFO - 
--------------------------------------------------------------------------------
[2025-07-21T17:04:50.287+0000] {taskinstance.py:1363} INFO - Starting attempt 1 of 2
[2025-07-21T17:04:50.288+0000] {taskinstance.py:1364} INFO - 
--------------------------------------------------------------------------------
[2025-07-21T17:04:50.304+0000] {taskinstance.py:1383} INFO - Executing <Task(_PythonDecoratedOperator): transform> on 2023-10-22 00:00:00+00:00
[2025-07-21T17:04:50.317+0000] {standard_task_runner.py:55} INFO - Started process 68133 to run task
[2025-07-21T17:04:50.324+0000] {standard_task_runner.py:82} INFO - Running: ['***', 'tasks', 'run', 'trans_dag_26', 'transform', 'scheduled__2023-10-22T00:00:00+00:00', '--job-id', '7963', '--raw', '--subdir', 'DAGS_FOLDER/trans_dag.py', '--cfg-path', '/tmp/tmpi37v9qtq']
[2025-07-21T17:04:50.327+0000] {standard_task_runner.py:83} INFO - Job 7963: Subtask transform
[2025-07-21T17:04:50.444+0000] {task_command.py:376} INFO - Running <TaskInstance: trans_dag_26.transform scheduled__2023-10-22T00:00:00+00:00 [running]> on host 77e451e90f2e
[2025-07-21T17:04:50.546+0000] {taskinstance.py:1592} INFO - Exporting the following env vars:
AIRFLOW_CTX_DAG_OWNER=***
AIRFLOW_CTX_DAG_ID=trans_dag_26
AIRFLOW_CTX_TASK_ID=transform
AIRFLOW_CTX_EXECUTION_DATE=2023-10-22T00:00:00+00:00
AIRFLOW_CTX_TRY_NUMBER=1
AIRFLOW_CTX_DAG_RUN_ID=scheduled__2023-10-22T00:00:00+00:00
[2025-07-21T17:04:53.016+0000] {python.py:177} INFO - Done. Returned value was: /tmp/transformed.csv
[2025-07-21T17:04:53.053+0000] {taskinstance.py:1406} INFO - Marking task as SUCCESS. dag_id=trans_dag_26, task_id=transform, execution_date=20231022T000000, start_date=20250721T170450, end_date=20250721T170453
[2025-07-21T17:04:53.265+0000] {local_task_job.py:164} INFO - Task exited with return code 0
[2025-07-21T17:04:53.312+0000] {local_task_job.py:273} INFO - 1 downstream tasks scheduled from follow-on schedule check
