[2025-07-21T17:05:11.110+0000] {taskinstance.py:1165} INFO - Dependencies all met for <TaskInstance: trans_dag_26.data_quality_check scheduled__2023-10-27T00:00:00+00:00 [queued]>
[2025-07-21T17:05:11.124+0000] {taskinstance.py:1165} INFO - Dependencies all met for <TaskInstance: trans_dag_26.data_quality_check scheduled__2023-10-27T00:00:00+00:00 [queued]>
[2025-07-21T17:05:11.125+0000] {taskinstance.py:1362} INFO - 
--------------------------------------------------------------------------------
[2025-07-21T17:05:11.126+0000] {taskinstance.py:1363} INFO - Starting attempt 1 of 2
[2025-07-21T17:05:11.126+0000] {taskinstance.py:1364} INFO - 
--------------------------------------------------------------------------------
[2025-07-21T17:05:11.144+0000] {taskinstance.py:1383} INFO - Executing <Task(_PythonDecoratedOperator): data_quality_check> on 2023-10-27 00:00:00+00:00
[2025-07-21T17:05:11.153+0000] {standard_task_runner.py:55} INFO - Started process 68284 to run task
[2025-07-21T17:05:11.160+0000] {standard_task_runner.py:82} INFO - Running: ['***', 'tasks', 'run', 'trans_dag_26', 'data_quality_check', 'scheduled__2023-10-27T00:00:00+00:00', '--job-id', '7994', '--raw', '--subdir', 'DAGS_FOLDER/trans_dag.py', '--cfg-path', '/tmp/tmphk9h43lb']
[2025-07-21T17:05:11.164+0000] {standard_task_runner.py:83} INFO - Job 7994: Subtask data_quality_check
[2025-07-21T17:05:11.279+0000] {task_command.py:376} INFO - Running <TaskInstance: trans_dag_26.data_quality_check scheduled__2023-10-27T00:00:00+00:00 [running]> on host 77e451e90f2e
[2025-07-21T17:05:11.382+0000] {taskinstance.py:1592} INFO - Exporting the following env vars:
AIRFLOW_CTX_DAG_OWNER=***
AIRFLOW_CTX_DAG_ID=trans_dag_26
AIRFLOW_CTX_TASK_ID=data_quality_check
AIRFLOW_CTX_EXECUTION_DATE=2023-10-27T00:00:00+00:00
AIRFLOW_CTX_TRY_NUMBER=1
AIRFLOW_CTX_DAG_RUN_ID=scheduled__2023-10-27T00:00:00+00:00
[2025-07-21T17:05:11.636+0000] {python.py:177} INFO - Done. Returned value was: {'is_valid': True, 'file_path': '/tmp/transformed.csv'}
[2025-07-21T17:05:11.670+0000] {taskinstance.py:1406} INFO - Marking task as SUCCESS. dag_id=trans_dag_26, task_id=data_quality_check, execution_date=20231027T000000, start_date=20250721T170511, end_date=20250721T170511
[2025-07-21T17:05:11.733+0000] {local_task_job.py:164} INFO - Task exited with return code 0
[2025-07-21T17:05:11.770+0000] {local_task_job.py:273} INFO - 1 downstream tasks scheduled from follow-on schedule check
