[2025-07-21T17:59:06.509+0000] {taskinstance.py:1165} INFO - Dependencies all met for <TaskInstance: trans_dag_26.file_location scheduled__2024-06-17T00:00:00+00:00 [queued]>
[2025-07-21T17:59:06.586+0000] {taskinstance.py:1165} INFO - Dependencies all met for <TaskInstance: trans_dag_26.file_location scheduled__2024-06-17T00:00:00+00:00 [queued]>
[2025-07-21T17:59:06.590+0000] {taskinstance.py:1362} INFO - 
--------------------------------------------------------------------------------
[2025-07-21T17:59:06.597+0000] {taskinstance.py:1363} INFO - Starting attempt 1 of 2
[2025-07-21T17:59:06.602+0000] {taskinstance.py:1364} INFO - 
--------------------------------------------------------------------------------
[2025-07-21T17:59:06.670+0000] {taskinstance.py:1383} INFO - Executing <Task(_PythonDecoratedOperator): file_location> on 2024-06-17 00:00:00+00:00
[2025-07-21T17:59:06.693+0000] {standard_task_runner.py:55} INFO - Started process 77504 to run task
[2025-07-21T17:59:06.711+0000] {standard_task_runner.py:82} INFO - Running: ['***', 'tasks', 'run', 'trans_dag_26', 'file_location', 'scheduled__2024-06-17T00:00:00+00:00', '--job-id', '9531', '--raw', '--subdir', 'DAGS_FOLDER/trans_dag.py', '--cfg-path', '/tmp/tmp0jqwuewf']
[2025-07-21T17:59:06.723+0000] {standard_task_runner.py:83} INFO - Job 9531: Subtask file_location
[2025-07-21T17:59:07.098+0000] {task_command.py:376} INFO - Running <TaskInstance: trans_dag_26.file_location scheduled__2024-06-17T00:00:00+00:00 [running]> on host 77e451e90f2e
[2025-07-21T17:59:07.439+0000] {taskinstance.py:1592} INFO - Exporting the following env vars:
AIRFLOW_CTX_DAG_OWNER=***
AIRFLOW_CTX_DAG_ID=trans_dag_26
AIRFLOW_CTX_TASK_ID=file_location
AIRFLOW_CTX_EXECUTION_DATE=2024-06-17T00:00:00+00:00
AIRFLOW_CTX_TRY_NUMBER=1
AIRFLOW_CTX_DAG_RUN_ID=scheduled__2024-06-17T00:00:00+00:00
[2025-07-21T17:59:07.485+0000] {python.py:177} INFO - Done. Returned value was: /tmp/transformed.csv
[2025-07-21T17:59:07.644+0000] {taskinstance.py:1406} INFO - Marking task as SUCCESS. dag_id=trans_dag_26, task_id=file_location, execution_date=20240617T000000, start_date=20250721T175906, end_date=20250721T175907
[2025-07-21T17:59:07.719+0000] {local_task_job.py:164} INFO - Task exited with return code 0
[2025-07-21T17:59:07.834+0000] {local_task_job.py:273} INFO - 1 downstream tasks scheduled from follow-on schedule check
