[2025-07-21T17:35:04.913+0000] {taskinstance.py:1165} INFO - Dependencies all met for <TaskInstance: trans_dag_26.file_location scheduled__2024-01-23T00:00:00+00:00 [queued]>
[2025-07-21T17:35:04.926+0000] {taskinstance.py:1165} INFO - Dependencies all met for <TaskInstance: trans_dag_26.file_location scheduled__2024-01-23T00:00:00+00:00 [queued]>
[2025-07-21T17:35:04.927+0000] {taskinstance.py:1362} INFO - 
--------------------------------------------------------------------------------
[2025-07-21T17:35:04.928+0000] {taskinstance.py:1363} INFO - Starting attempt 1 of 2
[2025-07-21T17:35:04.928+0000] {taskinstance.py:1364} INFO - 
--------------------------------------------------------------------------------
[2025-07-21T17:35:04.944+0000] {taskinstance.py:1383} INFO - Executing <Task(_PythonDecoratedOperator): file_location> on 2024-01-23 00:00:00+00:00
[2025-07-21T17:35:04.952+0000] {standard_task_runner.py:55} INFO - Started process 72165 to run task
[2025-07-21T17:35:04.957+0000] {standard_task_runner.py:82} INFO - Running: ['***', 'tasks', 'run', 'trans_dag_26', 'file_location', 'scheduled__2024-01-23T00:00:00+00:00', '--job-id', '8566', '--raw', '--subdir', 'DAGS_FOLDER/trans_dag.py', '--cfg-path', '/tmp/tmpcg_3n62s']
[2025-07-21T17:35:04.960+0000] {standard_task_runner.py:83} INFO - Job 8566: Subtask file_location
[2025-07-21T17:35:05.060+0000] {task_command.py:376} INFO - Running <TaskInstance: trans_dag_26.file_location scheduled__2024-01-23T00:00:00+00:00 [running]> on host 77e451e90f2e
[2025-07-21T17:35:05.143+0000] {taskinstance.py:1592} INFO - Exporting the following env vars:
AIRFLOW_CTX_DAG_OWNER=***
AIRFLOW_CTX_DAG_ID=trans_dag_26
AIRFLOW_CTX_TASK_ID=file_location
AIRFLOW_CTX_EXECUTION_DATE=2024-01-23T00:00:00+00:00
AIRFLOW_CTX_TRY_NUMBER=1
AIRFLOW_CTX_DAG_RUN_ID=scheduled__2024-01-23T00:00:00+00:00
[2025-07-21T17:35:05.154+0000] {python.py:177} INFO - Done. Returned value was: /tmp/transformed.csv
[2025-07-21T17:35:05.180+0000] {taskinstance.py:1406} INFO - Marking task as SUCCESS. dag_id=trans_dag_26, task_id=file_location, execution_date=20240123T000000, start_date=20250721T173504, end_date=20250721T173505
[2025-07-21T17:35:05.209+0000] {local_task_job.py:164} INFO - Task exited with return code 0
[2025-07-21T17:35:05.237+0000] {local_task_job.py:273} INFO - 1 downstream tasks scheduled from follow-on schedule check
