[2025-07-21T18:05:12.716+0000] {taskinstance.py:1165} INFO - Dependencies all met for <TaskInstance: trans_dag_26.file_location scheduled__2024-07-28T00:00:00+00:00 [queued]>
[2025-07-21T18:05:12.740+0000] {taskinstance.py:1165} INFO - Dependencies all met for <TaskInstance: trans_dag_26.file_location scheduled__2024-07-28T00:00:00+00:00 [queued]>
[2025-07-21T18:05:12.741+0000] {taskinstance.py:1362} INFO - 
--------------------------------------------------------------------------------
[2025-07-21T18:05:12.741+0000] {taskinstance.py:1363} INFO - Starting attempt 1 of 2
[2025-07-21T18:05:12.742+0000] {taskinstance.py:1364} INFO - 
--------------------------------------------------------------------------------
[2025-07-21T18:05:12.937+0000] {taskinstance.py:1383} INFO - Executing <Task(_PythonDecoratedOperator): file_location> on 2024-07-28 00:00:00+00:00
[2025-07-21T18:05:12.960+0000] {standard_task_runner.py:55} INFO - Started process 78577 to run task
[2025-07-21T18:05:12.966+0000] {standard_task_runner.py:82} INFO - Running: ['***', 'tasks', 'run', 'trans_dag_26', 'file_location', 'scheduled__2024-07-28T00:00:00+00:00', '--job-id', '9712', '--raw', '--subdir', 'DAGS_FOLDER/trans_dag.py', '--cfg-path', '/tmp/tmp0xti567a']
[2025-07-21T18:05:12.970+0000] {standard_task_runner.py:83} INFO - Job 9712: Subtask file_location
[2025-07-21T18:05:13.128+0000] {task_command.py:376} INFO - Running <TaskInstance: trans_dag_26.file_location scheduled__2024-07-28T00:00:00+00:00 [running]> on host 77e451e90f2e
[2025-07-21T18:05:13.250+0000] {taskinstance.py:1592} INFO - Exporting the following env vars:
AIRFLOW_CTX_DAG_OWNER=***
AIRFLOW_CTX_DAG_ID=trans_dag_26
AIRFLOW_CTX_TASK_ID=file_location
AIRFLOW_CTX_EXECUTION_DATE=2024-07-28T00:00:00+00:00
AIRFLOW_CTX_TRY_NUMBER=1
AIRFLOW_CTX_DAG_RUN_ID=scheduled__2024-07-28T00:00:00+00:00
[2025-07-21T18:05:13.269+0000] {python.py:177} INFO - Done. Returned value was: /tmp/transformed.csv
[2025-07-21T18:05:13.316+0000] {taskinstance.py:1406} INFO - Marking task as SUCCESS. dag_id=trans_dag_26, task_id=file_location, execution_date=20240728T000000, start_date=20250721T180512, end_date=20250721T180513
[2025-07-21T18:05:13.379+0000] {local_task_job.py:164} INFO - Task exited with return code 0
[2025-07-21T18:05:13.430+0000] {local_task_job.py:273} INFO - 1 downstream tasks scheduled from follow-on schedule check
