[2025-07-21T17:45:22.475+0000] {taskinstance.py:1165} INFO - Dependencies all met for <TaskInstance: trans_dag_26.data_quality_check scheduled__2024-03-18T00:00:00+00:00 [queued]>
[2025-07-21T17:45:22.502+0000] {taskinstance.py:1165} INFO - Dependencies all met for <TaskInstance: trans_dag_26.data_quality_check scheduled__2024-03-18T00:00:00+00:00 [queued]>
[2025-07-21T17:45:22.504+0000] {taskinstance.py:1362} INFO - 
--------------------------------------------------------------------------------
[2025-07-21T17:45:22.505+0000] {taskinstance.py:1363} INFO - Starting attempt 2 of 2
[2025-07-21T17:45:22.506+0000] {taskinstance.py:1364} INFO - 
--------------------------------------------------------------------------------
[2025-07-21T17:45:22.534+0000] {taskinstance.py:1383} INFO - Executing <Task(_PythonDecoratedOperator): data_quality_check> on 2024-03-18 00:00:00+00:00
[2025-07-21T17:45:22.548+0000] {standard_task_runner.py:55} INFO - Started process 74370 to run task
[2025-07-21T17:45:22.559+0000] {standard_task_runner.py:82} INFO - Running: ['***', 'tasks', 'run', 'trans_dag_26', 'data_quality_check', 'scheduled__2024-03-18T00:00:00+00:00', '--job-id', '8947', '--raw', '--subdir', 'DAGS_FOLDER/trans_dag.py', '--cfg-path', '/tmp/tmpbb4seo1v']
[2025-07-21T17:45:22.562+0000] {standard_task_runner.py:83} INFO - Job 8947: Subtask data_quality_check
[2025-07-21T17:45:22.750+0000] {task_command.py:376} INFO - Running <TaskInstance: trans_dag_26.data_quality_check scheduled__2024-03-18T00:00:00+00:00 [running]> on host 77e451e90f2e
[2025-07-21T17:45:22.923+0000] {taskinstance.py:1592} INFO - Exporting the following env vars:
AIRFLOW_CTX_DAG_OWNER=***
AIRFLOW_CTX_DAG_ID=trans_dag_26
AIRFLOW_CTX_TASK_ID=data_quality_check
AIRFLOW_CTX_EXECUTION_DATE=2024-03-18T00:00:00+00:00
AIRFLOW_CTX_TRY_NUMBER=2
AIRFLOW_CTX_DAG_RUN_ID=scheduled__2024-03-18T00:00:00+00:00
[2025-07-21T17:45:23.163+0000] {python.py:177} INFO - Done. Returned value was: {'is_valid': True, 'file_path': '/tmp/transformed.csv'}
[2025-07-21T17:45:23.224+0000] {taskinstance.py:1406} INFO - Marking task as SUCCESS. dag_id=trans_dag_26, task_id=data_quality_check, execution_date=20240318T000000, start_date=20250721T174522, end_date=20250721T174523
[2025-07-21T17:45:23.293+0000] {local_task_job.py:164} INFO - Task exited with return code 0
[2025-07-21T17:45:23.364+0000] {local_task_job.py:273} INFO - 1 downstream tasks scheduled from follow-on schedule check
