[2025-07-21T18:00:09.356+0000] {taskinstance.py:1165} INFO - Dependencies all met for <TaskInstance: trans_dag_26.transform scheduled__2024-07-02T00:00:00+00:00 [queued]>
[2025-07-21T18:00:09.386+0000] {taskinstance.py:1165} INFO - Dependencies all met for <TaskInstance: trans_dag_26.transform scheduled__2024-07-02T00:00:00+00:00 [queued]>
[2025-07-21T18:00:09.388+0000] {taskinstance.py:1362} INFO - 
--------------------------------------------------------------------------------
[2025-07-21T18:00:09.389+0000] {taskinstance.py:1363} INFO - Starting attempt 1 of 2
[2025-07-21T18:00:09.390+0000] {taskinstance.py:1364} INFO - 
--------------------------------------------------------------------------------
[2025-07-21T18:00:09.427+0000] {taskinstance.py:1383} INFO - Executing <Task(_PythonDecoratedOperator): transform> on 2024-07-02 00:00:00+00:00
[2025-07-21T18:00:09.451+0000] {standard_task_runner.py:55} INFO - Started process 77760 to run task
[2025-07-21T18:00:09.458+0000] {standard_task_runner.py:82} INFO - Running: ['***', 'tasks', 'run', 'trans_dag_26', 'transform', 'scheduled__2024-07-02T00:00:00+00:00', '--job-id', '9571', '--raw', '--subdir', 'DAGS_FOLDER/trans_dag.py', '--cfg-path', '/tmp/tmpz7r1d_yn']
[2025-07-21T18:00:09.462+0000] {standard_task_runner.py:83} INFO - Job 9571: Subtask transform
[2025-07-21T18:00:09.593+0000] {task_command.py:376} INFO - Running <TaskInstance: trans_dag_26.transform scheduled__2024-07-02T00:00:00+00:00 [running]> on host 77e451e90f2e
[2025-07-21T18:00:09.738+0000] {taskinstance.py:1592} INFO - Exporting the following env vars:
AIRFLOW_CTX_DAG_OWNER=***
AIRFLOW_CTX_DAG_ID=trans_dag_26
AIRFLOW_CTX_TASK_ID=transform
AIRFLOW_CTX_EXECUTION_DATE=2024-07-02T00:00:00+00:00
AIRFLOW_CTX_TRY_NUMBER=1
AIRFLOW_CTX_DAG_RUN_ID=scheduled__2024-07-02T00:00:00+00:00
[2025-07-21T18:00:12.971+0000] {python.py:177} INFO - Done. Returned value was: /tmp/transformed.csv
[2025-07-21T18:00:13.019+0000] {taskinstance.py:1406} INFO - Marking task as SUCCESS. dag_id=trans_dag_26, task_id=transform, execution_date=20240702T000000, start_date=20250721T180009, end_date=20250721T180013
[2025-07-21T18:00:13.096+0000] {local_task_job.py:164} INFO - Task exited with return code 0
[2025-07-21T18:00:13.158+0000] {local_task_job.py:273} INFO - 1 downstream tasks scheduled from follow-on schedule check
