[2025-07-21T17:40:22.375+0000] {taskinstance.py:1165} INFO - Dependencies all met for <TaskInstance: trans_dag_26.decide_path scheduled__2024-02-22T00:00:00+00:00 [queued]>
[2025-07-21T17:40:22.403+0000] {taskinstance.py:1165} INFO - Dependencies all met for <TaskInstance: trans_dag_26.decide_path scheduled__2024-02-22T00:00:00+00:00 [queued]>
[2025-07-21T17:40:22.404+0000] {taskinstance.py:1362} INFO - 
--------------------------------------------------------------------------------
[2025-07-21T17:40:22.405+0000] {taskinstance.py:1363} INFO - Starting attempt 1 of 2
[2025-07-21T17:40:22.406+0000] {taskinstance.py:1364} INFO - 
--------------------------------------------------------------------------------
[2025-07-21T17:40:22.439+0000] {taskinstance.py:1383} INFO - Executing <Task(_BranchPythonDecoratedOperator): decide_path> on 2024-02-22 00:00:00+00:00
[2025-07-21T17:40:22.451+0000] {standard_task_runner.py:55} INFO - Started process 73307 to run task
[2025-07-21T17:40:22.459+0000] {standard_task_runner.py:82} INFO - Running: ['***', 'tasks', 'run', 'trans_dag_26', 'decide_path', 'scheduled__2024-02-22T00:00:00+00:00', '--job-id', '8762', '--raw', '--subdir', 'DAGS_FOLDER/trans_dag.py', '--cfg-path', '/tmp/tmpk1jwczqs']
[2025-07-21T17:40:22.463+0000] {standard_task_runner.py:83} INFO - Job 8762: Subtask decide_path
[2025-07-21T17:40:22.637+0000] {task_command.py:376} INFO - Running <TaskInstance: trans_dag_26.decide_path scheduled__2024-02-22T00:00:00+00:00 [running]> on host 77e451e90f2e
[2025-07-21T17:40:22.809+0000] {taskinstance.py:1592} INFO - Exporting the following env vars:
AIRFLOW_CTX_DAG_OWNER=***
AIRFLOW_CTX_DAG_ID=trans_dag_26
AIRFLOW_CTX_TASK_ID=decide_path
AIRFLOW_CTX_EXECUTION_DATE=2024-02-22T00:00:00+00:00
AIRFLOW_CTX_TRY_NUMBER=1
AIRFLOW_CTX_DAG_RUN_ID=scheduled__2024-02-22T00:00:00+00:00
[2025-07-21T17:40:22.814+0000] {python.py:177} INFO - Done. Returned value was: file_location
[2025-07-21T17:40:22.819+0000] {skipmixin.py:155} INFO - Following branch file_location
[2025-07-21T17:40:22.821+0000] {skipmixin.py:190} INFO - Skipping tasks ['data_quality_check_failed']
[2025-07-21T17:40:22.910+0000] {taskinstance.py:1406} INFO - Marking task as SUCCESS. dag_id=trans_dag_26, task_id=decide_path, execution_date=20240222T000000, start_date=20250721T174022, end_date=20250721T174022
[2025-07-21T17:40:22.958+0000] {local_task_job.py:164} INFO - Task exited with return code 0
[2025-07-21T17:40:23.037+0000] {local_task_job.py:273} INFO - 1 downstream tasks scheduled from follow-on schedule check
