[2025-07-21T17:43:56.620+0000] {taskinstance.py:1165} INFO - Dependencies all met for <TaskInstance: trans_dag_26.extract scheduled__2024-03-18T00:00:00+00:00 [queued]>
[2025-07-21T17:43:56.656+0000] {taskinstance.py:1165} INFO - Dependencies all met for <TaskInstance: trans_dag_26.extract scheduled__2024-03-18T00:00:00+00:00 [queued]>
[2025-07-21T17:43:56.657+0000] {taskinstance.py:1362} INFO - 
--------------------------------------------------------------------------------
[2025-07-21T17:43:56.659+0000] {taskinstance.py:1363} INFO - Starting attempt 1 of 2
[2025-07-21T17:43:56.660+0000] {taskinstance.py:1364} INFO - 
--------------------------------------------------------------------------------
[2025-07-21T17:43:56.714+0000] {taskinstance.py:1383} INFO - Executing <Task(_PythonDecoratedOperator): extract> on 2024-03-18 00:00:00+00:00
[2025-07-21T17:43:56.734+0000] {standard_task_runner.py:55} INFO - Started process 73935 to run task
[2025-07-21T17:43:56.767+0000] {standard_task_runner.py:82} INFO - Running: ['***', 'tasks', 'run', 'trans_dag_26', 'extract', 'scheduled__2024-03-18T00:00:00+00:00', '--job-id', '8865', '--raw', '--subdir', 'DAGS_FOLDER/trans_dag.py', '--cfg-path', '/tmp/tmppwr6qjse']
[2025-07-21T17:43:56.783+0000] {standard_task_runner.py:83} INFO - Job 8865: Subtask extract
[2025-07-21T17:43:57.129+0000] {task_command.py:376} INFO - Running <TaskInstance: trans_dag_26.extract scheduled__2024-03-18T00:00:00+00:00 [running]> on host 77e451e90f2e
[2025-07-21T17:43:57.457+0000] {taskinstance.py:1592} INFO - Exporting the following env vars:
AIRFLOW_CTX_DAG_OWNER=***
AIRFLOW_CTX_DAG_ID=trans_dag_26
AIRFLOW_CTX_TASK_ID=extract
AIRFLOW_CTX_EXECUTION_DATE=2024-03-18T00:00:00+00:00
AIRFLOW_CTX_TRY_NUMBER=1
AIRFLOW_CTX_DAG_RUN_ID=scheduled__2024-03-18T00:00:00+00:00
[2025-07-21T17:43:57.494+0000] {base.py:71} INFO - Using connection ID 'aws-connect' for task execution.
[2025-07-21T17:43:57.499+0000] {connection_wrapper.py:303} INFO - AWS Connection (conn_id='aws-connect', conn_type='aws') credentials retrieved from login and password.
[2025-07-21T17:44:07.788+0000] {python.py:177} INFO - Done. Returned value was: /tmp/mymani.csv
[2025-07-21T17:44:07.887+0000] {taskinstance.py:1406} INFO - Marking task as SUCCESS. dag_id=trans_dag_26, task_id=extract, execution_date=20240318T000000, start_date=20250721T174356, end_date=20250721T174407
[2025-07-21T17:44:08.013+0000] {local_task_job.py:164} INFO - Task exited with return code 0
[2025-07-21T17:44:08.157+0000] {local_task_job.py:273} INFO - 1 downstream tasks scheduled from follow-on schedule check
