[2025-07-21T18:20:35.174+0000] {taskinstance.py:1165} INFO - Dependencies all met for <TaskInstance: trans_dag_26.transform scheduled__2024-11-05T00:00:00+00:00 [queued]>
[2025-07-21T18:20:35.192+0000] {taskinstance.py:1165} INFO - Dependencies all met for <TaskInstance: trans_dag_26.transform scheduled__2024-11-05T00:00:00+00:00 [queued]>
[2025-07-21T18:20:35.193+0000] {taskinstance.py:1362} INFO - 
--------------------------------------------------------------------------------
[2025-07-21T18:20:35.194+0000] {taskinstance.py:1363} INFO - Starting attempt 1 of 2
[2025-07-21T18:20:35.195+0000] {taskinstance.py:1364} INFO - 
--------------------------------------------------------------------------------
[2025-07-21T18:20:35.305+0000] {taskinstance.py:1383} INFO - Executing <Task(_PythonDecoratedOperator): transform> on 2024-11-05 00:00:00+00:00
[2025-07-21T18:20:35.317+0000] {standard_task_runner.py:55} INFO - Started process 81980 to run task
[2025-07-21T18:20:35.323+0000] {standard_task_runner.py:82} INFO - Running: ['***', 'tasks', 'run', 'trans_dag_26', 'transform', 'scheduled__2024-11-05T00:00:00+00:00', '--job-id', '10322', '--raw', '--subdir', 'DAGS_FOLDER/trans_dag.py', '--cfg-path', '/tmp/tmp8_mgcokn']
[2025-07-21T18:20:35.326+0000] {standard_task_runner.py:83} INFO - Job 10322: Subtask transform
[2025-07-21T18:20:35.473+0000] {task_command.py:376} INFO - Running <TaskInstance: trans_dag_26.transform scheduled__2024-11-05T00:00:00+00:00 [running]> on host 77e451e90f2e
[2025-07-21T18:20:35.585+0000] {taskinstance.py:1592} INFO - Exporting the following env vars:
AIRFLOW_CTX_DAG_OWNER=***
AIRFLOW_CTX_DAG_ID=trans_dag_26
AIRFLOW_CTX_TASK_ID=transform
AIRFLOW_CTX_EXECUTION_DATE=2024-11-05T00:00:00+00:00
AIRFLOW_CTX_TRY_NUMBER=1
AIRFLOW_CTX_DAG_RUN_ID=scheduled__2024-11-05T00:00:00+00:00
[2025-07-21T18:20:38.285+0000] {python.py:177} INFO - Done. Returned value was: /tmp/transformed.csv
[2025-07-21T18:20:38.316+0000] {taskinstance.py:1406} INFO - Marking task as SUCCESS. dag_id=trans_dag_26, task_id=transform, execution_date=20241105T000000, start_date=20250721T182035, end_date=20250721T182038
[2025-07-21T18:20:38.389+0000] {local_task_job.py:164} INFO - Task exited with return code 0
[2025-07-21T18:20:38.453+0000] {local_task_job.py:273} INFO - 1 downstream tasks scheduled from follow-on schedule check
