[2025-07-21T17:42:33.595+0000] {taskinstance.py:1165} INFO - Dependencies all met for <TaskInstance: trans_dag_26.file_location scheduled__2024-03-05T00:00:00+00:00 [queued]>
[2025-07-21T17:42:33.629+0000] {taskinstance.py:1165} INFO - Dependencies all met for <TaskInstance: trans_dag_26.file_location scheduled__2024-03-05T00:00:00+00:00 [queued]>
[2025-07-21T17:42:33.630+0000] {taskinstance.py:1362} INFO - 
--------------------------------------------------------------------------------
[2025-07-21T17:42:33.632+0000] {taskinstance.py:1363} INFO - Starting attempt 1 of 2
[2025-07-21T17:42:33.633+0000] {taskinstance.py:1364} INFO - 
--------------------------------------------------------------------------------
[2025-07-21T17:42:33.657+0000] {taskinstance.py:1383} INFO - Executing <Task(_PythonDecoratedOperator): file_location> on 2024-03-05 00:00:00+00:00
[2025-07-21T17:42:33.674+0000] {standard_task_runner.py:55} INFO - Started process 73744 to run task
[2025-07-21T17:42:33.682+0000] {standard_task_runner.py:82} INFO - Running: ['***', 'tasks', 'run', 'trans_dag_26', 'file_location', 'scheduled__2024-03-05T00:00:00+00:00', '--job-id', '8836', '--raw', '--subdir', 'DAGS_FOLDER/trans_dag.py', '--cfg-path', '/tmp/tmp0cy_zmrc']
[2025-07-21T17:42:33.691+0000] {standard_task_runner.py:83} INFO - Job 8836: Subtask file_location
[2025-07-21T17:42:33.893+0000] {task_command.py:376} INFO - Running <TaskInstance: trans_dag_26.file_location scheduled__2024-03-05T00:00:00+00:00 [running]> on host 77e451e90f2e
[2025-07-21T17:42:34.133+0000] {taskinstance.py:1592} INFO - Exporting the following env vars:
AIRFLOW_CTX_DAG_OWNER=***
AIRFLOW_CTX_DAG_ID=trans_dag_26
AIRFLOW_CTX_TASK_ID=file_location
AIRFLOW_CTX_EXECUTION_DATE=2024-03-05T00:00:00+00:00
AIRFLOW_CTX_TRY_NUMBER=1
AIRFLOW_CTX_DAG_RUN_ID=scheduled__2024-03-05T00:00:00+00:00
[2025-07-21T17:42:34.161+0000] {python.py:177} INFO - Done. Returned value was: /tmp/transformed.csv
[2025-07-21T17:42:34.226+0000] {taskinstance.py:1406} INFO - Marking task as SUCCESS. dag_id=trans_dag_26, task_id=file_location, execution_date=20240305T000000, start_date=20250721T174233, end_date=20250721T174234
[2025-07-21T17:42:34.298+0000] {local_task_job.py:164} INFO - Task exited with return code 0
[2025-07-21T17:42:34.354+0000] {local_task_job.py:273} INFO - 1 downstream tasks scheduled from follow-on schedule check
