[2025-07-21T17:03:40.362+0000] {taskinstance.py:1165} INFO - Dependencies all met for <TaskInstance: trans_dag_26.file_location scheduled__2023-10-20T00:00:00+00:00 [queued]>
[2025-07-21T17:03:40.373+0000] {taskinstance.py:1165} INFO - Dependencies all met for <TaskInstance: trans_dag_26.file_location scheduled__2023-10-20T00:00:00+00:00 [queued]>
[2025-07-21T17:03:40.373+0000] {taskinstance.py:1362} INFO - 
--------------------------------------------------------------------------------
[2025-07-21T17:03:40.374+0000] {taskinstance.py:1363} INFO - Starting attempt 1 of 2
[2025-07-21T17:03:40.374+0000] {taskinstance.py:1364} INFO - 
--------------------------------------------------------------------------------
[2025-07-21T17:03:40.388+0000] {taskinstance.py:1383} INFO - Executing <Task(_PythonDecoratedOperator): file_location> on 2023-10-20 00:00:00+00:00
[2025-07-21T17:03:40.395+0000] {standard_task_runner.py:55} INFO - Started process 67972 to run task
[2025-07-21T17:03:40.399+0000] {standard_task_runner.py:82} INFO - Running: ['***', 'tasks', 'run', 'trans_dag_26', 'file_location', 'scheduled__2023-10-20T00:00:00+00:00', '--job-id', '7942', '--raw', '--subdir', 'DAGS_FOLDER/trans_dag.py', '--cfg-path', '/tmp/tmpeh1tnm2o']
[2025-07-21T17:03:40.401+0000] {standard_task_runner.py:83} INFO - Job 7942: Subtask file_location
[2025-07-21T17:03:40.471+0000] {task_command.py:376} INFO - Running <TaskInstance: trans_dag_26.file_location scheduled__2023-10-20T00:00:00+00:00 [running]> on host 77e451e90f2e
[2025-07-21T17:03:40.532+0000] {taskinstance.py:1592} INFO - Exporting the following env vars:
AIRFLOW_CTX_DAG_OWNER=***
AIRFLOW_CTX_DAG_ID=trans_dag_26
AIRFLOW_CTX_TASK_ID=file_location
AIRFLOW_CTX_EXECUTION_DATE=2023-10-20T00:00:00+00:00
AIRFLOW_CTX_TRY_NUMBER=1
AIRFLOW_CTX_DAG_RUN_ID=scheduled__2023-10-20T00:00:00+00:00
[2025-07-21T17:03:40.544+0000] {python.py:177} INFO - Done. Returned value was: /tmp/transformed.csv
[2025-07-21T17:03:40.570+0000] {taskinstance.py:1406} INFO - Marking task as SUCCESS. dag_id=trans_dag_26, task_id=file_location, execution_date=20231020T000000, start_date=20250721T170340, end_date=20250721T170340
[2025-07-21T17:03:40.610+0000] {local_task_job.py:164} INFO - Task exited with return code 0
[2025-07-21T17:03:40.634+0000] {local_task_job.py:273} INFO - 1 downstream tasks scheduled from follow-on schedule check
