[2025-07-21T18:11:06.530+0000] {taskinstance.py:1165} INFO - Dependencies all met for <TaskInstance: trans_dag_26.extract scheduled__2024-09-01T00:00:00+00:00 [queued]>
[2025-07-21T18:11:06.547+0000] {taskinstance.py:1165} INFO - Dependencies all met for <TaskInstance: trans_dag_26.extract scheduled__2024-09-01T00:00:00+00:00 [queued]>
[2025-07-21T18:11:06.548+0000] {taskinstance.py:1362} INFO - 
--------------------------------------------------------------------------------
[2025-07-21T18:11:06.550+0000] {taskinstance.py:1363} INFO - Starting attempt 1 of 2
[2025-07-21T18:11:06.553+0000] {taskinstance.py:1364} INFO - 
--------------------------------------------------------------------------------
[2025-07-21T18:11:06.578+0000] {taskinstance.py:1383} INFO - Executing <Task(_PythonDecoratedOperator): extract> on 2024-09-01 00:00:00+00:00
[2025-07-21T18:11:06.591+0000] {standard_task_runner.py:55} INFO - Started process 79637 to run task
[2025-07-21T18:11:06.600+0000] {standard_task_runner.py:82} INFO - Running: ['***', 'tasks', 'run', 'trans_dag_26', 'extract', 'scheduled__2024-09-01T00:00:00+00:00', '--job-id', '9900', '--raw', '--subdir', 'DAGS_FOLDER/trans_dag.py', '--cfg-path', '/tmp/tmpz7imczgu']
[2025-07-21T18:11:06.604+0000] {standard_task_runner.py:83} INFO - Job 9900: Subtask extract
[2025-07-21T18:11:06.747+0000] {task_command.py:376} INFO - Running <TaskInstance: trans_dag_26.extract scheduled__2024-09-01T00:00:00+00:00 [running]> on host 77e451e90f2e
[2025-07-21T18:11:06.861+0000] {taskinstance.py:1592} INFO - Exporting the following env vars:
AIRFLOW_CTX_DAG_OWNER=***
AIRFLOW_CTX_DAG_ID=trans_dag_26
AIRFLOW_CTX_TASK_ID=extract
AIRFLOW_CTX_EXECUTION_DATE=2024-09-01T00:00:00+00:00
AIRFLOW_CTX_TRY_NUMBER=1
AIRFLOW_CTX_DAG_RUN_ID=scheduled__2024-09-01T00:00:00+00:00
[2025-07-21T18:11:06.876+0000] {base.py:71} INFO - Using connection ID 'aws-connect' for task execution.
[2025-07-21T18:11:06.877+0000] {connection_wrapper.py:303} INFO - AWS Connection (conn_id='aws-connect', conn_type='aws') credentials retrieved from login and password.
[2025-07-21T18:11:10.214+0000] {python.py:177} INFO - Done. Returned value was: /tmp/mymani.csv
[2025-07-21T18:11:10.247+0000] {taskinstance.py:1406} INFO - Marking task as SUCCESS. dag_id=trans_dag_26, task_id=extract, execution_date=20240901T000000, start_date=20250721T181106, end_date=20250721T181110
[2025-07-21T18:11:10.311+0000] {local_task_job.py:164} INFO - Task exited with return code 0
[2025-07-21T18:11:10.345+0000] {local_task_job.py:273} INFO - 1 downstream tasks scheduled from follow-on schedule check
