[2025-07-21T17:43:59.241+0000] {taskinstance.py:1165} INFO - Dependencies all met for <TaskInstance: trans_dag_26.data_quality_check scheduled__2024-03-10T00:00:00+00:00 [queued]>
[2025-07-21T17:43:59.286+0000] {taskinstance.py:1165} INFO - Dependencies all met for <TaskInstance: trans_dag_26.data_quality_check scheduled__2024-03-10T00:00:00+00:00 [queued]>
[2025-07-21T17:43:59.288+0000] {taskinstance.py:1362} INFO - 
--------------------------------------------------------------------------------
[2025-07-21T17:43:59.290+0000] {taskinstance.py:1363} INFO - Starting attempt 1 of 2
[2025-07-21T17:43:59.291+0000] {taskinstance.py:1364} INFO - 
--------------------------------------------------------------------------------
[2025-07-21T17:43:59.339+0000] {taskinstance.py:1383} INFO - Executing <Task(_PythonDecoratedOperator): data_quality_check> on 2024-03-10 00:00:00+00:00
[2025-07-21T17:43:59.361+0000] {standard_task_runner.py:55} INFO - Started process 73962 to run task
[2025-07-21T17:43:59.379+0000] {standard_task_runner.py:82} INFO - Running: ['***', 'tasks', 'run', 'trans_dag_26', 'data_quality_check', 'scheduled__2024-03-10T00:00:00+00:00', '--job-id', '8870', '--raw', '--subdir', 'DAGS_FOLDER/trans_dag.py', '--cfg-path', '/tmp/tmpqm_7_qt6']
[2025-07-21T17:43:59.387+0000] {standard_task_runner.py:83} INFO - Job 8870: Subtask data_quality_check
[2025-07-21T17:43:59.785+0000] {task_command.py:376} INFO - Running <TaskInstance: trans_dag_26.data_quality_check scheduled__2024-03-10T00:00:00+00:00 [running]> on host 77e451e90f2e
[2025-07-21T17:44:00.132+0000] {taskinstance.py:1592} INFO - Exporting the following env vars:
AIRFLOW_CTX_DAG_OWNER=***
AIRFLOW_CTX_DAG_ID=trans_dag_26
AIRFLOW_CTX_TASK_ID=data_quality_check
AIRFLOW_CTX_EXECUTION_DATE=2024-03-10T00:00:00+00:00
AIRFLOW_CTX_TRY_NUMBER=1
AIRFLOW_CTX_DAG_RUN_ID=scheduled__2024-03-10T00:00:00+00:00
[2025-07-21T17:44:00.916+0000] {python.py:177} INFO - Done. Returned value was: {'is_valid': True, 'file_path': '/tmp/transformed.csv'}
[2025-07-21T17:44:00.994+0000] {taskinstance.py:1406} INFO - Marking task as SUCCESS. dag_id=trans_dag_26, task_id=data_quality_check, execution_date=20240310T000000, start_date=20250721T174359, end_date=20250721T174400
[2025-07-21T17:44:01.093+0000] {local_task_job.py:164} INFO - Task exited with return code 0
[2025-07-21T17:44:01.187+0000] {local_task_job.py:273} INFO - 1 downstream tasks scheduled from follow-on schedule check
