[2025-07-21T17:40:52.190+0000] {taskinstance.py:1165} INFO - Dependencies all met for <TaskInstance: trans_dag_26.transform scheduled__2024-02-29T00:00:00+00:00 [queued]>
[2025-07-21T17:40:52.211+0000] {taskinstance.py:1165} INFO - Dependencies all met for <TaskInstance: trans_dag_26.transform scheduled__2024-02-29T00:00:00+00:00 [queued]>
[2025-07-21T17:40:52.212+0000] {taskinstance.py:1362} INFO - 
--------------------------------------------------------------------------------
[2025-07-21T17:40:52.213+0000] {taskinstance.py:1363} INFO - Starting attempt 1 of 2
[2025-07-21T17:40:52.214+0000] {taskinstance.py:1364} INFO - 
--------------------------------------------------------------------------------
[2025-07-21T17:40:52.406+0000] {taskinstance.py:1383} INFO - Executing <Task(_PythonDecoratedOperator): transform> on 2024-02-29 00:00:00+00:00
[2025-07-21T17:40:52.425+0000] {standard_task_runner.py:55} INFO - Started process 73494 to run task
[2025-07-21T17:40:52.437+0000] {standard_task_runner.py:82} INFO - Running: ['***', 'tasks', 'run', 'trans_dag_26', 'transform', 'scheduled__2024-02-29T00:00:00+00:00', '--job-id', '8790', '--raw', '--subdir', 'DAGS_FOLDER/trans_dag.py', '--cfg-path', '/tmp/tmp16pxpx7k']
[2025-07-21T17:40:52.442+0000] {standard_task_runner.py:83} INFO - Job 8790: Subtask transform
[2025-07-21T17:40:52.681+0000] {task_command.py:376} INFO - Running <TaskInstance: trans_dag_26.transform scheduled__2024-02-29T00:00:00+00:00 [running]> on host 77e451e90f2e
[2025-07-21T17:40:52.909+0000] {taskinstance.py:1592} INFO - Exporting the following env vars:
AIRFLOW_CTX_DAG_OWNER=***
AIRFLOW_CTX_DAG_ID=trans_dag_26
AIRFLOW_CTX_TASK_ID=transform
AIRFLOW_CTX_EXECUTION_DATE=2024-02-29T00:00:00+00:00
AIRFLOW_CTX_TRY_NUMBER=1
AIRFLOW_CTX_DAG_RUN_ID=scheduled__2024-02-29T00:00:00+00:00
[2025-07-21T17:40:56.764+0000] {python.py:177} INFO - Done. Returned value was: /tmp/transformed.csv
[2025-07-21T17:40:56.809+0000] {taskinstance.py:1406} INFO - Marking task as SUCCESS. dag_id=trans_dag_26, task_id=transform, execution_date=20240229T000000, start_date=20250721T174052, end_date=20250721T174056
[2025-07-21T17:40:56.871+0000] {local_task_job.py:164} INFO - Task exited with return code 0
[2025-07-21T17:40:56.939+0000] {local_task_job.py:273} INFO - 1 downstream tasks scheduled from follow-on schedule check
