[2025-07-21T17:38:37.831+0000] {taskinstance.py:1165} INFO - Dependencies all met for <TaskInstance: trans_dag_26.data_quality_check scheduled__2024-02-14T00:00:00+00:00 [queued]>
[2025-07-21T17:38:37.849+0000] {taskinstance.py:1165} INFO - Dependencies all met for <TaskInstance: trans_dag_26.data_quality_check scheduled__2024-02-14T00:00:00+00:00 [queued]>
[2025-07-21T17:38:37.850+0000] {taskinstance.py:1362} INFO - 
--------------------------------------------------------------------------------
[2025-07-21T17:38:37.851+0000] {taskinstance.py:1363} INFO - Starting attempt 1 of 2
[2025-07-21T17:38:37.852+0000] {taskinstance.py:1364} INFO - 
--------------------------------------------------------------------------------
[2025-07-21T17:38:37.873+0000] {taskinstance.py:1383} INFO - Executing <Task(_PythonDecoratedOperator): data_quality_check> on 2024-02-14 00:00:00+00:00
[2025-07-21T17:38:37.884+0000] {standard_task_runner.py:55} INFO - Started process 72957 to run task
[2025-07-21T17:38:37.893+0000] {standard_task_runner.py:82} INFO - Running: ['***', 'tasks', 'run', 'trans_dag_26', 'data_quality_check', 'scheduled__2024-02-14T00:00:00+00:00', '--job-id', '8704', '--raw', '--subdir', 'DAGS_FOLDER/trans_dag.py', '--cfg-path', '/tmp/tmpe1tg4y2v']
[2025-07-21T17:38:37.898+0000] {standard_task_runner.py:83} INFO - Job 8704: Subtask data_quality_check
[2025-07-21T17:38:38.046+0000] {task_command.py:376} INFO - Running <TaskInstance: trans_dag_26.data_quality_check scheduled__2024-02-14T00:00:00+00:00 [running]> on host 77e451e90f2e
[2025-07-21T17:38:38.181+0000] {taskinstance.py:1592} INFO - Exporting the following env vars:
AIRFLOW_CTX_DAG_OWNER=***
AIRFLOW_CTX_DAG_ID=trans_dag_26
AIRFLOW_CTX_TASK_ID=data_quality_check
AIRFLOW_CTX_EXECUTION_DATE=2024-02-14T00:00:00+00:00
AIRFLOW_CTX_TRY_NUMBER=1
AIRFLOW_CTX_DAG_RUN_ID=scheduled__2024-02-14T00:00:00+00:00
[2025-07-21T17:38:38.600+0000] {python.py:177} INFO - Done. Returned value was: {'is_valid': True, 'file_path': '/tmp/transformed.csv'}
[2025-07-21T17:38:38.637+0000] {taskinstance.py:1406} INFO - Marking task as SUCCESS. dag_id=trans_dag_26, task_id=data_quality_check, execution_date=20240214T000000, start_date=20250721T173837, end_date=20250721T173838
[2025-07-21T17:38:38.708+0000] {local_task_job.py:164} INFO - Task exited with return code 0
[2025-07-21T17:38:38.759+0000] {local_task_job.py:273} INFO - 1 downstream tasks scheduled from follow-on schedule check
