[2025-07-21T17:40:58.935+0000] {taskinstance.py:1165} INFO - Dependencies all met for <TaskInstance: trans_dag_26.data_quality_check scheduled__2024-03-01T00:00:00+00:00 [queued]>
[2025-07-21T17:40:58.953+0000] {taskinstance.py:1165} INFO - Dependencies all met for <TaskInstance: trans_dag_26.data_quality_check scheduled__2024-03-01T00:00:00+00:00 [queued]>
[2025-07-21T17:40:58.954+0000] {taskinstance.py:1362} INFO - 
--------------------------------------------------------------------------------
[2025-07-21T17:40:58.955+0000] {taskinstance.py:1363} INFO - Starting attempt 1 of 2
[2025-07-21T17:40:58.956+0000] {taskinstance.py:1364} INFO - 
--------------------------------------------------------------------------------
[2025-07-21T17:40:58.979+0000] {taskinstance.py:1383} INFO - Executing <Task(_PythonDecoratedOperator): data_quality_check> on 2024-03-01 00:00:00+00:00
[2025-07-21T17:40:58.991+0000] {standard_task_runner.py:55} INFO - Started process 73522 to run task
[2025-07-21T17:40:58.996+0000] {standard_task_runner.py:82} INFO - Running: ['***', 'tasks', 'run', 'trans_dag_26', 'data_quality_check', 'scheduled__2024-03-01T00:00:00+00:00', '--job-id', '8800', '--raw', '--subdir', 'DAGS_FOLDER/trans_dag.py', '--cfg-path', '/tmp/tmprvkzfd7d']
[2025-07-21T17:40:59.000+0000] {standard_task_runner.py:83} INFO - Job 8800: Subtask data_quality_check
[2025-07-21T17:40:59.126+0000] {task_command.py:376} INFO - Running <TaskInstance: trans_dag_26.data_quality_check scheduled__2024-03-01T00:00:00+00:00 [running]> on host 77e451e90f2e
[2025-07-21T17:40:59.246+0000] {taskinstance.py:1592} INFO - Exporting the following env vars:
AIRFLOW_CTX_DAG_OWNER=***
AIRFLOW_CTX_DAG_ID=trans_dag_26
AIRFLOW_CTX_TASK_ID=data_quality_check
AIRFLOW_CTX_EXECUTION_DATE=2024-03-01T00:00:00+00:00
AIRFLOW_CTX_TRY_NUMBER=1
AIRFLOW_CTX_DAG_RUN_ID=scheduled__2024-03-01T00:00:00+00:00
[2025-07-21T17:40:59.536+0000] {python.py:177} INFO - Done. Returned value was: {'is_valid': True, 'file_path': '/tmp/transformed.csv'}
[2025-07-21T17:40:59.564+0000] {taskinstance.py:1406} INFO - Marking task as SUCCESS. dag_id=trans_dag_26, task_id=data_quality_check, execution_date=20240301T000000, start_date=20250721T174058, end_date=20250721T174059
[2025-07-21T17:40:59.610+0000] {local_task_job.py:164} INFO - Task exited with return code 0
[2025-07-21T17:40:59.641+0000] {local_task_job.py:273} INFO - 1 downstream tasks scheduled from follow-on schedule check
