[2025-07-21T18:23:33.892+0000] {taskinstance.py:1165} INFO - Dependencies all met for <TaskInstance: trans_dag_26.transform scheduled__2024-12-06T00:00:00+00:00 [queued]>
[2025-07-21T18:23:33.903+0000] {taskinstance.py:1165} INFO - Dependencies all met for <TaskInstance: trans_dag_26.transform scheduled__2024-12-06T00:00:00+00:00 [queued]>
[2025-07-21T18:23:33.904+0000] {taskinstance.py:1362} INFO - 
--------------------------------------------------------------------------------
[2025-07-21T18:23:33.905+0000] {taskinstance.py:1363} INFO - Starting attempt 1 of 2
[2025-07-21T18:23:33.905+0000] {taskinstance.py:1364} INFO - 
--------------------------------------------------------------------------------
[2025-07-21T18:23:33.922+0000] {taskinstance.py:1383} INFO - Executing <Task(_PythonDecoratedOperator): transform> on 2024-12-06 00:00:00+00:00
[2025-07-21T18:23:33.933+0000] {standard_task_runner.py:55} INFO - Started process 82935 to run task
[2025-07-21T18:23:33.940+0000] {standard_task_runner.py:82} INFO - Running: ['***', 'tasks', 'run', 'trans_dag_26', 'transform', 'scheduled__2024-12-06T00:00:00+00:00', '--job-id', '10506', '--raw', '--subdir', 'DAGS_FOLDER/trans_dag.py', '--cfg-path', '/tmp/tmpp1lfcx0m']
[2025-07-21T18:23:33.944+0000] {standard_task_runner.py:83} INFO - Job 10506: Subtask transform
[2025-07-21T18:23:34.045+0000] {task_command.py:376} INFO - Running <TaskInstance: trans_dag_26.transform scheduled__2024-12-06T00:00:00+00:00 [running]> on host 77e451e90f2e
[2025-07-21T18:23:34.138+0000] {taskinstance.py:1592} INFO - Exporting the following env vars:
AIRFLOW_CTX_DAG_OWNER=***
AIRFLOW_CTX_DAG_ID=trans_dag_26
AIRFLOW_CTX_TASK_ID=transform
AIRFLOW_CTX_EXECUTION_DATE=2024-12-06T00:00:00+00:00
AIRFLOW_CTX_TRY_NUMBER=1
AIRFLOW_CTX_DAG_RUN_ID=scheduled__2024-12-06T00:00:00+00:00
[2025-07-21T18:23:36.172+0000] {python.py:177} INFO - Done. Returned value was: /tmp/transformed.csv
[2025-07-21T18:23:36.204+0000] {taskinstance.py:1406} INFO - Marking task as SUCCESS. dag_id=trans_dag_26, task_id=transform, execution_date=20241206T000000, start_date=20250721T182333, end_date=20250721T182336
[2025-07-21T18:23:36.318+0000] {local_task_job.py:164} INFO - Task exited with return code 0
[2025-07-21T18:23:36.355+0000] {local_task_job.py:273} INFO - 1 downstream tasks scheduled from follow-on schedule check
