[2025-07-21T18:20:43.580+0000] {taskinstance.py:1165} INFO - Dependencies all met for <TaskInstance: trans_dag_26.file_location scheduled__2024-11-06T00:00:00+00:00 [queued]>
[2025-07-21T18:20:43.607+0000] {taskinstance.py:1165} INFO - Dependencies all met for <TaskInstance: trans_dag_26.file_location scheduled__2024-11-06T00:00:00+00:00 [queued]>
[2025-07-21T18:20:43.608+0000] {taskinstance.py:1362} INFO - 
--------------------------------------------------------------------------------
[2025-07-21T18:20:43.609+0000] {taskinstance.py:1363} INFO - Starting attempt 1 of 2
[2025-07-21T18:20:43.610+0000] {taskinstance.py:1364} INFO - 
--------------------------------------------------------------------------------
[2025-07-21T18:20:43.632+0000] {taskinstance.py:1383} INFO - Executing <Task(_PythonDecoratedOperator): file_location> on 2024-11-06 00:00:00+00:00
[2025-07-21T18:20:43.645+0000] {standard_task_runner.py:55} INFO - Started process 82049 to run task
[2025-07-21T18:20:43.656+0000] {standard_task_runner.py:82} INFO - Running: ['***', 'tasks', 'run', 'trans_dag_26', 'file_location', 'scheduled__2024-11-06T00:00:00+00:00', '--job-id', '10343', '--raw', '--subdir', 'DAGS_FOLDER/trans_dag.py', '--cfg-path', '/tmp/tmpvpjz7yhg']
[2025-07-21T18:20:43.662+0000] {standard_task_runner.py:83} INFO - Job 10343: Subtask file_location
[2025-07-21T18:20:43.816+0000] {task_command.py:376} INFO - Running <TaskInstance: trans_dag_26.file_location scheduled__2024-11-06T00:00:00+00:00 [running]> on host 77e451e90f2e
[2025-07-21T18:20:43.957+0000] {taskinstance.py:1592} INFO - Exporting the following env vars:
AIRFLOW_CTX_DAG_OWNER=***
AIRFLOW_CTX_DAG_ID=trans_dag_26
AIRFLOW_CTX_TASK_ID=file_location
AIRFLOW_CTX_EXECUTION_DATE=2024-11-06T00:00:00+00:00
AIRFLOW_CTX_TRY_NUMBER=1
AIRFLOW_CTX_DAG_RUN_ID=scheduled__2024-11-06T00:00:00+00:00
[2025-07-21T18:20:43.977+0000] {python.py:177} INFO - Done. Returned value was: /tmp/transformed.csv
[2025-07-21T18:20:44.018+0000] {taskinstance.py:1406} INFO - Marking task as SUCCESS. dag_id=trans_dag_26, task_id=file_location, execution_date=20241106T000000, start_date=20250721T182043, end_date=20250721T182044
[2025-07-21T18:20:44.065+0000] {local_task_job.py:164} INFO - Task exited with return code 0
[2025-07-21T18:20:44.110+0000] {local_task_job.py:273} INFO - 1 downstream tasks scheduled from follow-on schedule check
