[2025-07-21T22:50:24.001+0000] {taskinstance.py:1165} INFO - Dependencies all met for <TaskInstance: trans_dag_26.transform scheduled__2025-05-03T00:00:00+00:00 [queued]>
[2025-07-21T22:50:24.015+0000] {taskinstance.py:1165} INFO - Dependencies all met for <TaskInstance: trans_dag_26.transform scheduled__2025-05-03T00:00:00+00:00 [queued]>
[2025-07-21T22:50:24.016+0000] {taskinstance.py:1362} INFO - 
--------------------------------------------------------------------------------
[2025-07-21T22:50:24.018+0000] {taskinstance.py:1363} INFO - Starting attempt 1 of 2
[2025-07-21T22:50:24.018+0000] {taskinstance.py:1364} INFO - 
--------------------------------------------------------------------------------
[2025-07-21T22:50:24.033+0000] {taskinstance.py:1383} INFO - Executing <Task(_PythonDecoratedOperator): transform> on 2025-05-03 00:00:00+00:00
[2025-07-21T22:50:24.042+0000] {standard_task_runner.py:55} INFO - Started process 88173 to run task
[2025-07-21T22:50:24.047+0000] {standard_task_runner.py:82} INFO - Running: ['***', 'tasks', 'run', 'trans_dag_26', 'transform', 'scheduled__2025-05-03T00:00:00+00:00', '--job-id', '11436', '--raw', '--subdir', 'DAGS_FOLDER/trans_dag.py', '--cfg-path', '/tmp/tmpvxbml7j9']
[2025-07-21T22:50:24.050+0000] {standard_task_runner.py:83} INFO - Job 11436: Subtask transform
[2025-07-21T22:50:24.176+0000] {task_command.py:376} INFO - Running <TaskInstance: trans_dag_26.transform scheduled__2025-05-03T00:00:00+00:00 [running]> on host 77e451e90f2e
[2025-07-21T22:50:24.291+0000] {taskinstance.py:1592} INFO - Exporting the following env vars:
AIRFLOW_CTX_DAG_OWNER=***
AIRFLOW_CTX_DAG_ID=trans_dag_26
AIRFLOW_CTX_TASK_ID=transform
AIRFLOW_CTX_EXECUTION_DATE=2025-05-03T00:00:00+00:00
AIRFLOW_CTX_TRY_NUMBER=1
AIRFLOW_CTX_DAG_RUN_ID=scheduled__2025-05-03T00:00:00+00:00
[2025-07-21T22:50:26.698+0000] {python.py:177} INFO - Done. Returned value was: /tmp/transformed.csv
[2025-07-21T22:50:26.737+0000] {taskinstance.py:1406} INFO - Marking task as SUCCESS. dag_id=trans_dag_26, task_id=transform, execution_date=20250503T000000, start_date=20250721T225024, end_date=20250721T225026
[2025-07-21T22:50:26.794+0000] {local_task_job.py:164} INFO - Task exited with return code 0
[2025-07-21T22:50:26.840+0000] {local_task_job.py:273} INFO - 1 downstream tasks scheduled from follow-on schedule check
