[2025-07-21T18:28:46.793+0000] {taskinstance.py:1165} INFO - Dependencies all met for <TaskInstance: trans_dag_26.transform scheduled__2025-01-09T00:00:00+00:00 [queued]>
[2025-07-21T18:28:46.827+0000] {taskinstance.py:1165} INFO - Dependencies all met for <TaskInstance: trans_dag_26.transform scheduled__2025-01-09T00:00:00+00:00 [queued]>
[2025-07-21T18:28:46.831+0000] {taskinstance.py:1362} INFO - 
--------------------------------------------------------------------------------
[2025-07-21T18:28:46.835+0000] {taskinstance.py:1363} INFO - Starting attempt 1 of 2
[2025-07-21T18:28:46.837+0000] {taskinstance.py:1364} INFO - 
--------------------------------------------------------------------------------
[2025-07-21T18:28:46.871+0000] {taskinstance.py:1383} INFO - Executing <Task(_PythonDecoratedOperator): transform> on 2025-01-09 00:00:00+00:00
[2025-07-21T18:28:46.889+0000] {standard_task_runner.py:55} INFO - Started process 83928 to run task
[2025-07-21T18:28:46.909+0000] {standard_task_runner.py:82} INFO - Running: ['***', 'tasks', 'run', 'trans_dag_26', 'transform', 'scheduled__2025-01-09T00:00:00+00:00', '--job-id', '10689', '--raw', '--subdir', 'DAGS_FOLDER/trans_dag.py', '--cfg-path', '/tmp/tmp_qy2cfsw']
[2025-07-21T18:28:46.917+0000] {standard_task_runner.py:83} INFO - Job 10689: Subtask transform
[2025-07-21T18:28:47.186+0000] {task_command.py:376} INFO - Running <TaskInstance: trans_dag_26.transform scheduled__2025-01-09T00:00:00+00:00 [running]> on host 77e451e90f2e
[2025-07-21T18:28:47.478+0000] {taskinstance.py:1592} INFO - Exporting the following env vars:
AIRFLOW_CTX_DAG_OWNER=***
AIRFLOW_CTX_DAG_ID=trans_dag_26
AIRFLOW_CTX_TASK_ID=transform
AIRFLOW_CTX_EXECUTION_DATE=2025-01-09T00:00:00+00:00
AIRFLOW_CTX_TRY_NUMBER=1
AIRFLOW_CTX_DAG_RUN_ID=scheduled__2025-01-09T00:00:00+00:00
[2025-07-21T18:28:54.035+0000] {python.py:177} INFO - Done. Returned value was: /tmp/transformed.csv
[2025-07-21T18:28:54.122+0000] {taskinstance.py:1406} INFO - Marking task as SUCCESS. dag_id=trans_dag_26, task_id=transform, execution_date=20250109T000000, start_date=20250721T182846, end_date=20250721T182854
[2025-07-21T18:28:54.234+0000] {local_task_job.py:164} INFO - Task exited with return code 0
[2025-07-21T18:28:54.353+0000] {local_task_job.py:273} INFO - 1 downstream tasks scheduled from follow-on schedule check
