[2025-07-21T17:53:51.443+0000] {taskinstance.py:1165} INFO - Dependencies all met for <TaskInstance: trans_dag_26.data_quality_check scheduled__2024-05-21T00:00:00+00:00 [queued]>
[2025-07-21T17:53:51.464+0000] {taskinstance.py:1165} INFO - Dependencies all met for <TaskInstance: trans_dag_26.data_quality_check scheduled__2024-05-21T00:00:00+00:00 [queued]>
[2025-07-21T17:53:51.465+0000] {taskinstance.py:1362} INFO - 
--------------------------------------------------------------------------------
[2025-07-21T17:53:51.467+0000] {taskinstance.py:1363} INFO - Starting attempt 1 of 2
[2025-07-21T17:53:51.468+0000] {taskinstance.py:1364} INFO - 
--------------------------------------------------------------------------------
[2025-07-21T17:53:51.499+0000] {taskinstance.py:1383} INFO - Executing <Task(_PythonDecoratedOperator): data_quality_check> on 2024-05-21 00:00:00+00:00
[2025-07-21T17:53:51.511+0000] {standard_task_runner.py:55} INFO - Started process 76314 to run task
[2025-07-21T17:53:51.516+0000] {standard_task_runner.py:82} INFO - Running: ['***', 'tasks', 'run', 'trans_dag_26', 'data_quality_check', 'scheduled__2024-05-21T00:00:00+00:00', '--job-id', '9303', '--raw', '--subdir', 'DAGS_FOLDER/trans_dag.py', '--cfg-path', '/tmp/tmparr96or2']
[2025-07-21T17:53:51.520+0000] {standard_task_runner.py:83} INFO - Job 9303: Subtask data_quality_check
[2025-07-21T17:53:51.676+0000] {task_command.py:376} INFO - Running <TaskInstance: trans_dag_26.data_quality_check scheduled__2024-05-21T00:00:00+00:00 [running]> on host 77e451e90f2e
[2025-07-21T17:53:51.794+0000] {taskinstance.py:1592} INFO - Exporting the following env vars:
AIRFLOW_CTX_DAG_OWNER=***
AIRFLOW_CTX_DAG_ID=trans_dag_26
AIRFLOW_CTX_TASK_ID=data_quality_check
AIRFLOW_CTX_EXECUTION_DATE=2024-05-21T00:00:00+00:00
AIRFLOW_CTX_TRY_NUMBER=1
AIRFLOW_CTX_DAG_RUN_ID=scheduled__2024-05-21T00:00:00+00:00
[2025-07-21T17:53:52.106+0000] {python.py:177} INFO - Done. Returned value was: {'is_valid': True, 'file_path': '/tmp/transformed.csv'}
[2025-07-21T17:53:52.148+0000] {taskinstance.py:1406} INFO - Marking task as SUCCESS. dag_id=trans_dag_26, task_id=data_quality_check, execution_date=20240521T000000, start_date=20250721T175351, end_date=20250721T175352
[2025-07-21T17:53:52.209+0000] {local_task_job.py:164} INFO - Task exited with return code 0
[2025-07-21T17:53:52.250+0000] {local_task_job.py:273} INFO - 1 downstream tasks scheduled from follow-on schedule check
