[2025-07-21T17:51:50.995+0000] {taskinstance.py:1165} INFO - Dependencies all met for <TaskInstance: trans_dag_26.transform scheduled__2024-05-03T00:00:00+00:00 [queued]>
[2025-07-21T17:51:51.010+0000] {taskinstance.py:1165} INFO - Dependencies all met for <TaskInstance: trans_dag_26.transform scheduled__2024-05-03T00:00:00+00:00 [queued]>
[2025-07-21T17:51:51.011+0000] {taskinstance.py:1362} INFO - 
--------------------------------------------------------------------------------
[2025-07-21T17:51:51.012+0000] {taskinstance.py:1363} INFO - Starting attempt 1 of 2
[2025-07-21T17:51:51.013+0000] {taskinstance.py:1364} INFO - 
--------------------------------------------------------------------------------
[2025-07-21T17:51:51.034+0000] {taskinstance.py:1383} INFO - Executing <Task(_PythonDecoratedOperator): transform> on 2024-05-03 00:00:00+00:00
[2025-07-21T17:51:51.044+0000] {standard_task_runner.py:55} INFO - Started process 75847 to run task
[2025-07-21T17:51:51.057+0000] {standard_task_runner.py:82} INFO - Running: ['***', 'tasks', 'run', 'trans_dag_26', 'transform', 'scheduled__2024-05-03T00:00:00+00:00', '--job-id', '9225', '--raw', '--subdir', 'DAGS_FOLDER/trans_dag.py', '--cfg-path', '/tmp/tmpg43b8v2l']
[2025-07-21T17:51:51.066+0000] {standard_task_runner.py:83} INFO - Job 9225: Subtask transform
[2025-07-21T17:51:51.205+0000] {task_command.py:376} INFO - Running <TaskInstance: trans_dag_26.transform scheduled__2024-05-03T00:00:00+00:00 [running]> on host 77e451e90f2e
[2025-07-21T17:51:51.323+0000] {taskinstance.py:1592} INFO - Exporting the following env vars:
AIRFLOW_CTX_DAG_OWNER=***
AIRFLOW_CTX_DAG_ID=trans_dag_26
AIRFLOW_CTX_TASK_ID=transform
AIRFLOW_CTX_EXECUTION_DATE=2024-05-03T00:00:00+00:00
AIRFLOW_CTX_TRY_NUMBER=1
AIRFLOW_CTX_DAG_RUN_ID=scheduled__2024-05-03T00:00:00+00:00
[2025-07-21T17:51:53.172+0000] {python.py:177} INFO - Done. Returned value was: /tmp/transformed.csv
[2025-07-21T17:51:53.219+0000] {taskinstance.py:1406} INFO - Marking task as SUCCESS. dag_id=trans_dag_26, task_id=transform, execution_date=20240503T000000, start_date=20250721T175150, end_date=20250721T175153
[2025-07-21T17:51:53.312+0000] {local_task_job.py:164} INFO - Task exited with return code 0
[2025-07-21T17:51:53.367+0000] {local_task_job.py:273} INFO - 1 downstream tasks scheduled from follow-on schedule check
