[2025-07-21T17:05:05.893+0000] {taskinstance.py:1165} INFO - Dependencies all met for <TaskInstance: trans_dag_26.extract scheduled__2023-10-30T00:00:00+00:00 [queued]>
[2025-07-21T17:05:05.909+0000] {taskinstance.py:1165} INFO - Dependencies all met for <TaskInstance: trans_dag_26.extract scheduled__2023-10-30T00:00:00+00:00 [queued]>
[2025-07-21T17:05:05.909+0000] {taskinstance.py:1362} INFO - 
--------------------------------------------------------------------------------
[2025-07-21T17:05:05.911+0000] {taskinstance.py:1363} INFO - Starting attempt 1 of 2
[2025-07-21T17:05:05.912+0000] {taskinstance.py:1364} INFO - 
--------------------------------------------------------------------------------
[2025-07-21T17:05:05.930+0000] {taskinstance.py:1383} INFO - Executing <Task(_PythonDecoratedOperator): extract> on 2023-10-30 00:00:00+00:00
[2025-07-21T17:05:05.938+0000] {standard_task_runner.py:55} INFO - Started process 68251 to run task
[2025-07-21T17:05:05.943+0000] {standard_task_runner.py:82} INFO - Running: ['***', 'tasks', 'run', 'trans_dag_26', 'extract', 'scheduled__2023-10-30T00:00:00+00:00', '--job-id', '7989', '--raw', '--subdir', 'DAGS_FOLDER/trans_dag.py', '--cfg-path', '/tmp/tmpl2gqe7bb']
[2025-07-21T17:05:05.946+0000] {standard_task_runner.py:83} INFO - Job 7989: Subtask extract
[2025-07-21T17:05:06.077+0000] {task_command.py:376} INFO - Running <TaskInstance: trans_dag_26.extract scheduled__2023-10-30T00:00:00+00:00 [running]> on host 77e451e90f2e
[2025-07-21T17:05:06.176+0000] {taskinstance.py:1592} INFO - Exporting the following env vars:
AIRFLOW_CTX_DAG_OWNER=***
AIRFLOW_CTX_DAG_ID=trans_dag_26
AIRFLOW_CTX_TASK_ID=extract
AIRFLOW_CTX_EXECUTION_DATE=2023-10-30T00:00:00+00:00
AIRFLOW_CTX_TRY_NUMBER=1
AIRFLOW_CTX_DAG_RUN_ID=scheduled__2023-10-30T00:00:00+00:00
[2025-07-21T17:05:06.191+0000] {base.py:71} INFO - Using connection ID 'aws-connect' for task execution.
[2025-07-21T17:05:06.192+0000] {connection_wrapper.py:303} INFO - AWS Connection (conn_id='aws-connect', conn_type='aws') credentials retrieved from login and password.
[2025-07-21T17:05:13.554+0000] {python.py:177} INFO - Done. Returned value was: /tmp/mymani.csv
[2025-07-21T17:05:13.585+0000] {taskinstance.py:1406} INFO - Marking task as SUCCESS. dag_id=trans_dag_26, task_id=extract, execution_date=20231030T000000, start_date=20250721T170505, end_date=20250721T170513
[2025-07-21T17:05:13.635+0000] {local_task_job.py:164} INFO - Task exited with return code 0
[2025-07-21T17:05:13.740+0000] {local_task_job.py:273} INFO - 0 downstream tasks scheduled from follow-on schedule check
