[2025-07-21T17:02:03.927+0000] {taskinstance.py:1165} INFO - Dependencies all met for <TaskInstance: trans_dag_26.transform scheduled__2023-10-18T00:00:00+00:00 [queued]>
[2025-07-21T17:02:03.940+0000] {taskinstance.py:1165} INFO - Dependencies all met for <TaskInstance: trans_dag_26.transform scheduled__2023-10-18T00:00:00+00:00 [queued]>
[2025-07-21T17:02:03.942+0000] {taskinstance.py:1362} INFO - 
--------------------------------------------------------------------------------
[2025-07-21T17:02:03.943+0000] {taskinstance.py:1363} INFO - Starting attempt 1 of 2
[2025-07-21T17:02:03.944+0000] {taskinstance.py:1364} INFO - 
--------------------------------------------------------------------------------
[2025-07-21T17:02:03.960+0000] {taskinstance.py:1383} INFO - Executing <Task(_PythonDecoratedOperator): transform> on 2023-10-18 00:00:00+00:00
[2025-07-21T17:02:03.967+0000] {standard_task_runner.py:55} INFO - Started process 67723 to run task
[2025-07-21T17:02:03.972+0000] {standard_task_runner.py:82} INFO - Running: ['***', 'tasks', 'run', 'trans_dag_26', 'transform', 'scheduled__2023-10-18T00:00:00+00:00', '--job-id', '7894', '--raw', '--subdir', 'DAGS_FOLDER/trans_dag.py', '--cfg-path', '/tmp/tmpyhdiv7nt']
[2025-07-21T17:02:03.976+0000] {standard_task_runner.py:83} INFO - Job 7894: Subtask transform
[2025-07-21T17:02:04.082+0000] {task_command.py:376} INFO - Running <TaskInstance: trans_dag_26.transform scheduled__2023-10-18T00:00:00+00:00 [running]> on host 77e451e90f2e
[2025-07-21T17:02:04.179+0000] {taskinstance.py:1592} INFO - Exporting the following env vars:
AIRFLOW_CTX_DAG_OWNER=***
AIRFLOW_CTX_DAG_ID=trans_dag_26
AIRFLOW_CTX_TASK_ID=transform
AIRFLOW_CTX_EXECUTION_DATE=2023-10-18T00:00:00+00:00
AIRFLOW_CTX_TRY_NUMBER=1
AIRFLOW_CTX_DAG_RUN_ID=scheduled__2023-10-18T00:00:00+00:00
[2025-07-21T17:02:05.952+0000] {python.py:177} INFO - Done. Returned value was: /tmp/transformed.csv
[2025-07-21T17:02:05.976+0000] {taskinstance.py:1406} INFO - Marking task as SUCCESS. dag_id=trans_dag_26, task_id=transform, execution_date=20231018T000000, start_date=20250721T170203, end_date=20250721T170205
[2025-07-21T17:02:06.031+0000] {local_task_job.py:164} INFO - Task exited with return code 0
[2025-07-21T17:02:06.058+0000] {local_task_job.py:273} INFO - 1 downstream tasks scheduled from follow-on schedule check
