[2025-07-21T22:43:23.430+0000] {taskinstance.py:1165} INFO - Dependencies all met for <TaskInstance: trans_dag_26.file_location scheduled__2025-03-13T00:00:00+00:00 [queued]>
[2025-07-21T22:43:23.450+0000] {taskinstance.py:1165} INFO - Dependencies all met for <TaskInstance: trans_dag_26.file_location scheduled__2025-03-13T00:00:00+00:00 [queued]>
[2025-07-21T22:43:23.451+0000] {taskinstance.py:1362} INFO - 
--------------------------------------------------------------------------------
[2025-07-21T22:43:23.452+0000] {taskinstance.py:1363} INFO - Starting attempt 1 of 2
[2025-07-21T22:43:23.452+0000] {taskinstance.py:1364} INFO - 
--------------------------------------------------------------------------------
[2025-07-21T22:43:23.468+0000] {taskinstance.py:1383} INFO - Executing <Task(_PythonDecoratedOperator): file_location> on 2025-03-13 00:00:00+00:00
[2025-07-21T22:43:23.477+0000] {standard_task_runner.py:55} INFO - Started process 86725 to run task
[2025-07-21T22:43:23.482+0000] {standard_task_runner.py:82} INFO - Running: ['***', 'tasks', 'run', 'trans_dag_26', 'file_location', 'scheduled__2025-03-13T00:00:00+00:00', '--job-id', '11190', '--raw', '--subdir', 'DAGS_FOLDER/trans_dag.py', '--cfg-path', '/tmp/tmpav4k5hkd']
[2025-07-21T22:43:23.485+0000] {standard_task_runner.py:83} INFO - Job 11190: Subtask file_location
[2025-07-21T22:43:23.592+0000] {task_command.py:376} INFO - Running <TaskInstance: trans_dag_26.file_location scheduled__2025-03-13T00:00:00+00:00 [running]> on host 77e451e90f2e
[2025-07-21T22:43:23.677+0000] {taskinstance.py:1592} INFO - Exporting the following env vars:
AIRFLOW_CTX_DAG_OWNER=***
AIRFLOW_CTX_DAG_ID=trans_dag_26
AIRFLOW_CTX_TASK_ID=file_location
AIRFLOW_CTX_EXECUTION_DATE=2025-03-13T00:00:00+00:00
AIRFLOW_CTX_TRY_NUMBER=1
AIRFLOW_CTX_DAG_RUN_ID=scheduled__2025-03-13T00:00:00+00:00
[2025-07-21T22:43:23.694+0000] {python.py:177} INFO - Done. Returned value was: /tmp/transformed.csv
[2025-07-21T22:43:23.726+0000] {taskinstance.py:1406} INFO - Marking task as SUCCESS. dag_id=trans_dag_26, task_id=file_location, execution_date=20250313T000000, start_date=20250721T224323, end_date=20250721T224323
[2025-07-21T22:43:23.774+0000] {local_task_job.py:164} INFO - Task exited with return code 0
[2025-07-21T22:43:23.802+0000] {local_task_job.py:273} INFO - 1 downstream tasks scheduled from follow-on schedule check
