[2025-07-21T18:11:43.733+0000] {taskinstance.py:1165} INFO - Dependencies all met for <TaskInstance: trans_dag_26.data_quality_check scheduled__2024-09-11T00:00:00+00:00 [queued]>
[2025-07-21T18:11:43.761+0000] {taskinstance.py:1165} INFO - Dependencies all met for <TaskInstance: trans_dag_26.data_quality_check scheduled__2024-09-11T00:00:00+00:00 [queued]>
[2025-07-21T18:11:43.762+0000] {taskinstance.py:1362} INFO - 
--------------------------------------------------------------------------------
[2025-07-21T18:11:43.764+0000] {taskinstance.py:1363} INFO - Starting attempt 1 of 2
[2025-07-21T18:11:43.765+0000] {taskinstance.py:1364} INFO - 
--------------------------------------------------------------------------------
[2025-07-21T18:11:43.802+0000] {taskinstance.py:1383} INFO - Executing <Task(_PythonDecoratedOperator): data_quality_check> on 2024-09-11 00:00:00+00:00
[2025-07-21T18:11:43.820+0000] {standard_task_runner.py:55} INFO - Started process 79907 to run task
[2025-07-21T18:11:43.834+0000] {standard_task_runner.py:82} INFO - Running: ['***', 'tasks', 'run', 'trans_dag_26', 'data_quality_check', 'scheduled__2024-09-11T00:00:00+00:00', '--job-id', '9956', '--raw', '--subdir', 'DAGS_FOLDER/trans_dag.py', '--cfg-path', '/tmp/tmp3atv43zv']
[2025-07-21T18:11:43.840+0000] {standard_task_runner.py:83} INFO - Job 9956: Subtask data_quality_check
[2025-07-21T18:11:44.079+0000] {task_command.py:376} INFO - Running <TaskInstance: trans_dag_26.data_quality_check scheduled__2024-09-11T00:00:00+00:00 [running]> on host 77e451e90f2e
[2025-07-21T18:11:44.301+0000] {taskinstance.py:1592} INFO - Exporting the following env vars:
AIRFLOW_CTX_DAG_OWNER=***
AIRFLOW_CTX_DAG_ID=trans_dag_26
AIRFLOW_CTX_TASK_ID=data_quality_check
AIRFLOW_CTX_EXECUTION_DATE=2024-09-11T00:00:00+00:00
AIRFLOW_CTX_TRY_NUMBER=1
AIRFLOW_CTX_DAG_RUN_ID=scheduled__2024-09-11T00:00:00+00:00
[2025-07-21T18:11:44.364+0000] {python.py:177} INFO - Done. Returned value was: {'is_valid': True, 'file_path': '/tmp/transformed.csv'}
[2025-07-21T18:11:44.428+0000] {taskinstance.py:1406} INFO - Marking task as SUCCESS. dag_id=trans_dag_26, task_id=data_quality_check, execution_date=20240911T000000, start_date=20250721T181143, end_date=20250721T181144
[2025-07-21T18:11:44.488+0000] {local_task_job.py:164} INFO - Task exited with return code 0
[2025-07-21T18:11:44.580+0000] {local_task_job.py:273} INFO - 1 downstream tasks scheduled from follow-on schedule check
