[2025-07-21T18:16:20.734+0000] {taskinstance.py:1165} INFO - Dependencies all met for <TaskInstance: trans_dag_26.transform scheduled__2024-10-16T00:00:00+00:00 [queued]>
[2025-07-21T18:16:20.747+0000] {taskinstance.py:1165} INFO - Dependencies all met for <TaskInstance: trans_dag_26.transform scheduled__2024-10-16T00:00:00+00:00 [queued]>
[2025-07-21T18:16:20.748+0000] {taskinstance.py:1362} INFO - 
--------------------------------------------------------------------------------
[2025-07-21T18:16:20.749+0000] {taskinstance.py:1363} INFO - Starting attempt 1 of 2
[2025-07-21T18:16:20.750+0000] {taskinstance.py:1364} INFO - 
--------------------------------------------------------------------------------
[2025-07-21T18:16:20.764+0000] {taskinstance.py:1383} INFO - Executing <Task(_PythonDecoratedOperator): transform> on 2024-10-16 00:00:00+00:00
[2025-07-21T18:16:20.772+0000] {standard_task_runner.py:55} INFO - Started process 81066 to run task
[2025-07-21T18:16:20.776+0000] {standard_task_runner.py:82} INFO - Running: ['***', 'tasks', 'run', 'trans_dag_26', 'transform', 'scheduled__2024-10-16T00:00:00+00:00', '--job-id', '10174', '--raw', '--subdir', 'DAGS_FOLDER/trans_dag.py', '--cfg-path', '/tmp/tmpmade606e']
[2025-07-21T18:16:20.778+0000] {standard_task_runner.py:83} INFO - Job 10174: Subtask transform
[2025-07-21T18:16:20.885+0000] {task_command.py:376} INFO - Running <TaskInstance: trans_dag_26.transform scheduled__2024-10-16T00:00:00+00:00 [running]> on host 77e451e90f2e
[2025-07-21T18:16:20.971+0000] {taskinstance.py:1592} INFO - Exporting the following env vars:
AIRFLOW_CTX_DAG_OWNER=***
AIRFLOW_CTX_DAG_ID=trans_dag_26
AIRFLOW_CTX_TASK_ID=transform
AIRFLOW_CTX_EXECUTION_DATE=2024-10-16T00:00:00+00:00
AIRFLOW_CTX_TRY_NUMBER=1
AIRFLOW_CTX_DAG_RUN_ID=scheduled__2024-10-16T00:00:00+00:00
[2025-07-21T18:16:22.779+0000] {python.py:177} INFO - Done. Returned value was: /tmp/transformed.csv
[2025-07-21T18:16:22.804+0000] {taskinstance.py:1406} INFO - Marking task as SUCCESS. dag_id=trans_dag_26, task_id=transform, execution_date=20241016T000000, start_date=20250721T181620, end_date=20250721T181622
[2025-07-21T18:16:22.956+0000] {local_task_job.py:164} INFO - Task exited with return code 0
[2025-07-21T18:16:22.987+0000] {local_task_job.py:273} INFO - 1 downstream tasks scheduled from follow-on schedule check
