[2025-07-21T17:58:37.824+0000] {taskinstance.py:1165} INFO - Dependencies all met for <TaskInstance: trans_dag_26.transform scheduled__2024-06-23T00:00:00+00:00 [queued]>
[2025-07-21T17:58:37.874+0000] {taskinstance.py:1165} INFO - Dependencies all met for <TaskInstance: trans_dag_26.transform scheduled__2024-06-23T00:00:00+00:00 [queued]>
[2025-07-21T17:58:37.877+0000] {taskinstance.py:1362} INFO - 
--------------------------------------------------------------------------------
[2025-07-21T17:58:37.882+0000] {taskinstance.py:1363} INFO - Starting attempt 1 of 2
[2025-07-21T17:58:37.886+0000] {taskinstance.py:1364} INFO - 
--------------------------------------------------------------------------------
[2025-07-21T17:58:37.981+0000] {taskinstance.py:1383} INFO - Executing <Task(_PythonDecoratedOperator): transform> on 2024-06-23 00:00:00+00:00
[2025-07-21T17:58:38.031+0000] {standard_task_runner.py:55} INFO - Started process 77335 to run task
[2025-07-21T17:58:38.095+0000] {standard_task_runner.py:82} INFO - Running: ['***', 'tasks', 'run', 'trans_dag_26', 'transform', 'scheduled__2024-06-23T00:00:00+00:00', '--job-id', '9486', '--raw', '--subdir', 'DAGS_FOLDER/trans_dag.py', '--cfg-path', '/tmp/tmpr9h96db8']
[2025-07-21T17:58:38.126+0000] {standard_task_runner.py:83} INFO - Job 9486: Subtask transform
[2025-07-21T17:58:38.781+0000] {task_command.py:376} INFO - Running <TaskInstance: trans_dag_26.transform scheduled__2024-06-23T00:00:00+00:00 [running]> on host 77e451e90f2e
[2025-07-21T17:58:39.413+0000] {taskinstance.py:1592} INFO - Exporting the following env vars:
AIRFLOW_CTX_DAG_OWNER=***
AIRFLOW_CTX_DAG_ID=trans_dag_26
AIRFLOW_CTX_TASK_ID=transform
AIRFLOW_CTX_EXECUTION_DATE=2024-06-23T00:00:00+00:00
AIRFLOW_CTX_TRY_NUMBER=1
AIRFLOW_CTX_DAG_RUN_ID=scheduled__2024-06-23T00:00:00+00:00
[2025-07-21T17:58:48.380+0000] {python.py:177} INFO - Done. Returned value was: /tmp/transformed.csv
[2025-07-21T17:58:48.488+0000] {taskinstance.py:1406} INFO - Marking task as SUCCESS. dag_id=trans_dag_26, task_id=transform, execution_date=20240623T000000, start_date=20250721T175837, end_date=20250721T175848
[2025-07-21T17:58:48.557+0000] {local_task_job.py:164} INFO - Task exited with return code 0
[2025-07-21T17:58:48.643+0000] {local_task_job.py:273} INFO - 1 downstream tasks scheduled from follow-on schedule check
