[2025-07-21T17:59:06.441+0000] {taskinstance.py:1165} INFO - Dependencies all met for <TaskInstance: trans_dag_26.file_location scheduled__2024-06-21T00:00:00+00:00 [queued]>
[2025-07-21T17:59:06.486+0000] {taskinstance.py:1165} INFO - Dependencies all met for <TaskInstance: trans_dag_26.file_location scheduled__2024-06-21T00:00:00+00:00 [queued]>
[2025-07-21T17:59:06.487+0000] {taskinstance.py:1362} INFO - 
--------------------------------------------------------------------------------
[2025-07-21T17:59:06.488+0000] {taskinstance.py:1363} INFO - Starting attempt 1 of 2
[2025-07-21T17:59:06.489+0000] {taskinstance.py:1364} INFO - 
--------------------------------------------------------------------------------
[2025-07-21T17:59:06.557+0000] {taskinstance.py:1383} INFO - Executing <Task(_PythonDecoratedOperator): file_location> on 2024-06-21 00:00:00+00:00
[2025-07-21T17:59:06.610+0000] {standard_task_runner.py:55} INFO - Started process 77500 to run task
[2025-07-21T17:59:06.621+0000] {standard_task_runner.py:82} INFO - Running: ['***', 'tasks', 'run', 'trans_dag_26', 'file_location', 'scheduled__2024-06-21T00:00:00+00:00', '--job-id', '9529', '--raw', '--subdir', 'DAGS_FOLDER/trans_dag.py', '--cfg-path', '/tmp/tmpgoht_0d1']
[2025-07-21T17:59:06.629+0000] {standard_task_runner.py:83} INFO - Job 9529: Subtask file_location
[2025-07-21T17:59:06.966+0000] {task_command.py:376} INFO - Running <TaskInstance: trans_dag_26.file_location scheduled__2024-06-21T00:00:00+00:00 [running]> on host 77e451e90f2e
[2025-07-21T17:59:07.288+0000] {taskinstance.py:1592} INFO - Exporting the following env vars:
AIRFLOW_CTX_DAG_OWNER=***
AIRFLOW_CTX_DAG_ID=trans_dag_26
AIRFLOW_CTX_TASK_ID=file_location
AIRFLOW_CTX_EXECUTION_DATE=2024-06-21T00:00:00+00:00
AIRFLOW_CTX_TRY_NUMBER=1
AIRFLOW_CTX_DAG_RUN_ID=scheduled__2024-06-21T00:00:00+00:00
[2025-07-21T17:59:07.339+0000] {python.py:177} INFO - Done. Returned value was: /tmp/transformed.csv
[2025-07-21T17:59:07.463+0000] {taskinstance.py:1406} INFO - Marking task as SUCCESS. dag_id=trans_dag_26, task_id=file_location, execution_date=20240621T000000, start_date=20250721T175906, end_date=20250721T175907
[2025-07-21T17:59:07.600+0000] {local_task_job.py:164} INFO - Task exited with return code 0
[2025-07-21T17:59:07.848+0000] {local_task_job.py:273} INFO - 1 downstream tasks scheduled from follow-on schedule check
