[2025-07-21T22:56:20.352+0000] {taskinstance.py:1165} INFO - Dependencies all met for <TaskInstance: trans_dag_26.transform scheduled__2025-06-08T00:00:00+00:00 [queued]>
[2025-07-21T22:56:20.364+0000] {taskinstance.py:1165} INFO - Dependencies all met for <TaskInstance: trans_dag_26.transform scheduled__2025-06-08T00:00:00+00:00 [queued]>
[2025-07-21T22:56:20.364+0000] {taskinstance.py:1362} INFO - 
--------------------------------------------------------------------------------
[2025-07-21T22:56:20.365+0000] {taskinstance.py:1363} INFO - Starting attempt 1 of 2
[2025-07-21T22:56:20.366+0000] {taskinstance.py:1364} INFO - 
--------------------------------------------------------------------------------
[2025-07-21T22:56:20.385+0000] {taskinstance.py:1383} INFO - Executing <Task(_PythonDecoratedOperator): transform> on 2025-06-08 00:00:00+00:00
[2025-07-21T22:56:20.403+0000] {standard_task_runner.py:55} INFO - Started process 89496 to run task
[2025-07-21T22:56:20.413+0000] {standard_task_runner.py:82} INFO - Running: ['***', 'tasks', 'run', 'trans_dag_26', 'transform', 'scheduled__2025-06-08T00:00:00+00:00', '--job-id', '11661', '--raw', '--subdir', 'DAGS_FOLDER/trans_dag.py', '--cfg-path', '/tmp/tmpzze2za0j']
[2025-07-21T22:56:20.420+0000] {standard_task_runner.py:83} INFO - Job 11661: Subtask transform
[2025-07-21T22:56:20.551+0000] {task_command.py:376} INFO - Running <TaskInstance: trans_dag_26.transform scheduled__2025-06-08T00:00:00+00:00 [running]> on host 77e451e90f2e
[2025-07-21T22:56:20.651+0000] {taskinstance.py:1592} INFO - Exporting the following env vars:
AIRFLOW_CTX_DAG_OWNER=***
AIRFLOW_CTX_DAG_ID=trans_dag_26
AIRFLOW_CTX_TASK_ID=transform
AIRFLOW_CTX_EXECUTION_DATE=2025-06-08T00:00:00+00:00
AIRFLOW_CTX_TRY_NUMBER=1
AIRFLOW_CTX_DAG_RUN_ID=scheduled__2025-06-08T00:00:00+00:00
[2025-07-21T22:56:22.576+0000] {python.py:177} INFO - Done. Returned value was: /tmp/transformed.csv
[2025-07-21T22:56:22.615+0000] {taskinstance.py:1406} INFO - Marking task as SUCCESS. dag_id=trans_dag_26, task_id=transform, execution_date=20250608T000000, start_date=20250721T225620, end_date=20250721T225622
[2025-07-21T22:56:22.642+0000] {local_task_job.py:164} INFO - Task exited with return code 0
[2025-07-21T22:56:22.675+0000] {local_task_job.py:273} INFO - 1 downstream tasks scheduled from follow-on schedule check
