[2025-07-21T17:40:22.904+0000] {taskinstance.py:1165} INFO - Dependencies all met for <TaskInstance: trans_dag_26.file_location scheduled__2024-02-20T00:00:00+00:00 [queued]>
[2025-07-21T17:40:22.930+0000] {taskinstance.py:1165} INFO - Dependencies all met for <TaskInstance: trans_dag_26.file_location scheduled__2024-02-20T00:00:00+00:00 [queued]>
[2025-07-21T17:40:22.932+0000] {taskinstance.py:1362} INFO - 
--------------------------------------------------------------------------------
[2025-07-21T17:40:22.933+0000] {taskinstance.py:1363} INFO - Starting attempt 1 of 2
[2025-07-21T17:40:22.934+0000] {taskinstance.py:1364} INFO - 
--------------------------------------------------------------------------------
[2025-07-21T17:40:22.960+0000] {taskinstance.py:1383} INFO - Executing <Task(_PythonDecoratedOperator): file_location> on 2024-02-20 00:00:00+00:00
[2025-07-21T17:40:22.972+0000] {standard_task_runner.py:55} INFO - Started process 73309 to run task
[2025-07-21T17:40:22.979+0000] {standard_task_runner.py:82} INFO - Running: ['***', 'tasks', 'run', 'trans_dag_26', 'file_location', 'scheduled__2024-02-20T00:00:00+00:00', '--job-id', '8764', '--raw', '--subdir', 'DAGS_FOLDER/trans_dag.py', '--cfg-path', '/tmp/tmpeke2ycpt']
[2025-07-21T17:40:22.987+0000] {standard_task_runner.py:83} INFO - Job 8764: Subtask file_location
[2025-07-21T17:40:23.141+0000] {task_command.py:376} INFO - Running <TaskInstance: trans_dag_26.file_location scheduled__2024-02-20T00:00:00+00:00 [running]> on host 77e451e90f2e
[2025-07-21T17:40:23.259+0000] {taskinstance.py:1592} INFO - Exporting the following env vars:
AIRFLOW_CTX_DAG_OWNER=***
AIRFLOW_CTX_DAG_ID=trans_dag_26
AIRFLOW_CTX_TASK_ID=file_location
AIRFLOW_CTX_EXECUTION_DATE=2024-02-20T00:00:00+00:00
AIRFLOW_CTX_TRY_NUMBER=1
AIRFLOW_CTX_DAG_RUN_ID=scheduled__2024-02-20T00:00:00+00:00
[2025-07-21T17:40:23.276+0000] {python.py:177} INFO - Done. Returned value was: /tmp/transformed.csv
[2025-07-21T17:40:23.325+0000] {taskinstance.py:1406} INFO - Marking task as SUCCESS. dag_id=trans_dag_26, task_id=file_location, execution_date=20240220T000000, start_date=20250721T174022, end_date=20250721T174023
[2025-07-21T17:40:23.395+0000] {local_task_job.py:164} INFO - Task exited with return code 0
[2025-07-21T17:40:23.492+0000] {local_task_job.py:273} INFO - 0 downstream tasks scheduled from follow-on schedule check
