[2025-07-21T17:29:35.606+0000] {taskinstance.py:1165} INFO - Dependencies all met for <TaskInstance: trans_dag_26.data_quality_check scheduled__2024-01-08T00:00:00+00:00 [queued]>
[2025-07-21T17:29:35.623+0000] {taskinstance.py:1165} INFO - Dependencies all met for <TaskInstance: trans_dag_26.data_quality_check scheduled__2024-01-08T00:00:00+00:00 [queued]>
[2025-07-21T17:29:35.624+0000] {taskinstance.py:1362} INFO - 
--------------------------------------------------------------------------------
[2025-07-21T17:29:35.625+0000] {taskinstance.py:1363} INFO - Starting attempt 1 of 2
[2025-07-21T17:29:35.626+0000] {taskinstance.py:1364} INFO - 
--------------------------------------------------------------------------------
[2025-07-21T17:29:35.648+0000] {taskinstance.py:1383} INFO - Executing <Task(_PythonDecoratedOperator): data_quality_check> on 2024-01-08 00:00:00+00:00
[2025-07-21T17:29:35.658+0000] {standard_task_runner.py:55} INFO - Started process 71449 to run task
[2025-07-21T17:29:35.663+0000] {standard_task_runner.py:82} INFO - Running: ['***', 'tasks', 'run', 'trans_dag_26', 'data_quality_check', 'scheduled__2024-01-08T00:00:00+00:00', '--job-id', '8466', '--raw', '--subdir', 'DAGS_FOLDER/trans_dag.py', '--cfg-path', '/tmp/tmp2ys1lccq']
[2025-07-21T17:29:35.667+0000] {standard_task_runner.py:83} INFO - Job 8466: Subtask data_quality_check
[2025-07-21T17:29:35.781+0000] {task_command.py:376} INFO - Running <TaskInstance: trans_dag_26.data_quality_check scheduled__2024-01-08T00:00:00+00:00 [running]> on host 77e451e90f2e
[2025-07-21T17:29:35.912+0000] {taskinstance.py:1592} INFO - Exporting the following env vars:
AIRFLOW_CTX_DAG_OWNER=***
AIRFLOW_CTX_DAG_ID=trans_dag_26
AIRFLOW_CTX_TASK_ID=data_quality_check
AIRFLOW_CTX_EXECUTION_DATE=2024-01-08T00:00:00+00:00
AIRFLOW_CTX_TRY_NUMBER=1
AIRFLOW_CTX_DAG_RUN_ID=scheduled__2024-01-08T00:00:00+00:00
[2025-07-21T17:29:36.133+0000] {python.py:177} INFO - Done. Returned value was: {'is_valid': True, 'file_path': '/tmp/transformed.csv'}
[2025-07-21T17:29:36.174+0000] {taskinstance.py:1406} INFO - Marking task as SUCCESS. dag_id=trans_dag_26, task_id=data_quality_check, execution_date=20240108T000000, start_date=20250721T172935, end_date=20250721T172936
[2025-07-21T17:29:36.237+0000] {local_task_job.py:164} INFO - Task exited with return code 0
[2025-07-21T17:29:36.371+0000] {local_task_job.py:273} INFO - 1 downstream tasks scheduled from follow-on schedule check
