[2025-07-21T17:01:14.618+0000] {taskinstance.py:1165} INFO - Dependencies all met for <TaskInstance: trans_dag_26.transform scheduled__2023-10-11T00:00:00+00:00 [queued]>
[2025-07-21T17:01:14.650+0000] {taskinstance.py:1165} INFO - Dependencies all met for <TaskInstance: trans_dag_26.transform scheduled__2023-10-11T00:00:00+00:00 [queued]>
[2025-07-21T17:01:14.651+0000] {taskinstance.py:1362} INFO - 
--------------------------------------------------------------------------------
[2025-07-21T17:01:14.653+0000] {taskinstance.py:1363} INFO - Starting attempt 1 of 2
[2025-07-21T17:01:14.655+0000] {taskinstance.py:1364} INFO - 
--------------------------------------------------------------------------------
[2025-07-21T17:01:14.708+0000] {taskinstance.py:1383} INFO - Executing <Task(_PythonDecoratedOperator): transform> on 2023-10-11 00:00:00+00:00
[2025-07-21T17:01:14.744+0000] {standard_task_runner.py:55} INFO - Started process 67475 to run task
[2025-07-21T17:01:14.755+0000] {standard_task_runner.py:82} INFO - Running: ['***', 'tasks', 'run', 'trans_dag_26', 'transform', 'scheduled__2023-10-11T00:00:00+00:00', '--job-id', '7837', '--raw', '--subdir', 'DAGS_FOLDER/trans_dag.py', '--cfg-path', '/tmp/tmpbg778nvh']
[2025-07-21T17:01:14.762+0000] {standard_task_runner.py:83} INFO - Job 7837: Subtask transform
[2025-07-21T17:01:15.054+0000] {task_command.py:376} INFO - Running <TaskInstance: trans_dag_26.transform scheduled__2023-10-11T00:00:00+00:00 [running]> on host 77e451e90f2e
[2025-07-21T17:01:15.305+0000] {taskinstance.py:1592} INFO - Exporting the following env vars:
AIRFLOW_CTX_DAG_OWNER=***
AIRFLOW_CTX_DAG_ID=trans_dag_26
AIRFLOW_CTX_TASK_ID=transform
AIRFLOW_CTX_EXECUTION_DATE=2023-10-11T00:00:00+00:00
AIRFLOW_CTX_TRY_NUMBER=1
AIRFLOW_CTX_DAG_RUN_ID=scheduled__2023-10-11T00:00:00+00:00
[2025-07-21T17:01:18.520+0000] {python.py:177} INFO - Done. Returned value was: /tmp/transformed.csv
[2025-07-21T17:01:18.572+0000] {taskinstance.py:1406} INFO - Marking task as SUCCESS. dag_id=trans_dag_26, task_id=transform, execution_date=20231011T000000, start_date=20250721T170114, end_date=20250721T170118
[2025-07-21T17:01:18.642+0000] {local_task_job.py:164} INFO - Task exited with return code 0
[2025-07-21T17:01:18.707+0000] {local_task_job.py:273} INFO - 1 downstream tasks scheduled from follow-on schedule check
