[2025-07-21T17:44:21.943+0000] {taskinstance.py:1165} INFO - Dependencies all met for <TaskInstance: trans_dag_26.data_quality_check scheduled__2024-03-19T00:00:00+00:00 [queued]>
[2025-07-21T17:44:21.975+0000] {taskinstance.py:1165} INFO - Dependencies all met for <TaskInstance: trans_dag_26.data_quality_check scheduled__2024-03-19T00:00:00+00:00 [queued]>
[2025-07-21T17:44:21.976+0000] {taskinstance.py:1362} INFO - 
--------------------------------------------------------------------------------
[2025-07-21T17:44:21.978+0000] {taskinstance.py:1363} INFO - Starting attempt 1 of 2
[2025-07-21T17:44:21.980+0000] {taskinstance.py:1364} INFO - 
--------------------------------------------------------------------------------
[2025-07-21T17:44:22.020+0000] {taskinstance.py:1383} INFO - Executing <Task(_PythonDecoratedOperator): data_quality_check> on 2024-03-19 00:00:00+00:00
[2025-07-21T17:44:22.041+0000] {standard_task_runner.py:55} INFO - Started process 74121 to run task
[2025-07-21T17:44:22.054+0000] {standard_task_runner.py:82} INFO - Running: ['***', 'tasks', 'run', 'trans_dag_26', 'data_quality_check', 'scheduled__2024-03-19T00:00:00+00:00', '--job-id', '8904', '--raw', '--subdir', 'DAGS_FOLDER/trans_dag.py', '--cfg-path', '/tmp/tmpcmkapnih']
[2025-07-21T17:44:22.063+0000] {standard_task_runner.py:83} INFO - Job 8904: Subtask data_quality_check
[2025-07-21T17:44:22.305+0000] {task_command.py:376} INFO - Running <TaskInstance: trans_dag_26.data_quality_check scheduled__2024-03-19T00:00:00+00:00 [running]> on host 77e451e90f2e
[2025-07-21T17:44:22.566+0000] {taskinstance.py:1592} INFO - Exporting the following env vars:
AIRFLOW_CTX_DAG_OWNER=***
AIRFLOW_CTX_DAG_ID=trans_dag_26
AIRFLOW_CTX_TASK_ID=data_quality_check
AIRFLOW_CTX_EXECUTION_DATE=2024-03-19T00:00:00+00:00
AIRFLOW_CTX_TRY_NUMBER=1
AIRFLOW_CTX_DAG_RUN_ID=scheduled__2024-03-19T00:00:00+00:00
[2025-07-21T17:44:23.156+0000] {python.py:177} INFO - Done. Returned value was: {'is_valid': True, 'file_path': '/tmp/transformed.csv'}
[2025-07-21T17:44:23.215+0000] {taskinstance.py:1406} INFO - Marking task as SUCCESS. dag_id=trans_dag_26, task_id=data_quality_check, execution_date=20240319T000000, start_date=20250721T174421, end_date=20250721T174423
[2025-07-21T17:44:23.478+0000] {local_task_job.py:164} INFO - Task exited with return code 0
[2025-07-21T17:44:23.572+0000] {local_task_job.py:273} INFO - 1 downstream tasks scheduled from follow-on schedule check
