[2025-07-21T23:53:07.191+0000] {taskinstance.py:1165} INFO - Dependencies all met for <TaskInstance: trans_dag_26.transform scheduled__2025-06-24T00:00:00+00:00 [queued]>
[2025-07-21T23:53:07.270+0000] {taskinstance.py:1165} INFO - Dependencies all met for <TaskInstance: trans_dag_26.transform scheduled__2025-06-24T00:00:00+00:00 [queued]>
[2025-07-21T23:53:07.271+0000] {taskinstance.py:1362} INFO - 
--------------------------------------------------------------------------------
[2025-07-21T23:53:07.273+0000] {taskinstance.py:1363} INFO - Starting attempt 1 of 2
[2025-07-21T23:53:07.274+0000] {taskinstance.py:1364} INFO - 
--------------------------------------------------------------------------------
[2025-07-21T23:53:07.326+0000] {taskinstance.py:1383} INFO - Executing <Task(_PythonDecoratedOperator): transform> on 2025-06-24 00:00:00+00:00
[2025-07-21T23:53:07.355+0000] {standard_task_runner.py:55} INFO - Started process 90243 to run task
[2025-07-21T23:53:07.367+0000] {standard_task_runner.py:82} INFO - Running: ['***', 'tasks', 'run', 'trans_dag_26', 'transform', 'scheduled__2025-06-24T00:00:00+00:00', '--job-id', '11773', '--raw', '--subdir', 'DAGS_FOLDER/trans_dag.py', '--cfg-path', '/tmp/tmpaikks7l1']
[2025-07-21T23:53:07.374+0000] {standard_task_runner.py:83} INFO - Job 11773: Subtask transform
[2025-07-21T23:53:07.647+0000] {task_command.py:376} INFO - Running <TaskInstance: trans_dag_26.transform scheduled__2025-06-24T00:00:00+00:00 [running]> on host 77e451e90f2e
[2025-07-21T23:53:07.918+0000] {taskinstance.py:1592} INFO - Exporting the following env vars:
AIRFLOW_CTX_DAG_OWNER=***
AIRFLOW_CTX_DAG_ID=trans_dag_26
AIRFLOW_CTX_TASK_ID=transform
AIRFLOW_CTX_EXECUTION_DATE=2025-06-24T00:00:00+00:00
AIRFLOW_CTX_TRY_NUMBER=1
AIRFLOW_CTX_DAG_RUN_ID=scheduled__2025-06-24T00:00:00+00:00
[2025-07-21T23:53:11.892+0000] {python.py:177} INFO - Done. Returned value was: /tmp/transformed.csv
[2025-07-21T23:53:11.951+0000] {taskinstance.py:1406} INFO - Marking task as SUCCESS. dag_id=trans_dag_26, task_id=transform, execution_date=20250624T000000, start_date=20250721T235307, end_date=20250721T235311
[2025-07-21T23:53:12.029+0000] {local_task_job.py:164} INFO - Task exited with return code 0
[2025-07-21T23:53:12.105+0000] {local_task_job.py:273} INFO - 1 downstream tasks scheduled from follow-on schedule check
