[2025-07-21T22:58:37.318+0000] {taskinstance.py:1165} INFO - Dependencies all met for <TaskInstance: trans_dag_26.file_location scheduled__2025-06-16T00:00:00+00:00 [queued]>
[2025-07-21T22:58:37.347+0000] {taskinstance.py:1165} INFO - Dependencies all met for <TaskInstance: trans_dag_26.file_location scheduled__2025-06-16T00:00:00+00:00 [queued]>
[2025-07-21T22:58:37.348+0000] {taskinstance.py:1362} INFO - 
--------------------------------------------------------------------------------
[2025-07-21T22:58:37.349+0000] {taskinstance.py:1363} INFO - Starting attempt 1 of 2
[2025-07-21T22:58:37.351+0000] {taskinstance.py:1364} INFO - 
--------------------------------------------------------------------------------
[2025-07-21T22:58:37.388+0000] {taskinstance.py:1383} INFO - Executing <Task(_PythonDecoratedOperator): file_location> on 2025-06-16 00:00:00+00:00
[2025-07-21T22:58:37.413+0000] {standard_task_runner.py:55} INFO - Started process 89931 to run task
[2025-07-21T22:58:37.419+0000] {standard_task_runner.py:82} INFO - Running: ['***', 'tasks', 'run', 'trans_dag_26', 'file_location', 'scheduled__2025-06-16T00:00:00+00:00', '--job-id', '11728', '--raw', '--subdir', 'DAGS_FOLDER/trans_dag.py', '--cfg-path', '/tmp/tmplbc9vb3i']
[2025-07-21T22:58:37.434+0000] {standard_task_runner.py:83} INFO - Job 11728: Subtask file_location
[2025-07-21T22:58:37.577+0000] {task_command.py:376} INFO - Running <TaskInstance: trans_dag_26.file_location scheduled__2025-06-16T00:00:00+00:00 [running]> on host 77e451e90f2e
[2025-07-21T22:58:37.698+0000] {taskinstance.py:1592} INFO - Exporting the following env vars:
AIRFLOW_CTX_DAG_OWNER=***
AIRFLOW_CTX_DAG_ID=trans_dag_26
AIRFLOW_CTX_TASK_ID=file_location
AIRFLOW_CTX_EXECUTION_DATE=2025-06-16T00:00:00+00:00
AIRFLOW_CTX_TRY_NUMBER=1
AIRFLOW_CTX_DAG_RUN_ID=scheduled__2025-06-16T00:00:00+00:00
[2025-07-21T22:58:37.723+0000] {python.py:177} INFO - Done. Returned value was: /tmp/transformed.csv
[2025-07-21T22:58:37.764+0000] {taskinstance.py:1406} INFO - Marking task as SUCCESS. dag_id=trans_dag_26, task_id=file_location, execution_date=20250616T000000, start_date=20250721T225837, end_date=20250721T225837
[2025-07-21T22:58:37.792+0000] {local_task_job.py:164} INFO - Task exited with return code 0
[2025-07-21T22:58:37.825+0000] {local_task_job.py:273} INFO - 1 downstream tasks scheduled from follow-on schedule check
