[2025-07-21T17:46:39.196+0000] {taskinstance.py:1165} INFO - Dependencies all met for <TaskInstance: trans_dag_26.transform scheduled__2024-04-07T00:00:00+00:00 [queued]>
[2025-07-21T17:46:39.207+0000] {taskinstance.py:1165} INFO - Dependencies all met for <TaskInstance: trans_dag_26.transform scheduled__2024-04-07T00:00:00+00:00 [queued]>
[2025-07-21T17:46:39.208+0000] {taskinstance.py:1362} INFO - 
--------------------------------------------------------------------------------
[2025-07-21T17:46:39.209+0000] {taskinstance.py:1363} INFO - Starting attempt 1 of 2
[2025-07-21T17:46:39.210+0000] {taskinstance.py:1364} INFO - 
--------------------------------------------------------------------------------
[2025-07-21T17:46:39.222+0000] {taskinstance.py:1383} INFO - Executing <Task(_PythonDecoratedOperator): transform> on 2024-04-07 00:00:00+00:00
[2025-07-21T17:46:39.229+0000] {standard_task_runner.py:55} INFO - Started process 74794 to run task
[2025-07-21T17:46:39.233+0000] {standard_task_runner.py:82} INFO - Running: ['***', 'tasks', 'run', 'trans_dag_26', 'transform', 'scheduled__2024-04-07T00:00:00+00:00', '--job-id', '9032', '--raw', '--subdir', 'DAGS_FOLDER/trans_dag.py', '--cfg-path', '/tmp/tmpu8isjdd7']
[2025-07-21T17:46:39.236+0000] {standard_task_runner.py:83} INFO - Job 9032: Subtask transform
[2025-07-21T17:46:39.326+0000] {task_command.py:376} INFO - Running <TaskInstance: trans_dag_26.transform scheduled__2024-04-07T00:00:00+00:00 [running]> on host 77e451e90f2e
[2025-07-21T17:46:39.409+0000] {taskinstance.py:1592} INFO - Exporting the following env vars:
AIRFLOW_CTX_DAG_OWNER=***
AIRFLOW_CTX_DAG_ID=trans_dag_26
AIRFLOW_CTX_TASK_ID=transform
AIRFLOW_CTX_EXECUTION_DATE=2024-04-07T00:00:00+00:00
AIRFLOW_CTX_TRY_NUMBER=1
AIRFLOW_CTX_DAG_RUN_ID=scheduled__2024-04-07T00:00:00+00:00
[2025-07-21T17:46:41.560+0000] {python.py:177} INFO - Done. Returned value was: /tmp/transformed.csv
[2025-07-21T17:46:41.584+0000] {taskinstance.py:1406} INFO - Marking task as SUCCESS. dag_id=trans_dag_26, task_id=transform, execution_date=20240407T000000, start_date=20250721T174639, end_date=20250721T174641
[2025-07-21T17:46:41.615+0000] {local_task_job.py:164} INFO - Task exited with return code 0
[2025-07-21T17:46:41.647+0000] {local_task_job.py:273} INFO - 1 downstream tasks scheduled from follow-on schedule check
