[2025-07-21T22:52:56.844+0000] {taskinstance.py:1165} INFO - Dependencies all met for <TaskInstance: trans_dag_26.transform scheduled__2025-05-17T00:00:00+00:00 [queued]>
[2025-07-21T22:52:56.867+0000] {taskinstance.py:1165} INFO - Dependencies all met for <TaskInstance: trans_dag_26.transform scheduled__2025-05-17T00:00:00+00:00 [queued]>
[2025-07-21T22:52:56.868+0000] {taskinstance.py:1362} INFO - 
--------------------------------------------------------------------------------
[2025-07-21T22:52:56.869+0000] {taskinstance.py:1363} INFO - Starting attempt 1 of 2
[2025-07-21T22:52:56.870+0000] {taskinstance.py:1364} INFO - 
--------------------------------------------------------------------------------
[2025-07-21T22:52:56.894+0000] {taskinstance.py:1383} INFO - Executing <Task(_PythonDecoratedOperator): transform> on 2025-05-17 00:00:00+00:00
[2025-07-21T22:52:56.936+0000] {standard_task_runner.py:55} INFO - Started process 88676 to run task
[2025-07-21T22:52:56.949+0000] {standard_task_runner.py:82} INFO - Running: ['***', 'tasks', 'run', 'trans_dag_26', 'transform', 'scheduled__2025-05-17T00:00:00+00:00', '--job-id', '11514', '--raw', '--subdir', 'DAGS_FOLDER/trans_dag.py', '--cfg-path', '/tmp/tmp1i9zekbz']
[2025-07-21T22:52:56.954+0000] {standard_task_runner.py:83} INFO - Job 11514: Subtask transform
[2025-07-21T22:52:57.154+0000] {task_command.py:376} INFO - Running <TaskInstance: trans_dag_26.transform scheduled__2025-05-17T00:00:00+00:00 [running]> on host 77e451e90f2e
[2025-07-21T22:52:57.344+0000] {taskinstance.py:1592} INFO - Exporting the following env vars:
AIRFLOW_CTX_DAG_OWNER=***
AIRFLOW_CTX_DAG_ID=trans_dag_26
AIRFLOW_CTX_TASK_ID=transform
AIRFLOW_CTX_EXECUTION_DATE=2025-05-17T00:00:00+00:00
AIRFLOW_CTX_TRY_NUMBER=1
AIRFLOW_CTX_DAG_RUN_ID=scheduled__2025-05-17T00:00:00+00:00
[2025-07-21T22:53:01.522+0000] {python.py:177} INFO - Done. Returned value was: /tmp/transformed.csv
[2025-07-21T22:53:01.604+0000] {taskinstance.py:1406} INFO - Marking task as SUCCESS. dag_id=trans_dag_26, task_id=transform, execution_date=20250517T000000, start_date=20250721T225256, end_date=20250721T225301
[2025-07-21T22:53:01.689+0000] {local_task_job.py:164} INFO - Task exited with return code 0
[2025-07-21T22:53:01.882+0000] {local_task_job.py:273} INFO - 1 downstream tasks scheduled from follow-on schedule check
