[2025-07-21T18:12:54.483+0000] {taskinstance.py:1165} INFO - Dependencies all met for <TaskInstance: trans_dag_26.transform scheduled__2024-09-26T00:00:00+00:00 [queued]>
[2025-07-21T18:12:54.507+0000] {taskinstance.py:1165} INFO - Dependencies all met for <TaskInstance: trans_dag_26.transform scheduled__2024-09-26T00:00:00+00:00 [queued]>
[2025-07-21T18:12:54.508+0000] {taskinstance.py:1362} INFO - 
--------------------------------------------------------------------------------
[2025-07-21T18:12:54.510+0000] {taskinstance.py:1363} INFO - Starting attempt 1 of 2
[2025-07-21T18:12:54.510+0000] {taskinstance.py:1364} INFO - 
--------------------------------------------------------------------------------
[2025-07-21T18:12:54.534+0000] {taskinstance.py:1383} INFO - Executing <Task(_PythonDecoratedOperator): transform> on 2024-09-26 00:00:00+00:00
[2025-07-21T18:12:54.552+0000] {standard_task_runner.py:55} INFO - Started process 80321 to run task
[2025-07-21T18:12:54.561+0000] {standard_task_runner.py:82} INFO - Running: ['***', 'tasks', 'run', 'trans_dag_26', 'transform', 'scheduled__2024-09-26T00:00:00+00:00', '--job-id', '10034', '--raw', '--subdir', 'DAGS_FOLDER/trans_dag.py', '--cfg-path', '/tmp/tmpdsyl61rc']
[2025-07-21T18:12:54.565+0000] {standard_task_runner.py:83} INFO - Job 10034: Subtask transform
[2025-07-21T18:12:54.804+0000] {task_command.py:376} INFO - Running <TaskInstance: trans_dag_26.transform scheduled__2024-09-26T00:00:00+00:00 [running]> on host 77e451e90f2e
[2025-07-21T18:12:55.023+0000] {taskinstance.py:1592} INFO - Exporting the following env vars:
AIRFLOW_CTX_DAG_OWNER=***
AIRFLOW_CTX_DAG_ID=trans_dag_26
AIRFLOW_CTX_TASK_ID=transform
AIRFLOW_CTX_EXECUTION_DATE=2024-09-26T00:00:00+00:00
AIRFLOW_CTX_TRY_NUMBER=1
AIRFLOW_CTX_DAG_RUN_ID=scheduled__2024-09-26T00:00:00+00:00
[2025-07-21T18:12:59.767+0000] {python.py:177} INFO - Done. Returned value was: /tmp/transformed.csv
[2025-07-21T18:12:59.839+0000] {taskinstance.py:1406} INFO - Marking task as SUCCESS. dag_id=trans_dag_26, task_id=transform, execution_date=20240926T000000, start_date=20250721T181254, end_date=20250721T181259
[2025-07-21T18:12:59.911+0000] {local_task_job.py:164} INFO - Task exited with return code 0
[2025-07-21T18:12:59.993+0000] {local_task_job.py:273} INFO - 1 downstream tasks scheduled from follow-on schedule check
