[2025-07-21T18:18:13.421+0000] {taskinstance.py:1165} INFO - Dependencies all met for <TaskInstance: trans_dag_26.extract scheduled__2024-10-23T00:00:00+00:00 [queued]>
[2025-07-21T18:18:13.441+0000] {taskinstance.py:1165} INFO - Dependencies all met for <TaskInstance: trans_dag_26.extract scheduled__2024-10-23T00:00:00+00:00 [queued]>
[2025-07-21T18:18:13.442+0000] {taskinstance.py:1362} INFO - 
--------------------------------------------------------------------------------
[2025-07-21T18:18:13.443+0000] {taskinstance.py:1363} INFO - Starting attempt 1 of 2
[2025-07-21T18:18:13.444+0000] {taskinstance.py:1364} INFO - 
--------------------------------------------------------------------------------
[2025-07-21T18:18:13.474+0000] {taskinstance.py:1383} INFO - Executing <Task(_PythonDecoratedOperator): extract> on 2024-10-23 00:00:00+00:00
[2025-07-21T18:18:13.487+0000] {standard_task_runner.py:55} INFO - Started process 81362 to run task
[2025-07-21T18:18:13.496+0000] {standard_task_runner.py:82} INFO - Running: ['***', 'tasks', 'run', 'trans_dag_26', 'extract', 'scheduled__2024-10-23T00:00:00+00:00', '--job-id', '10216', '--raw', '--subdir', 'DAGS_FOLDER/trans_dag.py', '--cfg-path', '/tmp/tmpg8pnbhjn']
[2025-07-21T18:18:13.500+0000] {standard_task_runner.py:83} INFO - Job 10216: Subtask extract
[2025-07-21T18:18:13.662+0000] {task_command.py:376} INFO - Running <TaskInstance: trans_dag_26.extract scheduled__2024-10-23T00:00:00+00:00 [running]> on host 77e451e90f2e
[2025-07-21T18:18:13.792+0000] {taskinstance.py:1592} INFO - Exporting the following env vars:
AIRFLOW_CTX_DAG_OWNER=***
AIRFLOW_CTX_DAG_ID=trans_dag_26
AIRFLOW_CTX_TASK_ID=extract
AIRFLOW_CTX_EXECUTION_DATE=2024-10-23T00:00:00+00:00
AIRFLOW_CTX_TRY_NUMBER=1
AIRFLOW_CTX_DAG_RUN_ID=scheduled__2024-10-23T00:00:00+00:00
[2025-07-21T18:18:13.811+0000] {base.py:71} INFO - Using connection ID 'aws-connect' for task execution.
[2025-07-21T18:18:13.812+0000] {connection_wrapper.py:303} INFO - AWS Connection (conn_id='aws-connect', conn_type='aws') credentials retrieved from login and password.
[2025-07-21T18:18:19.517+0000] {python.py:177} INFO - Done. Returned value was: /tmp/mymani.csv
[2025-07-21T18:18:19.544+0000] {taskinstance.py:1406} INFO - Marking task as SUCCESS. dag_id=trans_dag_26, task_id=extract, execution_date=20241023T000000, start_date=20250721T181813, end_date=20250721T181819
[2025-07-21T18:18:19.593+0000] {local_task_job.py:164} INFO - Task exited with return code 0
[2025-07-21T18:18:19.622+0000] {local_task_job.py:273} INFO - 1 downstream tasks scheduled from follow-on schedule check
