[2025-07-21T18:00:14.934+0000] {taskinstance.py:1165} INFO - Dependencies all met for <TaskInstance: trans_dag_26.data_quality_check scheduled__2024-07-02T00:00:00+00:00 [queued]>
[2025-07-21T18:00:14.953+0000] {taskinstance.py:1165} INFO - Dependencies all met for <TaskInstance: trans_dag_26.data_quality_check scheduled__2024-07-02T00:00:00+00:00 [queued]>
[2025-07-21T18:00:14.954+0000] {taskinstance.py:1362} INFO - 
--------------------------------------------------------------------------------
[2025-07-21T18:00:14.955+0000] {taskinstance.py:1363} INFO - Starting attempt 1 of 2
[2025-07-21T18:00:14.956+0000] {taskinstance.py:1364} INFO - 
--------------------------------------------------------------------------------
[2025-07-21T18:00:14.975+0000] {taskinstance.py:1383} INFO - Executing <Task(_PythonDecoratedOperator): data_quality_check> on 2024-07-02 00:00:00+00:00
[2025-07-21T18:00:14.997+0000] {standard_task_runner.py:55} INFO - Started process 77768 to run task
[2025-07-21T18:00:15.004+0000] {standard_task_runner.py:82} INFO - Running: ['***', 'tasks', 'run', 'trans_dag_26', 'data_quality_check', 'scheduled__2024-07-02T00:00:00+00:00', '--job-id', '9573', '--raw', '--subdir', 'DAGS_FOLDER/trans_dag.py', '--cfg-path', '/tmp/tmp5e7lxoev']
[2025-07-21T18:00:15.008+0000] {standard_task_runner.py:83} INFO - Job 9573: Subtask data_quality_check
[2025-07-21T18:00:15.167+0000] {task_command.py:376} INFO - Running <TaskInstance: trans_dag_26.data_quality_check scheduled__2024-07-02T00:00:00+00:00 [running]> on host 77e451e90f2e
[2025-07-21T18:00:15.305+0000] {taskinstance.py:1592} INFO - Exporting the following env vars:
AIRFLOW_CTX_DAG_OWNER=***
AIRFLOW_CTX_DAG_ID=trans_dag_26
AIRFLOW_CTX_TASK_ID=data_quality_check
AIRFLOW_CTX_EXECUTION_DATE=2024-07-02T00:00:00+00:00
AIRFLOW_CTX_TRY_NUMBER=1
AIRFLOW_CTX_DAG_RUN_ID=scheduled__2024-07-02T00:00:00+00:00
[2025-07-21T18:00:15.699+0000] {python.py:177} INFO - Done. Returned value was: {'is_valid': True, 'file_path': '/tmp/transformed.csv'}
[2025-07-21T18:00:15.748+0000] {taskinstance.py:1406} INFO - Marking task as SUCCESS. dag_id=trans_dag_26, task_id=data_quality_check, execution_date=20240702T000000, start_date=20250721T180014, end_date=20250721T180015
[2025-07-21T18:00:15.824+0000] {local_task_job.py:164} INFO - Task exited with return code 0
[2025-07-21T18:00:15.908+0000] {local_task_job.py:273} INFO - 1 downstream tasks scheduled from follow-on schedule check
