[2025-07-21T17:51:54.256+0000] {taskinstance.py:1165} INFO - Dependencies all met for <TaskInstance: trans_dag_26.transform scheduled__2024-05-08T00:00:00+00:00 [queued]>
[2025-07-21T17:51:54.276+0000] {taskinstance.py:1165} INFO - Dependencies all met for <TaskInstance: trans_dag_26.transform scheduled__2024-05-08T00:00:00+00:00 [queued]>
[2025-07-21T17:51:54.277+0000] {taskinstance.py:1362} INFO - 
--------------------------------------------------------------------------------
[2025-07-21T17:51:54.279+0000] {taskinstance.py:1363} INFO - Starting attempt 1 of 2
[2025-07-21T17:51:54.279+0000] {taskinstance.py:1364} INFO - 
--------------------------------------------------------------------------------
[2025-07-21T17:51:54.309+0000] {taskinstance.py:1383} INFO - Executing <Task(_PythonDecoratedOperator): transform> on 2024-05-08 00:00:00+00:00
[2025-07-21T17:51:54.338+0000] {standard_task_runner.py:55} INFO - Started process 75862 to run task
[2025-07-21T17:51:54.345+0000] {standard_task_runner.py:82} INFO - Running: ['***', 'tasks', 'run', 'trans_dag_26', 'transform', 'scheduled__2024-05-08T00:00:00+00:00', '--job-id', '9227', '--raw', '--subdir', 'DAGS_FOLDER/trans_dag.py', '--cfg-path', '/tmp/tmp2fkr_5h0']
[2025-07-21T17:51:54.355+0000] {standard_task_runner.py:83} INFO - Job 9227: Subtask transform
[2025-07-21T17:51:54.587+0000] {task_command.py:376} INFO - Running <TaskInstance: trans_dag_26.transform scheduled__2024-05-08T00:00:00+00:00 [running]> on host 77e451e90f2e
[2025-07-21T17:51:54.765+0000] {taskinstance.py:1592} INFO - Exporting the following env vars:
AIRFLOW_CTX_DAG_OWNER=***
AIRFLOW_CTX_DAG_ID=trans_dag_26
AIRFLOW_CTX_TASK_ID=transform
AIRFLOW_CTX_EXECUTION_DATE=2024-05-08T00:00:00+00:00
AIRFLOW_CTX_TRY_NUMBER=1
AIRFLOW_CTX_DAG_RUN_ID=scheduled__2024-05-08T00:00:00+00:00
[2025-07-21T17:51:57.245+0000] {python.py:177} INFO - Done. Returned value was: /tmp/transformed.csv
[2025-07-21T17:51:57.278+0000] {taskinstance.py:1406} INFO - Marking task as SUCCESS. dag_id=trans_dag_26, task_id=transform, execution_date=20240508T000000, start_date=20250721T175154, end_date=20250721T175157
[2025-07-21T17:51:57.331+0000] {local_task_job.py:164} INFO - Task exited with return code 0
[2025-07-21T17:51:57.363+0000] {local_task_job.py:273} INFO - 1 downstream tasks scheduled from follow-on schedule check
